123
2
6
1
136
1
127
128
3
128
3
3
4
155
137
148
144
137
157
3
146
140
139
145
6
149
155
149
154
170
143
143
6
7
8
149
6
150
150
155
213
164
155
208
158
14
178
22
167
239
18
14
13
180
201
186
14
19
293
192
197
299
212
21
15
15
208
202
22
275
200
216
18
334
18
219
210
230
28
221
300
32
245
223
29
322
23
25
226
248
241
25
265
242
21
238
258
36
247
252
371
247
31
34
260
273
255
36
20
21
248
367
270
242
29
258
242
254
280
261
414
258
247
269
264
284
271
25
264
26
33
38
29
32
26
295
26
41
34
297
24
300
302
315
30
38
510
282
35
344
513
480
25
518
35
359
44
359
552
341
325
318
362
333
41
36
48
378
354
543
345
47
355
354
397
43
368
372
373
43
403
641
393
404
374
26
391
593
377
662
421
48
416
52
375
395
49
458
38
64
53
422
642
423
56
60
46
55
429
392
692
419
451
444
48
756
695
61
44
54
56
451
442
401
442
442
420
56
48
48
62
443
473
453
67
57
486
689
446
59
44
455
67
65
56
507
474
513
452
512
71
450
480
64
496
64
476
478
515
526
870
539
74
483
529
851
512
486
517
528
62
68
79
501
72
72
68
512
78
53
72
514
74
591
72
66
564
552
72
67
78
570
566
82
66
590
591
914
71
885