811
26
868
976
24
24
17
15
907
19
872
25
856
16
853
935
885
14
16
24
14
17
21
19
19
26
25
923
29
28
26
1870
16
21
27
21
19
28
20
25
1001
945
946
20
20
23
24
25
29
24
20
962
21
26
28
952
926
25
23
22
28
990
24
21
24
925
1023
25
20
22
34
1015
26
25
27
26
32
39
36
26
1004
38
980
1063
1953
33
1097
27
24
2078
22
27
27
37
1998
28
25
1049
2084
988
39
31
48
1145
27
24
2114
37
30
1159
1138
31
41
31
1196
1189
1122
30
31
34
40
42
33
30
45
23
33
37
33
44
36
45
1165
1237
1056
44
1156
34
45
32
36
1169
40
41
48
41
41
46
33
35
49
1131
48
1210
34
31
49
46
50
35
1254
50
1202
64
1174
51
1249
39
51
42
49
1309
1191
44
53
1183
64
1349
52
39
1171
61
63
1235
49
1318
1270
1298
1320
1367
49
1235
41
60
42
45
1426
72
57
1319
1340
1335
50
1359
1314
1404
42
1391
1431
46
1428
51
1348
53
75
51
1330
54
55
62
1467
1471
60
76
1429
67
42
1412
62
1442
1354
1367
63
1443
75
73
1315
74
55
63
1356
43
76
78
1525
1311
73
1358
60
1349
65
62
51
1413
1489
75
59
2838
79
79
56
48
71
1390
64
67
60
1505
63
79
1451
1443
91
59
76
1533
66
57
69
49
68
1469
60
59
1509
61
1507
90
64
1498
1443
66
60
1463
52
2934
66
69
1446
70
1465
71
1469
77
77
69
73
55
1568
95
61
61
68
72
79
69
73
66
81
1655
1583
100
89
70
93
71
88
63
1487
67
1674
1588
1536
99
74
105
82
1541
91
98
66
69
1480
84
84
1724
1726
63
65
107
96
73
96
1466
82
78
70
73
1624
69
3237
1545
82
1544
102
90
78
112
110
79
95
3414
1650
1668
93
74
95
122
73
101
77
1649
91
3061
89
1748
75
101
92
1856
3146
91
96
84
80
109
1668
1745
92
87
124
1820
116
1638
1717
117
109
95
106
83
1680
1907
89
94
84
75
120
122
99
1930
89
120
1799
116
105
1882
1728
78
1866
1751
97
80
1689
97
80
1829
104
95
3536
87
1897
119
1961
99
1688
95
1764
93
105
1825
120
1993
121
95
114
90
115
123
99
1939
1864
101
123
1936
89
122
1870
117
1810
135
99
1893
1861
1732
3854
110
86
2061
121
1777
102
1826
124
1975
103
109
1984
98
1826
1926
102
110
1968
105
1825
1941
98
2096
1972
2037
111
2006
105
134
107
102
109
115
140
1927
1952
124
104
103
1995
2111
93
96
2096
1938
3917
2180
114
2064
2072
4028
138
1962
111
138
136
113
2036
145
111
2025
138
137
112
116
113
2003
2086
2041
106
97
96
146
95
2145
119
2021
2233
115
112
150
111
112
2277
100
127
113
2217
116
2031
121
127
117
1913
125
140
119
111
118
2015
137
119
114
2059
2128
119
2083
108
104
2106
2319
103
111
118
125
110
2034
2205
147
117
2040
2155
126
130
118
2216
2212
121
2089
2247
126
118
143
122
152
143
118
124
141
137
130
113
150
98
127
121
140
155
140
115
2349
127
2272
119
128
2070
150
133
131
153
2126
128
125
2127
144
2176
2474
2135
151
137
2316
132
145
123
155
148
122
162
150
116
107
140
159
128
2460
152
2447
145
175
155
119
145
153
142
2151
135
147
2273
147
141
136
2206
2245
134
137
2411
2536
151
2277
126
2444
152
138
153
2516
147
2580
2313
167
146
2451
147
114
165
2615
2223
2386
161
143
2346
168
2529
139
176
174
2514
160
2438
170
2451
117
168
180
2306
167
140
155
154
2655
169
138
4507
158
182
145
169
150
146
177
121
154
154
2375
2380
174
155
158
2686
2435
164
171
154
162
167
142
138
162
2543
161
2670
166
155
2642
152
154
155
159
2733
157
2411
2544
164
177
132
169
128
148
161
2655
182
167
2758
165
2547
2667
170
2513
2769
2700
170
2480
170
127
150
157
166
147
142
162
144
184
2582
164
166
2784
174
165
183
161
2760
143
168
2626
165
2527
5341
162
2611
2715
2560
208
2743
183
161
166
213
192
174
175
147
2580
4747
2765
2988
175
186
176
174
178
168
187
200
2824
171
181
178
204
3030
179
2912
5339
170
188
2767
174
180
5533
2677
160
2717
2790
167
198
196
182
194
162
2879
179
2926
2802
2935
206
159
181
178
194
181
2946
171
181
3052
202
194
3016
202
2775
3171
3105
198
201
207
201
193
205
201
197
2967
2925
2841
2813
209
224
2865
3223
201
185
2879
211
2780
2841
204
196
3143
180
3015
196
159
182
222
180
3112
3031
203
176
178
218
218
168
2896
214
3249
226
203
6005
3171
3132
2873
3180
181
3047
2902
211
6237
183
2784
163
199
222
234
173
199
203
215
203
2947
206
192
214
5448
201
233
216
3237
223
224
214
227
3261
217
228
230
178
3193
3169
215
217
204
2896
196
210
196
193
182
3114
5939
195
208
225
3182
185
206
209
205
198
3259
215
6180
197
209
2980
5736
3068
207
215
221
3175
226
3261
197
213
199
182
206
247
222
2920
196
203
6660
201
2951
3322
6002
238
217
3561
198
186
227
216
3324
212
3560
230
3105
228
222
3372
231
219
3131
242
3310
198
231
232
212
3215
233
214
2996
3172
210
230
199
226
238
5905
3071
210
213
3239
237
240
220
221
3599
230
3011
230
256
236
256
219
239
204
224
235
6442
248
223
211
3178
223
262
244
3085
247
6701
210
223
3191
235
3469
227
238
3380
3265
223
231
3303
228
222
259
3260
225
3311
268
218
230
219
3286
211
3351
246
227
3542
6044
247
246
250
243
244
234
249
216
256
3659
234
3385
3532
3604
3214
228
216
255
242
242
247
255
3515
243
240
277
236
3645
231
256
221
228
3516
228
3338
3697
257
251
3358
251
260
3315
3758
3379
275
216
241
273
3458
223
3536
3340
254
6885
3550
3318
288
245
3584
3314
237
277
224
259
6774
264
3684
3437
3656
234
6860
249
3875
3490
248
236
3724
3774
3415
3863
246
239
3458
255
221
3598
272
242
3513
240
3632
287
248
247
273
223
222
273
222
241
7263
3864
247
261
235
244
235
3583
242
3705
270
281
260
249
255
250
289
246
223
3709
7333
250
258
242
275
3397
254
295
227
3668
3677
6660
3665
259
273
274
255
255
248
265
293
287
265
270
240
273
279
256
243
248
3615
240
262
245
271
7036
3854
284
262
240
258
267
297
3914
305
262
7242
251
248
3608
274
3714
260
269
284
3648
283
272
264
265
3633
7242
250
294
6843
281
236
3964
6923
250
289
249
252
294
271
7200
286
3588
255
322
288
265
270
257
257
290
4114
263
254
252
312
253
271
3917
3827
3720
256
3508
271
275
261
3699
323
279
287
241
314
282
297
6989
269
7619
4034
293
289
300
7120
3733
4153
3753
288
289
3727
287
4138
319
298
3951
3829
3787
276
267
272
252
7221
3983
259
288
3806
279
293
4184
3890
269
3653
4097
267
304
303
315
313
319
4228
302
277
254
3814
281
3875
268
277
298
277
256
307
262
302
257
282
271
4024
290
4063
290
275
3932
3876
3977
281
4277
7178
254
3864
290
3900
272
288
4056
300
4137
3994
4024
312
258
280
286
4045
263
278
282
303
312
284
4114
324
326
262
322
310
292
4037
253
273
325
4241
4163
264
326
4077
4027
304
4388
4203
287
3743
268
299
276
4230
323
277
280
310
3983
301
274
341
4360
293
310
4192
4195
295
4265
300
4266
4225
271
7775
4208
304
309
310
279
3873
324
296
4181
320
3932
334
291
275
330
294
4423
288
4334
283
276
298
292
355
4317
4115
300
321
292
4155
7469
276
261
4501
305
304
307
313
7950
291
304
336
315
285
4100
4063
286
327
289
311
342
4369
3965
360
4317
335
294
305
316
351
3904
8104
341
302
4374
3923
318
310
4299
352
289
302
288
4047
292
283
325
4618
314
297
4557
8076
4213
4396
274
8777
4543
348
4019
295
308
320
299
284
354
315
340
317
282
8152
8066
4230
338
328
4115
311
7901
303
4295
4388
4162
4157
343
318
293
317
352
325
4525
312
8176
4030
4453
296
4432
313
331
293
4214
4259
348
340
328
325
338
315
4221
304
337
342
297
319
4216
4699
352
4202
4098
338
356
4844
4798
4536
352
334
4227
4589
4372
322
311
301
4418
330
309
334
343
309
320
4825
4130
4155
4420
305
376
334
328
331
290
333
346
364
4272
4777
4685
367
4276
336
4532
332
321
347
4648
338
4503
4328
321
347
4212
4470
322
4839
339
331
4491
4735
355
357
384
366
346
4655
4650
4427
385
363
4332
328
324
374
371
4322
373
364
349
316
4456
315
327
341
288
341
4575
381
4475
8603
363
4522
4825
4342
335
346
379
383
4590
342
313
389
8348
316
340
389
401
339
322
350
353
4339
4740
4855
4661
333
4784
377
4819
4815
336
373
320
350
345
315
383
385
341
4716
366
318
388
374
374
4510
5143
4714
363
4913
379
345
324
4747
336
353
335
350
4493
4650
371
346
355
371
355
4514
344
386
383
330
338
4560
391
5028
8636
5046
364
349
367
4878
382
350
394
4706
380
5145
346
348
334
378
366
4677
4964
4364
374
372
4501
5228
332
8287
4904
356
347
314
374
4496
356
367
361
9158
342
4386
338
389
353
326
8468
4912
380
337
319
4999
340
371
4647
4525
356
8608
393
339
352
5005
407
345
5157
4935
5368
397
336
407
363
4645
364
4979
352
340
348
375
380
353
327
365
5301
384
5103
5182
375
4963
380
392
360
320
4886
368
4850
5025
368
341
405
4977
409
383
393
361
370
5212
326
344
411
377
365
377
10475
5226
369
374
349
9511
407
388
319
5283
342
4883
435
4979
390
4764
393
10128
5016
4933
392
419
354
4870
430
5109
369
388
371
380
374
376
5149
356
383
388
395
442
372
395
5226
388
5041
374
4765
387
403
360
391
336
5163
5016
371
391
391
411
396
407
389
4882
5224
402
5376
396
5161
366
364
354
464
407
5462
5114
404
341
361
4917
398
4854
370
5406
371
5271
416
407
376
422
357
5321
5240
392
5332
371
5123
370
394
372
389
395
410
4906
428
413
414
9721
5120
5218
411
404
5205
5492
443
437
392
5262
347
399
5577
415
396
5250
385
5388
385
5228
10393
422
394
5737
5427
5171
396
4856
417
5133
5245
10610
400
434
5241
411
421
443
371
409
5724
5227
5612
344
448
426
5105
426
5508
5602
382
404
400
451
5058
444
409
373
5323
5173
5322
5195
5671
426
371
421
451
435
450
9925
5576
401
444
384
5042
400
414
415
403
405
425
386
445
380
4891
5178
5544
374
5864
421
439
375
5064
411
423
403
386
443
5524
451
5861
442
408
5460
411
451
5037
390
5822
392
454
5503
5745
401
416
460
5832
5389
408
426
397
390
437
430
401
458
5144
11156
5710
408
400
5028
397
417
432
436
406
472
5375
5910
447
411
5623
416
5889
448
485
5663
5077
420
5264
391
451
5320
10718
499
408
5154
411
5124
5859
5506
5352
451
5864
421
5728
6086
399
429
446
380
464
5677
373
500
431
414
5030
436
5813
400
445
5909
450
5670
5609
5334
5596
458
365
452
421
429
5562
10659
5566
414
5965
5685
5272
5637
5451
433
6274
5444
460
5833
412
5436
5660
423
444
435
431
443
5726
372
5941
465
435
451
491
402
6136
10865
11688
496
5885
11248
5330
474
5727
440
386
6034
431
457
404
5945
444
6035
11257
6221
6065
452
458
10848
417
5853
454
474
526
6182
490
489
5854
432
480
12036
428
5665
487
444
467
475
447
462
11395
490
5575
460
5934
452
478
429
401
468
463
443
433
466
5893
470
6185
498
461
6362
478
442
442
5913
10604
413
450
471
5593
477
455
5771
5987
453
6173
458
441
503
11648
471
6208
11332
433
459
442
5901
448
473
5983
459
466
454
5853
479
409
481
412
6080
444
496
500
5676
444
5984
428
478
486
486
425
461
5754
482
453
455
6069
5734
5569
475
5853
489
462
500
10530
413
430
529
438
480
6378
416
6132
511
474
485
443
428
473
5988
430
5896
5773
5635
6085
462
456
486
481
472
487
6068
6104
11960
6279
440
511
465
12254
471
474
5928
419
450
487
475
484
478
5736
520
474
5750
462
485
416
6542
511
484
6022
485
11862
6514
490
461
6177
488
501
6345
6143
499
6220
479
500
6210
497
470
5945
461
12016
513
469
459
6074
488
11545
488
456
530
460
13063
451
457
6214
499
474
473
460
6507
6096
495
463
513
470
462
6238
6037
459
450
11952
536
6044
464
492
462
6566
465
475
510
6670
519
6262
488
519
6350
527
519
484
6582
464
526
507
515
511
456
6644
486
480
497
6059
5880
468
11992
6118
519
6974
6718
6535
503
449
516
468
535
6430
507
6728
477
501
6376
520
6495
471
6617
493
508
496
13281
524
6913
6265
532
499
484
492
544
486
533
525
6703
5990
514
486
506
6384
542
503
6647
509
501
577
542
6324
6557
511
513
6141
511
547
6174
432
6575
6209
6477
6567
6426
526
483
6322
523
512
486
6574
6433
572
11681
503
505
499
6793
6806
6684
471
530
510
6393
502
6607
504
6158
468
459
491
6280
487
531
527
468
522
496
541
7093
6953
6657
12425
6437
6492
465
469
493
551
506
524
539
6470
12679
493
6990
12754
589
6557
6620
483
582
469
538
12521
7084
6691
561
6584
12535
6573
6688
525
553
507
511
496
502
568
6648
476
526
571
486
539
510
6862
530
484
7061
13378
6366
544
7016
550
6696
472
13216
13136
6557
587
487
549
578
582
526
515
12030
7140
6921
6537
536
570
487
537
496
6775
498
6706
540
546
553
6815
7292
504
570
6939
547
571
513
6472
13348
564
539
7301
6605
556
577
513
523
529
6767
544
6792
6792
6457
536
492
508
551
6973
557
535
547
7061
13309
7235
510
525
537
511
6251
12788
489
6633
558
520
516
555
6876
12371
7193
497
7075
490
506
563
14257
520
521
12874
558
6931
575
7285
533
6535
7095
13378
554
551
554
7385
516
547
572
518
6405
587
7158
524
7159
530
6916
593
6996
6749
6819
569
13149
548
6304
541
519
552
502
13386
518
576
550
540
13225
602
466
7122
6965
13485
6698
6488
14681
517
546
6626
536
492
556
533
6802
6971
549
6726
597
6986
530
534
638
525
576
7116
518
7152
6948
583
7239
543
6272
539
582
515
544
6803
527
503
610
6984
549
559
560
6570
601
539
6564
7390
553
523
7132
565
645
533
522
595
6687
7574
7344
7078
546
583
561
14870
512
6820
7674
7122
541
568
13262
545
572
615
526
530
7381
585
554
542
6936
7351
7436
6895
528
532
570
602
557
548
7312
522
6627
7341
523
7774
490
589
6614
7149
621
7672
546
541
564
6973
599
6822
588
599
620
545
509
587
12754
572
589
536
592
548
520
601
535
7420
589
593
513
7471
576
575
564
576
590
7350
543
594
551
527
632
544
13936
13890
7249
7392
605
7504
7687
651
592
608
554
555
514
564
572
6795
13782
568
7043
582
626
588
650
573
570
593
6992
7333
565
7408
611
7100
571
7234
610
601
605
615
7867
640
555
676
557
7455
543
594
590
7711
584
603
7202
592
635
546
7479
7693
621
549
577
583
572
638
591
7818
627
617
557
6962
650
7951
596
550
596
564
6854
638
552
564
557
624
7169
621
597
8030
13551
612