896
858
18
845
16
831
19
29
899
20
896
908
20
888
20
22
924
22
28
948
21
964
40
21
888
924
29
25
28
931
969
24
29
1017
40
27
41
45
988
934
44
51
923
33
994
1054
988
31
38
1065
1015
41
31
1024
1105
978
1012
46
982
40
1091
58
1033
48
55
46
1012
43
49
53
52
1036
81
48
60
52
1036
52
993
986
1080
54
51
1125
57
1166
80
65
65
63
1033
63
48
50
1074
1033
59
50
1036
62
57
1089
1150
66
1185
63
1212
64
1153
66
59
74
1157
1191
68
74
75
1108
1295
66
1116
66
77
97
70
69
72
67
66
1128
1234
78
67
71
1248
1170
94
74
76
1177
1319
70
83
1347
1212
1251
1177
1194
1326
1313
1159
1287
1376
88
95
1296
118
85
87
1386
80
1298
1283
1270
1274
1283
1398
93
98
1394
89
1253
93
94
103
94
91
87
81
106
1338
1394
1261
1337
95
1216
87
84
85
94
87
1392
103
1431
97
100
90
93
1280
95
106
97
97
1282
105
98
93
1352
1264
102
90
119
1360
1307
123
102
100
1371
133
1272
99
95
102
95
101
106
1494
1412
112
1388
108
1454
1513
1508
93
105
1372
126
1494
102
1526
110
101
123
105
1424
115
1535
96
102
1416
1465
1474
93
117
106
109
134
132
1624
124
117
1522
102
108
1635
115
137
1595
105
1510
112
141
107
110
1585
145
1574
145
1557
131
121
122
1709
1599
127
122
136
159
1655
126
1614
137
122
125
1604
146
1523
142
146
1583
150
133
140
163
128
1604
126
131
1767
1537
140
137
141
125
1558
140
1602
1636
1775
134
126
135
1620
166
159
1633
1784
130
128
146
161
137
150
1558
1649
1538
183
160
137
1682
1716
171
151
165
1833
146
125
163
176
1721
1736
1707
163
159
164
1671
187
126
156
145
135
1689
151
142
147
1733
1755
153
168
148
1746
1810
1874
161
146
1684
163
1842
1812
173
169
173
171
1805
153
176
166
1883
173
171
1846
178
1682
186
166
159
180
1791
173
176
1761
186
167
174
1861
214
1678
165
174
165
1683
177
167
161
1800
160
175
193
1719
1836
193
1860
205
1825
1708
1885
1873
163
212
172
206
188
170
162
176
182
1985
164
1778
1803
183
170
1926
2041
203
181
1911
1818
2044
195
189
165
189
166
1871
186
205
163
194
200
203
187
250
205
191
201
1943
1757
181
179
220
1902
181
235
175
1828
2011
237
218
2041
216
191
174
194
194
192
211
2144
209
205
200
2018
207
220
189
2045
2004
243
2171
2078
239
216
180
186
2008
180
1993
199
216
2047
252
2040
204
194
2058
2045
1846
2140
217
200
1968
1977
231
2173
2138
2155
194
2118
203
2077
2206
204
191
206
264
210
194
2232
2159
2238
212
222
2265
206
215
236
204
258
2179
254
2170
2109
1993
2017
203
237
2176
192
2041
229
2285
223
244
1939
242
228
230
247
2128
224
2273
249
2192
2117
265
225
209
209
219
2132
2224
2072
246
242
223
281
1973
2011
2241
2128
2225
236
2183
232
2290
2107
223
227
216
2214
2255
2100
232
2109
240
267
2106
2087
241
217
284
263
201
2274
2056
2248
246
238
2156
2323
235
266
210
230
2172
2123
2242
249
262
242
253
238
264
2264
293
2412
2112
2102
244
2345
218
2373
2141
236
263
2255
2474
2276
230
246
2331
253
253
236
2279
263
2138
248
258
2530
240
236
253
2421
291
2296
233
284
260
252
275
263
252
270
2290
258
254
264
293
2492
2259
234
2399
2288
239
283
271
280
2428
262
2263
237
269
267
244
270
256
2345
2274
235
277
236
237
277
268
251
263
273
243
2428
270
255
284
2535
240
253
305
2326
293
285
2402
245
257
254
2408
281
255
313
290
2356
267
2391
296
268
2551
2571
282
2411
287
335
281
334
285
292
274
275
2233
298
249
284
260
282
2490
330
2497
2271
2346
2554
2263
306
2595
2624
281
2485
296
2640
321
261
2685
2436
2512
2626
2546
283
2547
265
286
292
2741
2327
2517
284
267
295
302
2397
268
261
285
2614
2396
276
339
2611
2643
2487
2568
2561
2536
303
297
2465
309
289
2377
2813
2669
276
2806
2645
2451
297
286
2607
309
2773
287
2619
2612
2708
2609
293
2475
2722
290
271
2754
2611
2730
2504
2490
265
2627
2833
293
2598
309
289
282
2787
309
297
300
301
301
2461
2656
297
2703
2703
299
289
340
354
296
285
322
2850
2768
2645
304
351
2678
2715
2717
278
358
2605
297
311
2684
277
297
341
304
2537
322
280
341
296
296
321
308
2682
2653
334
336
320
2605
331
341
2747
309
349
2670
336
328
327
325
387
2690
2797
323
362
2753
328
2774
360
2836
299
2763
2877
319
329
312
2885
345
315
2556
336
285
2883
2549
328
343
325
2828
334
2836
2936
377
2585
335
2873
364
331
319
2882
365
354
347
2995
2789
321
320
365
393
356
327
415
349
2786
309
358
2868
371
2801
315
2807
2807
328
313
2820
343
307
2894
358
356
329
2656
329
2650
346
324
360
3151
326
354
2836
2954
372
2765
313
342
325
372
2854
2832
365
346
368
2832
355
2576
2800
2965
365
390
395
3009
356
377
348
3046
3210
2844
409
344
402
2992
361
2925
341
3047
2915
336
2927
415
360
348
331
374
372
3025
3061
3129
2967
378
391
399
405
357
350
397
347
334
370
357
3040
376
369
393
2953
3096
3044
352
358
3130
376
3067
3012
402
3017
390
440
350
381
380
341
426
385
421
3166
422
3246
387
373
2982
408
397
386
400
349
3249
3156
405
2927
437
392
387
3078
400
381
2853
350
3078
3414
3304
3157
3039
3342
385
367
385
355
383
413
3109
383
3257
403
402
409
3149
349
3112
423
3163
3273
380
355
2974
402
406
412
422
452
440
3318
392
444
3003
387
371
349
3115
364
387
439
3042
421
393
392
369
3169
3425
2910
399
3123
365
392
408
396
3352
378
398
3303
405
405
393
365
3121
397
395
395
397
3294
386
434
369
3056
3235
427
436
430
398
3381
3162
449
3261
431
3300
458
416
3392
455
416
415
389
432
392
443
3063
425
372
385
485
466
3596
3601
373
3097
403
416
3279
443
3277
411
408
3715
3150
3270
418
3180
3538
441
3360
483
387
435
429
3571
3599
3161
394
488
407
431
422
402
492
437
467
406
3452
389
413
441
3613
443
413
411
483
401
3113
445
441
3685
404
427
414
423
3632
453
429
419
420
431
444
437
481
3458
3649
3223
3471
439
3568
3106
394
3048
3355
390
3445
3573
508
433
3347
3741
431
3580
408
446
3408
441
3702
3548
3645
403
461
432
468
3525
469
451
464
438
453
3387
421
3518
464
459
3337
488
457
467
511
3650
3535
498
3749
436
461
438
428
3380
463
474
476
470
3614
3693
476
3588
445
452
504
3841
447
510
447
500
440
497
3539
3886
3235
532
3770
464
411
3496
448
466
435
3790
436
3706
3550
3563
3314
3353
509
3577
461
3610
425
3287
471
499
486
480
466
426
434
3545
470
3772
477
3466
487
471
491
3688
497
483
425
3719
3637
487
3609
485
3768
470
476
484
3654
506
454
465
501
3702
3877
486
516
444
3593
511
441
435
475
439
466
3867
464
3554
443
470
459
487
493
3780
545
477
460
4115
493
3806
3767
485
504
503
3509
504
500
477
3839
562
3697
4069
462
502
3658
3755
3855
514
492
597
3753
508
476
466
3625
3801
493
497
4206
514
512
516
3820
3660
3906
525
3836
3742
461
499
435
479
512
4105
529
4048
3784
553
3961
455
3687
487
3493
519
3823
541
3624
468
523
439
4144
502
492
553
4098
519
3762
454
579
3894
514
508
556
518
4045
3607
463
516
523
4120
4073
533
4107
481
502
519
478
3943
520
526
3790
3771
477
553
499
3702
544
3890
469
467
487
474
3692
517
515
493
4172
3713
505
3906
552
4022
3874
3915
3641
595
3699
4259
509
549
475
514
527
4023
599
4230
488
573
558
4405
506
591
516
512
4237
532
594
589
540
554
539
546
489
521
526
568
3637
537
554
4314
537
572
521
474
3690
494
3925
548
4209
4128
3713
536
4183
507
3931
3964
509
4354
475
534
627
3991
515
582
589
528
573
555
515
524
500
4037
543
524
493
572
549
585
515
4116
490
4188
4057
3954
519
588
4524
4055
602
4378
4101
3988
4041
606
4134
562
532
4193
4508
604
4370
568
4103
547
551
508
4166
581
4325
606
4363
3922
556
540
543
602
4069
535
4144
534
4000
4401
503
4198
520
657
4160
546
526
4427
4199
627
4321
518
571
540
4205
550
572
600
542
520
576
546
592
576
595
555
583
548
600
519
651
547
526
601
607
601
4594
650
543
549
4427
4473
524
522
530
4274
4298
4150
631
583
556
599
591
599
576
4669
4357
4566
4235
557
535
542
4356
544
558
572
4444
562
601
549
4228
651
635
577
4761
590
578
4177
567
578
4406
539
645
564
4423
4487
4319
568
556
617
4593
610
607
546
644
4264
4571
4075
4350
615
4398
612
613
4555
4565
4604
4412
612
4208
607
625
606
630
4317
4100
4577
4166
4252
4476
4430
557
4633
4013
4262
624
4221
4486
590
641
4127
4801
620
601
608
4538
4308
4527
4421
592
662
4782
638
4589
651
578
4494
4924
615
4394
4206
697
4782
634
580
4688
599
4697
633
4593
4807
630
4456
4767
4485
594
618
4895
4578
647
4629
4707
587
593
4590
4529
4509
586
4574
650
663
651
616
4757
644
705
589
615
4634
4869
4609
615
635
655
599
4555
4666
4735
4541
632
653
648
679
4634
662
4610
659
4686
627
4755
4210
613
651
4851
4492
644
592
675
581
637
636
4723
5071
610
597
621
657
4566
4776
4640
645
618
655
663
4920
4752
4548
4477
5055
674
580
684
717
4550
4985
4214
574
4751
700
675
660
4401
4668
625
612
4333
619
4703
4793
5056
600
4311
679
633
624
4559
703
644
4991
4708
691
600
583
608
648
649
720
4854
627
4766
661
624
597
621
4440
626
4767
4911
627
4874
739
654
707
649
589
4916
688
582
670
667
695
716
706
659
4794
680
684
672
644
4474
642
4647
629
624
4447
5033
4545
655
655
4648
752
685
748
676
4662
4797
4950
5107
5090
636
4873
4805
695
683
4752
4486
639
659
4857
4935
709
738
4837
658
4790
638
667
652
645
5226
726
632
4803
662
745
5304
675
625
5301
660
674
688
643
626
693
4674
688
5304
4807
5321
630
5023
610
613
5040
4507
711
640
5119
667
681
4828
4898
668
5100
5054
645
716
685
4875
632
4851
700
698
701
701
5197
755
5381
4736
683
692
5356
5381
5132
4596
4919
656
4819
4874
706
772
696
671
5110
771
5068
637
719
744
757
720
5063
4740
721
5278
746
679
723
5288
4776
757
661
5186
718
5161
715
734
738
5364
4993
5243
754
689
729
756
725
704
5342
678
685
640
5482
736
743
5088
710
5190
5490
5226
757
5417
5212
5102
5126
708
4639
717
5051
4997
665
4900
5474
708
670
742
715
701
5420
5718
5220
805
715
763
5311
697
708
728
5029
4768
716
743
795
5087
5269
723
740
5129
4792
4844
4772
5019
731
5547
755
5107
761
820
768
724
5001
5349
5066
759
5674
733
789
5201
765
761
776
4724
732
745
5357
688
5065
5071
807
5068
5598
823
5390
749
5068
5369
4940
5501
5254
5552
760
5598
731
779
5599
5029
5039
641
771
714
5267
731
5460
764
5064
687
771
717
741
695
4976
737
753
779
796
5448
755
5332
738
713
5630
784
5405
721
746
728
5230
5299
5772
756
726
5244
802
792
696
681
725
5616
758
738
5396
5672
5128
694
749
769
826
709
736
5329
827
5290
5063
745
5459
761
788
712
5554
866
5495
739
753
804
5072
5134
5546
803
5384
781
780
808
800
5750
758
810
775
5347
5500
5014
5476
869
778
5773
5299
788
791
768
5202
5598
5666
781
742
726
842
750
5541
792
5462
5235
5082
5382
708
744
776
802
879
5317
5802
746
5536
5742
761
5434
5825
5438
766
5220
5696
5107
846
788
766
5312
736
758
750
785
5737
5726
756
762
798
5533
739
5721
795
5982
762
830
754
857
762
815
802
723
5515
768
804
5721
792
764
701
5393
5492
746
735
843
5565
819
5766
5872
785
5367
5563
5634
775
717
772
788
5508
5619
805
804
728
781
6066
862
786
763
784
6119
819
5864
842
816
821
760
782
874
848
5701
769
806
5304
777
814
785
791
812
753
798
5683
826
801
845
5922
829
5927
816
806
865
5195
5413
807
762
843
5894
5361
809
812
774
917
5720
5657
5641
5395
816
805
5906
852
5730
5577
799
774
799
6087
793
852
835
851
5860
773
5895
873
888
823
858
766
898
5911
5653
5622
811
818
5932
5742
777
5881
5577
5751
5543
837
803
837
6433
5597
865
834
5669
867
833
6350
5994
797
5719
5729
6055
810
5829
852
822
6055
780
847
859
776
5973
827
840
5631
5968
816
850
792
800
892
806
881
855
5810
5867
882
5781
904
849
5781
5731
860
5988
863
864
6048
5688
860
5865
5941
857
5793
6496
927
775
5681
6239
856
817
897
885
813
5897
844
5963
845
792
5741
5983
785
899
898
5843
927
862
5977
820
6551
817
785
5922
827
894
5957
781
928
5976
826
841
921
908
792
822
888
936
817
5941
6333
772
6287
5745
837
6448
6404
896
830
840
969
6097
888
851
5980
905
6158
941
936
924
962
882
765
873
929
838
892
823
839
6226
829
969
766
886
6233
863
835
917
6259
906
934
5971
896
844
796
6155
5792
6128
769
6055
995
940
859
6106
879
941
900
866
5993
6217
953
840
909
6044
6064
935
946
6197
816
5859
828
829
6452
5862
868
6361
963
5767
950
6194
881
6174
879
787
811
990
6558
6425
880
908
860
6484
5874
921
1012
6763
935
903
949
6147
6225
937
838
896
6466
1007
6353
904
872
901
6325
915
868
836
898
868
6546
6300
967
929
863
938
911
804
6776
6494
6712
885
6077
877
912
923
910
880
927
863
888
6554
963
941
1002
936
904
6197
938
930
6524
6556
887
891
6972
7008
821
6509
5727
871
873
939
6395
6358
879
909
935
897
957
917
934
1025
6488
6852
6257
6698
6339
6087
7065
908
938
6268
6512
958
6898
6616
6445
912
840
898
6261
998
1092
6821
1041
904
865
6450
6544
975
918
6779
933
6656
6375
6938
6552
6463
1031
878
6427
994
964
867
978
996
938
933
6582
893
1045
6293
892
908
949
919
6216
894
953
6449
5929
944
6560
833
953
890
6661
6939
7121
917
918
6541
6427
6232
1013
6906
6429
7006
1064
1059
932
957
983
6691
6588
886
985
6718
6429
937
6564
6798
917
911
991
952
1006
1061
922
1124
7075
912
1007
977
974
6502
946
1013
992
6644
917
940
6654
960
992
7424
959
1021
6562
943
960
944
7032
6524
1020
916
1001
1011
1004
6954
895
972
1005
951
980
1041
962
916
6826
6638
938
7019
6816
880
7124
956
6068
6632
990
941
900
6341
6766
6656
956
992
6682
1030
908
7394
7184
1021
7300
6676
6440
6302
1012
1041
1007
6694
7283
957
6665
961
6990
6276
944
1053
6671
1073
1001
1053
933
1043
6803
1046
973
967
972
1005
1019
993
900
1021
6954
7256
945
7085
6348
6865
7234
6898
1056
969
6461
979
6832
7091
6441
983
7103
921
1033
1031
888
886
7190
6760
6580
1059
6864
899
6778
1026
7369
1049
1060
1018
1077
7330
1043
950
1005
949
950
964
1026
7135
986
1068
1042
7460
1092
6587
6698
1009
6788
1125
1044
6972
1010
993
6932
6624
977
1051
924
1093
1088
1070
952
946
7524
958
7060
914
998
7095
1013
7096
1079
7460
935
1144
7428
7463
7078
1063
1135
1049