15
21
17
24
835
14
889
24
22
912
18
14
21
20
1870
17
19
847
24
27
19
25
16
20
22
892
22
33
891
25
25
27
24
940
27
27
22
29
951
26
33
1832
989
33
930
983
975
33
44
31
27
33
993
31
1019
40
35
994
35
38
41
33
39
34
34
29
931
954
997
1074
39
52
36
38
38
43
994
40
40
40
1923
40
38
44
31
41
45
40
35
33
1034
45
37
1092
1044
43
34
38
1015
1098
53
1137
38
46
42
1132
50
1025
58
63
39
1051
1041
62
1058
52
76
1131
59
60
1104
41
56
50
1025
64
1144
56
46
1100
42
61
67
57
1123
48
1189
52
49
1150
1118
1145
54
52
1081
1112
1161
79
52
2148
1078
63
1069
76
76
62
1204
73
77
67
1180
81
61
88
1172
82
91
1083
1216
91
1161
78
67
88
2268
1226
80
83
103
1183
103
88
1178
1133
1294
1231
1166
82
80
69
79
93
109
1354
1286
105
1160
87
1292
78
104
84
82
85
1341
1317
81
2475
103
87
104
93
114
109
100
1343
108
1358
104
1444
85
86
1225
93
1235
95
2349
1352
92
84
90
89
88
1266
1418
1342
1398
1377
1311
1316
97
1381
97
116
126
1473
101
92
119
108
1348
102
126
100
109
119
104
111
101
2872
111
2572
1509
1531
119
115
112
112
1489
105
102
105
108
1298
1507
1524
1423
98
111
1589
102
108
117
149
2960
115
114
116
154
116
111
124
1421
1419
120
142
143
1481
132
115
130
1524
1534
1571
1502
119
125
106
134
143
159
1438
140
122
116
1569
1466
1557
148
1459
128
1565
1511
1487
1578
1497
1651
1586
130
117
133
119
116
123
114
143
116
1611
127
140
136
144
121
125
1520
1616
143
1624
1562
137
1639
1580
139
1588
122
1735
146
143
1640
1549
1627
1574
134
145
130
1554
1662
161
123
124
1732
143
143
136
1603
1559
1581
142
142
157
145
140
161
145
154
135
141
149
155
142
1774
160
1716
129
170
158
138
156
154
1622
159
148
147
178
1733
3167
1689
148
1677
160
1782
1659
161
175
3342
3340
1735
162
175
3459
153
1799
167
1797
1707
174
1732
3012
201
179
167
1762
167
1694
163
156
174
1653
181
169
185
164
157
162
1726
159
173
169
154
1809
182
1833
1613
1878
1807
167
167
1727
194
1732
1803
1795
184
194
172
180
185
188
190
190
199
180
1808
1854
202
173
1832
1843
1968
204
171
206
216
180
204
188
1927
1819
194
1844
187
215
191
190
1925
215
192
3599
1797
1894
178
203
202
209
2018
223
197
186
170
219
176
185
214
200
1914
197
1990
209
1889
2070
206
219
218
220
206
205
228
207
213
1920
2045
237
2022
210
2145
214
207
211
192
210
207
229
251
2002
186
2042
189
214
191
2050
217
231
214
2179
1883
2004
2079
181
2011
223
2092
195
2085
224
2037
238
2240
2020
204
1910
209
2076
1822
228
232
3814
2030
2178
208
233
1984
256
2021
228
226
220
1967
220
193
2185
239
2088
4094
203
222
2093
2183
218
2225
260
249
2053
226
254
2084
249
3792
246
2279
2148
243
276
2232
3639
256
229
239
236
240
251
2166
245
237
225
2248
246
2085
247
217
2215
273
2206
240
225
241
253
2220
233
2196
3915
2217
233
218
2367
240
2316
2188
251
231
252
232
255
2341
227
4309
233
236
2419
249
2353
265
235
2336
253
2171
248
258
2233
2233
256
2094
270
266
250
2216
2160
274
2344
283
249
276
4183
2214
250
2074
265
239
260
4472
2349
257
233
269
252
246
278
2219
2265
248
2289
306
223
261
257
251
256
267
276
304
231
4356
271
263
2448
2300
283
260
2152
268
243
4360
253
251
224
2262
2344
250
284
2355
4371
261
292
296
2317
2522
2259
2189
2383
261
2207
259
2094
228
308
313
2390
2317
292
2379
277
287
2318
2389
255
250
293
268
276
2436
295
255
2545
256
2280
4479
2401
291
279
252
283
249
274
291
2345
253
284
304
281
282
268
2253
274
267
2257
295
2371
269
2627
259
305
4599
292
2583
287
2447
4985
2456
2616
2625
276
271
304
2375
299
261
273
280
317
2547
2491
287
4595
2638
277
2229
2526
2706
4477
312
5061
296
282
2536
302
2529
314
282
297
2577
317
303
328
296
292
2288
2773
298
310
290
280
2728
279
2412
287
2492
2558
335
298
2381
277
287
319
2563
270
291
306
2593
277
325
254
313
305
4936
311
303
2659
279
275
325
300
328
2506
2617
2493
324
331
350
2586
2786
305
286
297
309
2407
2770
4936
2502
275
334
2719
334
341
279
322
319
2708
305
317
2405
330
289
293
357
2615
2637
317
301
343
2788
2655
2845
339
314
374
2613
2497
2589
367
2711
312
327
311
342
2813
336
331
329
339
2621
2692
2426
331
327
2656
2493
2819
321
312
349
293
2555
2646
3037
351
2769
336
2529
338
299
337
2923
2786
333
348
337
293
347
2764
319
2753
376
2793
2707
322
2746
329
2699
336
315
377
315
332
308
347
386
2900
333
356
2691
328
314
2701
2744
350
334
2514
326
2753
2816
390
361
320
2650
2729
298
300
2646
325
328
350
2823
334
338
355
353
2657
2971
369
2598
330
2654
346
348
330
351
414
339
342
349
409
319
315
317
367
2783
2943
2969
357
318
3057
2779
408
338
3106
329
351
341
325
343
2873
345
335
367
401
381
383
3128
350
335
2963
344
2967
363
381
355
368
5475
374
2832
348
323
380
360
365
386
2850
2875
2766
349
375
353
3074
406
2829
2762
415
3039
387
3229
3248
2850
3009
3152
2948
371
361
382
2809
390
359
381
2923
2842
396
372
357
2980
401
364
408
360
387
354
340
375
352
3108
349
3116
2826
411
358
2998
403
382
363
2970
2910
412
402
400
410
2926
378
3232
370
405
409
2963
392
2958
363
367
374
422
3232
420
402
2832
412
3098
391
3127
3365
395
3327
391
382
382
6237
3177
6100
3161
3158
381
378
3129
405
387
461
399
3027
431
378
3138
415
3439
402
378
3281
426
3307
382
393
3035
413
467
417
380
370
370
411
3272
3078
407
427
413
436
424
414
399
3131
390
3400
399
444
3251
399
3217
3368
427
3388
383
445
396
414
3172
420
5883
388
417
3126
425
3320
407
3274
6284
428
6402
3352
3238
3119
3484
3207
401
397
464
3364
384
3517
419
3282
461
443
447
386
3484
440
429
3366
381
462
3214
435
447
3294
421
421
439
366
5671
6035
3462
409
421
3310
451
432
398
3538
462
3194
474
443
445
457
5623
463
419
3456
447
464
486
436
461
6192
453
431
446
473
420
462
3626
450
384
439
403
497
452
3332
445
468
3321
464
3305
431
443
456
464
405
3468
3649
3437
3318
451
6663
445
473
3347
3548
3606
3487
3420
451
455
462
499
436
431
467
3497
450
3714
419
426
451
3512
484
409
433
469
3800
443
3479
440
413
3421
447
3526
454
522
3634
461
3517
3511
434
3720
3719
6284
479
3816
3577
3625
3655
493
471
481
503
506
3651
396
518
477
451
461
440
3731
459
499
497
434
470
460
514
462
3239
460
469
407
411
459
505
3646
3653
3409
502
448
451
3611
474
500
3511
477
6627
3506
3455
3933
452
447
3639
448
502
492
3805
471
3976
454
444
481
494
3568
465
488
495
435
407
3456
426
417
468
446
490
451
523
3517
521
485
501
480
485
510
3805
505
502
487
3603
6498
3690
3707
3831
475
512
487
3914
492
477
502
3751
475
3696
470
535
481
3782
3814
518
478
456
510
6873
3482
3761
500
3658
503
502
3844
3626
7024
498
454
3618
547
469
466
3566
494
3589
557
3503
416
518
487
492
524
462
3395
506
491
531
502
510
472
3483
3787
529
3654
3675
492
3768
508
507
3909
531
3752
450
488
3759
562
540
482
538
511
6737
493
461
501
528
518
516
518
3996
497
544
3463
465
3643
3742
3910
521
542
476
6860
4182
493
539
523
7304
525
509
472
3627
3753
524
4224
3829
503
523
523
3793
3932
504
576
3967
442
519
570
534
494
3919
471
505
3840
3789
3819
525
6989
3750
513
517
3898
588
516
540
550
3719
542
508
519
555
526
535
3968
7480
3836
500
578
3986
577
4026
568
505
520
534
551
529
534
3837
555
578
543
519
551
515
3612
546
556
533
591
3796
4309
465
3939
527
572
4085
3747
551
3666
4241
4210
7414
568
525
523
3918
532
544
541
532
3922
513
3948
558
579
3728
4066
502
4327
544
549
530
481
520
3924
527
521
3982
4137
529
526
4056
556
525
526
587
7686
550
584
501
558
4223
497
536
518
8117
536
505
595
7298
602
488
573
576
552
554
576
579
544
614
584
584
4315
531
4015
7158
3950
4134
4366
4270
554
480
501
595
4129
605
536
4312
4027
567
3921
7922
3966
4430
3965
548
565
4005
594
4304
555
530
537
4128
582
623
550
651
3987
637
572
586
583
535
559
496
574
595
622
594
600
4000
7436
3898
543
4328
575
539
564
504
4167
604
541
616
543
530
4137
7579
4332
592
3884
661
621
4172
580
605
558
595
7782
3982
669
561
509
546
597
595
617
555
574
565
586
555
594
542
599
611
624
546
606
4187
4382
4237
620
3925
561
4380
577
565
4194
572
7853
4193
584
4338
599
636
629
600
570
634
607
604
630
584
606
4356
4317
591
4387
542
4390
593
572
4372
4475
4526
627
619
586
588
569
4405
669
602
597
4308
593
4390
638
657
4436
631
617
610
599
4133
4470
656
4444
606
4525
596
8564
610
4625
568
4420
4508
4334
591
607
631
593
608
647
4672
4340
596
4076
641
4313
599
658
4538
683
639
4582
612
4252
647
4765
649
4505
574
629
550
595
4476
668
4727
4309
4065
630
4202
593
4568
604
635
561
589
655
645
636
678
655
603
4352
665
721
706
4485
721
616
647
642
595
4296
648
613
711
629
4823
621
4674
611
630
627
606
674
4580
576
4339
4325
647
688
614
4704
642
688
622
663
652
667
638
677
625
4626
588
4718
7720
4363
4660
597
4558
663
667
624
677
4506
633
4237
617
591
658
596
4465
4549
4517
4368
8564
4806
4746
672
650
4658
609
678
610
4396
634
4699
634
678
4885
626
629
4514
4646
636
664
4652
668
616
637
656
4433
4610
664
4488
613
609
678
674
706
634
697
651
4393
8833
619
617
684
4754
581
4453
626
661
701
4400
652
4462
4448
628
4753
703
622
650
4603
4874
5058
661
645
4743
596
666
8708
639
4501
661
4940
643
641
4445
7912
4402
732
685
615
699
650
659
4603
615
665
640
4683
4923
659
666
8637
773
4757
8302
598
659
649
5092
681
632
616
649
676
663
738
652
4979
8980
4693
708
703
672
643
665
4859
617
687
4737
717
4840
664
4631
720
4913
4766
656
627
653
4841
5010
644
700
4790
686
641
676
679
683
701
698
4633
716
673
743
700
716
5070
739
663
684
735
4947
5061
723
674
723
4888
646
726
5036
649
680
708
660
732
739
695
4982
652
664
5105
705
676
8775
694
681
733
664
604
720
710
597
764
661
689
712
703
691
8969
680
669
668
708
701
8944
4858
5027
649
713
5167
684
699
679
4630
802
706
687
690
702
10001
699
667
727
776
702
670
789
791
5017
5156
730
4641
4973
4732
763
702
723
750
5071
756
4808
660
5166
681
648
4973
711
4664
647
5390
5223
672
754
5316
5380
700
748
5070
786
736
724
733
9149
5039
5328
5427
5190
779
789
5302
730
794
753
832
4988
9362
723
773
714
5107
712
5081
723
4860
5654
722
698
750
732
779
743
5182
5168
753
784
755
5668
5037
772
762
758
5065
716
701
5315
685
751
706
730
695
713
669
781
751
5278
4860
5419
693
718
698
767
5459
663
4973
809
723
5477
694
683
803
5565
695
714
772
5431
5027
734
709
720
4898
750
776
716
690
758
5254
709
801
5698
5256
806
5487
829
772
730
729
717
5633
760
757
687
845
4736
5283
686
700
720
737
778
745
727
5461
776
758
761
5360
5223
5012
785
718
761
757
4985
816
734
5607
857
9994
833
758
772
5419
741
694
5569
712
5195
659
774
828
779
5757
738
807
747
763
5338
689
858
762
5358
767
782
799
732
791
804
5884
809
5814
740
785
4835
5335
5432
841
5424
5753
799
782
887
850
789
5675
690
5724
782
736
788
754
5513
805
5585
5869
779
5378
5385
817
867
753
5739
5085
5388
864
805
746
790
832
10985
5102
856
735
9950
9911
5123
776
819
864
766
824
810
875
5251
800
5227
770
741
5435
821
841
9229
5237
803
805
798
679
5153
793
829
5165
815
823
755
889
5666
879
5841
9820
753
5602
802
5463
815
705
5140
5421
750
813
753
5147
5354
5227
5343
758
786
5700
843
770
847
803
883
787
717
5483
6095
5154
787
734
801
802
5445
745
808
5743
5558
5333
801
823
795
5778
10389
5476
5803
5654
784
778
6103
10013
848
823
841
726
869
801
770
9948
6171
5634
5627
875
815
5816
858
802
5605
5462
822
10601
825
803
787
811
744
841
5736
795
5735
799
832
762
5914
920
5310
855
839
10330
729
901
887
876
5826
831
796
5752
793
808
802
873
794
874
5421
879
859
842
5462
903
5345
6137
819
880
5568
5907
889
6029
910
923
881
859
893
10927
5775
819
6329
804
758
824
823
5842
5968
791
5714
6005
878
769
5861
10067
5411
807
897
5975
9892
853
799
865
5592
880
862
850
866
5909
5697
5318
5781
851
990
6269
862
790
854
847
918
5480
934
875
924
6180
5562
5470
6097
6302
847
893
5970
865
793
5873
5642
832
5702
895
855
870
869
878
863
832
860
868
6312
6444
5778
5524
853
874
5739
918
844
812
5713
913
6061
5919
5598
5892
833
6055
5834
11728
10434
860
914
813
5678
874
6015
847
5871
6259
852
856
924
829
867
874
5866
5631
5686
880
889
887
901
6261
5641
829
835
5715
865
893
10104
6205
5864
5608
888
5802
899
847
913
6307
5739
845
848
997
5734
5665
5895
847
901
6103
962
956
816
5791
11544
822
5865
815
949
940
893
11209
6290
884
6057
6301
791
780
845
978
883
946
779
894
5952
964
842
6555
862
888
809
6108
844
948
885
884
6219
925
902
901
6063
1021
836
913
921
920
882
11555
11192
891
5826
837
5839
887
908
5869
6395
5546
943
810
928
962
926
888
846
855
10971
852
5879
902
6027
966
6178
894
870
930
6601
5994
922
891
904
853
893
1019
876
844
923
873
892
6515
802
11773
951
858
940
11400
949
979
915
937
6000
974
6671
891
946
919
944
970
11649
6492
918
845
6633
6702
6423
851
883
6027
933
6581
910
865
6333
6366
915
1002
828
6410
927
908
948
948
6713
880
890
920
6250
6409
943
5919
882
912
5757
816
881
942
6788
948
6642
958
5959
6109
918
958
876
938
960
12673
914
6618
929
977
6121
964
847
847
6704
919
996
971
6270
952
964
809
854
6352
890
915
884
1002
993
943
6760
987
865
997
972
911
1017
904
946
939
6091
968
980
945
969
921
952
6766
951
856
6361
884
958
1011
5914
5894
887
1028
940
979
6349
934
1031
927
6745
6399
905
984
836
915
842
1013
915
908
6573
998
926
6784
924
6030
948
933
6322
998
1017
933
978
11828
997
6438
926
967
985
6794
6747
982
993
6631
980
908
879
993
933
943
935
973
5882
6653
974
7143
6959
948
1038
6766
991
957
6099
988
6065
1013
5975
972
1000
6507
939
998
937
949
1048
992
955
950
1033
7143
6212
6897
6783
1094
989
987
1083