902
882
21
894
21
839
913
869
832
18
13
824
919
861
836
826
885
22
26
845
896
1775
20
879
26
896
827
899
793
911
872
828
877
829
28
810
787
23
816
871
868
35
874
831
867
37
35
920
882
40
887
38
916
863
783
31
883
832
38
29
45
1961
797
27
34
935
909
31
854
876
33
42
812
938
1809
921
44
880
870
844
838
814
894
966
40
47
876
867
38
974
38
49
869
842
892
2014
50
829
1918
60
847
891
953
820
46
973
897
829
54
43
816
898
900
49
48
49
830
988
52
63
878
867
1012
46
873
932
864
56
990
894
888
69
54
68
859
51
894
64
901
890
63
913
873
884
835
847
64
2065
806
1048
66
830
858
927
1077
75
907
84
74
907
66
815
927
76
75
68
844
75
853
93
83
881
810
74
93
1043
87
81
952
2206
82
822
788
1144
85
85
82
93
786
884
805
814
884
839
823
811
104
801
90
839
922
84
2169
863
87
94
868
901
831
783
831
906
1078
809
954
102
101
92
100
101
104
876
894
808
945
903
869
116
100
899
829
879
853
872
1088
918
885
1196
1223
117
904
874
1175
104
853
103
865
905
864
1200
852
915
104
106
882
2374
95
115
111
114
905
878
898
104
112
124
893
2452
119
941
847
908
127
1120
103
114
845
125
128
862
873
846
1182
109
108
927
106
820
893
862
123
918
120
894
849
117
133
121
129
122
113
123
849
938
1305
111
844
912
2554
1319
824
114
914
131
908
1270
910
912
132
892
970
1281
136
1346
919
143
105
929
808
1363
932
944
846
864
112
900
888
899
944
974
145
151
131
881
139
1227
874
2560
857
894
874
956
1226
913
937
134
150
151
151
143
147
967
878
129
1337
954
876
924
964
991
129
2644
867
1329
1380
1367
914
907
907
952
1231
131
1414
892
154
925
917
926
1280
931
158
998
979
2576
855
865
974
930
146
143
154
158
129
145
917
1276
995
168
933
145
944
1399
941
1337
1449
913
899
174
158
150
900
156
146
1449
2597
144
900
1417
2433
173
140
2430
176
145
845
177
171
898
934
895
143
1327
179
900
837
894
917
165
164
1461
148
833
156
903
2783
1373
145
946
918
1460
922
1537
914
950
957
926
181
192
163
156
865
907
952
182
2820
957
939
177
968
960
1449
894
935
157
1002
1014
946
903
183
173
862
2857
865
965
185
1007
1022
900
171
942
963
2856
171
879
929
970
956
898
948
950
3071
983
891
1016
199
894
179
934
1614
197
973
944
167
972
1069
949
188
1686
178
911
963
199
978
1529
947
1627
1011
928
189
194
183
202
168
948
1007
183
196
942
915
965
182
976
207
191
949
967
950
211
200
192
867
1631
952
1712
206
204
208
1532
1002
180
1567
954
1011
981
917
1595
1077
896
1671
919
188
977
1655
925
206
211
185
1022
958
201
1572
214
978
1024
1044
921
1024
189
1628
1655
197
3096
1516
1021
978
201
928
218
1656
999
177
930
934
207
1027
193
211
975
231
966
1014
1059
981
1056
1641
922
985
977
1014
243
1011
189
223
959
221
966
971
964
958
1492
230
244
970
1067
208
960
197
952
1029
228
1057
204
210
212
245
1022
957
1063
989
1063
216
1001
1022
1007
1005
1652
1019
1115
240
246
229
1843
3258
249
1030
1643
3243
1669
1053
974
237
1816
232
1737
3450
1034
1028
966
1738
1012
1063
1729
1033
224
1024
1630
219
978
1014
239
1693
1091
1044
227
233
251
1046
980
1773
1087
988
256
963
214
1037
1088
1083
1115
1053
1023
3125
256
254
1046
1048
996
1745
1062
1070
1909
1122
273
968
1032
1068
282
252
1062
252
1020
972
994
1771
1001
1016
258
1055
1064
1027
1055
253
1754
988
262
228
1771
241
1058
257
1060
233
1007
263
996
993
233
256
251
1910
1940
1100
985
239
260
272
254
1843
1106
1007
1058
262
1066
988
1144
3336
1164
259
1869
1011
1766
257
1100
1105
285
272
1048
1092
1058
292
255
1037
984
979
234
286
1070
1065
289
1067
1003
1095
274
1158
1027
1063
270
272
1139
1092
1029
283
1993
1154
1068
260
289
323
300
295
1080
296
1024
294
1088
1107
3718
984
287
1922
1871
1041
974
3752
275
1072
1144
306
301
1177
1113
326
280
1126
1110
2022
1126
2046
1838
1075
282
1058
333
1038
309
1140
2047
1099
1882
289
3612
277
3354
1079
287
1189
1056
1201
297
1091
1154
305
302
288
1221
1965
308
1061
1193
1086
317
1122
2110
283
1111
320
325
1085
1201
306
1940
1194
1153
2143
1154
1141
1139
1105
306
269
307
1127
2101
304
1941
1116
1174
1138
2124
1151
1156
1129
1161
1119
318
1126
2233
2256
1218
331
1106
1150
1160
326
1142
1186
1198
291
1996
1153
294
1186
3906
1168
333
298
1139
325
327
346
1069
4072
2197
1106
311
309
1119
2018
1126
2105
316
2220
333
1206
1141
1080
4059
1112
345
342
291
1155
1113
1129
1162
1200
360
1141
1157
328
1241
1195
319
1139
3849
4229
1108
3793
1232
1082
347
1181
1117
327
1257
311
4250
1172
330
303
328
1115
312
355
1124
328
336
2083
1193
3882
331
327
1189
1089
376
1150
1224
2193
1172
4243
1231
2192
362
1131
1244
1233
2134
1189
1183
1189
1146
1091
1187
1200
357
1186
1062
1230
1237
367
1221
1294
4112
1243
366
1231
388
316
3909
1182
1214
365
1249
1171
2101
1266
1139
1174
344
386
1173
322
1229
2195
318
4251
383
380
1201
1279
1162
397
371
344
1198
2267
1197
1210
1210
1154
2234
1236
1256
372
1115
382
1248
1257
1243
2237
394
1090
379
1220
1153
344
1263
394
367
1273
390
2321
409
406
2322
343
1311
1169
364
1201
1229
2249
2235
370
360
2364
334
342
1171
1249
1248
1232
1249
391
1336
2250
1303
374
1314
1158
1181
1206
1205
443
1240
364
371
354
392
376
1241
2485
1215
390
358
448
4193
1253
1197
2374
424
391
404
2367
410
427
1304
400
1269
443
429
1133
370
418
2413
395
1252
2154
384
1139
2358
2331
402
1290
1185
1252
1244
1288
411
1258
367
416
1294
1292
1280
2390
1264
394
2446
1393
2526
1276
1335
2474
1226
1277
420
394
1325
1376
1262
1235
364
418
1251
2353
1184
1295
1261
2346
406
369
1327
1221
393
1285
2383
1323
408
1355
2600
1398
455
1320
438
453
1328
376
1284
421
1359
1205
410
1226
1223
403
1309
409
1275
1369
2546
355
401
1294
1277
1214
1315
1380
1361
1276
1264
421
1337
383
443
382
433
1261
427
2628
1297
2399
1338
455
1357
459
417
407
2516
461
2380
431
1308
413
1230
1399
467
1295
408
424
1373
417
1251
1225
1298
1319
444
1266
460
424
1281
400
1388
415
1208
1331
2628
459
455
451
1356
1455
1373
2753
434
476
1302
2614
1369
1346
1246
424
407
1373
471
1403
434
1287
1233
1357
426
428
2718
4704
1359
1292
508
1418
1326
416
1330
1382
1395
1379
447
1355
1360
1242
1367
1348
464
1375
1342
2612
4930
1342
441
1415
436
427
1294
4952
444
399
1424
426
1346
409
1407
1430
1433
1350
479
505
4779
500
1366
2429
1475
5101
2862
2777
1428
2373
1317
1328
429
1410
1300
423
446
427
468
1360
421
490
1378
470
4821
1368
1367
4506
1275
1389
1232
1441
473
1318
4845
1339
1330
498
1309
2657
509
507
1391
507
1506
1381
1285
403
2804
1406
1301
1344
1298
1423
1377
494
454
418
406
1261
1508
450
510
1400
1406
500
2821
494
1487
1285
1408
1405
504
1356
1461
465
1330
471
1360
1488
1499
1428
1369
537
5310
1441
479
426
2791
2798
5391
5046
500
1410
1336
1420
524
5127
1340
1502
487
482
1392
509
1360
527
1406
1400
473
1264
1467
480
577
408
1361
1477
1416
518
2809
1333
532
458
1330
1407
4969
1378
1390
2472
1485
535
448
505
1423
488
446
2739
1524
1505
2658
524
2541
1316
499
1420
1359
1434
514
1493
482
3020
487
1461
5368
456
497
1372
1359
1465
497
1513
505
1490
1573
1406
439
1503
1520
532
2611
1456
532
2758
2746
1562
1431
548
422
1518
480
1487
1346
1432
1308
510
532
1429
1378
1439
1441
1375
466
1415
1430
1455
1402
1535
1457
523
550
2537
487
2761
491
2714
2910
491
1509
506
1522
518
522
1552
1333
543
1411
1387
527
582
544
510
505
505
2975
1536
497
502
1383
1528
1580
528
1401
2668
477
1366
513
1565
512
1410
3103
2807
1399
1371
585
1524
535
1468
1344
516
567
1469
2968
1616
1615
3123
502
1352
1424
497
1472
3049
557
1560
1491
1390
1444
1617
1446
524
519
1506
1474
601
517
523
1504
5745
3044
1564
1570
1466
507
2740
2634
545
599
608
507
608
545
542
545
3098
2954
2873
5670
1487
621
1524
1572
535
1582
5679
554
5675
1537
556
1643
1548
1419
1416
1464
2824
1497
1485
1676
554
521
1535
1482
604
1526
545
542
1481
524
1503
1539
565
1470
1443
528
5134
3036
1498
3053
512
1452
1455
578
1533
3346
606
569
565
1560
551
596
603
560
536
1557
1610
1592
622
1480
1504
1559
1478
3205
1659
591
1535
1492
1569
601
2804
503
1705
577
555
619
2881
613
1445
3285
1605
543
1551
602
1508
1497
577
1618
1567
1514
1651
2980
608
1654
1531
578
1542
1497
3362
548
2915
1709
595
2854
1614
1603
1519
6029
3223
658
1702
564
5629
557
1569
1651
1550
3441
1640
2985
3185
592
1451
1484
1594
1656
572
1674
584
1564
623
1595
1522
1640
3398
1628
1691
5877
589
619
619
1702
1624
1587
623
1627
6153
1721
546
1714
624
1543
1472
534
621
603
555
3103
1689
643
622
589
1661
1459
3074
1668
700
1507
1708
3048
1623
3179
2939
6029
1588
586
1646
554
1527
1625
1593
591
1577
586
1611
1738
615
597
1780
1479
6006
620
1738
587
619
1554
629
6186
582
6616
680
1629
622
1724
5519
1606
1579
650
1808
1538
1740
3339
3301
659
1714
593
682
582
1688
1681
1642
1639
1716
1680
3300
581
1781
1574
1571
1653
1717
1542
1736
606
1681
662
1771
668
1638
638
1714
1747
1678
3199
1713
3362
636
669
623
1632
1556
3256
1697
1667
1699
634
1777
1676
691
639
645
1693
1688
1872
603
661
3602
1751
1669
1669
635
1800
627
670
1707
1648
1771
685
646
1607
676
1667
608
662
1673
1841
1562
618
1759
1734
1654
1601
730
1846
655
1787
1819
1725
1772
1716
6715
1753
1705
3392
677
1808
3662
3801
6504
3188
633
1721
717
1652
1699
680
1704
1706
712
1653
1831
6232
1849
1848
740
1740
1616
605
1695
690
1640
3434
699
669
1719
1840
1812
3850
654
703
1787
1725
1738
3378
1654
1750
3470
659
6338
6372
6397
1628
7012
619
666
1750
3553
1783
663
724
667
3571
699
1607
1737
736
648
647
1753
6924
1796
3594
701
1828
1628
1776
3350
741
1855
1765
1832
661
1790
1687
3463
669
678
718
737
663
1695
6899
1922
1688
670
6604
1859
1633
1912
1915
1951
1778
722
1766
3664
686
1756
1783
1815
699
1880
1798
1759
1763
1827
1941
697
3667
1846
1868
1836
677
6269
1706
654
681
1809
637
1900
3620
685
1781
1908
1807
1739
1882
1828
3346
1760
1817
664
6555
3897
1846
1836
764
729
6935
1960
753
3621
1851
3429
719
1898
6250
3674
1958
787
1802
1688
750
1950
1726
686
1743
754
734
1861
629
3727
1845
1786
715
1654
698
716
3729
742
3461
1874
1708
697
699
1764
707
1707
1895
1792
1945
705
696
1813
2005
1667
814
1971
1846
3613
1897
1745
1755
691
3763
1806
728
1909
7127
6800
1989
700
725
694
754
6164
1861
3821
736
3612
2037
720
1869
719
1822
1963
1900
1922
3974
685
1724
2020
1922
3829
718
655
7244
1903
1721
699
1952
1751
715
1909
3421
1780
1804
682
1961
1897
1730
742
1892
720
3812
1809
1868
660
751
3948
1714
720
3851
1815
1920
1984
764
1887
756
706
6713
700
1878
1712
2031
673
757
7437
1837
1838
1897
1855
2010
756
1987
1837
810
1980
1995
749
1848
1944
2038
3685
1803
824
758
1784
1912
2073
3700
1864
1803
1829
1876
1908
1809
3870
1784
1882
797
2074
1819
3872
763
1940
720
7192
1893
789
760
790
1955
3685
715
1754
2018
731
3937
2016
769
824
1819
765
755
7161
2108
2012
812
797
3521
745
3885
3992
2000
4028
1905
3598
6568
1877
876
731
2018
700
692
1925
1896
2013
3941
1921
4003
1946
1992
1846
1759
779
2018
1849
3906
1976
815
1950
1792
793
1969
1974
4287
1917
779
4079
1857
778
4179
755
747
1842
741
769
736
782
801
751
792
4245
813
1980
2016
820
2016
1962
1902
763
742
2115
1959
737
775
885
2027
1835
755
1951
808
2035
794
706
2078
2127
1918
1935
1934
2011
867
843
829
2087
791
6894
717
6773
781
809
2015
1968
1909
4134
1865
1918
2011
2161
882
2017
1867
1993
782
1948
750
1823
3907
2096
811
4259
850
819
791
1956
1954
2004
2012
2091
1904
801
1887
1989
1872
1894
2038
1921
1933
710
1883
1957
785
894
786
1927
1955
2105
911
839
791
828
832
2001
783
2029
1973
836
1926
2164
2037
797
2077
2067
7867
2002
2012
807
765
4385
847
1918
1898
2057
889
4386
2024
1995
2097
1985
781
1952
887
821
2068
4025
1922
826
850
768
1912
2093
821
2203
2200
856
1939
904
3927
878
895
2187
4244
863
1904
848
880
2117
881
2013
1934
2049
1958
896
4188
1999
2221
1953
7518
2008
2087
2052
2079
2149
2032
2112
2093
7438
1869
2078
2014
2058
2016
1928
1946
2062
3947
843
900
2077
2023
824
2104
1897
2100
975
806
815
876
4070
731
859
2106
2037
2092
832
870
2143
751
7515
8304
796
2009
845
814
2001
2142
2147
7949
4155
1987
805
840
2013
877
4186
2250
4146
2103
2088
808
2097
765
841
1948
2014
854
2100
935
776
867
883
2182
841
817
881
7866
2160
2177
2092
2112
2239
836
847
851
2166
2069
1921
4024
2277
8310
913
894
1982
919
834
2169
2152
845
906
7688
892
2164
874
1956
2126
912
2207
4762
2189
1976
2047
869
2020
1996
2064
7686
2034
2176
2145
4746
2195
880
2300
2140
801
2089
850
1926
937
2099
4554
940
918
2116
2198
2170
2202
2186
7600
4220
2170
847
915
882
1948
942
2019
913
2065
862
869
924
969
898
2143
926
2116
2054
2087
920
3963
4452
898
2102
890
2348
2060
2120
2017
2072
825
2045
2211
2111
884
4465
4429
920
929
8384
2226
7642
2196
954
2198
4624
782
835
873
862
2142
2227
983
7970
2191
848
897
829
2258
2090
2036
2319
4337
2096
4776
2084
2006
2171
987
992
2107
892
924
2207
2201
4413
2064
2066
956
2209
2247
2055
2293
2067
2010
861
951
4624
2176
873
2230
909
948
2043
920
918
848
2368
2200
2217
2420
973
2213
2322
2231
2161
2179
970
4396
4699
4696
892
2014
4429
2190
863
849
893
2327
2158
1026
2327
2284
2253
2333
895
912
4875
871
4877
2264
2074
2184
2357
2251
2194
2191
957
2391
2350
907
8598
972
2368
2249
2228
2274
894
2124
973
2398
1017
2215
906
2229
884
959
7950
2274
1027
2219
4535
2219
994
2095
921
917
2220
2170
888
883
924
863
923
872
2252
934
1001
958
960
2312
2400
2361
868
2115
916
1025
982
2201
1013
2133
907
4483
2345
964
4817
2293
2361
4614
2397
2269
2272
2201
4684
878
938
8685
1010
2137
2250
850
2279
932
2063
2234
4813
912
4777
5024
2346
963
961
980
1021
2278
4804
8190
2232
9186
2375
989
2231
2266
1073
846
4790
2463
2271
4695
2251
4917
2263
4496
2217
2313
2352
2446
2176
901
2232
957
4824
2320
2150
2174
1000
1023
5020
2229
857
4702
7850
2217
1024
4993
958
5085
2386
952
2215
990
1047
993
2270
2412
2552
2344
944
904
5022
942
1038
955
921
2535
2377
2438
1070
5069
2375
914
900
982
2150
2478
923
915
937
2330
2272
8865
961
2370
944
2297
1039
4945
4737
2372
2445
2398
2394
2250
2510
965
2510
911
2375
978
2260
4932
2471
1057
2314
957
2474
888
995
2304
2443
2201
2215
2535
2265
1032
2308
986
2530
2385
918
2249
2320
959
2429
8662
2265
2334
2410
2283
1016
964
4871
2468
1046
2185
2361
922
4849
8473
9121
2191
979
1009
8509
2290
2470
1011
2502
8624
2343
2555
2352
2389
2247
4842
2242
2346
985
2192
2304
2403
1069
2243
1006
4952
4597
971
2386
5071
1068
993
2310
2364
2247
2504
2257
2302
928
2499
2611
919
2535
7949
1013
2452
2269
2408
2251
993
998
966
986
2346
940
1020
2453
2534
4941
931
2340
2436
2600
993
2514
2341
2621
9032
2508
1035
1009
2444
969
1071
2405
2535
2658
1067
5125
2432
2518
2349
2578
5374
918
1068
2333
1042
950
991
2440
2312
1071
2358
2421
1053
5040
2319
2277
1036
5006
2279
1004
994
2599
2396
999
2472
1089
9323
2496
1103
9754
8869
2488
1084
2441
2365
2295
2491
2424
2298
2307
5024
4997
2501
997
8758
2331
2558
1042
1070
2565
1045
2643
916
972
2500
4893
5024
2643
2517
2497
1085
2445
2421
1057
2654
968
1049
1076
1047
2460
2401
1143
934
2490
2498
2478
1137
1086
2579
2431
1131
2355
2205
2592
2333
2270
1035
1008
1082
1169
963
1125
1001
960
997
2460
2510
2501
2270
1055
2546
2571
1094
2640
1116
2647
2446
1108
1062
1137
2412
1028
2510
5352
8873
2443
5144
1129
2572
9645
1011
8862
9257
1125
2693
1039
2633
5464
1056
1070
1016
2346
2359
5192
2368
2513
2297
1033
2609
4985
2486
1118
1164
2649
983
1079
1090
1028
2558
1198
1120
9126
1097
2390
1130
1058
2476
2424
2548
1045
2498
1042
1053
2736
2551
1084
1099
993
2660
2733
1079
1122
2539
1034
1095
1009
1114
2611
1073
1077
2609
2573
5374
2504
5140
1068
1082
1132
1193
2656
2466
994
1110
1045
2333
2610
1116
2561
1048
2497
2517
1038
1066
4924
2508
1010
1038
2691
1124
2439
2324
2788
2374
1056
2398
2551
2707
2526
5713
2387
1007
5171
1045
2367
981
5623
5048
1243
2578
2461
4993
4996
5201
5179
2600
1110
2483
1030
1022
2522
1086
2443
1108
2575
1017
2666
1134
4762
1181
2624
1181
2512
2795
2550
2541
2710
2535
2664
2726
2397
10088
1181
1197
1195
5349
1145
2393
1018
2505
2644
1033
1217
1077
9227
2564
2636
2642
2435
5556
5470
2501
5071
2764
5416
1160
1099
1140
2463
2454
1198
1002
2611
2586
4894
2518
1112
2568
2683
5351
2709
2706
2409
1131
1093
1176
2525
1112
5403
2620
2700
1088
1092
2480
2355
2482
2652
5139
2539
1139
5463
2432
1148
1137
2428
1147
1060
1139
9744
5269
1080
1220
1112
2483
2573
5536
2769
2697
1085
2494
2721
1147
2592
5365
1091
9993
2664
1033
2734
2736
2498
5503
1164
1144
5341
2760
1225
2510
1186
1097
2655
2645
1148
2751
1174
2402
1186
2664
1134
2780
5245
2669
1118
1008
2507
2620
1210
1268
1096
2551
2551
1164
1149
2780
1151
1165
1074
1131
1143
2518
2831
5438
1112
2657
1126
5192
2667
1159
1170
1163
1138
4972
1018
2898
2627
2377
2606
5734
5658
5310
1242
5556
1115
1117
2655
1012
5282
9250
5117
2637
2828
1106
2677
1203
5606
2522
2855
2645
2750
2489
1119
1264
2742
1132
2799
5528
2644
2812
1163
1104
1229
2566
1099
2650
2744
2821
2468
2664
1191
2919
2931
2792
2588
2670
2706
2702
5180
2779
2701
2555
1305
2835
1220
2544
2651
1116
1229
2636
5889
1196
2874
1153
2557
1180
5981
1130
2747
1190
1181
2710
1147
1162
2722
1070
2588
2739
2923
1217
1183
1167
2551
2802
2745
1245
1049
2713
2524
2660
9948
5614
2740
5222
2726
2646
2651
2759
2659
2604
2783
10196
1219
5226
1270
2579
5869
1206
1211
2496
2736
2894
2500
2755
1116
2968
1270
5206
2661
2715
10329
2625
2556
2840
1272
1133
2661
1191
2717
2725
1242
1267
1112
5630
1252
1066
2773
2929
1173
1199
2815
2857
1176
2745
1126
2862
2739
2825
1245
1019
1206
2535
10164
1082
1098
2759
2486
1294
2749
2814
2796
2747
2871
6083
1155
1292
2698
1189
2635
1112
5817
5955
1079
2906
1262
2998
2685
2658
2831
1203
2982
2729
2847
1264
2966
1186
1272
2728
2853
2732
2814
2600
1358
2617
2576
2633
2575
5861
2628
2842
2821
1147
1189
2720
2733
3031
1130
2640
2749
2581
2624
2778
1129
2653
1187
5657
2703
1312
1208
2692
2948
1300
1200
1312
2934
5626
1174
2946
2879
1202
1184
9398
5401
2956
1149
1079
1215
6067
1124
2709
2780
2833
2903
1256
1242
2785
6219
2917
2756
6017
2855
2634
1102
2901
2974
2988
1194
5827
2775
6022
2763
9405
2959
2830
2661
1364
1193
2800
2641
2649
2935
5882
1249
3023
1298
1328
2814
1260
1197
1225
2708
1225
1187
1308
1195
1268
1224
1099
2797
6346
1246
2676
2658
1158
1185
2646
2836
2768
1291
1233
2835
1211
1313
1250
2806
5975
2599
1173
2763
3045
10301
2924
1317
1289
6001
1302
2684
2755
2889
1262
1280
1212
1216
1218
5548
2898
1282
6506
2904
2907
1143
2947
2800
2683
1287
1273
1269
1300
6130
2818
1130
2976
9769
2810
1320
2843
5888
1274
3070
1117
1222
3002
1220
2999
1173
2863
1143
2823
2696
10885
10234
2839
1235
1362
2941
5598
1242
1278
2731
2769
5736
2932
1312
6218
2759
2710
2873
2693
2862
2971
1238
2855
1283
1224
2905
1260
2918
3117
2592
3016
1204
2926
5949
5544
1389
5573
1249
1236
1222
1321
3043
1114
2813
1310
1238
6181
1188
2814
2939
2779
2859
11196
2666
2861
1349
2965
3103
5733
2693
2906
6091
5458
2665
5755
2898
2965
1300
1275
6170
5525
2964
10371
1279
1235
1243
2928
3096
5768
2963
2970
2768
1221
2898
3033
3142
1258
1156
2920
2820
3044
2840
6117
2653
2677
1335
2881
1391
3021
1353
3090
3029
1417
2962
10321
1304
3095
2929
2950
1194
3071
1254
3049
2812
2967
2824
6143
6225
3052
3078
5908
2886
1160
2962
2728
2891
5828
1320
1231
3007
2801
1210
1302
2736
11043
2664
1323
3057
2918
1255
2884
1293
2910
1433