906
865
781
22
866
15
15
891
18
837
819
16
23
921
30
893
815
875
21
24
913
944
888
949
961
33
908
857
799
28
799
853
848
869
918
828
23
782
845
25
941
826
24
31
868
27
23
869
831
901
25
31
25
941
874
780
1947
886
875
848
985
34
881
924
35
39
28
28
25
837
888
1008
26
927
998
917
43
919
878
896
39
852
834
930
912
850
42
39
1116
42
918
1053
876
791
36
41
883
804
32
1107
928
49
34
804
41
887
845
1143
56
875
904
51
1005
901
895
915
866
42
55
42
49
37
915
1069
877
862
52
46
913
918
852
42
46
850
971
57
888
948
41
56
827
902
822
903
946
899
906
901
888
897
43
48
840
820
2410
51
903
54
953
890
900
1277
967
939
53
51
70
46
70
2291
56
927
877
932
851
1241
845
1158
956
61
977
41
1302
51
51
1143
1260
50
61
1320
56
914
925
1389
968
911
968
990
881
952
1305
54
62
80
936
933
859
71
940
1035
934
1387
961
876
905
57
1349
953
58
962
982
852
960
64
857
919
1393
995
992
94
944
871
969
1302
1401
986
70
878
1039
1320
59
987
78
77
1407
93
57
1024
991
69
87
949
68
1399
907
1395
74
1344
105
948
931
913
922
1040
85
1045
1055
80
83
907
899
75
1021
101
76
87
1042
81
1018
1061
939
1025
929
82
1485
929
1369
78
1484
1088
76
98
1014
89
82
1676
93
942
967
104
1056
1589
1449
84
969
98
1582
1007
909
1009
928
1028
86
1020
93
1074
1051
1027
952
96
2893
1055
1061
1043
92
954
1010
1059
83
98
1614
938
992
1055
1742
96
1046
106
967
1603
1596
97
959
1096
1077
970
3213
1057
111
995
1066
1033
1093
971
106
997
98
1032
114
94
985
1662
1524
976
1013
97
3129
1704
945
1070
1092
1145
1093
1034
998
106
1089
109
1026
1041
982
112
1092
1037
1669
1676
1032
1102
125
109
114
3353
1079
115
1103
114
130
113
121
1127
1755
1080
1760
1038
118
1069
986
1034
120
1785
1065
107
108
1046
1151
1031
122
1743
992
1006
1056
1103
1826
129
135
1181
112
111
1824
1060
1143
131
128
1062
1042
1182
124
1106
127
139
118
1852
1116
101
121
1811
142
1955
1775
116
1919
1101
1014
1084
115
1930
121
1160
1908
1101
126
1173
1050
123
1067
1018
1099
3456
1135
126
1802
153
1154
1050
117
1198
1223
1182
128
124
1707
1109
161
1918
1081
112
132
1129
1091
1068
1210
163
1977
141
1177
123
135
1132
1079
2039
1175
1155
1194
158
135
1134
3512
133
113
1127
1196
136
1838
153
127
140
1129
3574
1202
1090
1185
1136
1053
1870
1895
1148
1045
116
1076
151
1048
1133
135
139
1092
134
1982
136
1057
1192
132
1101
1278
122
125
139
1863
1055
137
148
1130
2061
2158
160
1889
1177
1106
1904
1162
1199
1948
1230
1156
2114
1114
164
1226
1142
163
1947
2049
2115
1905
1105
1080
2039
1221
1236
149
1164
1230
139
130
1216
1218
1136
1105
1202
1239
159
1176
147
1238
1220
163
1208
1219
1141
155
1234
150
162
1164
136
191
173
1195
1196
158
191
139
170
2150
153
141
1312
172
1092
2113
1171
153
1921
143
2150
4022
179
1205
1104
4197
1159
2214
139
1257
146
156
1125
1122
1217
164
171
167
160
1291
154
1143
2288
149
1245
159
4443
151
140
2077
1193
1210
1147
166
2242
189
1228
181
1366
2182
1271
1243
172
177
1232
1271
2138
2328
1255
1301
173
154
170
1253
1275
1298
1245
2311
1351
176
2156
159
1339
158
1318
138
1256
1287
146
1230
173
2109
1357
172
1208
1253
162
2217
181
2265
166
1275
1265
1307
1309
193
191
1172
1284
2365
1201
1233
182
188
161
1324
2296
165
2263
1300
171
184
1280
174
2486
1369
190
2327
2315
193
210
2527
2392
1339
1286
192
161
1308
4302
1315
1237
1357
1301
1293
2218
1410
205
1348
1385
1402
190
1338
1384
2261
171
171
187
1377
1287
2376
1340
190
1233
1421
1458
1239
165
2485
2523
2315
1331
2187
1367
180
2304
1439
175
184
207
193
1316
2588
1443
1258
1353
1326
1340
1258
2175
2481
1428
1355
2632
2533
2287
2450
198
4511
2433
1243
1397
1409
198
199
203
2460
1341
181
2478
1283
1351
201
197
2372
1448
1488
1310
1307
1356
189
176
1395
1387
1443
2425
1261
214
1356
220
1424
1259
1348
198
1402
1329
1372
1298
188
1410
2501
217
4873
1381
2439
192
1350
1478
174
208
1358
195
202
198
1487
1500
240
1261
210
1371
1384
194
1447
1507
2561
1364
1384
1379
2596
2582
210
2611
183
200
208
2353
1465
210
1451
1426
1353
1365
204
1446
1577
231
197
2610
1372
238
212
1503
2737
2555
213
1430
1519
1372
1493
230
1346
1480
2870
1582
210
219
1555
1414
1471
2684
212
240
1528
211
2442
255
1559
1538
225
2496
1535
1400
5125
1462
2582
184
2634
1575
234
221
232
219
1412
1426
209
1504
222
1495
2567
1555
232
269
203
217
1453
1593
1525
2808
228
1587
1501
240
1432
1625
238
2786
1613
2599
1591
2601
1571
216
1530
2565
1544
2667
219
1514
1449
1439
228
1534
209
1541
212
210
1638
211
1425
1612
219
263
241
273
208
1571
1570
246
1560
3057
2855
246
1538
233
2897
237
258
229
1579
235
257
1599
1656
1640
254
250
236
2779
1569
1526
1737
1534
1603
3135
244
1585
2798
1562
234
248
1692
1721
263
1566
1617
1725
1665
1556
275
1679
1695
1649
1484
3006
1654
237
2894
246
3053
1597
1577
1642
265
1660
1674
1744
1563
1745
1612
2988
1732
273
1649
1642
1561
1675
232
247
1676
3084
266
2957
1528
1608
1534
244
225
1630
259
1748
230
3144
254
1662
255
1614
1745
1707
267
3272
1706
1742
1610
1698
1761
251
1724
243
260
1687
1628
3219
1733
3383
1626
1743
1691
2966
1696
273
1789
272
1822
246
266
1714
3438
1545
267
3003
1726
1612
262
1589
1713
3029
1637
1630
1710
1712
250
1791
257
1594
1723
1735
1701
271
1705
279
239
1661
1636
1709
3369
1655
1637
301
300
299
1732
1700
1736
1783
1738
1713
1681
1656
1764
284
244
3449
1621
259
5999
291
3233
1671
3077
273
260
1695
1759
278
1760
3161
1651
1687
304
254
1803
1887
1718
280
292
279
1657
304
1750
1747
264
3266
6016
264
1774
292
1804
3332
3160
290
1862
2971
309
1898
278
1906
272
1793
1847
1776
1937
295
288
1779
3563
313
1788
1912
285
287
1903
1729
1813
354
3502
1774
1779
276
1808
286
293
1711
274
268
3346
3313
335
1760
1671
1908
291
1865
290
296
3356
3518
1839
1951
3413
258
261
3512
1793
3092
303
340
272
1719
300
1820
1822
2006
310
1666
1732
305
1907
6455
1828
3665
1806
1788
3390
3601
308
287
3519
300
292
2028
265
3492
323
1940
1833
1689
1887
3459
1895
341
1870
1751
1872
298
299
1977
1863
290
313
1805
1813
6486
304
289
3673
258
1819
3756
1918
293
283
3747
1689
1924
309
1774
1816
1913
344
324
1907
1893
3557
324
1909
2050
1908
2004
308
310
285
3490
3619
1721
1730
1804
321
335
294
3620
326
289
299
1920
1848
1857
3720
1999
1998
1854
328
3589
1951
1876
1920
1773
1844
1972
1929
313
1799
3364
3835
3358
284
1942
1851
1867
3551
2100
3469
326
1829
319
1866
2007
357
1903
305
1889
1884
1817
320
306
3401
317
1940
294
1761
1786
3623
1782
311
3430
320
1890
2048
1874
329
2078
1861
336
342
1989
1981
2173
1835
2040
324
2045
3349
1852
1823
310
1874
1926
1867
1979
353
2033
1937
3478
1883
351
295
354
1959
1975
2095
1961
2030
324
1868
328
320
323
7801
343
3803
339
338
2085
1863
2057
4023
1991
332
2030
3992
3752
2046
344
2125
346
1936
3912
4037
314
336
297
2130
2068
1987
358
2089
353
1946
1960
321
348
341
2013
3849
334
2001
367
3784
3888
1980
1934
3949
2096
356
1883
332
1971
2152
1970
4175
3693
4015
2094
2197
2224
2015
2069
2063
383
4248
2058
2067
356
4030
358
378
1992
334
2218
375
371
327
353
2198
313
2198
4014
331
2093
2125
2013
4011
2028
378
342
372
3994
2140
2075
2140
2089
3980
2203
2196
4203
3934
2167
318
2205
344
1992
2037
336
384
2092
2076
2016
364
2194
388
2130
397
2207
2234
3898
2028
374
3881
1996
4235
4125
403
2079
2146
2021
417
2233
349
3746
349
2013
363
2012
4424
2081
2066
4099
4424
382
3861
4420
7883
2060
374
4320
378
368
2016
393
331
2124
357
359
383
351
393
336
4215
367
2050
2156
2091
309
358
2205
2101
392
2176
1975
2212
2216
393
2129
360
2189
2264
4294
2218
366
354
2302
327
2190
2166
1957
327
346
2228
354
2214
346
2016
8009
2350
2222
398
2181
381
374
2271
2287
384
2142
2199
405
4433
2056
401
2303
7792
372
2349
369
4233
4408
363
365
2392
2405
2105
423
2297
364
391
4143
2246
2189
2162
2212
4415
393
2382
2276
2231
2398
2122
2305
2282
2269
2109
2407
2347
2084
8056
2461
2301
2201
2227
369
2117
376
2268
393
2217
2283
4570
2139
400
2206
418
401
431
430
2472
4398
2177
4648
2104
4431
401
397
8646
355
357
386
2162
398
2317
2106
383
374
8318
388
2376
2078
2162
4410
387
2313
2325
2180
2253
4666
2285
383
375
4708
417
420
2461
4436
4519
2121
406
430
2483
4497
400
2293
4410
2579
4392
406
2345
383
4895
384
4729
420
394
2568
2397
2352
374
3963
2459
357
4616
396
2396
445
2421
408
2422
413
391
431
2464
2270
448
2191
2428
2505
2423
434
456
2376
4816
2510
410
2249
2545
4338
2351
2378
420
2526
4519
451
392
455
364
2402
2263
2347
2480
2355
4745
442
2453
2451
386
385
2551
425
4836
2542
440
2326
405
417
408
2452
2324
2577
2324
2401
379
489
422
2437
2306
2338
2434
2460
2508
426
2385
408
379
412
4963
455
2610
438
356
2471
2629
2466
2384
438
2606
4734
366
2389
4794
472
4783
4945
2445
399
2435
2646
4772
4507
414
425
414
2617
401
422
2443
2356
4684
2490
4625
2517
2551
2410
401
406
4505
2369
2483
408
441
2522
2495
2430
9496
415
2487
4736
379
428
447
9157
2520
2316
2352
2417
4983
455
2543
2330
468
4913
2506
2424
2393
434
2339
508
2645
4688
2669
4670
2538
2517
2317
5053
421
2679
2476
418
437
2546
5030
2745
2620
441
458
453
2747
449
448
2529
4714
2489
396
381
5028
456
430
2537
461
427
454
5032
4783
2470
421
2532
2555
2765
446
2439
460
420
5306
2541
2686
4505
441
499
468
2676
2394
453
403
432
2597
2619
467
464
2697
2492
398
2447
2802
2599
2372
2485
473
2335
483
2448
2609
439
409
2480
2298
2664
476
2517
497
446
2436
2563
2786
4982
471
2626
426
2602
2390
2663
427
2607
5079
435
468
469
4933
481
472
2683
5172
2623
4631
2710
2412
2686
448
2611
4617
2440
2665
404
437
491
470
2607
2631
2694
4680
488
2447
2588
4960
2564
2694
450
2530
2640
2680
2701
478
5141
2651
2654
485
424
2592
469
477
459
425
443
2678
482
4900
2359
2872
9465
2668
2736
4804
5233
2644
2812
450
515
430
2590
2717
2829
2829
2594
2554
474
5096
5400
2613
2662
413
10029
2597
505
485
2541
478
2695
492
4923
2504
5018
2474
2525
2550
423
9777
2793
2675
2834
2695
444
4925
5462
2751
484
2758
2693
2521
2721
518
9964
2746
4716
488
524
2511
2705
5231
473
2850
2704
9008
5256
2765
436
5017
4927
477
480
439
2807
5194
426
10703
2819
2466
5548
445
503
2797
2719
2716
2707
2836
2783
535
2902
2857
2775
2763
524
550
510
526
2814
10140
2959
2811
2703
2656
5743
2591
523
2688
471
505
4961
514
2793
2775
10526
528
4972
2491
2823
514
490
479
4883
2605
5406
2620
2659
2664
2515
2781
2729
2620
2810
5556
2628
425
486
468
5383
5735
5327
543
510
2839
2693
2767
5439
2586
2795
2730
492
499
527
2848
2615
2758
2735
2676
511
3006
2848
4828
507
522
2880
477
2792
2821
5154
2766
2895
2772
2828
540
549
2656
2841
2871
5616
2727
2714
2913
5142
532
3067
2619
558
2818
2824
2766
461
2687
2778
531
5854
2841
2812
2686
530
2896
2667
3015
2703
3076
500
2838
5235
5569
523
526
501
10342
514
2714
3020
2652
2793
2848
535
2988
5936
478
2760
2971
2728
500
2680
2845
5493
532
2904
10056
2873
565
2842
5533
467
2808
3038
5882
521
3050
3011
5861
518
5375
518
5095
2984
507
5269
466
2806
5287
5176
11086
2757
5599
2974
2900
5448
517
2586
545
3122
3051
514
2945
2741
552
2900
549
2647
2841
539
508
2937
510
9970
2617
2951
3205
2838
5755
2662
2858
2653
2748
537
544
561
2749
563
2706
2963
563
5659
3082
5627
2957
2967
2921
534
2882
518
3143
537
11439
2994
486
3075
2850
2963
3124
2955
2951
5611
488
5420
574
513
2729
2766
3151
2922
5659
2824
531
527
3002
572
2814
2864
526
2935
542
2689
5600
3043
2950
586
3158
3208
3164
2989
550
522
5890
2951
3021
3003
3011
535
2733
596
3127
484
3072
2892
504
3159
5900
554
3005
5344
2923
3033
2985
505
2833
550
2863
522
3011
536
2831
3251
3091
3170
10325
2742
5734
2985
2970
2905
3113
3129
6235
550
3012
2966
3016
571
3043
5632
498
585
544
3065
2969
524
3140
3025
5896
3227
569
2940
3046
558
535
2984
631
562
3072
533
3230
5694
5893
2915
3046
3248
527
2764
3041
5921
5846
3204
536
2970
3260
6008
3168
5657
549
3157
539
558
3070
582
2952
608
2959
485
2994
6178
3225
5509
2873
541
3221
500
5901
3234
528
574
537
2983
2978
3004
2996
5691
5649
3178
603
5953
6558
559
544
560
5712
643
3086
3051
11922
2898
3083
3265
3120
3038
6006
563
3106
5948
3368
611
3199
586
3361
3001
3032
566
3072
3212
570
3247
3083
2965
3147
3061
558
3019
572
3086
6245
3128
5937
3160
5910
3119
5851
3140
605
574
616
609
6466
3063
3217
5718
3118
3081
5982
707
3056
2976
6216
602
3039
5778
3039
3454
612
600
3241
3323
605
11007
3116
3111
5876
3127
651
629
6635
3208
2880
6341
11784
2994
6220
574
630
605
3106
3168
3143
508
563
3108
630
6285
544
3041
566
5544
628
626
3032
6803
593
538
521
3203
3100
3243
3088
616
583
2885
3140
617
2919
614
618
622
3467
3319
6333
12641
3181
3350
3343
621
3239
536
627
528
2906
2903
3123
3180
3011
638
3252
3201
6421
3183
608
3506
3502
6195
5688
3215
3289
3335
3460
3107
579
3469
3420
633
584
6164
622
650
606
601
6400
3483
583
3462
3112
3397
3105
6285
3186
599
664
6852
596
654
6318
537
2900
6572
645
3186
3043
3365
6490
627
3240
3050
681
5972
703
547
656
598
11905
3129
6310
3196
6242
576
549
634
3395
625
3214
647
3383
3209
595
3335
3326
3142
626
6535
6833
3635
6138
642
607
6183
617
6213
6075
6597
3118
637
3312
3432
3344
581
577
616
11372
6142
642
3229
624
613
3395
3213
2956
654
3413
612
3144
3045
3406
3307
644
613
3324
3466
3605
3560
676
6517
3202
3452
3514
3309
641
3475
3553
588
3282
3162
3230
618
3120
637
3587
5886
3293
661
3389
3347
626
3495
673
3365
3373
3237
3216
3518
3406
3470
573
3158
639
618
3374
6521
3373
3208
7064
3158
659
3444
3630
3384
3651
3154
622
3531
613
644
3209
3138
3543
3512
3360
11897
3105
3244
545
6073
3466
3622
698
596
6574
3299
619
3527
3573
3453
3178
3161
3265
3334
3036
6851
6559
3353
3536
677
3415
683
3687
3434
3131
3436
6609
6178
12536
662
3633
6036
3776
683
3356
3527
660
606
647
6064
3515
3410
3425
3629
670
628
3715
7227
3303
3514
7052
3688
3510
647
3581
3521
3284
673
3335
3231
3230
654
717
3684
688
610
3496
6358
715
610
3428
3199
3269
3514
635
583
3516
3393
12999
641
704
649
3258
3523
3249
650
3803
617
710
3322
3508
3727
3432
3187
6658
3442
3556
6454
624
3497
689
3578
588
3661
7005
621
3586
3502
6832
633
6466
3696
3427
3166
3556
3575
3258
705
603
664
3421
13074
3668
697
7164
660
623
7393
729
673
724
616
3474
3431
672
3418
3545
6783
661
3335
630
3282
678
3566
689
3453
615
710
3552
3731
3731
3446
3361
3739
3518
6781
3474
646
7288
3680
3331
3316
3606
7143
3405
3485