7
4
142
3
132
6
4
145
4
6
144
3
141
4
8
5
12
8
7
14
16
17
6
11
12
12
9
12
10
170
13
10
6
14
10
15
19
194
17
17
23
31
27
236
22
17
20
35
17
24
248
253
23
24
24
23
267
25
31
31
28
39
32
311
317
28
29
38
317
32
27
359
29
338
368
357
50
45
355
49
357
362
358
353
342
46
40
52
55
44
50
44
39
44
39
37
58
50
423
60
43
51
62
58
40
53
433
42
464
48
41
48
46
489
55
458
468
46
55
462
434
459
58
53
59
54
475
59
71
58
62
70
466
61
476
548
66
64
519
545
70
75
73
87
66
76
74
66
77
71
77
75
75
571
70
577
511
70
66
62
546
75
63
73
82
65
81
580
525
72
93
81
561
78
70
74
568
613
573
600
578
80
101
84
99
96
599
87
592
84
68
81
600
92
80
79
84
650
96
87
89
82
81
636
83
102
83
74
94
82
74
85
89
96
91
82
80
84
86
92
704
86
95
644
690
99
105
106
92
95
98
104
113
86
114
95
787
710
743
119
802
108
87
95
115
110
113
102
103
115
101
115
785
112
117
101
109
119
819
102
118
766
100
739
105
107
122
111
816
115
114
755
819
118
120
131
127
886
119
99
103
111
124
128
116
800
832
134
111
110
106
127
127
120
861
116
109
115
891
121