2
2
3
3
3
3
2
4
3
11
1
4
4
195
5
3
357
182
4
5
3
6
3
3
220
7
206
6
3
9
5
226
225
5
2
5
11
8
242
2
5
7
9
12
3
576
7
20
279
10
299
306
13
12
335
9
10
11
9
16
307
13
10
638
326
13
344
662
10
16
16
7
15
11
11
11
11
13
14
14
14
14
343
14
15
17
14
12
12
17
14
19
439
12
12
372
18
17
17
13
15
20
22
20
20
22
15
7
823
450
16
9
17
944
436
23
25
23
19
17
439
18
942
501
28
26
20
467
514
26
474
25
26
27
22
13
21
28
26
1004
25
18
33
530
30
26
20
519
29
21
26
27
21
27
30
32
536
30
22
1040
35
28
32
28
580
33
35
29
25
37
38
35
646
37
38
701
38
706
735
31
707
679
40
713
42
41
735
42
43
23
21
695
37
45
41
38
47
38
37
43
705
39
37
47
809
46
32
47
26
837
38
1479
804
45
1541
42
42
51
41
54
43
41
45
44
34
45
42
43
35
880
52
54
41
50
43
40
49
933
51
42
52
882
52
915
899
55
48
47
47
52
46
53
897
46
54
48
54
40
47
33
55
1898
57
54
60
55
56
47
54
55
1018
1022
52
66
59
56
56
59
54
56
1020
63
42
63
58
61
1067
64
65
62
2066
61
1083
48
1085
60
62
65
47
60