3
2
123
3
3
132
149
4
3
4
147
159
165
3
4
184
7
5
9
12
214
184
5
203
8
215
14
12
10
16
12
13
8
215
209
5
16
12
8
5
14
13
260
13
8
7
16
14
286
18
17
16
17
19
20
15
20
20
16
15
18
21
289
18
14
309
19
22
18
17
20
310
16
332
341
17
18
344
23
370
347
21
370
18
22
23
20
16
382
22
16
24
406
15
18
408
28
25
421
27
29
383
21
31
421
29
408
380
26
28
28
461
35
28
32
28
459
37
40
512
458
33
455
31
28
491
511
23
36
29
480
31
40
29
44
30
31
518
38
556
39
47
30
525
36
28
34
36
47
545
50
34
36
33
41
49
39
46
536
43
567
46
574
540
600
40
48
42
585
48
49
554
59
614
602
44
47
44
40
39
47
56
54
49
60
47
39
574
667
56
634
56
55
677
59
665
38
731
45
653
54
679
64
48
70
736
67
688
54
59
57
756
73
56
658
784
69
52
718
74
63
63
69
67
66
76
62
60
79
757
714
67
821
772
49
71
67
58
58
73
794
81
78
809
779
827
71
75
53
739
62
71
71
88
68
72
59
60
71
60
74
73
74
805
65
90
60
70
70
931
858
797
820
83
89
70
68
843
71
60
74
84
807
77
65
66
73
73
817
72
71
63
842
81
66
62
69
86
65
997