126
108
111
0
131
124
4
123
118
137
130
9
130
159
136
132
134
11
188
6
4
133
7
136
150
154
160
15
171
17
165
13
167
243
174
17
9
177
167
168
16
171
498
24
14
188
191
13
181
17
14
286
14
196
18
308
197
21
282
187
209
188
19
199
17
201
212
222
218
209
230
216
221
211
230
302
21
18
18
216
24
228
708
238
32
20
238
234
23
240
236
252
23
265
26
26
268
27
36
24
29
402
266
386
22
247
34
24
25
265
274
30
825
24
277
264
31
256
417
38
38
867
37
293
24
27
291
305
301
36
918
297
41
448
42
303
296
469
290
307
295
282
38
447
314
36
287
321
311
33
290
43
336
330
303
46
37
298
43
344
337
342
38
36
353
34
344
35
320
316
585
361
366
554
49
53
385
384
46
38
327
39
346
38
355
370
399
39
379
371
45
362
45
49
621
46
389
420
53
436
58
61
381
417
54
59
386
416
59
419
398
408
440
403
49
46
44
696
57
67
50
685
41
437
65
52
455
407
406
431
50
64
65
50
452
70
424
449
51
483
729
475
454
55
455
467
442
429
54
57
495
515
511
61
76
492
529
62
57
59
77
85
72
56
439
469
58
864
540
67
65
500
484
543
511
78
68
522
79
548
64
497
865
67
80
49
70
924
526
950
576
1743
575
55
531
520
61
549
82
534