17253
231328
20367
28019
227042
1816888
421737
1235246
13
8493060
2990939
5808592
151869
351865
441414
1822
65568
76365
408708
257
257903
737667
7098
1251799
1415
839795
683137
204504
5429
4487850
61482
3108866
14813
7600268
2515632
503430
376137
75697
32344
7105
20064
4576711
658162
874302
1746176
249456
2311853
551350
748
13365
1168850
411429
20917
951170
80405
293827
172978
66723
2186831
1851073
963535
1514554
60386
225446
447720
292577
124486
25735
28765
5209890
6725542
10758
504333
17315
13
2242898
5313760
2292884
361
8245
30539
885
20160
144795
437253
226574
193283
97696
623290
345
1993444
141964
9494
370984
169290
2205
4542865
865
14644
4299
132999
3185364
5342
91981
1259
2151
9555876
3859410
2963
303438
35
6051077
5167
2663627
17416
7199825
14573
191847
1879145
423646
1327794
213185
3723693
1628638
402549
1323
84
368743
159603
159291
596272
1838884
2666433
3300475
16511
2617
12391782
7846
1249024
45
9843
2275684
100927
267262
13325
1555660
234114
3243874
317446
1724944
93021
4102807
541420
20238
336581
1111476
10241494
317076
1432878
5109952
8184
85
1462305
115211
44382
56970
14552
646100
48498
4681242
93445
1210185
8485712
60668
1075421
1394100
4095608
81
1387734
815778
8313651
267294
44343
40046
700301
760371
460518
65771
1243
259002
1162152
523706
16202
644602
62225
2710891
3381964
8100786
10831905
14775
2287227
72113
3716301
34203
340998
292599
1010375
400158
272347
121523
185724
101831
159009
432389
106
353337
1909642
1602449
2680083
11530
927537
583537
33320
18319
52143
688904
8179044
479815
4722393
2053625
1294326
93343
174989
73371
6819222
32556
485549
2503300
2824
5633084
1966375
601181
581285
2120034
2166136
88963
1944544
610683
4767287
4353893
2655039
7993634
155899
129922
2478408
97562
141455
17397
43660
286912
687725
543824
443197
493215
785
218466
6329
7
305594
1416070
7
2152081
21678
668129
363256
2246108
51254
3248279
356180
251211
4408082
142956
2009964
1561439
900
3639064
580793
117940
30011
158834
185
4301
320477
279610
42404
325951
3473565
8470366
3138845
105249
19718
2975
1776201
176152
10313242
1191597
2281585
667761
98684
219570
2895549
3778204
2256837
739451
5924
14426
31
3629311
2550929
6329569
3164741
67849
541781
466143
1293779
179340
171638
3728167
7844
550
1039656
351392
97588
10056
385324
1240
299
163815
764001
18248
525740
186
2660898
60752
86350
1865410
319094
1637
2264851
808605
1152556
92898
888631
5915682
501919
27268
573
241734
9329
2539363
5652227
661850
6224686
1063132
87284
440781
819433
9400920
10709287
2704539
4343736
34885
1712577
4277
131417
5000303
729897
7271
340139
20661
191305
549234
22508
6292485
1584
11773
204020
599919
11814
5688049
55324
657572
5732556
13835
1035928
688998
31574
1082876
10314
530109
1488845
4360410
13409453
3436157
7651030
3483244
48325
1382914
3055067
8419343
3960539
4657
1147073
158834
706
38769
1317
5785
39212
54472
33624
118761
6240524
11937
861060
417558
14157
3534143
1241150
5049656
202017
115429
16979
1574223
3143375
314012
349687
1621587
16990
8
1208870
5679414
57523
648073
10769726
120394
711
8846977
1507596
79231
1349480
5549206
38546
15806
305285
10235
894
8211
1555
1164
3909011
4729
942345
133218
39297
3360527
45047
729227
547399
3358573
7724671
624868
1964
1684
15961
99312
286189
73345
1676133
3188045
143097
359746
14047
30234
1402631
34426
76264
6904
4630562
984791
754947
1
7028499
39760
19845
9685
1359
70040
1628780
6738066
167433
806108
977541
33462
90622
3628516
1627049
7108375
28941
530005
3172005
322189
721096
29739
133448
93548
42081
3
6784
1315045
1923418
4719122
110824
986303
2381582
2833
149280
328440
220307
509968
3186853
1789481
507
15396
48105
211033
4809974
5081920
2693019
2240587
44776
7467476
77154
3491961
69510
4461176
5702398
457423
1798
1784638
4630697
5720350
466986
191909
11815563
9327093
802091
655828
338059
5359857
7609175
85668
24398
14
2256334
4128796
1573
38804
6711
5346
5545672
109
3739370
4609129
1367
2790868
7604
369875
3410396
2774747
30460
8097107
1625445
285926
3409764
2465084
176963
1031030
2883
843420
40944
161255
29002
4309968
283520
1248779
185692
510832
44011
7233529
5715816
1
39612
1100969
796168
535397
1472023
136751
668401
46596
1682239
1667423
18130
67926
65025
79145
609399
133129
2158543
785744
43902
24342
402429
345706
120309
1334855
7291
6051
2469486
5175326
638963
7778
2147208
464203
11478
7129
1314622
1209586
558860
5982085
4908165
57670
330574
124995
452245
5874510
263148
2822
21145
276978
4260091
1358
888722
303722
772761
1547
49824
3777
6342
4590146
2712329
6715955
6214
3865651
412
1642030
169840
624583
3122814
615092
3633034
239782
5634990
593293
279524
6566221
351290
3529648
72719
3573550
4250242
767509
6973029
363024
8748
1765
1135753
526553
343820
16514
6331818
1
31902
25151
2002151
12647
242623
2167300
2736787
726126
3116032
82159
167895
5930146
1521615
2374611
2063
2703578
780
2712835
29328
2090206
533688
57128
10318647
1780418
24077
1711137
24103
2666267
29417
7032
108
26489
423221
394843
346
501141
1214052
2528928
66763
228490
1386004
24871
2438179
661696
7147512
971445
523
49
792
4695
273876
36400
10232
464886
270568
7875625
160590
3003157
511348
26944
843474
194661
2042
1867333
5285
416511
898
71386
1217
750274
846225
547148
897683
38296
32876
901804
2247798
8837243
757113
1357326
75059
234358
1389285
15006
21866
10747
1278642
8386885
2509568
7440600
1072
196971
35957
1493130
34946
1412329
9773
4263227
409301
3824122
1792646
60830
644727
290296
4669323
2385195
395990
732388
539175
6474180
24447
1652738
1593433
172583
1215
2373220
24088
37297
76583
148789
4228839
414216
70786
274925
590747
7124947
39976
1148466
5277618
215543
6631076
924387
653482
6802624
3889194
100156
2939041
803014
45379
278087
9078
20821
140598
131504
171506
4035
8432099
7403
139698
34758
8170427
7846798
8933
122941
687686
342968
44269
1209
592071
520655
1224665
42360
45639
46859
4
6715373
647267
3806204
2520023
7162790
10663839
1782710
10599338
113801
2234742
81014
6501747
115575
7148209
8389021
6443
37873
6625225
2617156
998691
5679
135723
603244
363222
4508728
1642022
2817
40324
9192
30683
3271
694115
185
401188
5872382
87370
1637
1799559
346131
144091
813139
66312
2638
302032
3122602
11350028
466143
635511
4860091
340599
3870770
24049
854722
6189890
184778
5938001
6598715
55888
1819854
105
8146178
243823
1163625
1639125
88871
1
224122
131549
190116
2305191
844880
18551
110858
755891
212646
1336937
1122161
976189
39992
817596
37839
238303
845730
9441
671945
3693
71210
957
5995897
2791245
544744
31532
3301803
887
4193587
48909
537568
4835709
2584982
3134730
780
943551
63163
64480
403831
92230
5373
4145
1163950
445795
2031313
803958
1656152
274921
279862
6705
1007396
5137058
16566
17178
1819058
4085854
292291
2468513
3082918
6435065
2446909
780676
5451096
171086
290856
547776
841
725691
6223005
2905943
1425705
17187
334743
1
2033145
1670331
14392
