1
5
1
9
1
1
9
1
1
1
3
1
3
1
5
1
1
1
5
1
5
1
1
1
1
5
9
1
1
3
9
35
1
11
5
1
5
7
7
1
61
3
1
1
1
1
1
1
3
1
5
1
1
1
1
29
15
1
17
1
3
1
15
1
1
1
1
9
1
1
15
1
1
138
1
1
1
5
1
1
3
17
11
15
1
1
1
1
1
1
69
1
7
1
1
1
1
7
5
1
1
13
3
1
3
1
1
3
3
1
7
1
3
11
1
7
1
1
1
9
1
5
1
2408
1
3
1
1
1
1
5
1
1
1
49
1
1
7
13
7
1
1
7
3
3
5
3
3
1
1
1
7
1
51
1
5
1
5
1
1
1
33
1
7
27
1
5
25
5
1
5
1
3
3
45
3
1
1
9
1
7
11
3
1
1
3
1
1
1
3
1
113
13
1
29
5
1
1
1
47
1
15
1
1
5
1
3
3
19
9
73
1
3
3
1
3
1
1
3
1
1
13
738
5
1
1
3
1
5
57
3
7
3
1
1
9
1
1
4
3
3
1
11
1
1
1
3
3
3
1
3
1
1
1
5
1
7
5
19
1
1
3
5
1
7
1
1
1
56
5
1
1
23
7
3
33
13
5
3
1
7
3
1
3
1
21
1
5
1
5
3
15
1
640
5
1
1
1
1
1
1
1
1
3
1
1
1
41
3
33
1
15
13
0
1
95
147
1
1
1
9
1
1
3
1
1
3
3
5
45
5
3
1
1
1
1
3
1
3
49
338
1
1
11
1
21
3
5
15
3
129
3
1
1
11
1
1
3
7
21
1
1
15
1
5
1
1
1
3
3
27
5
61
11
1
7
29
21
1
1
3
1
1
5
11
1
1
15
3
9
3
3
3
39
13
1
1
13
109
17
41
1
1
29
5
1
1
148
1
3
21
1
3
33
1
7
1
1
1
3
7
1
1
1
1
31
1
1
9
1
13
9
1
1
1
5
7
5
19
1
3
196
7
7
3
1
1
1
5
1
1
1
1
13
3
1
1
1
1
3
1
5
1
5
5
1
5
11
25
1
1
1
3
1
376
1
3
1
9
5
3
3
3
7
1
1
1
1
1
15
1
3
1
5
1
33
1
1
5
1
9
3
5
5
3
1
1
5
35
23
3
1
1
3
11
149
1
1374
29
1
1
5
1
1
1
1
3
5
1
1
1
11
1
11
1
3
1
11
1
1
5
1
1
3
55
9
11
3
1
1
1
3
1
1
3
1
1
1
1
1
1
1
1
1
1
1
1
9
1
5
1
3
1
1
7
1
5
1
1
1
19
640
3
1
7
1
5
1
1
1
25
1
1
1
1
3
1
13
7
1
1
1
9
1
230
11
1
1
1
11
1
7
1
1
5
3
3
1
1
1
3
1
3
1
1
1
3
1
1
7
1
1
1
1
1
197
1
3
1
5
9
1
1
5
1
9
9
3
1
13
7
1
5
3
3
45
1
1
3
1
1
1
5
1
1
1
1
1
1
3
1
1
1
3
1
3
1
1
1
1
1
1
3
13
1
5
13
1
7
5
1
11
1
3
342
1
1
13
1
1
3
45
3
1
9
11
1
1
1
1
7
1
15
1
1
31
3
17
1
11
1
3
1
13
11
1
1
1
1
1
13
5
7
1
3
1
79
1
20
9
1
3
1
7
15
3
1
1
5
51
5
370
1
3
1
1
1
1
1
1
3
7
59
3
1
11
1
3
5
1
3
1
7
7
5
5
1
1
1
1
5
7
9
7
1
1
1
1
5
1
1
5
3
1
11
3
1
7
1
1
1
1
5
13
1
3
1
1
1
1
1
8
13
89
217
5
1
37
69
19
5
1
5
1
1
1
1
3
17
13
1
1
1
1
1
1
9
7
5
1
1
1
3
13
17
5
3
1
1
7
7
1
1
1
7
1
1
1
3
3
1
1
3
1
1
3
225
25
37
1
1
19
5
3
3
1
1
5
3
1
3
3
13
3
13
1
1
1
1
59
3
1
1
1
1
15
15
11
1
1
3
1
1
3
5
1
1
1
7
1
1
1
1
1
1
3
1
3
1
7
1
1
3
1
1
3
1
13
1
3
3
5
3
1
7
19
13
1
1
1
5
1
7
1
7
1
3
3
28
1
3
9
5
1
9
27
1
3
3
11
1
1
1
1
1
3
1
2763
3
1
1
1
1
7
3
15
1
1
9
15
5
1
7
3
1
1
1
3
5
1
11
5
1
3
1
5
1
1
1
3
15
1
3
1
1
1
3
5
1
3
3
5
11
7
7
21
5
37
5
1
15
1
3
15
3
1
1
1
3
11
1
3
5
5
1
35
13
3
9
1
1
1
1
1
1
9
43
17
1
1
3
3
31
1
1
23
5
1
1
57
3
3
15
1
13
41
21
13
3
1
1
3
11
3
17
1
1
1
1
1
5
3
1
3
9
3
3
1
13
1
5
9
1
1
5
3
3
1
1
5
5
1
11
31
13
9
1
19
1
53
3
7
9
1
3
1
3
1
7
3
3
1
1
1
1
25
9
5
39
1
109
27
3
1
3
3
51
3
15
59
25
1
65
3
53
3
1
3
3
5
5
21
3
9
1
1
1
5
23
1
1
1
41
3
1
3
1
7
47
1
1
1
47
1
3
1
3
1
1
1
3
5
1
33
3
1
1
1
9
96
1
1
5
3
3
7
11
1
27
5
3
1
3
7
1
1
1
88
1
3
9
11
5
1
1
1
73
1
11
21
3
3
5
5
13
1
1
9
1
7
1
1
11
1
11
1
1
1
1
1
5
1
7
1
1
5
1
7
7
1
29
9
5
1
1
1
5
1
1
3
3
1
1
1
1
3
5
37
1
1
3
1
3
77
1
3
1
1
7
1
1
5
1
1
1
250
1
7
3
7
9
5
1
19
120
1
3
1
1
3
11
3
3
1
5
3
49
13
7
1
3
1
1
3
3
5
1
19
21
1
7
1
1
1
1
5
1
1
9
1
11
3
15
1
1
7
15
11
83
1
1
1
1
3
7
7
3
1
7
19
1
1
3
11
3
3
1
39
3
1
7
1
1
3
17
3
3
1
1
3
5
1
3
5
9
3
1
3
1
1
3
7
1
1
1
1
1
1
1
1
11
1
3
3
5
5
1
3
17
1
338
3
23
1
5
1
1
9
1
1
3
1
1
1
1
1
1
1
1
1
1
3
9
222
1
5
91
3
5
15
1
1
9
5
1
1
1
1
1
1
1
3
21
1
1
52
1
3
3
3
1
19
1
3
5
1
5
3
1
7
1
1
1
13
5
1
3
3
21
3
5
1
1
1
1
3
1
7
9
1
9
19
1
11
3
13
1
3
23
31
1
5
1
35
3
1
3
1
1
1
1
1
3
1
1
53
1
3
13
1
3
1
3
3
15
3
3
11
1
41
1
1
1
1
13
11
1
1
1
1
51
51
1
1
3
1
47
7
1
5
1
1
1
1
5
3
1
1
1
3
1
1
1
1
1
23
5
47
7
1
25
3
1
7
11
13
1
1
1
5
1
1
1
57
1
5
5
1
1
1
1
5
3
1
1
1
1
9
9
17
3
1
7
13
5
5
7
1
27
7
333
1
1
1
1
1
1
5
5
1
1
189
1
3
1
1
1
1
1
3
1
1
1
5
9
1
1
1
1
23
1
1
1
1
65
1
1
91
17
1
1
5
3
1
19
11
3
1
3
1
3
1
1
1
1
1
9
1
1
3
1
1
1
3
7
1
1
3
1
1
1
1
1
1
110
21
1
1
7
5
9
7
1
1
1
3
1
3
11
1
3
1
11
85
15
11
9
1
1
1
1
7
606
1
5
1
1
7
1
11
5
1
1
17
1
3
1
1
5
1
5
127
1
5
107
25
1
1
1
3
3
3
7
7
1
1
3
1
17
29
9
5
169
3
1
1
13
436
3
5
1
1
5
13
17
1
1
1
1
1
3
1
25
1
3
1
1
3
1
1
7
1
11
3
7
1
1
11
3
1
1
7
7
1
3
31
7
3
1
3
1
1
33
5
19
1
5
1
1
3
71
3
1
3
1
1
1
1
1
5
3
3
17
3
1
3
5
71
5
5
37
1
73
13
1
1
1
1
1
1
5
1
3
5
3
1
11
1
1
3
1
2166
1
1
7
1
3
1
1
1
141
1
1
5
47
21
1
1
37
9
1
1
19
29
1
1
1
1
5
1
5
1
3
1
1
1
5
1
1
1
3
9
3
1
1
17
1
15
1
1
1
1
1
3
9
1
1
1
5
1
17
1
1
1
547
3
1
3
1
1
1
1
3
5
1
35
11
3
3
9
3
162
35
1
1
5
3
5
7
9
19
3
155
31
1
5
1
1
5
1
7
1
1
1
3
1
5
61
5
1
1
1
1
17
1
3
3
1
3
3
3
3
27
5
35
1
1
1
3
1
1
37
1
1
1
1
1
1
1
21
1
1
1
1
3
5
1
7
1
9
3
1
1
3
1
25
1
29
3
1
1
5
1
27
1
15
3
1
67
1
1
1
1
1
1
7
1
1
17
29
9
1
3
3
67
1
19
3
1
19
3
1
1
3
1
1
1
17
1
1
15
1
1
3
1
65
5
1
17
1
1
15
1
1
3
1
71
17
1
1
3
3
5
1
1
1
1
1
3
3
1
1
27
1
1
173
1
1
1
109
5
1
5
11
1
27
3
3
1
1
80
1
1
313
3
5
17
1
5
5
3
1
1
29
1
5
11
1
1
7
3
1
1
7
3
1
1
3
1
1
3
1
1
1
1
3
3
11
3
3
9
11
1
1
1
7
3
1
1
5
1
1
25
3
1
3
11
1
1
3
15
1
3
3
5
1
11
1
77
19
13
1
69
1
1
1
3
1
1
3
1
3
49
7
1
1
1
9
1
1
11
1
7
5
1
3
1
1
1
1
1
5
1
3
1
55
9
1
1
1
1
13
3
1
3
5
5
1
1
1
1
1
15
25
1
3
1
1
1
1
7
3
1
1
1
1
5
3
9
1
1
1
1
5
3
3
3
5
23
1
1
5
17
5
1
1
1
1
3
5
35
9
1
5
1
1
1
1
11
1
21
7
5
5
1
3
1
1
1
1
1
1
7
1
1
19
3
1
45
5
1
51
3
1
11
1
1
1
1
1
1
5
1
15
9
25
1
163
3
9
3
13
1
1
1
1
1
3
9
1
15
1
17
3
1
1
1
5
177
15
88
9
3
1
1
85
1
1
1
1
1
1
1
33
1
3
1
1
1
1
1
1
11
5
1
1
5
3
7
111
1
1
1
601
1
61
3
1
1
1
1
3
19
1
23
3
1
1
1
1
7
3
1
11
7
51
1
1
1
1
1
5
1
7
3
9
1
1
23
1
29
1
1
289
1
1
1
1
1
5
47
5
11
1
9
1
1
3
1
1
7
1
1
11
3
1
5
1
7
3
1
1
1
1
1
1
1
1
1
7
9
1
17
11
19
5
1
1
1
9
1
1
9
1
1
9
1
3
3
3
1
1
1
1
3
9
3
25
1
5
7
5
1
1
1
7
1
1
1
1
1
5
9
1
9
1
3
1
3
1
1
5
3
3
1
1
1
5
5
7
33
1
3
1
7
1
3
1
1
5
1
1
5
1
1
3
1
1
5
3
3
1
3
1
1
1
1
27
1
1
1
3
1
7
1
35
1
39
1
1
3
98
3
1
3
3
1
9
3
1
1
3
1
1
1
1
524
1
3
1
1
1
9
1
1
196
3
1
15
1
1
1
1
21
9
3
1
1
1
1
15
3
3
25
3
1
1
7
13
1
1
1
9
1
1
101
9
13
1
7
1
9
1
1
1
1
3
1
3
1
1
1
1
9
25
1
1
1
1
1
1
1
1
1
1
1
1
11
1
5
5
1
5
1
1
3
59
27
1
1
1
1
3
19
5
7
3
3
1
1
3
1
1
5
1
11
1
7
3
3
5
9
1
3
1
3
3
1
1
1
5
1801
9
5
37
1
1
31
1
1
1
1
3
7
1
1
7
3
3
1
3
1
3
9
7
1
1
3
1
9
1
1
1
1
1
1
1
48
3
3
11
1
3
1
7
1
9
3
3
1
15
1
19
23
1
3
3
1
1
21
1
19
1
1
3
11
1
3
3
19
1
1
39
3
1
3
39
1
1
51
45
1
15
3
1
1
1
1
1
1
1
1
9
1
13
5
1
3
1
1
19
1
1
1
1
65
13
1
77
1
3
1
1
23
15
3
1
3
1
1
11
1
3
75
9
888
1
1
1
1
1
5
5
1
1
1
7
3
1
1
5
7
3
1
1
1
3
1
3
3
1
3
3
1
1
5
1
7
1
1
1
1
1
1
1
5
3
7
1
1
1
1
9
9
1
64
1
3
1
13
1
37
9
3
1
1
5
1
1
1
1
9
1
3
1
5
1
3
1
13
1
1
19
5
3
1
1
5
1
1
1
1
1
134
5
1
11
3
7
1
127
1
1
1
1
37
1
1
1
1
1
1
13
7
21
3
7
1
17
5
13
1
1
5
1
5
1
11
17
3
3
1
3
14
1
9
1
5
59
3
5
29
1
1
3
1
1
41
1
9
5
1
11
7
5
1
1
27
1
3
33
29
1
1
1
3
7
9
3
1
1
45
1
1
3
7
1
3
1
5
1
1
1
1
1
1
5
1
19
1
1
17
1
5
1
1
1
1
11
1
5
1
1
1
1
1
1
1
1
3
1
1
5
19
1
5
3
69
7
3
1
1
1
3
41
1
1
1
5
1
25
1
1
11
1
1
1
3
1
1
1
25
1
1
3
17
1
7
9
3
1
21
5
25
11
446
3
5
1
1
3
3
1
1
1
3
1
15
1
1
5
1
23
11
348
1
5
3
5
40
1
5
1
9
1
1
19
25
1
1
1
1
1
1
193
85
1
1
1
7
11
3
1
1
1
5
5
9
5
3
3
1
3
77
5
9
1
3
85
7
5
3
5
1
3
1
1
1
5
141
1
37
3
3
1
45
1
1
1
1
17
3
25
15
3
3
13
1
19
3
1
1
1
1
3
1
1
51
7
15
132
11
1
7
5
1
3
1
1
1
1
1
5
17
1
11
1
1
1
1
17
1
1
1
5
39
19
1
5
1
13
1
1
9
11
1
1
11
15
3
25
1
3
5
7
1
537
5
11
7
1
13
19
51
1
1
34
21
5
7
1
1
1
1
3
19
1
11
1
5
1
31
1
13
1
3
1
1
1
7
1
13
1
1
1
1
3
1
3
3
1
1
1
19
1
1
17
9
11
1
23
3
1
3
1
1
49
1
1
208
9
1
1
1
3
1
1
19
5
1
1
1
3
1
1
1
23
1
1
5
3
1
1
9
1
1
23
1
1
5
29
1
5
7
5
7
1
7
1
7
9
1
1
3
3
1
1
1
3
1
136
1
13
1
1
3
3
1
1
1
1
15
1
1
9
228
3
1
1
5
1
692
11
1
1
3
7
3
1
1
1
19
1
9
1
11
1
3
1
25
1
3
1
1
31
1
1
19
19
1
1
1
3
1
1
19
1
7
15
3
1
3
3
7
1
1
1
7
3
5
1
3
1
33
1
1
3
1
1
43
758
1
45
3
37
3
5
1
13
3
5
1
59
1
3
1
1
5
37
1
3
1
1
27
1
27
1
1
1
1
91
1
1
1
67
11
51
3
11
35
1
21
5
1
1
3
15
3
5
3
138
9
1
5
3
1
1
3
1
5
3
7
3
1
1
1
1
3
46
1
1
3
5
3
1
5
257
420
5
37
1
3
1
1
3
3
9
5
3
1
5
1
3
1
3
3
1
7
47
5
1
1
1
3
1
35
3
15
3
13
1
1
1
1
1
1
1
1
1
1
1
7
3
121
1
1
1
1
3
1
1
1
1
1
1
5
1
3
1
5
11
1
3
3
1
1
3
1
18
25
21
1
9
1
1
79
3
3
1
5
1
1
1
27
3
13
1
1
11
3
1
1
1
1
1
39
37
1
9
15
1
7
321
7
1
1
11
3
9
7
5
5
7
7
1
408
1
5
1
1
89
1
1
1
3
1
1
3
1
1
1
139
1
15
7
3
127
1
3
1
1
13
1
1
5
1
1
1
1
3
9
1
1
5
1
1
1
3
3
3
5
3
1
3
5
1
1
3
3
9
5
3
9
1
1
1
1
9
5
1
1
5
1
1
1
1
1
3
1
1
1
1
5
3
123
1
1
1
11
9
1
1
3
1
31
5
1
5
1
1
1
1
29
7
3
1
1
1
1
1
1
1
17
7
31
1
1
4
17
7
3
300
1
1
1
1
1
1
1
3
39
1
3
1
11
1
7
5
3
5
3
3
1
1
3
3
11
23
1
5
1
1
1
1
1
1
7
104
1
1
9
15
3
3
1
1
1
1
1
1
1
1
1
1
1
3
19
141
3
1
1
125
1
1
3
3
1
3
15
1
7
662
3
3
3
1
1
3
7
17
1
1
1
21
5
13
159
31
3
13
3
1
1
5
23
1
1
1
9
9
1
1
214
87
3
1
1
3
1
3
1
3
63
55
1
19
5
1
1
1
1
3
3
1
1
3
3
1
11
1
1
3
1
5
5
1
1
1
1
7
1
1
3
1
1
1
3
1
11
23
1
11
3
7
1
37
13
1
1
1
1
1
19
1
1
3
1
7
1
3
1
1
27
1
1
15
19
3
3
5
1
1
5
7
1
1
1
1
1
5
1
1
39
229
1
1
1
9
5
1
1
3
1
3
1
1
3
5
1
1
5
1
23
11
1
29
3
11
3
1
51
3
1
3
1
1
3
1
17
3
1
21
7
1
9
1
3
7
1
1
1
11
1618
1
1
33
3
5
11
93
25
7
1
3
1
1
1
51
1
3
1
13
15
1
1
1
1
5
1
27
3
3
3
1
1
15
1
7
5
3
1
1
1
1
1
1
1
5
1
1
1
5
3
7
1
1
1
1
1
9
7
9
5
1
1
1
5
19
5
1
