3
1
1
3
1
1
3
1
1
1
1
1
1
3
3
1
3
1
1
3
112
3
7
1
3
7
11
1
11
31
5
17
1
1
1
7
5
13
41
1
35
1
5
9
5
1
13
13
1
1
5
1
13
1
3
1
3
3
13
3
15
15
3
3
1
1
1
1
3
1
3
11
1
34
1
41
1
1
1
3
12
1
1
3
3
3
5
1
1
1
1
3
1
1
5
1
13
32
1
3
1
11
3
1
1
1
1
3
1
3
3
1
3
1
5
7
1
1
1
3
7
1
1
1
11
1
23
1
3
5
7
1
33
3
3
5
1
1
1
1
11
1
1
3
1
5
5
5
3
1
1
1
1
3
29
17
1
1
37
5
3
79
3
5
5
1
1
238
1
1
1
1
1
3
1
5
1
1
9
15
5
1
1
3
3
3
1
1
1
1
1
1
27
3
87
1
1
1
7
1
1
1
7
1
5
5
3
5
1
1
1
1
3
1
13
3
1
59
1
1
5
17
3
1
1
1
15
1
3
1
3
1
3
3
1
1
1
1
3
3
1
1
1
1
1
5
27
1
1
1
3
1
1
1
1
3
7
1
3
1
1
3
15
1
3
5
5
1
1
1
1
12
3
1
1
1
1
9
3
1
31
18
36
1
7
1
1
1
3
11
1
19
1
64
1
9
1
1
13
15
1
3
3
1
1
21
1
3
1
1
5
1
1
1
5
1
1
94
53
1
1
1
3
5
1
1
1
13
1
5
1
5
1
3
1
11
9
1
1
1
420
1
1
3
11
7
7
1
1
1
1
15
72
3
1
1
1
1
7
1
1
5
29
1
1
1
15
111
1
3
1
11
1
3
7
5
27
1
26
1
1
33
1
5
3
25
3
5
3
1
1
3
1
1
1
3
7
13
1
1
11
1
1
29
1
1
3
1
3
3
1
5
9
1
1
11
1
1
1
5
1
7
13
1
1
1
27
1
1
3
5
1
13
9
1
1
27
3
5
11
3
1
11
203
1
1
1
5
1
1
35
29
3
1
9
1
1
9
3
1
9
1
1
3
28
1
1
3
7
103
7
1
1
17
3
1
1
3
3
1
15
577
1
5
3
15
1
3
1
25
1
1
1
5
81
3
1
3
150
5
1
72
3
1
1
1
25
15
1
1
3
1
138
1
1
1
1
9
1
1
9
1
1
1
3
1
1
1
1
3
31
1
1
1
5
1
13
3
5
19
1
1
3
3
1
1
9
3
1
5
1
5
5
1
13
9
1
526
19
1
1
9
1
1
22
1
1
1
5
1
0
3
1
3
1
5
3
3
1
1
1
1
13
5
727
3
1
5
1
5
3
1
3
1
11
1
1
3
1
55
1
1
13
1
3
3
5
3
3
1
3
13
7
5
3
1
15
1
1
1
1
1
1
15
1
1
1
1
29
5
9
1
1
5
1
3
1
1
5
7
1
25
3
3
1
19
7
5
1
25
1
1
1
5
3
17
1
19
9
1
3
9
7
41
35
5
3
1
1
1
3
1
1
70
3
1
3
7
1
1
19
1
3
3
1
3
1
340
17
19
3
3
17
7
1
1
1
1
5
3
1
7
54
13
7
35
3
1
7
1
3
43
5
29
1
5
3
1
1
1
1
9
8
1
1
1
15
5
7
5
1
3
3
3
7
1
1
1
31
5
1
1
5
1
3
1
1
3
5
1
9
5
1
7
51
3
3
1
3
17
12
1
13
83
3
1
1
13
3
1
13
3
1
1
5
1
1
1
21
3
3
9
1
3
19
1
1
1
3
1
7
7
1
3
1
1
21
1
1
1
1
5
3
7
118
1
7
25
1
1
1
1
1
1
1
3
1
1
1
1
9
1
3
31
1
1
1
21
1
3
1
37
3
1
3
1
5
58
1
25
15
49
5
15
3
1
1
11
5
7
1
5
1
1
5
5
1
1
3
1
78
1
1
60
1
3
1
1
1
13
5
1
3
3
1
3
63
1
5
1
3
3
1
1
1
1
47
3
9
1
1
7
5
7
17
1
1
9
1
7
1
5
1
7
1
3
13
3
1
1
1
1
1
1
1
1
23
25
21
1
3
3
1
1
1
1
49
3
7
37
1
1
3
5
1
1
5
9
146
15
1
7
1
3
17
3
1
3
1
60
9
31
11
1
3
7
1
1
1
1
1
1
1
5
5
3
1
1
9
3
1
1
5
5
1
1
3
3
1
9
146
1
1
1
1
1
1
1
1
1
3
1
1
3
5
1
1
1
295
3
