1447
3156
990
2196
3225
1408
1344
1873
439
1539
2979
2086
375
241
386
652
3218
39
4102
2597
86
1279
1923
1552
1873
1930
1524
1048
614
2211
206
1363
13
183
2708
3904
839
2521
1625
3595
4215
1375
293
5170
1073
2350
4772
1423
2157
1264
1726
367
1187
2229
302
3945
2788
1816
1131
4300
4616
4064
5069
2707
3344
3759
1644
2119
2581
44
4843
172
1746
2904
1820
2036
1824
2063
3471
4617
1417
953
425
266
2371
20
2783
1827
3195
4687
14
2795
2022
2238
3734
1417
2319
1626
2850
391
1098
442
700
3167
269
1266
620
741
4951
3209
1662
480
68
3625
2410
5396
5287
50
1776
1542
2977
2512
39
746
3515
576
2733
2750
3362
1849
67
3433
4846
1786
3762
2309
769
338
4273
3310
2170
1116
3057
161
1934
2095
285
1716
2592
614
2643
3432
3557
1046
875
1044
2329
426
3223
1890
1766
538
1494
808
2402
146
2274
1702
585
1417
1787
1909
1375
3188
3195
561
54
4914
520
3070
4077
975
4875
906
3358
1968
3412
344
2660
2658
331
560
2110
3744
2811
3102
2927
684
1406
1642
886
135
439
335
603
2515
3172
1937
454
1451
2509
626
4249
1334
4189
265
363
684
4938
1931
1475
2012
220
2552
3009
4224
5125
3959
2524
594
4954
3174
3474
2243
2846
2490
1473
2688
2069
3510
3514
2453
3940
883
274
1901
1307
2423
2273
2358
2862
4360
3001
441
95
2782
432
3972
3170
2834
1633
967
5624
249
2101
2046
4407
2042
4397
2105
3218
4897
1202
993
2199
3861
459
2314
2169
3306
669
13
544
885
205
2590
268
1866
3943
3849
1695
3285
633
1548
4176
1947
1585
925
2321
1359
1981
2502
4168
3244
4819
3525
108
477
1621
0
2544
1419
440
2252
815
3724
2407
2051
1
2694
133
1554
1440
331
2574
217
1783
2363
72
2233
895
3250
3573
430
465
1025
2218
203
1092
2065
1959
3005
4185
2752
427
760
2499
1222
1
2870
255
1807
1161
4229
3733
2117
1131
1226
1912
13
3089
1261
3592
178
1149
4598
1110
1108
836
558
1130
547
4754
2469
2863
59
2326
60
848
928
3466
1573
3448
3660
2163
2236
4461
2429
676
612
2236
1388
3041
854
148
1828
3502
0
1696
2585
1520
159
1045
2624
399
878
3084
1241
1988
2780
4708
4189
2027
558
2980
0
4429
3498
1037
212
221
232
221
3729
1078
4087
4136
4444
2641
83
2167
3414
709
285
607
2012
3882
899
4641
3480
445
442
151
1263
2598
1608
2220
628
807
37
1577
2652
4178
82
1969
817
4714
1730
790
590
1583
134
2545
529
2457
1166
4113
3877
2326
1603
1120
1104
1946
1424
1105
617
1613
899
1058
1416
3473
1326
1408
3532
1860
705
1544
1791
1171
428
1494
3234
1670
1142
1644
4145
968
646
5548
2102
2245
1500
1592
2978
408
0
3411
276
13
1488
385
1010
2470
3585
853
1995
2677
1450
4373
1318
2846
1037
2168
216
1324
358
2647
162
1603
4064
3388
792
2471
2182
1700
1015
1010
320
3941
5249
404
293
1575
985
1909
3758
636
214
83
211
1521
544
2008
2653
2850
971
270
2701
5084
3576
447
3867
766
388
903
285
1720
1700
365
1439
651
3972
1565
496
3454
74
290
3482
3673
1909
4869
3783
525
929
4107
2383
4071
3120
5334
40
1084
305
2808
2095
659
2568
2594
5183
1985
3029
349
3359
1827
87
3986
1957
2207
595
488
3738
3452
1374
3071
660
0
4840
2687
2985
49
14
1298
364
99
4966
617
1232
891
177
188
716
67
550
506
1358
4031
1408
1062
3648
256
3366
359
4259
3105
1988
1815
2013
1419
352
2242
789
482
2581
1139
3975
2566
3647
2632
1350
1256
611
3019
2628
3108
2710
123
277
1388
3239
1274
275
1811
1644
3648
3919
3995
291
2246
571
76
931
4148
4471
819
4468
2077
1222
2940
2581
2523
1000
3621
2491
4526
3512
1239
3376
346
1073
1340
611
4833
5199
5453
3005
1034
4651
3896
3772
4392
1402
1372
2673
551
1412
1298
1852
120
2713
1349
1550
2223
473
14
3002
4228
3332
675
2418
2132
914
2304
1903
1875
2183
2014
3515
1347
3531
298
822
2419
917
591
1290
2010
1307
3937
1561
2573
429
1500
1921
2820
3155
3009
1218
257
399
4064
4172
2728
1633
2355
1642
3386
2844
4418
1025
595
863
451
3983
2298
3401
596
1586
1512
4275
2479
2073
5168
3011
1523
461
5834
2093
4102
390
3571
5036
4282
1881
763
702
1842
1497
4468
3034
1219
874
2294
11
1137
3191
256
1669
4253
1726
1561
3274
4262
1435
2014
1674
2259
3170
1092
877
5210
219
2560
1033
1513
1796
5418
626
5149
1610
4175
1746
336
3956
3034
272
651
2199
1850
2319
2489
4576
1536
1805
3200
5506
2249
62
1212
2592
3086
1066
1030
1558
3161
2160
2128
394
577
2908
1815
685
594
1787
1120
4833
2240
703
863
355
1715
5005
2565
2850
4381
1966
2640
792
1383
1257
3171
1310
4392
250
3584
3004
1882
2439
450
3065
1440
233
573
3626
15
854
3557
1714
470
1626
2286
35
3090
884
3882
42
686
2461
3225
2139
2478
1011
346
425
2500
99
1275
906
542
2051
581
2055
1121
4123
990
531
627
1976
0
100
1012
1705
4372
2855
3238
215
456
1209
3549
975
286
5639
3947
297
1967
332
1084
786
562
2606
740
3805
3814
0
1416
646
285
492
251
3162
2338
3445
3340
2028
164
2941
4893
3656
1359
1442
1846
2585
453
995
1726
1785
427
2203
169
284
1181
926
4202
753
5261
3354
1023
3958
3749
3161
337
3579
1104
3119
759
2115
2729
947
988
1628
674
4451
2119
3304
1668
2215
610
5072
5500
1377
276
3056
3329
4262
4809
301
5545
3537
5074
581
4667
1595
2127
3935
4393
1748
672
2229
727
3251
4679
2554
462
2056
385
3398
771
1679
1739
3606
3882
2757
2506
3213
3079
888
1789
2857
519
1749
2942
1027
511
1083
1344
3000
428
2263
2934
1152
1129
3734
4231
1939
839
928
3099
711
2762
2766
2459
1212
1776
4653
2934
996
2377
1142
2349
3082
824
238
1687
2677
2182
2501
2048
2490
2196
5506
745
193
3193
162
2783
2007
5092
1985
2704
2608
2189
5608
1660
2332
4765
2950
281
819
3379
666
0
712
2895
5167
531
0
2229
1775
3095
2215
1323
3690
729
2805
3847
954
866
294
5082
1351
1536
3580
1293
483
264
1673
2156
165
1894
1900
2625
2218
3445
177
3584
3084
705
1230
2154
2057
1655
3586
3439
1421
1348
3139
3151
1249
3265
997
136
472
1391
5156
2704
1889
5438
2922
3102
1686
960
21
1187
2135
1347
3158
4499
2523
5576
1317
765
3611
233
45
721
3460
117
1094
1218
4532
433
4840
225
2653
3078
1730
2472
2597
1903
849
4530
74
3814
2993
3009
4048
4764
1362
5285
1231
2958
1612
2034
3459
321
1248
2328
2358
578
2218
291
78
21
3172
1299
183
1828
175
4950
2830
660
4299
111
2148
3216
448
4210
266
1323
5432
3405
2373
185
2271
138
3409
707
935
90
111
676
1150
3734
3894
385
150
711
4005
3082
3643
4445
1570
252
1024
845
2392
2674
3142
4070
810
545
3046
206
2512
3179
783
1490
403
657
2233
826
3733
1528
473
4647
154
4130
4713
1011
762
961
2355
1774
1541
3998
818
2348
1981
591
769
406
3647
3070
3744
4231
1929
2623
371
4607
969
756
985
2813
2090
2381
988
1374
743
897
802
2212
1006
1042
397
594
2423
435
4140
1213
3253
3053
418
2441
492
0
2513
3593
552
2454
4939
1669
262
1124
2133
2450
3587
2050
1661
3880
1560
1114
4846
2208
1421
413
1190
3537
3636
3310
2557
3942
180
2138
1317
1200
1419
557
3307
3114
5009
1754
96
712
4504
1841
1996
71
3155
2073
96
475
840
1021
888
944
1016
4333
2948
790
1633
133
1981
1334
4507
1729
104
1818
2259
932
4642
3426
12
1342
1088
259
357
3524
1090
2637
3028
1344
1211
445
18
332
240
212
653
3061
628
2681
294
2776
1187
3633
207
76
175
1787
1752
2977
61
2328
3427
1008
3314
1707
2429
1130
3970
2628
827
1145
1879
2471
15
2496
826
2042
4134
3153
2220
3608
3511
1232
1293
3020
1832
1386
621
5220
3417
2912
4879
363
2031
1973
124
1277
681
504
1069
495
832
4406
1813
1846
3782
128
2883
2956
4816
1283
410
3151
4506
1664
402
676
201
29
406
1287
2422
3155
3892
5066
786
346
146
4686
2503
2454
321
1152
1617
3059
3457
1265
2207
3099
4684
970
2149
3325
112
2396
651
2992
3610
4957
3461
1452
1718
2590
4257
570
2550
3289
1481
581
2858
2286
3164
802
4439
3469
606
4224
3262
1572
613
294
2521
652
1857
70
4777
976
1315
722
1594
2778
1186
1089
2717
1219
1724
1700
3262
1732
1270
2239
3041
4863
423
3311
303
4842
2795
4668
382
2809
2524
2225
1309
4350
5280
3674
43
2992
3236
110
1055
845
3221
1309
2111
515
170
908
456
13
1439
3488
323
1142
3363
68
1187
1075
1109
2055
2760
575
1890
5102
165
3635
4128
3829
1355
5662
2459
742
371
4678
960
3439
1386
2164
1219
3988
33
2481
1273
1171
2372
4382
1662
153
1932
1000
1666
150
2947
2271
2430
1772
3485
4652
945
1702
5036
1157
3186
366
3362
3595
683
2033
1901
146
2201
1316
1332
1098
385
5907
374
3785
304
2269
4511
1400
4723
2745
2799
2976
1835
4221
206
1995
3275
3289
99
4816
1843
1646
3983
605
0
3608
4161
2816
1954
543
1197
2078
3622
5077
2203
4986
2860
2745
3385
1651
3468
1516
1884
3097
2324
2324
683
1423
1931
1492
73
2766
352
2436
261
4370
365
839
208
957
772
4648
52
4751
115
3434
1613
5011
326
1270
521
3206
1958
2351
244
192
1515
622
488
644
685
1580
220
3386
1556
447
1359
846
2951
1708
4781
1018
2968
2235
443
3249
1594
1957
1347
1124
615
348
1227
0
334
3419
2421
2372
3235
540
75
1780
595
1553
390
2370
2529
1598
1939
2145
1229
1316
2381
1145
4151
1357
1580
2460
2496
931
172
1048
5373
1212
2632
5382
3316
638
1968
67
4734
5497
1838
3834
4248
572
614
1614
709
1891
3007
1585
2658
2488
93
2373
1736
5109
0
1448
1242
366
2334
1720
1935
1219
1314
1126
17
3337
4794
1430
4547
2386
2472
5500
993
2449
864
1320
2568
3250
1770
1579
430
1505
2063
1196
2095
1714
1546
206
2581
1050
0
3295
2121
1216
784
928
195
2191
637
1222
1965
2945
2102
462
2801
3201
631
3882
1155
2380
2109
3041
4235
405
1000
5265
1561
2608
3829
1131
4260
5047
362
1505
919
525
1905
646
4004
1251
636
226
1432
799
784
1848
484
683
2142
3132
207
2263
712
2828
3135
4261
3366
2002
1193
2697
4360
4017
268
3756
2271
1724
3005
4343
442
3570
361
141
1979
3788
2790
980
1813
630
5292
2591
1131
2968
785
136
823
3355
83
1718
89
2254
2723
4988
2746
1632
1196
2045
2351
648
1942
4262
1647
526
4487
3864
435
673
1670
20
134
2250
2291
2333
1906
1016
1259
927
505
1076
549
1153
278
4335
1282
2178
3098
1596
44
317
1535
4949
3942
1548
1033
785
3967
1751
1795
72
2251
988
1883
4
279
2986
2144
4705
978
460
1139
1124
1603
1659
386
2296
897
2902
2977
637
1814
564
2205
228
516
4012
4787
487
879
4862
2063
3962
1674
977
1768
2898
4110
1596
1133
1662
314
1432
117
470
715
2224
156
1503
3572
1023
239
1629
1650
709
4784
2098
680
2094
739
2679
2063
1021
666
1665
1167
588
838
2680
1161
2291
1030
671
657
1629
2963
3628
85
5275
327
345
2178
1376
3377
484
3823
3368
4398
4173
1104
746
928
1278
1732
4494
821
1169
3185
568
203
2241
1774
3034
1745
415
1066
4090
2948
1164
2318
3255
688
2591
3235
4185
709
3672
2035
1171
208
1837
1892
777
884
933
1854
5372
4164
2254
3094
3847
278
1431
1661
1785
3403
331
3974
261
2670
3613
847
4104
3938
4442
147
626
2869
3799
14
1560
2782
3962
3579
876
1686
1311
4400
260
1901
1252
471
223
343
2230
744
664
815
282
3053
426
3116
210
4329
4567
2845
1828
3282
2597
660
2290
2334
1493
4087
1942
1712
2366
189
3937
1001
1890
877
2869
452
296
3677
1262
2071
823
611
2450
1168
1873
2559
2606
1418
1940
1666
2931
3474
1266
3046
1395
1307
1433
2190
1735
3057
3824
1081
3947
2599
1880
2429
1993
580
935
1880
878
2481
3303
2385
3562
884
5239
1959
2674
2114
630
2294
1761
3567
262
835
1811
3885
752
926
1017
825
2739
200
1932
1267
2444
1591
5033
2089
861
2475
1378
2454
2071
484
0
2857
2388
4583
4532
546
461
2130
3191
381
1541
394
2755
3222
4610
3451
810
137
1571
4055
208
1826
2796
2138
1064
111
4744
3230
448
1735
1061
4255
1416
2423
2583
3299
89
4214
3681
42
2623
534
721
1847
1282
386
853
3097
3170
100
4869
1669
2639
1250
1951
5003
214
1796
1334
3500
2172
751
2291
3604
2170
1665
1645
754
1065
2014
3383
1798
1750
1078
181
3510
404
1976
1890
2746
3673
1345
2014
1691
4022
2724
1586
2067
5675
2122
4114
3465
3028
720
1090
34
3888
3917
18
3254
1504
2042
2576
4037
2656
679
972
2523
568
647
3095
5177
4979
195
1319
2332
1392
377
2955
2392
2790
526
554
368
376
1882
1277
1263
2081
2400
4983
1335
2223
4607
4603
1049
2023
3235
1231
1397
615
323
2015
1900
790
405
1494
1689
2549
2940
522
1647
1143
2592
4471
83
54
4172
1121
423
2169
62
2528
1319
120
971
4966
576
1346
2252
1046
2190
572
974
5454
82
2967
62
1304
973
3992
2611
317
2947
4
2224
2208
674
613
1999
2408
4576
1324
3164
602
3771
1880
3220
723
1634
1268
4130
379
2747
1022
734
1994
3540
735
3486
3164
1389
4048
2857
3936
2580
1456
1066
1068
1168
2216
3744
1629
2425
999
2223
248
2149
4299
3389
4573
4315
1346
1070
1732
4277
970
2276
4867
4885
312
639
1066
1958
1111
471
1344
3330
2265
3053
970
4935
2875
136
651
3640
4539
733
1521
2142
171
1213
2007
2054
1685
576
2375
2761
1621
2083
911
2584
1062
5171
3341
1805
933
3407
1025
3543
807
971
712
2896
2139
730
661
4756
3595
1028
2343
2920
63
2644
3951
596
763
1037
1014
1295
1909
1808
1681
1523
4552
1978
676
1981
3851
1641
300
2574
1047
1214
4198
450
4076
22
5052
4650
1732
2536
796
273
1568
523
2895
299
2924
4935
963
1512
1916
267
2133
373
87
3358
985
1333
1503
1331
4303
399
2162
684
465
2708
1714
2413
100
1563
1486
3482
1194
1747
1201
545
2509
1166
1136
1643
266
334
62
1365
1533
3347
2491
2428
2026
142
1716
1000
2725
3480
36
902
2431
1970
2359
52
290
2281
1890
1075
233
4087
5454
2061
4132
598
2604
4409
1964
1840
218
805
929
2538
1832
1218
565
5368
3
0
5249
4475
1130
2016
1237
3858
598
2911
492
605
4734
1921
2794
2274
818
380
3497
900
5153
5886
2656
2670
437
2227
90
1249
1606
347
602
1293
2633
750
271
1723
318
2296
2410
1432
1104
0
3167
113
45
1137
951
5752
352
272
3918
1738
4175
2343
1596
1671
669
87
296
948
1590
2955
5154
661
0
1067
311
966
3133
525
326
3388
3384
4019
1516
1802
4249
1544
1252
2411
14
3583
2664
4276
4589
2313
17
1042
1455
3488
325
539
2803
4645
917
590
4112
1348
306
640
1306
5315
1427
3077
4591
4381
4551
4159
2927
1998
558
4148
1046
567
2899
3681
1713
5067
5488
3825
440
222
2046
2024
2403
54
4579
4361
3992
715
2433
4244
4493
582
3154
646
2013
93
1505
3312
98
5388
1327
730
997
2334
2536
1219
981
1822
1964
75
4058
319
3020
644
3234
5716
1358
1024
1703
2692
445
1716
4328
274
367
831
5122
2375
3224
3177
0
769
1149
2141
1254
1182
3766
2591
2246
5304
3328
373
914
5485
304
751
596
1626
141
2536
1581
1262
289
799
3294
2342
391
1732
1248
4538
384
4390
1878
2702
1952
1123
1935
1588
1807
1099
292
681
699
2025
3755
4306
2005
2613
945
2357
4321
1516
195
3209
794
399
524
779
1548
2612
5338
653
1866
528
320
3161
1841
1943
2
5093
1187
3848
283
1526
8
58
2127
713
1884
1528
4872
4834
1444
1192
3047
2176
2972
4017
1501
2042
3885
919
373
1895
2336
3546
3267
713
3606
1270
3510
129
3514
2618
1944
3446
1628
1585
754
1303
1840
3632
321
2676
3376
1196
1101
2778
674
0
1310
866
2023
2799
1191
3446
3465
2628
1945
1449
317
868
882
3441
4883
1469
473
443
99
516
213
3387
727
5141
4804
3594
2157
383
267
2611
681
1017
1085
327
2542
576
1569
2309
2481
597
2841
2006
5436
1329
2509
2422
1641
4101
2395
4636
821
2827
196
1024
591
1101
459
2937
947
276
3484
396
3138
783
4677
1104
518
2347
1745
1715
3154
2356
3454
3181
1583
695
102
795
3990
1744
674
4592
3772
428
181
163
840
2
209
2059
574
5691
110
1928
79
3116
2527
841
871
3168
2568
1588
2396
2446
3172
2923
3318
1728
325
3660
5351
3170
4001
1937
811
3801
2040
3770
3517
2836
68
2665
1495
847
4552
1318
3118
1549
1502
3212
5394
3831
278
914
795
773
401
3653
2873
334
2057
18
2269
78
2401
4191
2677
1664
2761
1903
1787
134
1987
2208
3771
152
1490
3190
3585
1445
2126
798
275
3051
1425
356
131
1136
4180
218
1748
1619
3263
1601
4708
2394
5813
395
2858
1353
1699
2387
5568
41
1506
208
911
1143
857
2746
1346
1787
4248
1661
228
769
30
3065
1640
1914
4426
3134
1555
611
1671
2447
658
5418
929
2102
745
934
2680
2914
2566
2452
1948
4618
836
2121
468
3928
1828
1417
3054
2834
1287
719
2220
1306
4017
3794
867
3004
1187
264
528
5221
1628
1049
719
3830
509
1274
1712
2508
3705
3559
3448
1213
876
4842
1045
3507
187
181
702
109
4328
269
404
429
3684
1586
687
1816
1846
2236
2456
217
1172
5335
2294
2344
835
1979
195
1101
2234
4463
2801
524
655
1307
96
1705
696
582
1082
2976
3143
5825
637
1162
2592
438
434
811
1831
5222
2383
1302
2281
604
1236
4728
823
2236
5242
3115
1803
585
1620
737
2042
3164
2611
127
3428
2130
2216
823
756
2380
1447
5337
4175
136
1755
80
1821
205
3696
2282
2663
68
2839
1567
1134
2533
2154
306
1852
1541
1890
3589
424
2451
1881
459
581
2246
2088
867
1803
2452
900
1449
3070
1229
2351
1986
1984
2036
2391
4689
474
2693
2242
4560
3288
1605
2826
4650
4838
164
3958
0
1037
4702
255
723
667
140
3736
2391
2589
327
3039
3502
2839
2885
569
2822
1567
4710
717
1698
1974
5139
2033
2977
3284
2563
3968
4381
2860
242
178
3330
645
364
280
274
2498
2020
428
5439
3267
524
227
292
1826
5149
379
1334
713
4947
325
724
191
6
1618
2405
520
2405
2013
405
2639
3116
5678
5500
131
2022
321
714
2204
3161
1751
1376
652
1154
1024
1268
0
722
1323
3437
2918
1333
3518
583
2020
5011
3315
2861
4634
1828
1118
1989
2845
1237
5383
2978
2005
3353
2950
1674
1549
3729
2102
261
1060
1303
2603
2202
2093
971
5346
1063
3604
3088
1797
2451
780
1762
1753
99
1356
2020
1976
1374
1797
4957
992
251
2054
1149
2250
4034
3446
1709
2299
1542
2813
779
345
1362
3538
4247
0
4410
4253
4081
1720
2502
160
2674
4516
1166
4017
1115
895
2275
3956
533
3645
3684
2739
2589
1779
2856
1586
1880
5742
546
3525
321
1500
902
2151
3459
3891
592
2170
862
2461
1790
153
435
1167
3723
3711
971
384
427
238
1013
816
59
1316
1464
2689
186
185
3146
2559
2818
1632
3284
3786
1952
1711
1512
4680
2878
877
1552
1564
41
3056
595
2275
263
1542
4355
929
68
5144
3528
2052
3935
181
2833
259
5033
1174
2643
396
1210
170
3286
1166
1563
4954
1882
93
2066
660
435
3918
1075
3809
2178
3251
1027
765
1744
4310
3320
1850
546
2697
1985
503
3845
3102
285
3739
1530
2888
1740
3155
548
3839
2269
1147
1766
3371
2747
549
614
230
1939
3232
2633
2628
2171
352
415
1919
3455
1252
2808
2145
2239
1931
5155
325
788
1931
3505
201
183
4951
1494
1778
4345
377
5265
2325
757
4349
1403
4836
1421
1954
1221
953
2330
1698
404
1772
684
1707
384
429
1588
517
810
3606
576
3653
427
1582
3995
3549
2242
1008
3170
215
3362
362
329
582
2848
2425
162
861
3283
1817
4744
3872
2132
3977
753
2146
70
2817
815
1268
4202
1679
1272
3053
4772
2601
768
1573
3042
334
3608
3617
2098
2687
814
2583
4363
1796
3890
503
3041
379
2198
3504
4063
3379
476
2250
2931
1420
1602
0
1848
321
1014
1015
2031
787
395
21
1584
19
3031
484
182
2343
896
195
1622
1592
2085
3872
3044
3321
1037
313
1234
607
1912
196
2126
675
3292
635
4149
2160
3730
4287
345
455
440
3686
2789
2298
3861
1818
1959
94
2434
4083
4325
2176
1990
1171
4182
2895
917
3991
2988
960
2883
930
334
2667
3276
4880
4276
1787
1244
4059
2586
1518
802
275
2052
1323
4380
3107
1107
475
654
2692
1503
3229
1792
1175
461
2624
4224
4434
1860
5401
1954
1792
1705
2195
645
1788
2698
3044
3360
854
680
2177
3201
1528
2332
1029
1923
2404
955
1032
1119
1158
2330
633
0
1399
1244
2529
866
2662
630
2037
247
3728
332
801
3207
727
3067
245
1099
411
3970
1981
4817
3170
3510
1585
327
4693
1865
1671
3588
1809
551
617
957
746
818
4245
1074
4458
4864
3908
1926
1489
0
1758
1442
932
1550
205
4865
415
2923
1125
2237
1502
2013
2179
3214
4145
2874
2258
2134
326
1941
2330
3796
1462
576
2597
1485
1632
2760
3344
1245
355
2004
4719
2625
149
1185
840
221
1104
76
4235
102
50
370
848
1291
1062
242
1091
4128
2769
3852
731
811
83
4102
1304
191
2549
4892
4172
1480
4950
4013
3053
3157
957
970
2122
2351
4460
3002
5265
3072
3067
2808
2643
1554
5565
2782
544
1954
1119
1457
3856
1889
1689
14
655
47
3331
4103
2471
746
977
525
1319
1077
4527
2293
4233
447
801
4094
2022
838
561
3031
2293
680
809
849
118
1505
861
677
3483
273
2419
267
397
4672
2047
1425
1286
1651
1101
835
899
2145
2952
2641
457
3678
2825
4988
3337
5216
963
1231
989
220
1525
1440
2549
208
4897
2455
2582
0
1814
1961
2084
40
3085
730
4211
2968
231
583
653
2263
924
924
1921
3547
1620
1158
4021
804
1729
1276
950
2576
2003
810
1698
846
373
3437
3469
1188
2693
4890
3042
2615
3642
1534
2069
1905
1485
1493
2434
592
2539
374
1871
89
588
2442
1243
540
4236
3865
2211
5809
2360
1905
65
1687
810
1924
4574
4660
2833
573
406
1112
2340
671
4007
2565
1277
288
3331
3738
759
3942
4222
61
4426
224
2782
2242
3397
2149
4824
205
1749
1042
508
1141
564
2552
3134
3507
229
10
694
681
3214
1899
1197
522
531
2789
868
1776
3858
245
1661
2519
2652
603
472
1295
3845
5230
1532
1024
529
0
3560
275
1450
2395
653
1622
1228
1433
2617
2134
1306
1874
4180
2349
1629
43
2360
2163
1409
650
582
2932
2592
4250
4363
3089
1087
3939
2440
1386
3094
2022
2716
5259
4686
1049
4306
2612
14
426
356
4929
3260
1725
2771
905
200
3836
730
1310
4709
2118
2796
613
5590
1052
3712
1673
2362
481
2249
2603
2164
2790
1491
2720
3809
1778
1125
220
5318
719
4585
1970
843
3290
3393
1597
332
1508
1769
341
2581
1587
4496
365
4667
4164
2359
2552
100
2502
625
812
33
1234
33
514
2409
1709
3220
3541
1541
2129
231
2219
1264
5690
145
5348
2853
2047
2141
4114
1871
1564
2480
1377
4634
578
878
1130
530
2216
1685
1112
923
1004
2839
2323
4512
1407
330
441
78
956
258
3995
427
5135
5093
4769
1564
906
209
2576
1013
2633
593
321
1000
1742
340
1109
5174
2472
2000
3255
438
13
4474
2593
2061
2733
1841
0
139
1048
814
4225
1720
1283
969
4077
1382
1152
164
1890
1305
943
2350
3597
1799
2607
762
2020
1211
224
453
4106
3035
1343
910
7
1235
5050
4684
2953
4085
1720
914
325
1068
2133
760
3790
677
2913
1290
90
2362
4159
904
654
179
36
2690
2909
3506
4049
292
4465
3307
3423
1140
5053
25
773
2883
5141
3635
2796
3172
1837
3029
252
4855
1069
1890
3905
445
1298
1252
2594
1014
986
3204
2740
3414
1084
1514
5472
2138
935
1538
2645
3152
1471
3525
1244
3691
2369
1080
1687
1178
5077
2748
4260
4400
4186
3079
1252
830
137
29
1240
130
1155
1104
3920
890
65
2051
1173
4191
1620
3992
2417
2274
1029
717
898
2537
4090
408
2191
138
1180
593
158
4302
5371
3372
1889
658
3245
5188
2281
1108
994
2857
513
304
859
1733
4885
449
448
110
701
1483
3886
1613
2067
3233
1259
169
704
1989
3268
4495
1368
3385
752
2056
2557
3743
2678
849
2370
271
0
1258
1327
670
715
2916
1369
1336
5778
1931
369
168
500
4649
2506
152
1196
2002
3771
537
3606
54
2459
3428
1451
1313
1619
116
1173
483
1715
2620
246
1528
924
4163
2458
1124
227
636
2990
897
3487
740
5708
2165
815
635
456
198
776
1320
297
843
1236
4052
3497
2378
2083
2396
491
1235
4887
512
2822
1339
1344
348
30
3184
4103
4145
2046
127
3176
856
5012
4329
231
2664
3148
2928
440
1052
4277
1525
781
3102
2861
2997
2564
2598
2145
972
2800
337
3548
713
4293
2822
4184
1308
3594
3903
2550
1011
4080
2246
3335
1366
5577
3405
106
825
11
741
2655
750
1203
1188
1318
1761
3968
1429
1722
4040
1317
1480
2156
2725
2549
2226
402
1398
602
333
4816
318
3797
1470
425
211
273
1070
3005
1088
214
1827
700
2171
4798
3077
1349
2103
2919
2933
4179
916
3691
1361
3257
2516
101
67
3055
66
213
1060
999
204
1177
4956
5262
1969
1478
1968
2013
1986
4285
5438
4479
3613
269
3292
2305
5138
3182
2063
4319
535
1668
315
177
3067
4248
2452
2223
755
3571
779
950
228
1619
2156
4040
3108
1625
1357
2710
1961
1743
2156
974
4400
2490
2879
724
3133
1984
626
1791
2140
3276
1833
898
2877
2717
1712
1062
1711
2234
3085
4329
258
54
568
14
1474
2540
1867
559
2849
1479
1837
1180
1673
1460
1494
939
128
866
5002
3543
1668
1120
1687
1654
221
326
4310
297
2628
2121
668
3133
1038
1544
2661
790
372
3790
2274
602
1290
2235
1352
1230
30
1615
907
3416
5393
718
1166
1082
2356
2965
3842
843
2536
1718
724
4156
1948
1925
90
462
62
3173
473
415
2721
1093
2182
3238
1000
999
2925
3190
706
1780
2802
2644
1166
721
3458
1933
1445
2908
1768
1540
1090
569
1024
901
514
281
1511
1701
2786
1577
598
1503
1429
706
2093
3748
1273
4660
198
643
312
759
330
499
2157
1196
3677
2571
2341
5318
2979
2455
2025
2940
1658
1977
872
353
2940
1448
1109
2143
556
121
3512
2147
1926
1542
4787
204
3124
1207
20
1541
3084
1405
3696
1268
1813
2313
3626
4067
3966
428
1022
1937
4447
4859
612
0
2286
1623
168
1945
196
3472
3336
1566
2535
4435
1992
1969
2637
2993
4253
3784
112
3244
457
2668
4523
2816
83
2561
628
5343
435
1747
3538
1077
1522
107
1717
706
3970
3686
1878
2143
657
102
3625
2993
2560
2418
556
1429
2859
1822
1478
3417
1972
4895
1552
1636
1682
1183
312
1712
1893
3146
4395
1580
2203
4559
567
2331
2295
2351
686
4163
313
1504
2584
3083
3267
3148
3037
973
199
1282
249
1261
46
17
244
885
1172
518
2646
2944
2182
986
2801
300
4323
2309
3891
548
3709
1531
1890
1320
2101
70
261
853
820
398
2620
497
720
10
1399
808
1110
3319
2081
1783
2025
1622
5548
2573
775
3595
3556
1176
260
116
2879
2417
3255
2215
344
827
2559
3386
1709
1806
890
2258
990
3792
161
3024
1611
2978
274
524
876
3952
3325
5576
4330
2100
1645
404
1045
3966
657
2443
1740
2540
1256
428
4460
1906
766
4558
65
1357
2784
3404
1129
164
3254
737
279
2196
2690
1002
435
1155
31
4294
353
1321
120
1164
5328
5111
314
4412
645
126
3477
3778
3272
1468
757
2375
4329
4244
153
3992
2171
80
1786
1802
560
3670
1392
252
883
2206
1282
566
3289
0
2128
589
111
5478
758
4045
3015
2417
618
1026
5471
61
2304
1904
835
77
29
1357
1992
1403
328
895
2503
1441
2862
1630
1001
986
948
4156
3024
2055
2536
147
0
4313
1256
1229
332
2008
2839
1636
593
1877
1015
830
4935
1481
605
1648
2455
1694
2984
3504
1537
2601
1307
1157
351
3221
4569
2916
948
167
3122
3309
1790
2729
1505
3305
1907
2795
2020
3930
283
1164
1640
1470
1133
2093
1392
16
53
153
772
4090
2905
790
2435
2
1438
2371
585
1894
472
475
650
2971
980
20
1857
187
252
3593
1306
3880
3654
4925
4367
744
3107
1802
280
1977
684
4123
1861
582
3267
4070
186
3726
2549
548
186
1791
1470
1936
185
1538
3041
2856
1719
237
3028
4310
0
183
44
1167
305
257
4969
68
4292
111
1124
744
686
1760
2812
1871
1208
1453
1615
1570
3112
127
3340
3725
2973
2489
2759
296
795
1369
3227
2059
4911
265
853
3288
703
155
1020
2049
3953
204
4583
3210
534
964
3638
4661
1270
3256
2422
1529
617
1884
3250
1150
2743
3179
2458
698
2597
1179
3425
2973
2588
2446
2489
3345
1808
4518
2252
2278
2542
2473
2376
2406
5229
630
1256
2613
1329
210
5519
2127
1795
2459
1911
1680
5273
2263
3253
0
182
5285
24
660
1145
4068
1281
278
2972
3138
4185
321
3648
3155
81
262
5027
2262
2007
575
655
1341
3663
1835
287
668
111
63
4280
4880
995
1270
309
636
1597
2330
959
30
214
4558
2123
1038
827
3434
2643
473
2992
179
4064
2772
2618
115
3181
1933
714
242
1455
696
1081
1101
648
4003
394
1340
34
4319
2405
1391
3714
20
2827
3052
196
2770
1680
3373
1310
224
1605
1731
744
222
1443
5312
516
325
937
3642
1988
159
160
440
1661
1199
3088
4532
253
771
1213
1297
2944
8
3302
3677
3056
977
1251
417
141
1426
70
4682
1116
4354
4572
2174
4513
304
1907
1174
2781
3675
3744
270
1351
5083
61
2656
4443
3339
19
2843
2198
1541
265
69
4212
134
2049
2480
2694
1510
861
264
1164
715
3051
637
502
415
1042
2755
1661
4622
1432
2647
1460
1135
215
322
247
463
676
1231
1776
1549
1723
1765
789
1581
1181
3120
1219
665
4026
1320
165
2957
3866
2306
859
2912
496
653
441
5324
1308
318
5325
2515
219
2791
861
2225
2041
2881
1344
1644
3009
905
198
738
669
3891
651
334
5040
2113
4030
5442
5078
4070
490
285
647
31
980
84
1944
2033
3803
124
4958
3824
3786
4650
2775
3240
2527
1063
255
2651
545
824
0
1717
2973
3582
893
3022
770
1260
1347
249
1184
4787
510
5221
4513
1423
3210
694
4764
2048
12
374
847
1516
327
1897
2201
45
3446
96
3858
4841
362
622
2992
434
1827
1423
814
57
1533
1328
4244
2889
928
1537
79
2719
2340
281
1406
2427
5064
1500
2644
1190
3782
1302
3609
1327
1730
3144
3049
2531
679
744
1547
2785
2509
2753
1577
3014
5168
2121
1219
2083
3548
2208
4081
1495
662
2719
2960
1715
531
192
1238
835
3861
2880
5148
542
3262
321
1114
1913
2602
2412
2262
4372
360
2332
1011
1104
2003
2354
604
4248
154
1038
5156
2214
1356
1933
1660
1423
1740
0
1977
3077
2243
1015
791
3110
93
1218
1231
2216
3714
548
2131
2022
2939
4453
4911
2813
1682
2075
672
1018
3341
1900
2574
1857
3872
3229
1670
1805
3393
4729
1029
494
462
1212
2115
2648
2936
1243
1275
1069
1529
567
738
1803
1809
1532
4805
4843
1550
4173
694
3326
255
3970
2358
893
524
5478
2057
4772
843
805
1055
787
1300
4443
451
2363
1532
2632
4098
821
4706
4808
1969
3251
327
1798
1141
1529
1755
2479
421
3784
3181
915
62
872
2614
3185
1131
969
813
813
307
3938
1890
1603
1956
1356
329
1754
2479
1605
775
1376
2498
1419
4852
3798
323
1695
1679
2345
884
1810
2423
1194
1860
2489
3544
263
3077
380
1236
3764
4009
2435
2257
578
3798
30
1431
1440
2457
3702
5595
3330
1263
2006
3233
1730
1324
1664
2846
3270
659
67
2012
1484
2584
3774
2033
941
875
849
1753
1668
5540
2920
825
332
1181
3041
1775
750
819
2434
2751
3072
3154
613
5292
642
247
2346
356
4882
3145
87
1709
596
363
1658
3299
3091
2712
2644
1834
259
617
1125
3277
922
3060
1919
468
2626
3324
402
3697
2333
575
4828
879
1150
137
735
293
2443
2604
805
2128
1272
975
4113
1251
1761
4669
2970
2472
1776
924
1828
3406
202
4235
1087
12
553
2288
780
871
3951
3093
796
885
915
1460
1197
1093
1061
1066
1588
4504
820
2609
685
1441
4875
477
3377
3569
3340
806
1219
4353
468
5447
2934
954
611
2783
141
626
627
2280
1911
315
1935
601
4038
2058
4340
186
1538
2945
4151
508
102
1533
794
1415
4249
3847
2659
493
2827
2509
353
3518
1744
4556
6
748
5191
5351
2255
332
3301
2487
4783
302
1730
2603
1553
1296
3538
815
2940
2948
4833
2705
2104
2998
45
900
762
2436
2789
1151
1651
1455
35
2711
898
255
802
1718
2048
