316
259
366
58
228
244
211
232
75
45
1
91
143
39
282
329
65
82
198
192
159
186
312
291
104
114
92
87
171
167
129
326
285
92
345
152
50
393
38
205
326
21
156
337
80
108
15
215
228
300
252
21
188
0
98
159
289
94
6
41
28
139
222
91
8
140
82
423
362
425
225
80
162
136
197
11
148
180
14
79
366
72
122
121
249
308
256
20
159
259
212
285
464
69
337
425
11
326
492
227
185
300
172
459
72
313
296
378
251
47
41
527
23
326
0
336
82
307
196
111
0
118
111
68
18
324
174
307
187
14
228
40
336
409
4
15
75
15
425
0
257
0
36
211
443
158
263
0
405
127
288
549
81
450
111
286
0
91
88
133
37
69
474
92
47
215
175
33
219
92
170
418
170
80
384
21
1
241
362
24
310
0
1
156
150
306
0
206
411
141
244
18
432
38
128
14
172
310
186
405
23
235
84
1
0
271
96
43
362
25
228
288
57
0
228
0
295
300
334
221
257
296
346
506
205
162
43
24
228
53
259
443
268
425
148
211
308
67
158
129
134
69
148
148
127
232
94
213
224
193
42
263
454
122
138
287
180
4
37
417
492
0
76
129
449
149
38
80
92
402
67
219
186
161
175
304
416
60
132
54
111
73
15
135
89
136
506
94
84
159
423
521
1
14
1
184
549
519
47
121
249
6
329
148
75
350
395
275
82
120
295
85
219
291
165
288
225
53
394
184
180
22
98
91
130
149
428
0
126
159
38
56
506
187
312
8
70
108
0
40
149
95
263
159
143
163
172
0
212
85
84
432
162
296
18
3
488
486
450
363
57
0
114
192
217
51
34
0
170
71
94
238
310
257
28
308
231
235
69
10
10
378
68
373
202
149
65
393
418
536
12
290
58
45
0
148
231
288
95
424
72
119
175
108
482
17
271
312
11
40
199
0
0
158
146
0
259
75
407
113
289
53
158
402
417
80
162
205
288
212
282
230
15
28
373
543
207
55
149
149
0
59
417
119
244
141
402
60
217
14
58
0
66
382
273
108
208
126
76
21
307
345
285
156
224
174
59
129
259
326
0
92
0
25
209
222
99
232
432
12
426
1
362
90
185
91
139
241
91
127
350
195
285
308
177
207
232
257
240
24
70
19
107
24
185
221
159
357
130
111
373
0
136
301
72
47
434
36
68
89
241
241
0
148
111
0
65
118
48
251
175
91
22
127
171
76
0
80
28
114
164
125
91
490
451
155
75
258
143
102
69
129
215
378
448
129
129
10
0
122
221
176
159
10
171
22
271
448
239
102
148
346
170
18
116
230
47
18
442
117
212
47
0
43
164
33
8
0
198
286
232
158
278
219
222
0
126
0
171
73
