73
39
15
9
14
12
15
15
47
30
20
14
9
27
16
10
61
27
11
28
34
4
39
62
90
19
10
22
22
17
33
46
20
16
27
105
15
12
13
14
15
12
56
120
17
11
27
14
35
8
11
51
30
21
.gg
35
65
36
10
14
13
106
13
12
30
14
24
28
38
31
38
10
22
17
28
31
26
23
18
11
68
17
24
19
15
24
17
18
6
65
13
19
34
19
28
21
17
14
18
20
14
13
33
23
59
19
103
14
16
11
29
21
16
24
30
20
35
10
18
25
76
12
20
52
40
14
.gg
13
11
17
13
20
13
37
29
20
7
11
14
14
16
19
10
35
14
26
20
15
29
26
21
16
16
15
17
15
21
32
26
19
17
21
33
61
17
21
39
13
14
16
14
14
10
17
13
61
9
12
18
24
13
14
18
19
14
18
12
16
17
10
97
28
14
11
19
13
14
13
10
13
15
16
12
30
47
17
18
14
13
11
28
82
16
19
19
18
6
16
8
21
23
42
18
16
18
27
13
19
18
24
9
12
.gg
12
17
96
15
35
15
22
25
13
18
16
18
59
13
14
17
21
18
26
14
15
17
51
21
15
22
7
12
18
11
29
18
30
18
12
39
29
16
12
47
13
12
16
19
15
187
21
16
23
19
34
15
16
38
18
23
10
15
11
35
24
30
31
34
18
22
13
17
12
12
42
13
22
15
9
19
16
8
17
18
135
34
13
16
15
24
30
19
42
18
18
21
38
24
13
17
20
