58679500 381601293
127638332 512332121
228118354 341485645
-1
238738358 638980709
30270875 100542308
156112116 226818433
-1
-1
42962361 66696886
13084870 386128479
39423695 195894104
-1
10984095 969307066
-1
47107162 51022201
-1
-1
-1
-1
123739009 318644250
-1
-1
-1
-1
-1
-1
-1
-1
-1
-1
-1
-1
253861750 480933151
-1
-1
390162220 582804427
-1
36794013 909905638
-1
-1
-1
235184648 632077119
34067606 229766331
-1
-1
87079207 99395412
-1
112106871 248256656
-1
116640854 184490685
82590457 690451902
-1
2383207 9247486
9618868 76383121
127101381 304052236
-1
243679066 432131737
-1
79337538 497485981
-1
-1
150338687 188751926
-1
305680645 504629754
86558712 247416329
233241067 531098646
125735743 470776846
-1
-1
128159061 610305616
-1
16888634 66532019
-1
311345241 554322236
-1
41772276 172048007
15544396 23168121
-1
-1
-1
-1
28160831 521922746
10483506 326478365
-1
102034025 502221776
5331241 105004366
110334685 327159252
22945435 41577214
-1
-1
-1
436171637 487694256
142794425 271071344
203282439 338216588
231971314 491243203
165560698 431838451
-1
-1
31586020 65056177
2625729 391094590
6064066 53876271
-1
37750178 310029963
202461002 351363369
13375588 135036583
11064791 878550876
41910102 441106217
427194403 484567278
40773515 93764454
250412482 359415927
-1
143450995 151999564
-1
-1
18100932 53631145
-1
-1
85920614 792221045
-1
-1
-1
110080205 403182866
-1
15876705 330190418
97125320 230697599
37631214 68171699
-1
161212648 331303011
77911962 82671691
-1
84245222 100976511
-1
2249705 13587318
-1
3844137 35926816
-1
-1
-1
-1
-1
-1
-1
140459778 367236155
9818683 80700598
40706692 182112955
-1
-1
-1
31740539 149719098
-1
76708507 289702360
-1
279001447 653248104
57019689 434699024
3307884 56298167
-1
-1
-1
368766512 463486167
384671204 400787189
-1
-1
-1
-1
-1
27635508 109887601
-1
324415818 528572581
-1
289869778 594456079
-1
-1
110861767 735621580
44731332 98413489
219236686 517232731
205556250 319039673
372463223 484243196
20475011 199102890
-1
4515107 15375774
44839176 303816437
40858069 484129462
-1
365764660 369859303
61591423 293551104
-1
-1
62634649 143510502
211784236 602940211
-1
92335825 147089752
-1
10494033 25442876
-1
56425392 159191539
213597574 320800219
-1
68863014 192142327
118379523 165402730
204037377 765379562
8749151 116546262
121744912 506300325
-1
-1
-1
-1
-1
131178742 160060389
-1
382367392 609737175
-1
-1
-1
-1
-1
-1
-1
-1
10026605 13037768
153363045 453122662
-1
-1
-1
190009842 732395867
161603025 385496672
182196773 362837004
-1
141552891 157163480
-1
34389256 481249221
-1
1757207 118232946
-1
7020922 170143831
-1
-1
101894708 253460783
-1
50684337 397946246
-1
-1
300597542 376990431
-1
179743076 778224057
-1
65896258 271028053
16917536 35467245
-1
2268378 45444085
17703248 24541035
63560294 513684285
76478641 288956136
-1
56903 340524
300509081 338371730
21416898 109881263
-1
23633392 203378689
167100491 782766522
136161329 562224200
16967132 112354331
-1
-1
-1
120915731 167657546
-1
218634208 484164841
-1
-1
92862836 631779417
44810073 129561638
81084953 409605386
25620348 37324871
71445203 222266346
171212568 178001819
-1
13684586 28303947
312145812 368567369
-1
101984696 560872127
-1
59262772 127092961
227775129 750574240
-1
127665166 546805815
241372158 727273501
78714849 165304418
-1
55866490 224527999
6682216 678682833
-1
-1
-1
-1
-1
217188 4077371
73743518 483482961
-1
-1
-1
21598086 52381187
112943058 216165133
41895837 84347264
-1
-1
-1
-1
71694667 608114536
-1
275724844 713791267
-1
-1
-1
-1
109006 830281
37640911 42399600
-1
-1
60808102 165311511
-1
38757337 53874814
-1
-1
-1
48199092 63369881
55897097 162407846
-1
338827071 366717908
140259704 226524503
267557706 591030383
351558291 610710050
-1
242770874 434691083
-1
-1
302914251 402881038
42457248 42741689
230871445 474839208
38776016 49820715
-1
-1
302537634 607677005
-1
169815920 240475977
81642846 427754425
-1
10729478 246154733
-1
-1
-1
84607246 115881241
35068291 45387408
291536395 419654376
-1
-1
-1
70576518 906700049
47239390 240990801
9480914 748702899
146552532 333320101
32790238 51465301
41279626 90447087
-1
-1
-1
195097640 247715361
-1
74603825 656435964
-1
-1
-1
133994581 137396218
47046592 177348391
-1
61714414 602870673
22324945 226034014
38110036 657522981
-1
33616660 368044269
92371821 704154716
-1
221934091 399677238
13653946 108921625
-1
17481468 536577203
100223174 697359663
138195061 438916860
-1
307357092 549371041
212698158 646428673
132921632 209398991
-1
54180429 291384328
-1
7038715 28023388
2357898 41224631
146739564 362983333
63205145 85941236
243442250 350655117
-1
1862636 23152293
-1
332690360 618813771
-1
-1
-1
101983020 797083457
33795368 104343089
435118165 506101332
16076858 427453583
39698449 96326004
-1
56810100 77548043
-1
-1
171328662 564139661
107995358 122182089
7806566 441207575
131456042 605205831
422078794 541829139
258774161 539568456
-1
83416178 109354973
-1
-1
-1
81701581 462959286
121785739 141570210
-1
-1
-1
-1
156518740 593244871
61375272 541895141
119165625 218182082
139700550 826898087
69594785 269944748
-1
87369379 624013962
26686110 153552997
30338334 192466307
345010984 508638349
235066711 721403730
-1
-1
28585194 69126997
-1
343298443 455401710
145340413 386430774
80622345 81887878
-1
166320487 204434286
-1
69092270 166587387
-1
-1
349698151 464999016
312322525 429105616
203906890 789144817
-1
298258180 445613653
29506069 380371942
-1
403743833 465855894
-1
253875133 678456628
-1
279353946 550126435
116841767 153174500
314719119 339958090
102873365 129575864
-1
202457631 616146160
-1
184836123 666097676
314201303 481774524
-1
7098383 106444910
324637751 673653206
-1
99655066 373289283
-1
-1
-1
422390063 569768648
-1
-1
18025990 146503203
268258886 283258475
-1
12676828 182128521
680270 248696499
-1
135120296 205928255
-1
-1
61008759 81975344
-1
445239041 510265536
30922107 247856062
6939099 17360450
-1
-1
-1
-1
-1
1035894 2687755
-1
-1
-1
60387197 874632870
-1
297294864 514406869
-1
-1
-1
11325269 17117798
216844910 432593543
6687122 94753277
-1
-1
-1
-1
-1
63848920 249722929
-1
23610963 131585258
-1
-1
405892828 491462671
10772147 304727376
20640017 202785032
-1
346458585 547274828
-1
351450 1017397
-1
-1
-1
48570579 202159504
-1
-1
-1
-1
94332671 748494966
212307498 354208939
32364584 39462225
-1
-1
174456843 334016068
35746592 324006569
-1
-1
223494157 235008994
-1
4351411 225573132
158913547 350330052
-1
-1
-1
-1
257960823 350733020
-1
89059837 883448100
-1
-1
16508506 47133981
-1
-1
-1
67359094 871225369
-1
152262640 429681367
157208477 354663144
-1
42799744 142812399
81199532 423003095
97089957 142523474
11283326 161261061
-1
-1
-1
-1
-1
132587685 455053792
20707802 43390685
-1
54753661 418799088
-1
-1
-1
-1
41389922 382744949
-1
65402092 861359437
128573215 424360836
-1
47599865 489407624
-1
131603447 270166406
-1
-1
-1
272418194 340656987
-1
10016938 495305251
-1
54289843 679882300
298134760 359104033
46256338 80223579
-1
109329185 883373688
-1
244429326 312990611
134258647 562841472
-1
16145 1621406
-1
-1
-1
115802685 637109798
-1
-1
1951142 96753437
6978709 87757398
115446012 676894871
26491445 63047786
51652053 116545058
-1
19899854 323511845
44663933 88671596
149317931 246421022
-1
-1
-1
11197815 19056268
55921401 792551512
-1
-1
197396901 315018836
56813160 661802813
-1
18668492 77070615
324464380 349074523
89988065 767008254
-1
-1
128850332 273506619
334746607 543534904
-1
-1
34412102 893434901
-1
-1
207225463 353456166
1263453 4384876
-1
174353031 472826792
2737375 899925324
53101801 183571270
97103857 119811286
-1
-1
-1
-1
-1
-1
-1
-1
37154333 654369944
284579804 710046887
-1
58610017 264968230
-1
38928963 93277724
-1
-1
-1
-1
-1
-1
-1
-1
-1
113128143 376185320
-1
-1
-1
-1
-1
191283069 309760118
154319992 342677037
-1
4853762 327447497
106826643 178005668
-1
10305755 65769548
17505351 33986380
38677054 78993783
117789864 803041913
-1
1919362 243362557
-1
-1
411411444 483700777
-1
-1
-1
-1
14242002 509512835
137101039 214777024
-1
-1
-1
-1
88914722 258135039
79658826 369340027
45117744 334601293
-1
-1
-1
59721620 81400121
-1
158838615 520231796
165872623 473859396
-1
25501290 29161889
-1
173126276 379895871
-1
297028719 328796542
-1
135944662 358135107
-1
83947779 130953274
-1
89047512 165696925
-1
9926868 88326871
6113616 381887761
26171191 299527216
127335198 502147571
568657 570024
53594750 435072183
-1
200510846 469969011
-1
53417134 96072897
334462876 663619315
-1
-1
284112092 505705935
-1
-1
-1
-1
-1
-1
-1
-1
-1
37680612 177631189
-1
-1
-1
-1
94470 23124643
-1
-1
-1
36866635 670752672
-1
227474608 391232539
2085779 11047212
216707305 748902702
-1
-1
24506359 54279120
-1
70212715 161778826
-1
-1
76033858 190362579
3523078 48861301
-1
-1
33143919 197826928
-1
-1
106380526 299202255
-1
-1
105095065 346079436
-1
-1
50406041 311499332
-1
94570229 121838594
-1
273316 337929651
-1
105366335 239227352
170286669 607300784
275935687 510309076
-1
956465 35411222
-1
33609765 129429224
208679792 410677197
-1
-1
-1
49464890 145395837
6509854 982201125
-1
-1
258870385 435771016
184489248 551277559
-1
25046976 199418101
-1
-1
44373587 144978416
87178630 317890659
55606830 182732339
318974286 534981853
-1
-1
-1
-1
16106072 20295299
-1
3953214 16413365
70999667 131943924
238320025 623775786
99130079 626830544
37953420 151666553
-1
-1
49036969 242738458
-1
-1
156174715 439969804
65742386 218717061
229057773 486128558
-1
-1
-1
-1
-1
57690017 216521964
-1
333076069 589467804
-1
-1
-1
94393442 127439381
-1
-1
-1
-1
82564934 744349047
-1
-1
156450855 492111772
213218847 298037774
-1
272537620 500758359
328196918 359635379
412037486 472100543
5477366 6601887
-1
321758297 350907204
124148398 773152801
-1
-1
223131137 461480346
-1
580863 36760228
187049082 663423181
164892100 463566037
220992683 228898776
87449764 160838407
9449947 272323854
699386 3272097
34545972 147542959
312662279 524736174
-1
13112983 621744528
-1
-1
-1
-1
91323753 442665968
-1
4824440 4966527
-1
130404118 263799565
-1
198977690 328495397
107943038 805276881
214136177 220231844
249420541 590025070
2877927 444987382
-1
45026734 108430293
81814673 123295220
-1
117270468 657550465
-1
-1
33932516 527908961
140496784 287775063
1368331 795699082
400736 664965495
-1
218852000 340135521
56711765 87289644
-1
93151659 120744274
-1
81312140 406444739
-1
-1
141856534 620571625
112923584 521658255
97142574 119420263
-1
-1
-1
-1
-1
-1
7175977 34293054
31923271 275958586
1328541 70071290
58671935 822646838
347164135 574151952
-1
-1
-1
3778504 618665433
-1
2463544 686256223
-1
-1
177486749 542983002
-1
8714437 89667274
-1
-1
42965036 712689953
277278250 623022133
24329712 459809575
81708464 596051009
16160377 24453226
57365848 547620895
-1
-1
17333131 22939830
77209285 811733206
-1
221279273 679187180
145555143 158599648
127758923 334917528
74963562 749283241
50697664 274762165
192031563 314345144
45161788 66743739
226782 455201
158247004 822529057
-1
73264596 78059653
-1
68180386 337683235
-1
-1
-1
77664780 267454597
250792183 265335294
30962860 823869399
262027097 593992506
-1
-1
105957045 558877304
-1
37684977 568991914
19727541 144342350
16066519 66483898
129993049 474297318
163286841 471498788
133896014 244183817
-1
293020028 340380009
268593934 570593665
141808692 296410079
-1
-1
14209170 213730909
-1
973620 11394859
-1
-1
-1
118158649 582542610
-1
-1
-1
-1
-1
-1
-1
2234399 416273640
-1
-1
-1
6969824 67981959
-1
-1
108042445 306888798
-1
-1
10031462 209526827
96112134 182075687
-1
49964227 353115486
-1
14836046 46395233
-1
5449536 14521837
91492300 113217013
239115493 429283828
-1
-1
223866162 480239297
-1
80717103 136654508
14021563 14242206
-1
-1
137635394 806708313
-1
22985350 548478121
145512380 333881453
-1
91210996 382750015
41739620 45950349
-1
-1
123270682 163065559
386804554 505344115
84937570 285512407
-1
100687412 297269009
-1
84255398 425801691
313459192 501101389
-1
148168828 355339819
-1
1652321 49415996
157454734 344999079
177937501 651444238
115123693 180418984
19016057 225642614
-1
37769424 288176723
-1
-1
197120626 706905481
66593803 99391776
-1
-1
-1
-1
289389127 312866224
-1
2689728 6765085
105617483 163160750
-1
-1
191961248 263635415
-1
47825409 277283222
-1
65021782 154651401
-1
61409381 433031568
-1
24190754 507916139
384163474 552113493
-1
-1
7027613 23676248
65373613 203539090
18214503 715386158
-1
295313061 338144438
-1
-1
-1
357391426 618321805
103072015 694875358
-1
-1
-1
9722492 123370257
139922847 480493372
-1
103409636 462040547
-1
31587925 133380612
216964660 223233121
-1
48696462 419416367
-1
165355072 293026849
-1
5783366 565323983
-1
-1
37093022 89197209
388258479 562077910
164943656 704524313
48555059 587337102
25874195 570108156
-1
-1
-1
-1
87270100 125384541
-1
43000718 729386483
-1
-1
-1
21697172 47877551
-1
173392743 710209348
74088496 413351253
374075132 450698057
42797668 240351013
151749801 657517766
-1
-1
95792 373427
-1
-1
-1
255508281 448285696
8127293 78694356
137631677 633887052
47921577 428849792
115114609 854347480
-1
-1
-1
-1
99487729 399679042
28846936 314480883
49862163 446943166
9234154 31072207
153722245 210975562
-1
-1
198320821 527347768
50257895 394623356
-1
330932365 548692044
167366446 176894811
-1
140909162 142968359
-1
-1
-1
-1
-1
-1
-1
142307249 353637884
180179895 455121958
23839961 27413378
-1
-1
-1
49106255 203945828
-1
-1
11588211 130386500
15154419 630551458
6558122 426379947
-1
158834818 804440035
145786940 475960569
-1
405658890 413771899
59904420 312807151
35724681 181851670
10581921 33652102
459343869 519621892
-1
-1
321817717 408842496
19913772 39550019
285523300 306989319
-1
-1
4599612 23036417
50829296 428000123
53232919 827855922
-1
-1
745392 147219697
284007038 599007219
41583363 59988190
-1
-1
175069124 181053725
192558163 749164884
130837192 601054909
-1
-1
-1
341091490 519411973
102770877 392720884
120376292 216338375
166951895 294617438
106859330 299093673
426010 681613707
147312387 534431752
300544019 559689504
84245290 127623207
-1
-1
11183941 220544250
87789621 859160732
-1
-1
1722915 4855186
348047999 619638330
102832987 587107294
75822267 146635040
-1
-1
-1
13592124 69497095
-1
299549 117894350
-1
60821577 408383792
-1
-1
53251331 203797170
-1
57777275 101944272
-1
-1
-1
51273712 668274937
183124133 270438666
168986585 799040424
-1
-1
21643578 77459329
-1
-1
-1
-1
215173792 328397617
47142342 678517807
27615431 484065030
79518373 319319646
307311069 384616978
-1
93119494 404222007
147594192 306794791
-1
26204765 760618952
-1
15508738 17780799
-1
-1
301564484 355000833
23016057 41719700
-1
25715133 177982700
60659417 81428462
189517184 318375975
-1
-1
-1
-1
158032988 585763019
121602181 130004316
34963834 41932065
165205157 435520862
-1
62125513 104265804
-1
28628806 83771985
23695473 90804400
96058486 409402761
227079278 547070775
-1
-1
57652898 189241175
-1
-1
318468296 508374615
-1
47651300 406323531
-1
-1
-1
-1
-1
-1
-1
-1
-1
-1
82636980 458379029
-1
4189139 24886470
-1
-1
-1
-1
121732243 159645720
-1
15430550 225447953
11230288 20897403
133078265 328719854
307143869 374757674
-1
16031158 93987139
4414021 637456860
-1
-1
27269514 306549233
-1
180897921 355858072
-1
-1
-1
51062093 57182954
6895471 962932702
-1
20469014 27363255
255154776 403587527
-1
11581880 118862451
117716207 215965730
121790103 187826590
-1
41810939 639342764
1780531 18417978
22803183 93299236
-1
4742289 8384518
18035244 111922733
85788498 303461141
289391749 362642028
-1
-1
-1
204422459 400862112
757057 14244156
-1
-1
-1
-1
-1
229909951 655223652
4445922 28683835
207924237 471103246
-1
3786873 8752664
-1
165098973 319738280
-1
-1
298021704 557161043
-1
72819497 92990760
135812617 153575506
-1
-1
-1
-1
62918641 130753548
-1
-1
345566949 638737690
27288538 82904253
-1
-1
2537416 26175757
50842086 111170047
23893481 607344968
31009428 832958389
251736751 324419526
37753759 237409434
33676395 44109902
5204524 138538863
-1
8719258 40688829
-1
-1
-1
-1
260778307 537021460
37254488 66010461
29934989 274233314
-1
-1
14192399 30766212
127291880 273681467
-1
253393680 642875443
-1
-1
-1
-1
-1
113688017 482455922
-1
-1
-1
-1
6467707 150067170
-1
-1
37035199 87986118
-1
125074271 495369692
154426456 185980837
-1
387944795 392969226
-1
127430941 710093506
35470751 361316966
8713405 114248484
250979803 415440064
6989077 13515826
-1
-1
-1
46289122 232305049
-1
-1
410872980 486317537
108238169 220682130
18967322 75845951
93565454 96085599
-1
-1
-1
-1
-1
-1
-1
-1
235622465 746011172
190052003 531150720
405475574 578851083
16942764 52156117
178433083 439909944
168140847 341459822
-1
-1
-1
-1
11606548 269106825
-1
-1
-1
-1
191395929 204964394
29662065 326670994
-1
-1
-1
-1
-1
85141961 678119040
292824209 645139502
62508746 909835433
101628037 868329232
174150662 269004059
254615724 383038637
-1
-1
-1
-1
-1
194340337 523923130
58698125 281174874
288706503 695404568
-1
200921813 737239044
882635 83150744
-1
-1
303406869 559588718
-1
9604794 42809357
10108768 367344829
273159770 443122553
65316726 127469365
-1
7539747 142427332
141591630 849870563
59712299 376469394
-1
304277717 626276564
230093552 597435989
53057055 131046464
414894100 479964877
13734068 681283349
426917402 427165481
-1
-1
-1
126775614 337758485
379601869 459732972
332255489 394879814
11012612 98929611
-1
-1
-1
-1
-1
-1
-1
-1
-1
-1
-1
-1
264463462 291787657
-1
-1
-1
-1
10728668 155811221
66846962 118350387
116394253 133976886
23972857 123613662
-1
133797341 491675022
-1
-1
155794310 299797667
-1
273495737 494951664
-1
-1
-1
59366102 132855687
-1
67815672 511350197
5956828 113898205
-1
133025272 208841545
69335067 113630104
8094571 66272868
95065734 659556689
-1
-1
-1
-1
16715704 94071045
9577142 628501269
-1
-1
117521647 414066040
-1
-1
111754 319105299
27410582 226587219
97218370 363839281
27935445 241418056
215484589 259258518
16806487 311239162
134809005 613983748
-1
-1
-1
35510630 798232419
36973350 113204591
30369285 45578168
338293106 343588635
-1
-1
97192512 265202555
-1
754557 1116082
-1
9109765 43377924
-1
-1
-1
98191924 610137417
-1
-1
-1
68298970 133705081
-1
-1
-1
-1
-1
-1
2376992 26919425
-1
205991537 680590242
11566200 14671091
489760638 508925023
267928221 276886240
-1
23630187 34411976
100728764 155677635
-1
179870807 246964556
-1
262809261 301007942
-1
-1
67338105 253468268
3795582 32814025
223936966 498623451
-1
-1
1441568 70616699
-1
-1
31575697 86143860
107627100 184810189
-1
29078970 111746177
-1
129634404 613756795
-1
164073547 199732894
-1
12587349 194445118
191412436 256278783
74732234 678480003
-1
54789656 70094903
-1
-1
77645290 156860053
156762769 371759382
-1
-1
-1
-1
-1
4341128 610531563
52073207 619470966
209227502 459794087
209994902 313144101
11263340 383086307
29081150 89473019
-1
-1
-1
232832089 635366878
-1
-1
55019393 116482514
7550591 36088556
170126699 572199462
134305274 422744105
25345352 104368865
538320 5341909
43835459 77679122
-1
-1
50493671 84328376
-1
364833987 376342100
-1
-1
117343856 224158017
-1
-1
-1
44922382 148399281
153208007 701834624
103992466 168682225
-1
34772096 85211853
21705016 222036903
-1
108817274 337542603
101764447 700022790
35744183 319019126
-1
17718758 412568679
-1
-1
109405935 736160194
-1
47491427 263079320
48916267 95812546
247840189 398617528
181190646 245601131
-1
-1
-1
-1
3570703 17701180
-1
73360205 381724112
32756249 322815480
-1
-1
5794290 60593671
-1
9375439 65081560
96623444 109444367
126738024 265141705
157121940 676471481
21883481 204923046
-1
93928479 144588158
-1
-1
1964307 135515110
-1
-1
-1
-1
-1
39201176 244476815
-1
-1
14047717 837871774
168771516 476709065
51837330 194498699
-1
29645570 206250999
-1
136020535 406262814
156171298 609577515
239769746 689581251
186909458 647941011
-1
61402350 740985779
-1
-1
16705627 110301210
-1
302614765 430309776
51167039 167469812
-1
-1
-1
6337039 36688638
-1
-1
-1
-1
-1
341217434 431295147
315959937 410162872
52373367 191600326
13023290 53185689
-1
40670979 189601058
-1
-1
8914895 14646792
269771641 536808888
-1
218946953 496882764
130438304 137994405
19995485 68963724
129150631 506560990
19532509 131162968
-1
103498087 132313224
-1
-1
66406912 248773939
65993547 512548412
307037519 598993380
-1
431641364 501736677
-1
86858272 155227107
-1
150280541 765374396
-1
-1
242952197 316351190
-1
126278032 374033287
94000353 132515050
47167269 252749048
-1
-1
-1
18103161 167721298
17809508 683193791
91643071 91942636
80926097 134067260
72543930 266061979
60617839 200365432
306741455 380966378
69258649 541194924
15853347 228145822
111561824 132324989
140007881 630979892
-1
-1
-1
66466083 693411820
212465121 746215430
-1
50932280 360687573
-1
-1
-1
332656119 372658058
-1
-1
-1
-1
-1
7842583 57910428
109155897 703826114
28413225 374997044
44811329 704985624
274492635 443924672
101948753 840259686
32840766 43504015
-1
142960050 249195137
-1
122487922 352425709
132915086 141408461
-1
-1
-1
-1
36600930 69914137
-1
-1
394460434 509651767
9329043 17186170
-1
88817473 633482136
-1
-1
179351769 466356310
-1
-1
-1
-1
-1
987548 20356035
101051669 588452312
397646529 451484440
-1
-1
-1
-1
174126557 613986662
16130056 111431787
68681220 249867217
28941701 196198098
-1
58525927 256976482
51833533 101752828
248204585 266307962
-1
-1
-1
-1
-1
-1
81837488 130500249
-1
-1
-1
-1
-1
193322355 498678356
-1
-1
-1
-1
-1
154436308 239840371
-1
-1
-1
242438283 575326120
162835689 635432324
12094225 282046612
27921520 115916113
-1
-1
-1
76291795 610194066
270081520 676512553
-1
251088552 629130871
-1
248762967 331144352
-1
82799021 168724782
-1
-1
-1
181250435 390847142
83615394 551946647
-1
6662657 25675920
279237242 657336597
-1
-1
-1
-1
-1
-1
22966386 246494867
71856540 479872523
-1
-1
-1
-1
335044256 565439231
-1
-1
-1
37108276 205643917
-1
-1
21547223 596077314
71870742 596066951
-1
-1
272223598 308421045
124245761 383287662
97204601 120371792
-1
-1
113467198 296427901
78254010 284109217
134639603 729297696
105089033 487968758
7638939 223365308
120009123 554134574
-1
-1
-1
-1
-1
258821004 483359005
-1
110810069 656423834
203651855 517372986
-1
6931376 15325611
249050459 696884078
137415675 469143974
-1
26758626 143635421
1977732 14103527
103577797 874950636
-1
-1
11030913 151869898
52198365 117224752
121107382 264167995
154083897 754425350
1942436 48774821
6580416 47467321
453672249 521074682
141420364 223105899
112849842 161715125
-1
-1
-1
-1
53198300 153540143
-1
18179351 601677662
153510377 830815842
-1
48698761 66751402
-1
-1
-1
116040374 167984777
-1
171070 5522551
-1
56610304 351206253
184720621 210707476
70371660 606762401
-1
-1
-1
-1
-1
111181423 407776000
246448442 530081391
87041444 238982489
47686597 533308164
-1
20091492 95598395
164033511 477554288
-1
79174812 225269129
77199619 848043142
1779367 9811686
-1
465447 80383474
14249716 96746163
-1
-1
-1
72776911 295229412
-1
58258749 493649000
282240792 307013101
-1
16247172 264146065
-1
73338072 579663467
75477629 113973494
-1
312228992 682353335
406993085 551340432
-1
-1
-1
52519336 446092513
36685630 551017737
-1
8796303 241054990
-1
-1
-1
86431531 186631218
-1
102152987 151080732
-1
-1
-1
-1
50539708 692986381
232068527 499449192
-1
-1
-1
-1
138444082 180944347
79812394 212985159
10885031 36931488
-1
2527033 51368616
-1
-1
-1
318363667 662733666
439958193 479581556
-1
-1
131255698 423210685
-1
104220838 871077753
-1
190255096 527001715
-1
-1
-1
-1
-1
100223830 450605959
107695932 542051407
101372917 433036236
-1
211534035 480280216
-1
81570906 904834511
-1
-1
150053698 308397235
-1
416002553 564830486
-1
57357127 153286752
-1
25716625 202550242
-1
-1
-1
-1
-1
105352116 202456003
-1
-1
9350478 211416511
59300196 133539307
-1
-1
12165432 16521469
-1
-1
83122826 85550141
144843509 800073524
111739525 202754986
-1
-1
213516923 712366400
8961310 561606139
4357460 4424099
-1
137180142 493468595
449015321 525433226
-1
159722270 654098051
-1
-1
-1
-1
136561096 236312241
31905616 651665583
-1
137212155 523962316
-1
173743297 409173186
-1
136861418 637083449
-1
-1
9129248 123680111
276189929 537261504
-1
77581678 142902849
-1
19403346 52427785
-1
135569177 402427442
35059908 64933835
81366344 323757857
84547305 106130746
98126797 148063096
97204037 423866060
13877003 537129410
42879624 584111963
6511316 23894471
-1
-1
177490803 739272040
5135611 15971920
-1
51654446 91991181
281345057 646828212
-1
991579 3970830
-1
110431264 202335945
133200546 214980737
315195335 390631032
-1
-1
24264422 317081279
69796463 339053304
99372168 380542555
-1
-1
81355773 305287766
48151299 309348218
-1
113143069 746259264
430694336 463519307
-1
51966318 127028695
-1
6692042 17086157
217210213 721282644
105345777 139715230
-1
77155719 551947004
-1
60671387 92588736
-1
-1
77600938 100377711
-1
61913755 314691666
44029438 838239909
173500832 370358501
-1
-1
18361100 56414927
-1
-1
-1
494586 669303733
8055993 12700048
-1
-1
-1
-1
-1
-1
142064651 519915936
263973814 524752599
-1
6133797 641425880
-1
-1
-1
36315631 459019018
-1
-1
235271072 382203015
32361476 55870883
-1
-1
-1
-1
16847808 98112209
-1
190299468 221614211
-1
76084660 168316963
-1
2622503 9621488
-1
-1
6699765 399935588
39707200 148812907
-1
159868707 162003940
2121859 25745230
313466142 423347515
106451773 868698264
30992052 160606387
-1
-1
-1
-1
-1
-1
129039860 324103641
2979288 395901289
-1
-1
292608 52339469
-1
211527 9817244
48107953 89536326
-1
81609311 591198296
-1
162924128 499605105
210028766 290727183
-1
153731058 201432733
-1
-1
-1
-1
267667641 705879866
-1
-1
-1
-1
-1
-1
61786561 373571836
-1
221181534 749426087
1031468 222265581
307910121 386775746
282439678 582020509
119147890 442627039
-1
-1
-1
-1
-1
25840495 232504744
-1
-1
125349240 384779579
143768705 270118784
-1
2636122 173737171
289228656 581289281
-1
8989151 9681140
14301929 679002344
-1
-1
-1
68418204 747622033
-1
6609194 33596247
-1
1426433 1653470
-1
-1
-1
-1
216468737 366185964
-1
-1
-1
-1
-1
155385451 193856172
-1
22257096 158874913
67169835 575238938
100581284 384863499
-1
365258748 373266665
14780153 24947030
22431270 34150729
314101970 344448801
216442 4988899
-1
-1
58301778 95316949
-1
-1
39280670 350360487
-1
35140704 302883133
209621339 237541682
-1
5869905 12116842
117383993 157488746
-1
-1
210236847 518923924
-1
-1
-1
232349259 428189492
483151506 512811593
64779099 769522804
50923299 186820730
58027345 66289836
-1
-1
6584857 51523210
35833168 270547281
54505526 198850257
-1
-1
57955834 818510353
54548526 98222803
-1
17501815 516428544
63534781 836847022
62213246 897229215
-1
383416694 468225077
239923002 256832357
-1
291971232 394552615
141747318 148808345
38150061 735024560
-1
166358671 205028088
-1
-1
387276361 598327152
-1
13986047 50512152
12125997 109617530
12705015 27368572
126237300 291773479
-1
-1
-1
-1
-1
103706965 131089834
-1
24897003 257612110
113600500 164670547
17671737 795221072
-1
87569988 164112995
99165345 112114664
932071 75619570
-1
250454924 284956307
-1
-1
-1
-1
-1
87771394 210230329
60347331 372685286
-1
-1
-1
188447418 197627603
11593841 224226390
-1
-1
-1
-1
-1
-1
-1
208813541 327404100
118592367 581407484
278075830 652647729
-1
93693275 156438756
-1
43079022 84553949
-1
242203589 496300640
-1
-1
52541885 102209952
-1
-1
177341293 740024976
231722687 253839062
-1
-1
46510557 191687296
29730957 752160550
21760160 121322937
-1
-1
230645608 312732919
47697488 63385791
262295708 711487875
-1
-1
-1
42645464 97284323
-1
-1
127887830 208535969
-1
104426387 265210260
16342430 131146713
-1
301105807 543301024
-1
-1
-1
25436899 54862732
96181195 181506214
-1
-1
172488447 665037934
1584285 15661366
32796211 187371642
-1
100601855 153147614
20790202 103059021
9975385 180109816
20142637 46587394
3941362 206544409
53041356 66221113
-1
-1
-1
110285710 309171771
208291682 325704981
172555293 577614044
8332191 46661966
219914904 722746727
19605658 615748329
-1
457941587 529585622
-1
-1
938828 28562159
332731141 413316922
-1
-1
-1
-1
18529902 188496089
228154226 713885633
158814237 280094962
-1
204681003 764586566
-1
-1
-1
-1
9026432 98915147
-1
-1
377453913 559199578
70197438 133653815
52661289 159470650
56521112 151378509
-1
7528262 21411477
-1
-1
-1
209388155 505854078
33594399 88055180
19871958 22378385
413091830 503579747
-1
29448966 42162995
141420813 778170856
51478456 390247111
252409620 267361537
-1
-1
85169025 176252162
237019139 722943734
96930354 412908523
16650081 380989960
-1
-1
-1
-1
-1
-1
142717172 451789905
23971320 29504317
211371568 305434005
-1
-1
-1
-1
-1
218184475 282327892
12634728 191139551
-1
51971397 552046366
305314906 412420363
-1
-1
122118081 267175042
-1
-1
-1
217714114 294582189
-1
-1
-1
101480074 158446419
88109393 228006998
-1
-1
987361 938719618
125902931 490658060
-1
-1
-1
18193289 58990022
82739576 535124607
13830961 125385240
7636755 12870224
-1
-1
-1
-1
-1
338295574 573394575
-1
-1
-1
-1
269690675 383258322
-1
-1
-1
8036155 102754474
143957597 617214002
13026510 21536233
282923180 443984093
412 6638599
-1
341233526 551519285
136057668 414049495
27733680 42250499
7526045 9103244
95068971 227520286
69140909 73550558
80377890 111720067
-1
119823340 587677527
-1
-1
-1
-1
4097775 6654412
116682396 347103517
-1
25288659 289265522
33326392 119813347
-1
-1
-1
298576742 625247451
-1
-1
-1
-1
225461861 524479248
103508269 213562792
-1
2432285 7597862
-1
230853172 711194955
1753045 31965106
-1
45661941 128547538
-1
-1
7917741 44211802
5923179 25590748
-1
143517321 801310250
-1
-1
7461044 243598673
-1
111427927 468019486
414441837 488002460
-1
10718021 66138890
14544440 359719199
149455686 489875653
27163793 33184478
-1
-1
-1
-1
-1
-1
-1
3660650 177979691
-1
-1
47501635 343365978
1258059 536026928
32295527 70467444
-1
-1
160856231 213205620
-1
41974833 176477794
-1
-1
-1
14344681 92656222
370799895 404792974
-1
-1
-1
-1
-1
-1
-1
21463287 483240982
-1
286089728 414750023
220742449 594058102
170582898 268660733
47545989 58356580
-1
5543195 45785898
61647140 177696359
-1
37598768 172270293
-1
-1
-1
72696832 343654977
65728240 98491171
-1
-1
147152370 393706339
39927947 205354274
-1
-1
-1
-1
-1
-1
-1
-1
-1
220716290 418566447
61871053 337836148
188076052 756890277
52330352 141404361
-1
-1
312308659 659560080
416378206 425256031
32175237 454503212
102181570 289346629
104739658 827792013
-1
43777148 372424413
-1
-1
-1
70702167 130257092
-1
-1
28815954 613701329
-1
-1
-1
6963368 18654453
55230764 508421553
-1
-1
-1
200110673 345429600
68846477 70670970
339495677 380282202
2180574 29586023
456390469 486985254
443912785 502252306
237712449 703805264
179086815 584100466
13807258 17045041
-1
-1
-1
49826828 221060429
-1
-1
-1
31519411 46065192
25920365 65791308
44791752 310794055
-1
10468777 190061310
-1
24209464 32403667
56313790 558447957
357693798 526781771
174932585 267832622
-1
37224779 185181168
87870110 167107061
31700177 37937946
-1
41026571 41376692
-1
174131847 279225056
19848819 697724638
12139423 379504848
83492357 752679242
-1
48540141 51545860
80928110 105308189
78680804 615230195
198176180 458783339
-1
91916392 97342599
29086157 642979964
-1
-1
212849320 447886779
111624227 237910734
116472356 278405583
166755735 449532614
-1
138592487 313213872
-1
2051448 67327219
-1
8648584 93885205
135609630 523827719
-1
282832825 298430196
47091305 208859504
-1
-1
-1
77754116 122403957
424486285 508081146
-1
146019922 146989075
-1
118409068 680022633
494027329 498979198
218965818 602260255
34022284 62885025
6536022 36791137
10556336 23466405
-1
-1
278840234 497994479
-1
-1
-1
16105707 191159914
-1
71157330 141998531
-1
-1
-1
160831662 628779131
82107580 252588807
-1
14095914 54614485
-1
-1
97444439 626206754
-1
-1
-1
214974245 246215816
-1
1523947 80770182
-1
-1
-1
38315289 214707974
12294821 31879668
57429519 73430722
1567352 541322901
-1
-1
-1
52984197 149934976
-1
-1
61960594 67247649
91760708 784818575
35715358 415759131
26827763 32030496
326413711 606963036
-1
95207369 296275098
153794763 249467834
72359007 631456024
37240713 102664784
153845871 252085558
46290462 139690705
19009583 91788096
-1
-1
-1
150541503 154032710
-1
9610620 73779481
-1
-1
72709791 711953366
-1
405258935 423712458
-1
51622869 776506540
-1
-1
-1
17038769 54639804
22911417 86534984
-1
109901199 317057488
235411007 473602752
-1
-1
-1
42247626 257688973
-1
35702488 446521405
9943245 116654056
155052064 579483025
84495042 564028871
53722731 132667892
3805978 33667099
-1
201336352 633192517
-1
-1
-1
120667261 570205078
4428162 8060165
212368195 226155612
-1
-1
300470812 416336445
-1
-1
169584286 174658755
244358799 470802542
178140 86203999
148790629 734006490
-1
-1
-1
-1
-1
-1
16174 59079
19504587 744606664
66314735 136958084
65350065 123963476
97827116 349096775
88040397 424747972
-1
282389896 409941463
45602979 52612910
-1
-1
39887586 138251231
30045709 142682662
-1
-1
34996020 117142867
274261585 418629832
-1
-1
26848013 41487834
-1
-1
-1
21943606 183987733
-1
215608715 277366574
70488248 718734435
-1
-1
21337846 28396057
-1
-1
13349217 79583954
-1
302757014 377663915
-1
-1
214188908 276429291
325348836 416002405
-1
173104790 478881669
-1
-1
-1
57561522 180768965
-1
-1
251050207 587516590
-1
12673396 49299315
-1
95588703 653458510
-1
-1
-1
17353982 625425605
-1
-1
304386384 494848253
-1
-1
-1
-1
-1
36319655 208966454
-1
-1
26162868 235203253
3958557 528754474
-1
-1
-1
59732709 181018930
-1
-1
44863888 525436195
-1
235705584 662845987
-1
317303073 507435514
20112816 71933825
23679470 114807621
-1
-1
49157784 196898687
-1
-1
-1
-1
-1
19094889 120879892
-1
-1
77431081 98431030
-1
192039380 320180729
-1
-1
7948721 7991106
-1
-1
55202939 128583308
-1
-1
-1
-1
-1
141779687 171737190
-1
-1
183754663 575987620
268657954 667918429
17123584 26576383
-1
105863968 405014845
-1
-1
-1
7896336 201418645
-1
199363900 655974523
303524340 538942099
185853936 209149027
-1
-1
-1
-1
69239005 433338804
156901062 767548085
-1
142195062 472753351
-1
-1
176254756 463907421
-1
-1
34002236 90729237
31207532 68064617
27686019 576455444
-1
213008354 337839747
419791903 508603008
-1
121681694 460950509
79743339 272776870
185498197 638832204
-1
222582546 402095533
27997489 500444562
-1
-1
189855284 495617375
-1
102629913 420595688
-1
-1
-1
-1
421432154 438818085
144408765 263407172
-1
45875252 709450301
10679627 252982172
-1
-1
-1
49471076 162797993
142596782 153962127
-1
32716652 49500269
-1
3253319 673142288
333433179 413775064
48021795 476589652
-1
-1
15174777 153945884
62804180 149526417
-1
46471507 218001124
285901395 380689732
110000574 165171425
42074770 98542099
5945594 33796203
123171483 151133446
61337132 137823987
-1
276293890 303600589
8939714 682215183
111074006 754790325
-1
31643692 38136801
-1
-1
61644859 282991542
-1
-1
-1
69298632 747203081
150702260 398940089
114351086 366993101
-1
224514827 519546024
-1
-1
-1
-1
-1
18526682 213911079
-1
17881610 74790701
284731654 572913843
30693303 49660930
66061801 114103278
-1
-1
-1
-1
167869777 208993674
-1
-1
412995154 496131483
-1
-1
85189158 102358663
56390564 123561939
42023632 398734507
378246735 549058216
33175133 90138270
322043421 413727242
-1
-1
-1
-1
84379132 802903479
-1
85053257 518381156
38077067 113813432
-1
7256441 58459052
64820827 881229384
-1
-1
-1
87132641 568650012
53903535 593355562
-1
11786815 34968798
-1
34097761 95431426
-1
3691213 5703904
-1
-1
29487556 668016541
1208545 2058126
-1
-1
58098288 484216405
47291480 374082533
32936830 200870461
105635382 405908531
-1
26673848 241955495
-1
7573130 500346687
132721476 341542115
-1
98619578 429064479
83025997 304955274
156497212 157131517
95917183 241229580
-1
78105183 390242096
-1
331661882 521380911
-1
-1
-1
-1
-1
-1
-1
-1
55796151 77497552
-1
16516693 132083130
83419925 343672808
191751953 582520844
-1
21824032 125901927
30663476 34799265
2191628 791277519
31399249 146629774
-1
-1
-1
-1
-1
-1
1915170 32275229
348861896 587460165
-1
4778922 172811671
115621815 482705216
137419642 177016929
-1
-1
-1
532759 971513808
-1
75813683 114231096
-1
76053995 272348658
-1
13183604 20529633
-1
-1
-1
-1
47156795 130946894
102415 29718858
10940531 658945682
163395534 703717123
143083927 266886706
-1
-1
39430741 299618622
-1
384451284 480303559
94177686 490696105
1447093 55150996
56781867 433201540
-1
-1
-1
206471221 484057998
-1
-1
111126439 605900572
47871844 172395129
-1
-1
-1
115063632 206264621
236713789 514106208
-1
65684935 253633254
-1
110247185 786944844
-1
121899905 436479024
55672811 294054968
183004752 452861935
-1
71987573 347531486
77823961 535635640
-1
-1
-1
58912464 551612183
16165362 55435835
179213536 583582605
6603137 67663112
-1
17115498 82385149
-1
69789354 865663427
-1
134245716 678488443
-1
238513183 245129076
67848177 590544856
94817279 264278454
68794720 791891643
207536281 259723872
91607441 462602042
182314150 374940693
320657669 424181900
-1
-1
-1
23680874 910984509
-1
-1
-1
-1
28979043 203445566
11998874 198680079
189363808 376896343
2797993 302397246
-1
47795534 165531623
298002840 551903603
-1
10398585 290738978
63717234 230507647
-1
-1
-1
-1
36688861 120922248
-1
35938089 81311984
1474300 68255601
-1
9583641 576999998
103746795 573878996
19699867 139574652
71880090 100820839
82332160 467410309
-1
187564323 476262968
94124322 707466079
192423279 237661214
300095274 527081617
-1
-1
-1
33127475 186291386
126504269 260405010
33011655 304432492
46207785 127495268
26354476 28144845
-1
117419814 155715239
340906895 548146364
18027695 30143966
88839371 358550868
-1
-1
99647417 315171450
-1
62758247 552902030
-1
-1
-1
-1
128645942 402153515
-1
62364336 646568191
238609414 306809815
323037148 604339443
-1
-1
165513651 648902312
39851892 290628331
314087000 335992803
-1
-1
39006544 872294673
-1
-1
-1
55749938 255591185
78226142 678958707
-1
-1
-1
-1
-1
117795124 263684329
-1
409677 3317014
-1
-1
2751781 60731176
2273354 3704295
2306739 55743668
54694386 239683301
132754732 197886399
159664836 782187091
398828147 465186096
-1
-1
27743774 146703039
-1
9930678 229988101
-1
-1
274650990 290785967
-1
267383836 703743603
-1
-1
14178906 52787243
184837386 650926397
-1
-1
243008403 455645810
150564769 326066352
-1
-1
46720426 146686861
373565445 405015104
-1
122550058 159383439
-1
78064674 273203875
192539535 340536704
-1
-1
51842432 157423785
58978219 563915154
87574756 375051861
184837618 283942411
-1
-1
132792113 172288610
240105684 652764017
-1
67076661 505924916
-1
212727529 746651772
168946271 291024132
-1
-1
-1
135988892 349371755
-1
-1
317699246 671076335
-1
-1
272722437 537686870
-1
199182271 214465072
240438544 535256713
175664076 634145245
-1
95518934 643106853
89299940 113111369
156951962 319525049
-1
-1
238637628 538321103
99216435 169693106
6157801 9419856
170077218 716687701
117762691 187000206
357829892 570565209
15803225 77745708
121230919 667995928
-1
-1
55896280 360670177
219886549 691651324
127877102 340664225
-1
-1
-1
63665037 487426640
-1
-1
156076538 420183821
-1
-1
-1
-1
37838426 51437675
-1
53083982 244494017
-1
-1
77231802 691058597
-1
-1
-1
-1
-1
-1
-1
96880620 227244481
-1
136593111 309417548
415464093 529975418
-1
21752018 96760815
74747659 476249440
-1
128968328 130673039
-1
4054017 266872934
24543577 481949484
-1
-1
-1
-1
-1
-1
150572980 576133509
-1
-1
120608212 165284301
-1
308825137 537872080
15972759 392803108
97752046 576268141
-1
-1
74540981 719478090
-1
-1
-1
-1
-1
257475225 594588542
-1
102979798 119355321
329514672 500922967
-1
23194138 674012341
18245015 333222152
-1
60006065 228153206
-1
26838108 184733465
-1
117235753 163543866
-1
-1
-1
-1
-1
33711599 682304682
-1
4018857 19645402
-1
-1
223594699 615504168
-1
33092312 339331371
-1
69289723 446464668
61555875 553519094
-1
-1
86039695 345290202
-1
215223418 344806291
-1
-1
-1
151149569 265008738
184915392 236136439
-1
-1
47191676 153537483
-1
34271287 380265034
-1
-1
-1
146947058 796225551
-1
14498204 133657457
1969537 14105386
8642063 64080428
-1
-1
171672790 334301971
38986244 724756299
8809662 35850007
-1
18638740 125147131
-1
55280074 75812845
-1
59807099 212209418
-1
-1
83662172 412146021
-1
-1
-1
73040740 223494601
55849396 880125687
793063 92872606
-1
-1
-1
-1
26487499 259190758
132477677 347040234
-1
-1
-1
183458559 629794262
-1
-1
-1
-1
239619868 463212651
11113036 87765787
229776446 496616307
-1
-1
86329030 558510153
1743094 75389713
-1
94149560 193827953
26472332 727917965
25269595 178686666
19734445 174793012
34396531 386680980
-1
-1
245521061 476892866
-1
-1
52036621 111335466
63180416 155980875
2526817 416093844
-1
150161267 689492456
-1
37254142 392075257
72514796 82131863
-1
221326919 301592514
186067118 788345669
-1
-1
-1
250165196 425567117
-1
-1
-1
168794166 192706247
-1
129405771 139184578
3572292 26696885
14858821 223812588
47262358 491769183
1872 89441171
124613809 832307622
-1
-1
73091434 443732815
-1
-1
52276713 113598058
-1
-1
-1
57884355 678590686
-1
435456766 518066073
-1
-1
236936621 663938702
19356203 331549130
-1
65617536 232985143
58593086 93060683
35122080 873093407
-1
8378914 24313719
-1
161324528 356022021
-1
-1
58683598 154025169
18464875 789735376
271699210 475677099
-1
26600696 100605993
2278329 14585404
299100257 611372946
-1
33663550 106011607
421113104 503843343
239835047 613410894
-1
87900514 212600257
1003690 10172479
-1
-1
-1
12856497 44167562
-1
270230459 279585798
557799 4413028
-1
186033171 620607386
299238768 642049309
72638572 650388631
2244366 217657937
-1
40160684 154967217
56936030 198476357
-1
-1
25606545 27204938
26646524 390484077
313021830 624405911
-1
-1
-1
13802335 272042566
15775905 33424238
2970834 88800305
25380584 69929313
-1
-1
132760870 533542981
8130265 23520798
-1
-1
274666305 646973924
93373836 132208931
-1
20259211 247162498
60093135 901972436
-1
119877937 656830852
144133621 293831626
-1
128994657 182178916
-1
78851046 308028575
110436019 190959622
-1
-1
-1
-1
-1
130051452 290593907
-1
-1
33351822 94277705
286849434 357900775
69150726 743084597
107776767 421276126
-1
211323924 409970473
114579070 256910637
17853949 97922662
-1
26728598 633655169
2851197 26793640
308358893 615911876
-1
-1
-1
-1
280812065 492193698
-1
308755065 648767278
-1
77339895 745721924
-1
2060329 25275652
-1
119212037 236784326
111358980 690447673
-1
50947 2556270
-1
-1
-1
254011617 604791550
-1
4931562 120220825
154273 3850636
-1
77060001 482036428
-1
-1
160686886 485438721
5073696 351793081
-1
-1
-1
917096 90794673
276491968 619214199
-1
174390522 474770245
-1
-1
-1
-1
43579260 155574881
61729961 186386676
18489891 25581748
1707129 49008244
139206328 641270199
84489486 278981663
-1
3734853 598625680
269709956 515082411
-1
94571753 375711768
-1
2928355 213625452
-1
296655887 607113764
-1
10384104 799515043
-1
42557922 55227629
18752243 101970276
-1
145074596 710517573
16715817 53802472
-1
27132494 371120703
-1
39275223 843138944
-1
7554439 26144262
-1
48494216 396898913
-1
930700 62246053
367166891 450548310
-1
-1
3988667 57809606
-1
-1
58624799 142151034
370229111 439727672
11587880 22212401
-1
-1
-1
-1
15623651 52630608
11405929 32615670
277714173 366963376
126337600 863782647
70783931 101164886
-1
75430419 605740748
151532341 295717842
347476148 569698059
-1
2443226 39259737
95932716 209291417
1487920 809598771
-1
455209975 481580034
8932889 285949968
5839082 8656991
-1
91924012 99250617
-1
-1
-1
-1
-1
157072924 488397859
27315870 266712281
378506533 575125290
-1
-1
-1
23854826 67326447
-1
-1
-1
-1
-1
430506414 522941995
203979223 578607264
147657694 729990787
206429368 765597049
-1
404958550 524470827
22119007 34022784
-1
206187321 281017130
-1
-1
343956265 449517786
-1
2871 115528
-1
178603672 262705197
-1
-1
-1
-1
-1
-1
-1
359931611 384897846
-1
171283804 386127663
146337234 852069563
87286013 857234244
-1
-1
137507242 427166139
-1
102953871 617947438
100645188 710401855
76997807 111572282
-1
10475778 116720051
-1
-1
-1
-1
-1
47039151 489148862
44788894 223095939
127760491 532333578
-1
-1
-1
-1
69989385 166748708
20198890 43024057
19567493 512034660
-1
-1
-1
-1
-1
104737366 152012317
-1
163920946 552157675
-1
218178994 613330219
27888870 104742547
-1
138295896 147574123
455121947 515208924
394816842 398551831
-1
-1
-1
15551266 455891143
324660308 590274519
-1
43220728 270219873
-1
165241447 554290900
-1
203593376 683374227
-1
210429025 385576642
-1
-1
4044336 4545181
-1
289525429 467237932
20420005 479967258
49676280 564799507
-1
-1
224706655 368491096
-1
-1
40377057 64157426
2546484 15169547
-1
214356 87339701
72223173 181986694
133457379 157665268
-1
-1
22981358 40521311
22596849 131741758
-1
11337607 21904110
166354061 781719672
258140483 272632238
-1
-1
42464 1587677
175274557 305785920
150468073 685027320
143763468 466503985
-1
-1
-1
-1
399545034 541388227
-1
48528845 82900394
265574667 572433934
-1
54502516 387480913
35186366 66663197
28269852 195293099
28796243 202015110
266704879 654779584
-1
287091121 335985192
283913015 446328908
-1
-1
71200726 79213701
-1
-1
163914471 688843690
13851766 82658785
-1
18303452 172899801
21298861 283009320
-1
209801235 281615308
-1
33318220 72306259
197858224 493992909
-1
-1
6994550 432376847
-1
-1
-1
7676814 339031727
-1
-1
31004408 102408791
25596179 103377714
104656687 149425104
-1
63100404 374639567
83616990 100554863
348766792 421207269
-1
89409550 872402097
14201840 900695433
35956670 621951641
175381269 177341230
13068482 431749349
-1
-1
-1
-1
59018654 220737549
-1
-1
-1
-1
3303470 37687917
-1
-1
6931054 218681395
-1
28228519 499505698
143922528 622492885
-1
-1
-1
-1
-1
124422338 846127395
-1
189782234 371161679
-1
-1
-1
-1
-1
66989036 389781027
149558803 276386646
43037345 517385484
1005988 99878745
64438152 369724699
100988909 267917232
-1
-1
-1
-1
124475457 202651534
4295085 24533146
-1
28366996 32398477
-1
45277468 765258309
103240805 410983148
-1
54495294 54761167
-1
45181098 525001693
