-1
220627466 312246947
-1
33218224 558556857
225333457 739771890
-1
73403460 110701469
-1
-1
3855932 94306967
-1
-1
-1
-1
164376210 689208299
233335772 398132495
-1
-1
39738147 269716826
344311308 431832173
-1
-1
137549041 249490468
-1
-1
-1
180495636 445882021
14930133 613767056
-1
-1
408387166 525383845
-1
-1
116600203 119642280
-1
3773741 24101318
-1
13194655 123310996
32277043 88363648
-1
-1
29176553 669294756
-1
36480120 179973883
-1
275936661 648733942
-1
-1
-1
100538378 269042333
3294495 120023344
23298791 310536968
42724321 713299026
424101272 426859889
-1
-1
61901619 271888322
-1
-1
-1
193157256 223741355
154817309 318331392
-1
267967173 277046206
-1
19483592 150366717
-1
40773785 384247062
-1
22168539 74873512
-1
55691897 391459490
-1
22241322 827530747
-1
83575983 619461236
421066905 488761516
186706429 189507792
-1
220547696 615121497
31385164 582683679
-1
-1
18149344 199313697
61520827 708429064
11724712 186035815
75413548 212760615
-1
14546337 133187432
-1
37769917 266238520
-1
-1
-1
-1
4598768 42384849
117342317 578755220
32395258 372210423
57300390 578188957
260288950 390220423
18152310 261683447
-1
-1
-1
318012971 407271516
185751654 365114479
248660914 467106703
-1
9213312 279696107
-1
-1
105335164 116573923
104347673 273566574
-1
-1
183392615 677033208
-1
-1
225046605 455640158
8507975 51942386
8252584 548041059
-1
59386508 926612993
-1
-1
168258651 387402542
-1
-1
265972385 277167722
-1
417984083 440518404
-1
328099153 332801694
67746996 555458065
122930964 727999489
95203664 734120373
13101495 91109036
-1
161574469 367260010
6892220 154113033
319350314 559810247
19722782 131292449
-1
-1
-1
-1
-1
142038034 144619065
-1
-1
244955966 352984175
779342 5054069
8116040 820781933
242807432 585018971
-1
201120006 389542727
154894870 500409579
248515390 566674897
-1
66391892 192473471
27282629 52897550
-1
35067052 39512571
132413006 529530915
-1
-1
-1
5568822 308990405
52834597 101892160
-1
192413436 537402737
54301246 775210413
77891379 330974324
-1
14524700 188315921
22861314 28546489
25844061 116595232
