8234152 53708007
-1
64251449 380372240
-1
-1
-1
58375024 112078725
-1
-1
47522772 236881769
-1
2455407 3097706
-1
-1
8831992 654003595
-1
329327407 460743436
1746352 7911591
338249681 630243122
7250275 23431972
19428015 787394458
-1
-1
18534307 19914700
-1
56368348 66805243
-1
-1
35738337 224181496
61866675 215248292
285495486 332787821
-1
57644500 544761439
-1
67288201 79542570
107753767 187854430
-1
51106454 582717777
-1
-1
481820 94114953
127871813 639062574
-1
70506358 272309629
-1
-1
-1
386713938 591222305
15029826 59657525
30273776 216681827
195759832 502441831
-1
370209883 508622376
-1
320778775 417199162
-1
-1
2077770 206696129
-1
-1
81107658 246222725
-1
-1
43322 201765
-1
-1
-1
-1
-1
99090705 639518722
114920878 157124403
-1
-1
57814723 573840274
135836594 487416965
-1
10730577 64365952
-1
-1
-1
-1
-1
-1
-1
22464073 143533386
-1
46617201 257148080
-1
-1
-1
-1
7703671 34700188
-1
94922970 127146571
96202641 100280020
35253502 52976205
18194205 133309346
-1
-1
222741120 262149709
48909884 55002983
-1
63470661 144064228
86574617 582945932
134036587 462116056
-1
244518759 550969162
38303671 54650868
-1
-1
233545422 256384945
34674872 73668567
103864616 107457071
290270278 492028375
-1
-1
-1
-1
-1
-1
-1
-1
187991970 339643553
-1
-1
77420534 562499577
107598353 271625666
230437565 496935546
139520581 182006098
-1
-1
172574210 364925421
-1
-1
20241836 59128443
-1
186635672 780891591
121220 70138719
-1
92746860 149933311
14763881 189872948
-1
186650779 605912752
153658734 398829407
24655431 45953402
119698492 710547805
326462235 525702986
239109375 600394748
-1
188954613 328012840
-1
182499411 568145642
-1
-1
141515316 149125427
42814777 130957972
111356975 189290642
-1
37832683 521277214
-1
241203644 745281677
-1
-1
-1
23005237 247598016
-1
-1
-1
-1
352146846 373035607
-1
296085425 491642388
249298576 633946807
132577901 217402122
-1
-1
-1
-1
-1
324153727 512361072
-1
15555757 716937366
-1
403397916 407987513
165641517 222415202
34023808 226914729
178738398 604779511
-1
-1
-1
-1
-1
27057072 84020161
54791475 424865642
-1
72280357 668615592
-1
-1
242219 356510
73231245 99825248
-1
-1
199065670 733452187
157932053 760084754
51111370 272595267
74659079 298335672
-1
-1
-1
-1
-1
-1
14648130 113456839
212788648 487944571
-1
89328583 513711804
53240257 137116090
16484670 90235981
76822227 756489872
-1
65662808 481608935
-1
119191097 301960926
-1
-1
51414032 928537179
68663333 405667976
127981816 337451575
-1
-1
96204539 495677952
-1
-1
25632143 150721436
-1
280459462 294815649
75817690 508551091
-1
12599082 626927587
420920415 476792216
-1
-1
-1
-1
192070214 550645293
-1
-1
-1
-1
-1
-1
-1
-1
-1
-1
82909371 140291356
123469816 150747781
43914532 411990807
367084710 504825479
174530274 246966157
101918203 255681346
6585260 249008163
86010256 253115743
34170523 510095928
-1
13111309 44532874
-1
-1
43972311 73544516
63001838 645176309
-1
42965951 81661296
14788642 161029597
22233257 330879522
-1
6478616 578775491
-1
73405377 801755066
-1
14409379 461113870
73733302 739912551
-1
-1
285830858 682843281
-1
-1
-1
-1
-1
-1
-1
31793668 447771393
-1
-1
167215042 212916877
1716905 19416332
106782742 725955457
38612909 513635124
27378113 148926528
-1
-1
98014667 198644582
40107982 129806781
-1
324367502 646702821
56833987 146474662
78132030 353832707
107053359 164743640
21955042 364850115
-1
-1
-1
3574279 442980532
224061618 525597371
341487866 444792897
177607379 445073688
-1
40962159 163200418
-1
21692319 403133884
-1
12931372 93071949
274890604 318919153
-1
39587591 949385066
-1
117447248 617995181
184212852 213210299
50270984 191666139
284580994 661515375
56407604 142281177
4112055 577322828
-1
-1
4389243 23200756
-1
-1
-1
37964127 154038220
-1
-1
-1
181893446 250753905
6775894 8567737
182208891 469040222
-1
86182822 185278437
39943686 745266175
64568581 203351376
105713685 788298232
-1
-1
272715766 411825543
27647498 111729555
35035942 734367577
393482282 424859597
-1
-1
53669645 57233594
55417697 56467026
213309544 340184275
-1
-1
-1
32022961 59302872
12546834 229997165
-1
-1
-1
32016803 939858378
-1
25744923 110832394
-1
100349334 470054453
-1
773211 972754060
96338274 314816765
-1
26474989 72515758
250120582 593494807
138210058 725915065
-1
858498 27036563
13213225 13704642
-1
-1
-1
123607798 201321865
-1
-1
-1
-1
-1
94545374 623171447
-1
329026451 482637398
-1
-1
-1
191106074 274956737
-1
77331759 166536560
63198685 482587414
250741622 430079531
-1
175928075 347900004
13333857 93748210
69259876 827443101
48158124 234877843
141584866 412809727
-1
-1
32836305 89489642
9750253 117485626
58611991 124660858
69471414 135885175
-1
-1
-1
-1
-1
234055656 497563795
8685364 101770867
48761026 297674083
-1
-1
-1
4572212 179147249
-1
-1
108457738 307139043
103183335 278693878
26335535 95006304
-1
-1
158489938 504545815
-1
22165517 214417010
104185087 742907934
363037958 549257175
-1
16872105 117056548
47741368 122049501
167688376 667204615
2756694 66639445
14725727 20812422
-1
-1
-1
104047469 279482592
-1
-1
-1
-1
-1
-1
36817564 40565613
-1
-1
8184150 127304989
-1
22004495 748449936
-1
-1
-1
162786843 396385094
39400097 205012766
146123259 228565508
14505883 25179706
-1
-1
-1
-1
260010420 301298281
-1
25420153 156816588
12503739 27549490
-1
219199904 506582799
-1
115841179 253528902
20543563 605777178
-1
-1
162142670 364281227
-1
44048220 181634827
-1
-1
-1
-1
10397572 220413717
-1
86900946 203203003
-1
151763117 307869876
146311339 486356230
72074766 729146377
-1
45646707 103649816
216482819 727792274
-1
-1
282484395 311047576
35235868 163828015
77222283 761345066
15870165 108199906
2608545 48038146
198004607 329794220
198181640 594325773
19476428 56114235
-1
-1
-1
394563661 401957758
11797196 420211937
87154095 296362952
296531347 603098400
32381065 148851978
-1
-1
-1
172433607 517630022
-1
391725310 558242617
-1
39870178 657748885
-1
160043673 775834280
-1
-1
20786251 56408838
101850471 168358978
5784863 452897294
-1
-1
-1
1121419 7294908
-1
155169206 754157567
2713162 141453205
78329422 154882779
-1
44207703 385750348
-1
266642038 407807761
238293699 301834168
-1
-1
-1
-1
-1
105506233 522102054
-1
170052253 174956448
64803418 70834153
81259117 606675474
-1
-1
89220645 733263658
360461698 370234815
-1
-1
-1
-1
4779915 5527394
151094824 275741305
-1
-1
1079820 62096467
-1
25415179 365395630
-1
20848055 478976412
5305641 634809262
-1
5419031 653789808
64752521 581016858
-1
-1
59120979 209134180
5640644 232114373
18229627 36327840
-1
-1
-1
-1
10130047 16600666
48611004 852321463
-1
-1
50632050 75408677
35481394 99811339
-1
-1
405423421 457883662
146972272 335994621
4360171 178821486
-1
95988599 244690932
300205712 536970911
14066861 440534582
21483996 104615363
-1
114687189 554393750
275056050 414612077
-1
218817398 353960163
-1
-1
-1
-1
-1
-1
11180524 28080253
160760354 206202707
100133203 239229490
-1
213860889 430754020
109947067 160422520
-1
16090445 462506192
-1
87421876 453715261
-1
113511107 586788902
67435496 650461707
-1
309843879 445719154
-1
-1
585271 561321072
-1
13757857 222165822
106350129 434154832
-1
26890679 116684864
362931549 481942064
-1
-1
-1
113897683 264491760
50932978 523711773
212500290 442673923
168508309 391356222
-1
406648797 437350376
69747673 205811766
-1
-1
-1
214073698 371182725
-1
-1
109788515 153229496
-1
57121377 815150960
-1
-1
71551474 128517079
-1
-1
-1
261184981 399626400
-1
376346757 572598992
-1
-1
264786915 564469012
-1
-1
130109311 191825088
266763 25357774
392009009 404630568
42872487 365414584
2581604 4214543
94540535 192209252
264327117 300015070
2060906 3230265
-1
15135605 82396176
-1
-1
-1
-1
85801609 532567174
130130324 305273433
-1
-1
91871105 727818308
-1
-1
225132884 351030315
25248281 529424928
-1
-1
44330874 57450517
38747509 50703898
108134289 154983970
48688504 440353827
-1
74903679 478130828
-1
180153543 780635180
-1
134345356 236592487
3200623 158876910
37153886 82505877
222742509 569712538
-1
226343399 346282574
-1
342983746 344886223
70065952 909180625
27645087 60331030
-1
-1
-1
-1
17133830 21510869
-1
249489607 533915122
123360832 250529415
97871767 131952012
-1
32380590 55868251
-1
-1
-1
299099559 434423912
125190059 330025544
303103849 371376858
69699552 568666871
188269255 779082588
-1
174965330 323139551
2879949 255483958
68815812 511387831
-1
127762377 582626446
-1
-1
21010188 82086229
-1
-1
112832642 623335911
-1
1639227 169948550
-1
137341759 677783962
-1
-1
-1
15574001 116258598
-1
11488003 214901740
-1
20289694 35020137
3843947 44787150
-1
-1
86756802 123307439
88954912 518870805
-1
25162248 419486633
15734151 532913110
351376628 600444881
-1
-1
-1
57554429 110303124
-1
141972453 707209684
-1
237932653 454675776
-1
91705937 241423352
34712209 96221614
268769951 365913762
14571454 225658545
81021776 84785807
319982952 381591989
22437232 28647409
-1
-1
-1
-1
18945883 84289336
247901748 751532923
-1
13498796 324995391
250646620 560169823
199417697 238336784
-1
-1
3705213 14793136
-1
8553719 190296902
-1
-1
-1
35103041 153992652
61104077 78860564
-1
-1
-1
119991859 411285724
116458928 654360113
207894800 671771301
149290604 518994239
110053302 527489375
-1
-1
-1
-1
-1
-1
9588976 282089685
59844446 144588921
-1
153334503 312401578
-1
65065521 259836638
-1
363088569 543284152
184909033 466533438
257412728 320661803
447980150 507629487
194978337 633124132
294193965 694648534
-1
34023314 545159243
257605886 306836331
-1
-1
-1
-1
76427013 123944414
-1
-1
79722727 797770696
60337900 307670107
-1
-1
13938562 271248309
-1
-1
-1
-1
-1
289014092 590510579
-1
-1
26065239 482395628
-1
243940002 621984857
15735420 389859083
319887768 365489263
93697216 340300321
-1
23781458 119343575
-1
-1
83225363 896108448
-1
-1
-1
1296065 689343474
-1
247516651 334831042
65520066 115895761
282688441 365518708
22054197 259245940
52500574 411623637
-1
-1
271281358 683397771
28576041 139306810
263910525 493301608
-1
9463393 14523810
13708208 117436361
-1
-1
-1
-1
96452200 536678407
-1
53578088 771340785
-1
-1
-1
-1
226847053 308046730
271169801 652045172
-1
48861133 53432488
209517993 418044554
-1
120107222 559358091
110597916 544005851
24183486 662879101
3759121 597289032
-1
-1
411817572 538135637
-1
-1
-1
-1
-1
190700513 269404536
3782864 21113135
-1
-1
-1
50032011 74984546
17523296 59584463
31192345 160530258
109916840 143918669
-1
-1
-1
-1
48211661 753083640
118503573 789343726
98280521 517261806
309508763 525629484
91282160 173819133
57467669 251736294
139084646 547618565
9287131 91763332
213116285 620450816
280263809 289265540
384835 112343686
-1
-1
-1
254722894 309756339
377101383 515755324
-1
340880512 387191617
-1
214007323 610189698
-1
23665250 45120443
-1
204581396 262476651
383312746 546620611
-1
61764569 220661760
82005750 334271483
-1
15103404 260102347
3004507 41755030
155297663 747985374
65649986 637301825
-1
75264434 293474085
216524875 441319876
-1
-1
-1
-1
-1
-1
-1
-1
13295696 162622965
-1
-1
260510400 665591899
-1
7695206 255181755
-1
58388806 516636475
56464934 299657487
179292180 285188113
-1
-1
330315342 586359871
-1
93453457 877389414
89270634 94524977
267831666 390584273
-1
-1
-1
-1
-1
-1
1111449 38524228
-1
-1
89063031 719322158
92934744 154644727
-1
-1
-1
-1
192527710 312512583
380086576 606704323
-1
206679384 585953693
-1
-1
-1
424758918 429888079
10053730 98017839
-1
-1
35636932 939618729
-1
26098868 29418665
21935767 25349524
2605817 46425212
-1
107843651 248828352
24020898 194423605
183107813 481031870
137012055 376997998
198708340 796890321
-1
-1
-1
55434308 155357579
-1
-1
118829076 511283471
60618292 68689297
-1
458812196 466968287
57338901 181747598
-1
-1
304404534 448224593
-1
11645894 23581763
194470657 707194834
-1
143242745 387300132
-1
94382963 192061880
-1
70618622 124131629
-1
222100137 265287644
167670759 604860628
-1
40369449 89097940
-1
34793473 118846788
-1
241110710 494523207
-1
84180110 300673607
232527836 606557445
-1
-1
55858278 201454031
-1
189165710 584355413
353203226 457420655
22104258 488256583
-1
-1
236246084 314687955
171948820 467013397
-1
-1
24636024 366734927
-1
-1
-1
-1
-1
-1
93910703 470511084
356777 938536014
-1
37646478 658913845
-1
144359680 693748687
16072173 19426910
345612605 467344422
-1
1978417 16986234
85537130 566823581
19307284 124747573
-1
1178515 4617148
-1
124725372 837187661
-1
-1
100031521 567574606
23789657 55982016
-1
-1
-1
-1
65391979 233011768
-1
167656855 237289194
-1
46807102 458535331
56829341 171840720
-1
-1
-1
10011538 22475491
370037242 435773121
-1
-1
168214878 212431475
-1
-1
-1
-1
-1
386322304 521059065
1601284 373315287
20126538 38177159
-1
-1
3334748 229116255
419277760 424563891
187435519 242488618
-1
-1
42436590 404727793
-1
114684006 155003017
231117705 235528928
-1
97931748 318967799
60391515 238699324
-1
-1
47727042 424954229
19149567 24022972
47087040 207694351
155900189 246348254
107975911 128908368
216501925 425365992
25179657 688986196
-1
-1
-1
237130028 267993623
6225575 27780632
-1
6466730 153027981
-1
131683100 595503263
3957376 309120517
7925912 986201861
42702936 59281091
142539268 187707723
-1
-1
290064537 615689590
-1
150952245 378640352
-1
-1
387559879 498840954
5217546 67619941
31138243 40641940
-1
374769678 525347105
-1
18473176 132067945
250655256 490420745
232584437 707283644
-1
-1
-1
4828443 40927156
-1
59607239 117621594
13502248 219917233
-1
-1
29443645 110083618
-1
193502209 369225114
51077546 142248435
3424294 41863617
-1
-1
-1
399261737 465133244
-1
-1
107239310 235011801
153169501 186701586
208780205 586840986
-1
-1
-1
358753242 420617731
14378730 970719919
263463671 301601418
84527703 121191430
-1
-1
141350638 249599695
22753618 205923223
99033423 854012180
58769578 293522941
-1
-1
111946074 412919405
-1
58274447 264656946
-1
-1
37816723 46658050
-1
172949893 226469616
96737532 437032241
-1
249769059 310706708
31138766 158520611
33755331 328652782
-1
1516298 155565639
40454998 47396209
65445754 188326393
-1
-1
-1
205087709 330533912
10078230 21295267
-1
316746949 572886690
-1
35526669 866448100
-1
-1
-1
47283847 542600562
115416876 773461421
-1
45977848 175932691
29252505 185622196
-1
74864543 101714870
-1
74761911 336518480
250962236 681113817
173057534 430600683
31942779 114530320
125663713 169837266
-1
-1
54518032 208296939
10541491 163779192
246141525 474076916
-1
-1
-1
103479581 293531468
-1
-1
-1
46396665 232656514
270877828 290878093
107977110 688320949
24916669 571929288
127230860 236754581
88720035 192915224
30434233 38700396
68343048 616535483
131993157 285559912
-1
-1
95906984 102766455
196008917 196698056
-1
-1
208917862 641283067
100586303 460420074
-1
84475368 800264861
-1
20498973 184069750
398752173 520597028
98175379 736565148
-1
-1
285720367 354263716
285317097 492956264
6833066 11194793
148703225 391427118
466459938 490523185
-1
-1
-1
-1
296790668 393580425
-1
66772529 117278258
121759084 172069155
40659461 124735130
-1
3429818 93925535
-1
93699162 249893267
-1
85222509 606738238
-1
-1
47298310 598361667
86924846 265921961
-1
90576070 850463413
101571843 165343868
118356184 232277607
5804517 132578516
-1
63513980 256710383
2647506 99293227
-1
106638192 395455667
-1
130150995 647079166
22939214 64696055
14269883 530207796
9322969 622252674
-1
-1
385578986 429108777
-1
16735364 50701683
275986986 393176741
-1
6715678 351995569
130543084 279398755
82334680 149074317
205208098 217599325
-1
-1
-1
-1
-1
-1
4363532 74453051
36155117 221543322
-1
196252898 504955409
-1
154329111 735844036
56943487 67835614
59011601 349252908
32752982 562337427
234534871 348308638
-1
-1
274797527 574627122
118569998 643154729
113011615 566646138
34372826 932006717
313536421 641948418
187256085 691852826
204479077 532061820
152422729 371394394
76723625 450483768
-1
-1
-1
-1
32971347 83945272
155175641 221878236
171326963 390466068
-1
49163025 57032954
75340373 214833986
-1
210177566 395168831
-1
-1
-1
375543340 456896299
-1
80992766 94685865
-1
107607517 173543244
-1
20704830 653565761
310875864 616702577
6082147 52704454
337007184 485358407
-1
-1
-1
60674704 240164337
-1
-1
-1
-1
-1
251647683 628708744
144219403 342804990
-1
-1
-1
-1
87710388 366198229
337687359 619549282
-1
-1
-1
-1
311113507 609987316
18506934 571962433
153859573 316131378
-1
-1
-1
262656869 501648440
176848673 542330114
-1
-1
-1
26540305 439231942
-1
83499837 189103570
15973513 81093616
29876832 204144077
-1
406185404 441738473
167080857 291399920
-1
-1
152962604 221588123
100714298 164330673
-1
-1
-1
455011829 462294720
-1
-1
-1
-1
-1
103139114 534911063
-1
25646005 321681708
-1
346694205 605133634
84026595 602273662
-1
-1
-1
6187567 29850922
-1
28388045 33495038
-1
267560741 520597298
-1
-1
119871160 427043907
-1
262245719 692155122
-1
69765222 587251081
39690069 194420992
107250050 839264991
82443988 122384149
196637750 645587133
-1
294312408 526585223
-1
10912071 24741956
16996819 43473678
112221007 123450972
-1
280176556 430944163
-1
-1
181922951 372256866
-1
320673571 535276122
373972234 574534779
137648010 487631147
205916358 563597795
-1
-1
108441505 382139724
-1
-1
54878863 324187830
21575369 371796054
276941530 699742701
-1
-1
-1
195751852 648193387
9664659 213776060
-1
-1
444764015 537071442
71786958 196422719
25046045 473049998
247167535 709891336
30056630 30872717
-1
95071936 113154567
734833 5047128
89407929 206520488
221968893 525659410
-1
-1
-1
-1
72249837 235244576
-1
91342368 99729239
-1
-1
14383399 26431948
-1
286076856 416701697
-1
-1
-1
311585336 460629183
-1
15752354 17955809
102629944 279545545
26967193 224485546
-1
280193653 554248584
21673729 99766092
83746569 320749148
-1
235399936 316503765
-1
-1
3414374 28228823
291049102 494956707
150791091 192227122
3658102 4050987
104145873 142481180
94740847 411518722
62351497 70392852
-1
195677447 273168446
179312491 683392426
-1
320691463 433037368
-1
100638488 279949443
16732570 45071583
-1
284636576 695919617
-1
-1
-1
-1
-1
163450427 520919846
-1
233734836 703842881
-1
51092175 52173388
9192463 27448758
-1
40908969 818558114
-1
-1
-1
110544867 159396934
6957574 325420495
-1
146932623 483927190
-1
100724909 138244170
-1
269353303 326034810
-1
-1
43266046 227238801
-1
-1
-1
-1
-1
-1
202634349 474326168
-1
-1
266734915 342660678
-1
120266867 292182516
7756975 559109608
21105985 60136782
125949674 640954155
221397953 337381124
76678097 220427406
12268232 788476065
-1
73378550 491834997
357296 4621875
56347953 56889454
-1
-1
-1
-1
86614086 277153603
134272985 233310422
60431178 517530295
223801561 456244360
67441371 100768246
191623509 398239762
1600212 23366579
-1
467822964 520338625
46758772 932148315
82784353 214577310
-1
-1
-1
62470497 378075194
44174249 245366312
270197339 372025188
361971815 539634192
-1
-1
-1
69127270 185644911
-1
3815953 5047194
-1
19669313 90820530
-1
340672628 502192379
7660930 86617047
-1
47268987 305524786
-1
-1
52258320 137311483
-1
40179726 89025307
58549235 136114404
-1
-1
-1
18991724 23298443
96375039 115040722
-1
118592295 123663154
69945211 668404276
8145155 128403318
568127 526576940
274429409 316639448
5591030 20318409
-1
-1
265804311 621129752
125124743 137789774
-1
-1
-1
30894235 165886548
-1
130792290 360046999
41373249 60567784
27940327 65305750
-1
425772427 467464116
-1
20705750 87898653
543881 1174712
65546377 929700240
-1
435590078 440559881
32386408 419575671
-1
21551535 110751904
-1
-1
-1
-1
107860990 493723723
-1
203104505 350365316
-1
105485077 282042534
-1
-1
129131201 364089468
219836318 726464801
-1
-1
97670953 145130058
19191424 651629113
-1
-1
58922685 515524072
-1
209741228 258344751
-1
-1
69106529 494211272
-1
-1
-1
-1
-1
187256804 220317137
156209872 809411677
17887371 43033078
39681733 840307708
77516948 180361809
-1
-1
8089962 23934221
-1
-1
23517517 256518324
220425708 322192343
-1
36977242 168306895
324757101 384774116
-1
-1
117477958 821313873
-1
81285133 272709588
23777877 295824086
86027705 514528736
-1
1923195 50214092
-1
-1
-1
-1
170518488 306122843
11998466 168884661
-1
27382859 251176754
-1
287385502 304212877
-1
-1
116332539 260007442
415668049 580663708
-1
28302917 125437394
-1
72747357 912666844
-1
435883013 513746334
68439615 374592658
-1
-1
-1
13505069 95841452
-1
23686528 287184063
-1
-1
-1
20281617 155388214
-1
116036222 206393049
-1
51541940 794851721
-1
42562289 140578778
50526220 168130879
3371330 198249527
-1
-1
-1
186648085 716840608
-1
155059977 388291712
76741442 287679521
198784975 525064902
-1
2741659 78737122
15605082 152959009
47623936 71273497
232258179 276265414
-1
-1
-1
-1
-1
584307 4300030
-1
-1
-1
207403018 261347221
127090616 471613863
302797105 403775464
-1
-1
-1
3607708 156596275
-1
243403 607008384
10845245 22499004
-1
-1
-1
190755313 307539936
44784788 96770793
-1
-1
-1
92812252 305541609
204823757 566773556
-1
-1
229824618 297460583
-1
95944317 415363226
34240276 67131213
247977896 472409613
-1
-1
173574521 486544496
85369184 159226023
27645972 68792609
235078951 666585348
115342435 474273738
160843811 232894038
11962351 914604826
61892719 198171942
-1
20944668 680680979
-1
209782182 626858801
-1
52030861 153061660
77152395 418794652
-1
-1
-1
-1
949425 11787674
15672496 50889735
-1
267436017 420594860
115495150 702205009
-1
-1
-1
288567016 385775985
-1
104418335 215051744
37712069 132031382
80993026 249405583
137053704 592700059
80934587 644804990
-1
-1
49640864 265760225
905 6912
-1
100857521 343213446
-1
321829588 598551303
-1
85864778 684815283
-1
10315606 877356183
127035648 146486261
-1
17592842 98985551
26707904 107211095
-1
-1
82052417 528110540
39316645 562960242
10248639 14580598
103476700 130543267
-1
47435888 508611413
194076689 630277068
45431171 256483842
3306806 68485643
-1
-1
315679665 644469674
18416684 431207949
108225506 365052857
156979629 558336338
215330173 590052634
-1
37715431 839806408
38795368 45731401
-1
476459699 521406188
14412995 60228266
-1
-1
-1
7080055 7614652
24856024 149693595
-1
-1
-1
-1
73807789 127529472
-1
81840317 727411206
-1
-1
364731387 472429250
-1
-1
77104597 238520640
108889324 197446113
105140457 211383304
-1
69297244 344354415
-1
38895976 250630281
-1
-1
-1
71147339 181561290
-1
-1
-1
81328011 671726510
81355274 721491143
485386 4112721
-1
308916556 690705205
-1
28854446 520951133
200660956 647062705
-1
96885216 160394897
-1
1366128 944581705
224558819 536187294
-1
-1
372677377 510412690
95816849 116640350
110315900 526188963
156678758 669479703
131371685 140746478
-1
-1
190838988 649050043
98469871 644317158
-1
-1
84899949 309102412
192179690 716579153
19980254 180693707
15349270 129004393
48748228 563032225
226443461 339941976
-1
211500167 335894636
-1
23194065 40241992
-1
45605759 662710502
-1
7659099 39757430
129813604 388821453
-1
193185578 193479849
-1
-1
450124747 459770572
42960675 370734088
8320055 85074728
212973086 437801487
96837687 325107370
152474275 263877106
1898863 48190654
337351664 375651015
76685430 81005437
41181380 310206737
-1
-1
-1
-1
-1
-1
273157245 386458552
306935355 516660778
307029854 646220447
-1
-1
31703919 231593272
-1
-1
247194240 335726647
356168450 410520867
88397489 594223734
-1
226098581 344769582
8994738 12825691
-1
-1
-1
140904190 245939427
4228541 839801432
-1
86328111 791379088
-1
174176441 529000400
221228085 468576592
109399570 359626461
-1
-1
30873236 291947541
3627181 5232772
-1
-1
-1
-1
-1
-1
89083314 151798919
227859522 539521681
41843166 108591961
-1
110371647 591075224
-1
-1
-1
316993364 485396765
285643623 332401930
-1
-1
-1
-1
25733342 483406031
26880073 827147334
-1
-1
-1
118826879 161937848
117136018 376547395
104055113 556569450
-1
-1
-1
1622529 558297004
-1
203325 1203358
-1
-1
38315356 165836013
-1
5912300 33091967
31872165 302197924
268197968 529702959
-1
-1
-1
-1
-1
215272046 486790151
-1
-1
107585874 121500967
-1
-1
-1
52430495 330937172
2797507 161798020
-1
-1
154203316 553026601
-1
31808777 99167886
85221232 159922617
87883029 132911794
-1
10025175 90773524
151213334 493595079
321378322 439049967
-1
-1
-1
-1
28830384 494771329
128138490 133977797
-1
-1
9000647 78258480
69944118 194829355
435512216 437501207
-1
-1
131976421 188006932
-1
-1
70512602 451653645
-1
82784392 516814719
16721400 159689999
422660246 573925745
200597415 345624524
-1
-1
57789740 167957667
190676473 333269080
156123648 172119623
366107793 384351740
-1
-1
-1
8830521 481259668
-1
190635888 277949261
63364037 139100312
165772327 730461204
12373373 156264770
7995355 85949934
-1
-1
-1
-1
59274448 62978779
-1
141444167 340730576
3394271 593681058
234206742 551474545
6889962 53019991
-1
266532006 488333411
-1
166903304 429096389
195964064 281487173
324115755 460574902
383175837 508564016
-1
161494761 303638156
-1
62655843 498790258
-1
-1
53690155 208115568
79510605 227406158
-1
25952335 38811202
-1
-1
251198374 271086405
-1
88098241 131925622
348213813 401243164
-1
-1
-1
-1
-1
-1
142589798 358308269
12810125 25938492
-1
2724422 72781089
268204604 275011805
172138771 332684706
16261597 47178106
-1
50467312 221039205
-1
-1
2066051 213152112
8465369 422784624
-1
6561618 234495515
40555622 697334285
49516809 112330222
-1
6308668 391949035
-1
14886078 79357003
-1
14436777 285162790
84656154 168364505
928292 2387877
18929422 82954117
148837830 258172841
-1
-1
-1
7157253 461941640
-1
9050612 39269445
110341583 140255900
134834380 305872479
-1
79554627 107805662
11062128 127005775
-1
33033658 276260785
-1
-1
-1
-1
474741728 508981281
248796635 703634024
-1
41698568 313685823
-1
182489245 444854418
-1
-1
261629694 572201075
-1
283085568 399761089
154861389 179424142
-1
53570661 117059888
251545988 379334319
-1
-1
228344452 526395129
44172688 798060523
-1
266087059 293550820
-1
70857581 129259200
18429138 82712269
-1
-1
73636647 191613230
313540264 638723647
123598828 622542331
-1
-1
458385123 512156786
-1
244288888 402115581
-1
-1
462022 15716325
-1
-1
10317555 78570082
204183375 495606466
14128948 208228795
67256009 289914128
88468227 123009374
-1
-1
65403494 696290195
-1
222850603 549291270
-1
14095948 525153111
339361252 651501175
-1
-1
-1
3329986 318997651
132256447 787803604
-1
21886187 25307450
73007678 144880241
-1
-1
359392597 603995622
4617701 51894642
246818516 258789527
11922117 158688814
-1
-1
-1
182963924 800741475
321398201 439065938
-1
-1
-1
-1
41113878 203519365
-1
58645612 77574501
-1
8172814 236295439
-1
16936761 37470598
61229235 296226614
22405901 35082602
39614176 735181171
202533085 350573164
390496525 515033578
-1
-1
-1
87823406 148515911
48471354 865198105
5829865 35848854
7098255 14026556
38231856 350718481
-1
-1
-1
-1
-1
-1
-1
34553286 826965347
274139470 310154269
29782670 39004901
39922353 706740346
297931931 364981916
22331444 279503853
-1
-1
205112054 733367303
270967257 484760930
201751988 492505403
219601872 741490489
-1
36843062 66902171
-1
4632971 249357176
761136 1474421
-1
-1
-1
-1
-1
13169085 469601752
17198405 945161846
-1
-1
-1
-1
103194341 212369870
-1
-1
-1
-1
20714775 196669796
-1
108790888 367740861
40536424 845543685
3248118 6500273
-1
5018577 79928420
-1
242671989 717708694
184828365 232778134
223115760 283762769
-1
17939353 26648796
-1
-1
-1
46015737 46440304
-1
128698282 158222025
14964397 172899330
-1
-1
-1
94148254 152684149
149116329 213336724
-1
-1
14511487 137926836
5908368 350013013
-1
-1
30090576 134392657
39208036 702809043
389057562 496397455
218159504 691202597
91683005 194008974
86253186 334954373
703626 126862465
112489409 648893340
22555826 915034131
189270400 367246399
-1
-1
-1
5055967 487867510
-1
-1
-1
111852593 153191154
-1
-1
-1
-1
100235494 175776919
-1
-1
-1
-1
-1
-1
72060488 908497281
-1
-1
246993241 567893550
-1
-1
22883039 883528328
-1
47953506 496752905
-1
2724892 49197067
56866395 58693906
32833396 53020011
-1
-1
179648696 704573373
6179464 173085003
83070751 156618150
213484016 295154201
92848204 388752675
294370799 405051350
183928632 234060439
-1
-1
-1
-1
-1
229776251 448397178
22324880 589737419
39509453 769813514
48046186 552201997
-1
-1
-1
-1
21358424 91995395
71465189 176232234
-1
247366688 561791591
177645703 212050804
201720390 219568109
-1
20070429 245643934
61555720 391193407
-1
-1
20752005 63190484
215519017 697051426
207577777 268619170
-1
20639080 159650551
-1
-1
-1
-1
-1
26877146 362432351
-1
187402343 375277550
87267486 265790347
60627123 126520678
-1
179064099 653701768
219734261 468139122
84460050 127580413
-1
-1
80664542 809762901
1426249 201208324
-1
-1
-1
-1
-1
27189506 368581061
-1
-1
80814932 566830799
117850119 323095040
-1
66242998 246178455
-1
14322671 575166336
31883661 75519430
-1
-1
43954615 89989372
81211830 92543707
-1
222752924 746499209
55543114 333876825
97939152 206749171
25253943 315870734
11782071 187671122
252652760 351224607
384934477 592498956
93825351 102346760
7337380 271080087
-1
59544632 131771147
225831219 580134478
-1
-1
7386636 57771997
138773096 648908691
-1
268965711 353850800
-1
54657905 363383336
-1
-1
-1
-1
-1
-1
14747732 77084889
-1
-1
35708395 40307752
114700104 471598363
-1
289525335 465955018
24175979 54654594
-1
150630320 212399057
-1
-1
60030167 252599676
-1
131453973 228527294
-1
-1
23807390 36695693
-1
-1
-1
16658726 237315663
105937474 151889253
119857692 221810839
154861928 289164741
6598953 30159344
-1
-1
155195793 266050766
-1
27738495 39222964
48887784 80823403
173837286 245325515
99259622 127660275
175753365 239087246
-1
96300477 266870746
25317113 170102814
58741367 138006780
-1
-1
-1
-1
-1
-1
-1
20459237 30646904
-1
-1
90023354 112072185
26596414 428005579
293600228 479015445
80004736 187970247
136674852 304562125
214914322 415112965
83519590 293554221
116812464 452846645
44916091 93653520
8056813 57092938
68944240 551951799
33850313 47382728
108342664 205904023
39165443 239045318
18543398 46304423
-1
-1
-1
31902685 33381376
50886981 168419896
-1
-1
20412843 56483336
12589698 60632629
-1
17652030 238670717
156149936 298430615
-1
58944106 131544487
-1
-1
7176304 58039569
424860864 454429939
54806021 134012148
-1
-1
20171792 365751411
28435751 47221718
83550800 172296713
-1
128855970 494578817
50047232 419646035
346092397 604449450
-1
53021238 141815311
45739525 843516594
298868664 623608135
282861964 483070477
-1
313387331 366115452
-1
184611145 280776538
227608057 285343120
-1
-1
8380851 925889956
-1
-1
330696891 342928648
123449109 502281572
276356167 722911780
-1
13451218 191791683
99475852 622922925
288745812 342706967
169443310 362606113
56939068 71168781
-1
-1
-1
164773462 209807427
-1
-1
-1
-1
12520175 552454164
15677721 59628830
74336869 164268150
12446222 112921287
210235296 732408463
-1
357783099 441305314
-1
234626202 529435205
-1
-1
72123061 84679386
77655148 353102233
-1
110637171 447195190
368538 13504999
17288959 111192270
35291143 370871476
211706733 780421468
81453554 582808137
188410380 570493427
8884661 180673298
60108806 60792753
297109342 416457361
112978532 220821497
6375548 28727265
-1
285472977 655752262
206358463 586573354
42558295 287033368
199619803 364132420
-1
-1
95677873 183391954
-1
44243871 95667776
-1
30418646 600827393
85000548 90220705
27569352 435371141
30487428 132030721
-1
-1
-1
-1
-1
-1
17727632 361987619
28379938 217501671
-1
8526195 68063152
-1
-1
106520205 121225906
5181430 307905793
12903733 33709954
-1
49029335 693495678
-1
-1
81263583 710958860
-1
182488056 353976703
-1
137797364 238638057
-1
-1
-1
-1
-1
-1
68973921 79016848
130231739 325103864
-1
908642 455460309
-1
265934467 725939554
-1
-1
-1
-1
-1
-1
202567035 492243098
58787362 395067121
365775539 523340100
-1
222518438 659803085
-1
-1
385313746 462651501
-1
4003929 750698860
7315992 42332239
-1
33345351 51675212
35079059 84825794
115310751 125142610
-1
-1
-1
91881264 169228103
-1
33552949 261344760
-1
-1
-1
-1
-1
120336727 129448992
-1
-1
73989674 77955975
258334014 379968499
-1
-1
-1
108731389 144918120
-1
-1
-1
-1
-1
-1
159403190 170028533
-1
10089298 38960569
374296642 561738175
256507766 565711493
307611499 378815274
7255085 140798508
-1
338827628 526593179
-1
-1
16657362 345660401
-1
-1
-1
1927244 4451627
7290513 198323510
25303413 790081880
137162929 310258560
-1
407796540 570738499
162643341 407597620
32464708 707750631
78145211 379707416
127713791 313295688
458243124 523602119
131174432 245728905
-1
-1
104527854 248626939
36461401 901306348
86093817 571948004
302018519 334194648
137042145 320162126
43017760 134135353
27248831 590062740
24667339 67965228
202026044 219418229
68414865 256700638
-1
-1
215694597 687069586
-1
103907612 237969311
-1
-1
-1
-1
-1
10525287 439445896
-1
42227006 519343095
-1
-1
39028253 420180734
-1
167907586 588715951
-1
-1
-1
-1
-1
106003292 214411329
309117922 630098341
-1
149834320 152625261
-1
180053426 282917183
-1
175503201 275186512
-1
58877112 272014469
-1
-1
36146880 69919009
11069621 84623016
-1
11736320 979918241
36426266 36936981
-1
90697304 335472239
-1
-1
2120109 6502774
-1
88806666 341408297
-1
-1
118455814 139860247
41642361 657778882
9284711 21534468
-1
105525383 299922398
39802056 103176251
267126899 661490828
55910727 238139836
6903921 56300420
38238750 203784173
-1
-1
-1
94810731 339283376
10834885 878956734
64214683 220977748
-1
-1
13990019 23389332
35290166 309328883
-1
60527530 537998193
-1
-1
28967737 468231132
-1
-1
-1
-1
71601654 216878309
-1
-1
396265294 491868889
-1
-1
-1
-1
-1
-1
-1
-1
-1
17772352 554088681
-1
280122795 519864124
13539043 832138368
26867413 756316774
-1
304200164 313896299
70468352 207778697
-1
-1
128388495 183137072
-1
-1
-1
298468052 635859735
80457540 309441247
40197715 81575472
247598414 487493459
-1
-1
21566092 934725765
101147541 191505308
-1
-1
65646329 233483088
-1
-1
13619609 145180118
-1
128432185 774668724
-1
63459148 82661721
159586816 296462181
-1
172573613 540630194
-1
166934243 366728970
267335095 294621358
-1
130375355 527787498
253848035 414495702
-1
-1
-1
22844140 166600761
-1
-1
-1
-1
2062693 160891918
174923661 196871338
-1
-1
66486028 572566843
18885491 55640570
135258682 249954565
46606467 652218844
443961268 522656515
201964215 275593868
-1
214858335 353191802
-1
51275231 397552626
81838344 724322827
-1
-1
-1
233474235 476905052
-1
40084612 834315687
-1
-1
-1
-1
143403962 546742179
138674907 530948524
-1
-1
-1
-1
-1
-1
-1
13454226 78020237
-1
9415601 13122080
-1
137811607 628665514
33022201 342629562
360756659 535306794
93256199 215243318
-1
-1
216597761 321022086
-1
-1
-1
33209087 37440710
-1
99188205 617240734
65876254 165325419
-1
-1
-1
42826536 238546811
58675390 296738341
-1
-1
-1
-1
-1
12265441 552629776
-1
-1
-1
-1
-1
-1
206178968 491165445
290812440 599474513
-1
-1
15466117 53051194
50459676 251948263
130658176 211721845
-1
36162635 88727496
-1
79472645 473243712
-1
-1
-1
-1
17503615 48549706
147894 61065677
-1
5354841 143541736
250391901 359124098
42907133 152702744
-1
68140724 75340847
33900023 83383620
86003841 319836392
7036315 42734808
-1
26465365 241136584
133027543 767225896
-1
73991582 146510627
-1
132518988 518174773
-1
191856380 544075917
172058804 264360227
-1
-1
75820278 718515265
140799959 792382314
52645638 804279593
-1
83948061 157922236
-1
-1
302895058 392931805
267156029 437028824
-1
-1
-1
63566719 248772312
-1
-1
-1
10989065 245528264
-1
165320559 749801734
-1
87108764 181534865
14312354 18358565
70317125 79658126
23640298 58355335
9832824 360383419
-1
-1
-1
238322460 291725323
85231785 411941768
48162162 62709017
53527937 154440246
80547311 328187420
42122743 406530136
-1
-1
95436930 351732109
-1
213258087 289455200
42452372 81284645
30551416 199932813
-1
6263810 108102257
-1
-1
-1
49230801 98193166
230524714 584735877
-1
-1
29958446 55717857
112857762 335612699
132583596 353193205
-1
-1
269167431 706489868
79791218 649038101
6509222 497381577
-1
87205395 163880494
45885701 410015718
16852229 937476072
-1
36379871 280844558
-1
-1
-1
12875573 37440956
186244095 765869222
145437482 644053287
-1
-1
-1
340265378 656869275
52821529 494908072
117173445 550616498
27434335 467318466
-1
-1
-1
-1
-1
24986234 125385837
-1
18397369 259327380
-1
3668489 71472818
-1
5595982 7495521
-1
265951527 396528436
-1
-1
426582993 542609416
49177786 51045037
-1
234277211 429182618
45382521 329996482
-1
181850891 288004280
66870062 110457665
44043451 185093388
20501576 88262165
-1
37752991 56893620
-1
11382391 744959830
152226836 273467691
74562924 609329165
2586642 708105517
-1
-1
19606322 217848117
123724588 189802149
-1
-1
19188553 739020484
200568587 363218304
-1
240278013 386065780
123495966 660648217
11493756 165294073
140412667 590376846
202174902 725175677
84053155 628859602
-1
13315908 661379369
15483981 147163646
-1
-1
41323581 337262156
49849774 232319013
286582482 532475759
-1
-1
-1
250068 1412399
-1
1845631 17344866
-1
-1
52162613 665853788
272029334 350512899
-1
-1
136508904 336237187
-1
-1
-1
-1
89466274 415800655
13692485 123612674
344414024 589689765
67851934 249401157
44816514 45316099
11000894 104132867
44432913 104206216
36150018 538256161
24459447 43302782
39139340 230060321
188284447 494197426
-1
19317470 198774351
-1
43121009 59838108
21463081 49703928
-1
-1
-1
-1
13292943 72624010
1134194 37346097
336616398 474765353
-1
153307065 524056618
31917480 72664649
865755 48326222
35804393 86748396
-1
146000141 405549948
98053883 299636444
-1
-1
