-1
-1
13395752 384450225
-1
89131001 167726448
-1
9437062 69728335
-1
133762661 690622748
120708573 607334306
363398796 469459283
-1
3969673 433930180
-1
17007937 61004446
6566365 92683564
-1
68142806 183318645
-1
-1
-1
100018029 818685518
-1
8358259 214008124
80761415 864341148
633246 34964273
10076339 49334814
-1
24234791 683965112
-1
94145703 206875874
147753877 481984702
-1
-1
2954357 13759374
-1
-1
115777468 221780619
-1
33429824 310575623
13762132 161882587
-1
38523319 440452102
78114773 109972944
-1
-1
46482720 49903567
160902236 453453075
-1
-1
24941720 262331843
-1
-1
385934 359253279
-1
-1
-1
-1
-1
-1
53755071 151214312
-1
-1
306184204 674595643
70434074 271980527
60440483 105656898
-1
196582669 338607292
-1
431274312 557656331
64535748 143816801
-1
220731121 232335442
125678955 188279996
265539585 496172386
68328464 79423473
35242267 236041624
-1
253892538 472130939
-1
-1
235589542 678487977
-1
121664003 547337508
66279111 241505332
-1
231405922 580137961
188296188 674929015
-1
-1
29568811 420785182
157068177 568501406
214373299 235649262
2460673 344614054
52905352 109666105
-1
-1
-1
-1
13953062 51085697
201080632 204643879
-1
9984480 135837023
11418227 57898586
-1
120922592 392073371
6670314 561055115
-1
-1
1206973 8236336
-1
14685364 636897457
21748442 116758401
4907158 873328789
60161440 302115367
22036317 88206230
138726749 348675722
-1
-1
-1
253829022 416206697
124974181 212465242
2232169 165656820
-1
-1
-1
-1
11795847 63760906
174357808 466884865
28405192 445632987
-1
-1
-1
1795363 254500546
-1
360745 153442722
43224394 240159183
-1
17083804 117081495
79048526 413153367
-1
42927177 821754574
-1
-1
-1
540352 498719755
-1
15625952 43561661
257173106 532310423
257447760 396858703
119135045 485373498
-1
161323935 278092816
23780042 31425467
30947989 36010872
-1
-1
-1
490340350 500356509
-1
68984144 303804585
463131342 486447349
-1
39881886 152120957
-1
242141283 303275800
364026613 556019706
-1
23666273 31687640
29850571 198259908
-1
-1
-1
-1
163787808 197329499
-1
40278461 98109210
-1
-1
-1
-1
-1
77418487 422406070
-1
-1
69003761 491962020
13902227 182808830
-1
205442984 257996297
216146760 301605613
50475847 79932874
36112250 137284713
-1
108617787 310289092
-1
-1
-1
221195463 447513458
-1
362904136 428340055
-1
-1
-1
116318880 258223187
39716913 96193084
72327443 472180460
184574269 799350444
-1
106871011 879703120
346526395 469214136
197369885 252909836
-1
67150612 298864651
164774745 412095448
-1
210527517 421866220
-1
49450572 231459727
-1
-1
-1
-1
97123360 348953959
-1
238512610 485365929
-1
35540257 850871226
-1
-1
-1
8887457 539084522
-1
-1
25005978 194000255
-1
256308456 603111631
-1
-1
-1
68742835 195447508
112674520 136700301
176831413 570017650
143299328 271209353
-1
-1
358167577 496166070
48583687 513391542
122372846 288780107
-1
273645423 695580946
-1
40702226 460136897
249555004 631970287
453025430 486696209
-1
-1
92906693 571675284
-1
-1
-1
111581156 124964135
65153302 399321231
-1
199394722 491467777
264200352 287682491
-1
-1
25939779 50062438
-1
318418540 405487183
-1
151615977 176681026
129166082 299434715
-1
-1
12023381 53644866
-1
-1
-1
29691758 35049383
-1
87968098 559797499
133859158 146644669
297411590 322672989
114697156 684192877
227610072 331308989
57851014 197286985
106368844 538199599
-1
11078926 880667763
-1
261817721 343386288
1774720 97863381
145067523 810462880
343777472 627127539
-1
60446889 73407262
8042879 144067094
-1
326842031 599552990
-1
-1
-1
57317163 198501434
-1
11937721 154503492
336968750 447155427
346134688 356248849
42840634 219434433
-1
103890021 128924216
109715567 869129952
-1
-1
405313359 505680250
51945947 136093572
-1
193365599 442601682
-1
182252978 731926415
-1
193855467 672098716
35576266 81001473
-1
-1
48862964 651218403
236190262 750846249
52030028 252091161
-1
-1
80198195 311512716
-1
-1
49201518 415223243
195736626 549943181
95017903 780447780
324029804 637442403
173980390 704344711
-1
-1
-1
128954049 802797754
-1
19525704 499848493
385362984 574214815
-1
-1
-1
-1
-1
26274160 473692023
11025389 23280812
-1
284065744 668225853
138534701 589068702
-1
127280274 236183215
-1
-1
-1
57098898 124294001
-1
-1
-1
-1
-1
64417680 325324249
-1
-1
-1
239013263 311068244
26177900 43557671
51704000 260630571
95512117 221627964
50813365 308541342
-1
-1
389408018 410365095
189614963 526022046
-1
-1
345931080 350498021
93842507 431286360
312140437 455141776
-1
-1
-1
-1
-1
-1
-1
41898912 192305351
68873154 74238593
369001332 582955925
-1
1067504 1855337
36365163 157661510
-1
-1
219165244 379224819
24301898 398780481
64446583 100290888
-1
68803890 148495097
-1
111331022 484601285
19429232 281576687
168727294 340668507
-1
-1
-1
-1
121306098 221665873
9880135 309964128
-1
-1
385894167 560769556
-1
249486843 315211696
167401701 680855168
340084507 384208456
-1
98446255 236695362
-1
184808789 212159004
-1
7361470 324935809
-1
-1
-1
115823032 713925367
89653022 272713721
-1
-1
-1
-1
61458451 134738248
2903711 49744650
33923354 46576115
288948719 316149384
-1
-1
1101742 12108685
42618403 710481180
324299779 493875330
-1
-1
-1
-1
6927443 34241028
29145051 50881202
-1
85757867 372439680
-1
-1
-1
162663695 203829878
196996672 388762399
-1
31338302 33996791
-1
-1
198359289 727969462
-1
47276460 239487467
-1
29037886 98604697
5189653 923612344
-1
15067248 779327341
-1
137228815 148853922
-1
141116892 571180489
117153171 853554596
72033122 187198589
11192985 102521744
-1
84471098 105479379
379080973 503649924
51987321 334743592
-1
49199337 106113544
-1
-1
43401542 59080329
-1
42329721 45116306
-1
147673796 157339755
173856038 672640443
108346789 303532972
-1
36085176 45092885
-1
-1
-1
207434031 402690452
348177600 353119987
91348443 327784910
-1
-1
75938805 517476986
9848962 852022627
-1
-1
378178825 430141942
-1
198696338 748734803
62400891 788148296
3356451 47773798
-1
135342243 177392170
33192125 255287796
69564126 281450275
26759466 490857253
-1
-1
165370460 330261627
33194140 553045081
73202241 169146868
3417505 44422146
59741579 509662734
319944914 573738587
265064197 521453004
-1
-1
-1
-1
-1
-1
21701513 576254424
259149334 592414045
-1
307401239 518395584
-1
-1
379687 919524
-1
-1
4072764 140017027
-1
-1
77824885 150818988
-1
38801829 498065552
34432825 692940156
10722143 646025330
526332 648273329
194304121 344073190
-1
-1
176623080 619065127
147493051 300549862
18997553 440213000
8986943 138949764
39723249 116778680
82748502 668938327
-1
-1
-1
209292286 781187205
-1
1628508 7889443
-1
-1
225837676 265957137
16195887 153730736
157719170 742567101
-1
-1
271284661 360139438
11192985 397876526
70355431 402502546
-1
-1
-1
151601362 405280947
1076330 20234847
166455691 773553226
-1
289391635 418605814
27702100 33236983
50592900 139214167
-1
25366769 63785934
-1
63660123 227664646
1918282 5297859
-1
-1
-1
-1
-1
4176818 25113195
158264291 189720732
-1
-1
71556060 724259629
-1
133024137 501136046
-1
-1
-1
-1
17489120 62584877
90693664 185305237
39012122 196893375
-1
130010715 223479704
-1
301423381 607081536
133011404 714331133
-1
9627876 21405341
207400620 306908467
-1
991336 1764453
16062728 248335619
75122 17415891
272329897 653301946
-1
25868493 503226868
-1
-1
-1
60095682 80105215
93093378 460702099
-1
-1
-1
173857105 223338318
-1
-1
41152153 214938628
15972471 16434688
299124463 337166706
-1
-1
-1
-1
28861511 184565972
-1
-1
-1
-1
32726022 137850491
-1
-1
-1
58546123 112871610
25687437 207848680
4541085 114005704
182485632 182910251
109807415 453552282
53804460 243490147
-1
-1
-1
15458607 113655592
-1
2011849 13788084
-1
-1
30398465 135453918
-1
-1
-1
124863039 226517372
63989925 387586006
-1
305747209 505692730
325406055 505769764
226036257 476654744
8329543 45817296
158857470 429705457
20676472 237492741
-1
-1
51806235 571888274
-1
-1
-1
-1
58700182 256173991
34470190 789260923
165090558 728253535
32122599 495766852
96014342 307908857
9772061 98183492
101557859 168194132
-1
-1
-1
240924256 503756745
18757942 154832289
756021 6294760
-1
230765598 735995611
-1
122793833 367419936
-1
27647478 702093949
8026019 66844388
93753468 185447591
-1
-1
-1
138728706 807509953
27896495 109403334
305483374 649602267
-1
-1
179090822 321378947
-1
109620806 299592893
9937570 65472099
-1
149738056 549616945
-1
-1
-1
-1
-1
224283563 302521500
-1
233217142 738411379
16048770 21562781
-1
-1
50628562 167674561
-1
-1
-1
33307931 83405828
24245208 730562371
-1
30390467 179859582
-1
185955589 576636928
91490497 297617064
-1
-1
448081417 513976434
279506210 414121391
-1
45094840 356468869
-1
-1
355240828 601164045
75057558 312797509
-1
28866734 421170485
-1
19687740 682446503
-1
20821666 689725195
-1
8094400 598375839
346261316 448613511
-1
-1
73318756 162338703
122633874 859004197
107933992 424302211
183925013 406220000
4931238 728116159
-1
-1
-1
1028691 8678752
-1
65240180 84223473
-1
39290351 73410422
44357967 196267820
4196361 174627346
114741955 724179522
-1
-1
166108781 667507692
-1
-1
-1
42638891 74179728
-1
430721631 458813710
129233180 493441227
-1
-1
309143963 311101274
871435 425919376
64629964 553713585
-1
32676426 38346413
332669662 386618029
-1
146730686 303082737
77168171 81102210
-1
-1
126026894 427644047
219432281 509362452
-1
-1
350722365 407711356
18588287 65268086
-1
88421353 629086188
-1
-1
-1
223852703 337400670
14708048 359915021
-1
68432997 194668280
-1
315133430 380164601
-1
-1
133628660 348463317
-1
109778775 631667738
209697384 219716803
-1
-1
149067066 399188923
-1
-1
185695278 408177091
6973846 83361675
23817145 692200372
30615455 48437388
-1
350382890 605197679
224416223 406978410
-1
244141521 551149238
8644503 105935800
-1
31963668 513298831
-1
8648896 227086495
42914219 431593482
-1
408768519 422442034
-1
-1
13435755 813830746
21143775 292244162
21237230 629414969
-1
11445910 143418687
141127740 167308519
14813288 23766509
295214985 543014054
65551048 125885971
5840891 257682020
142569157 224613312
-1
42073026 231683981
-1
420794296 472075827
113280998 148566131
12782157 562645214
-1
-1
-1
2193060 474432923
-1
47492074 550420653
252196742 309943055
-1
-1
-1
49869005 174658902
-1
-1
201636761 678895316
-1
-1
35195532 117150811
292924924 672185359
356873625 541472524
-1
111309301 170165842
-1
-1
59390097 135091796
-1
-1
-1
50593532 601392927
-1
-1
-1
-1
141940689 223031810
104821972 320271835
188730259 773004030
88578931 92039526
-1
336048774 464852813
-1
32150608 409177425
-1
145151203 411288166
-1
221007936 742419317
136901206 362704057
-1
-1
-1
-1
1772264 6867659
-1
125849709 214234400
117238539 120486514
257406004 534320017
-1
25519864 159939037
149962018 304439619
-1
259909804 624000073
-1
-1
-1
-1
-1
82731592 174299461
-1
-1
-1
306346868 527084733
-1
19205449 193160532
-1
-1
-1
221509162 446206969
290360797 387983460
33723491 922764632
24496747 313559934
-1
51575456 62107221
-1
-1
1004 5188835
-1
8906552 10259459
275605603 363584236
48640893 524055688
-1
-1
-1
-1
-1
-1
-1
-1
15330737 25055744
-1
40212538 314913223
-1
285374753 674915834
47148632 69840545
523708 12666939
-1
2881564 180002593
-1
100032309 271729292
4377351 26065508
-1
30305257 805570954
-1
108199364 295691355
18724905 25121866
41615857 403105284
194486762 671025437
-1
81110184 275610703
-1
-1
-1
-1
456791214 462358025
-1
-1
-1
-1
-1
130030162 248268555
-1
329272593 489831886
-1
-1
170575899 485183078
-1
115486465 580542126
-1
215283061 722183068
296601687 346468960
249994852 258499879
54716208 66419753
-1
-1
-1
51211615 51299518
-1
20570133 39144778
-1
-1
-1
17958067 262155022
62182118 201116171
298016182 659927881
102124890 165397829
35722746 787228307
-1
42201801 112595102
43639478 71598105
183282657 255710102
55450476 139497793
31620617 83157036
-1
-1
124382363 147645156
-1
3932340 835760131
-1
21672760 174670743
221810745 311071018
-1
-1
-1
42651596 91162691
-1
-1
162107280 313061963
80455233 350564036
-1
-1
177586524 186166339
-1
-1
-1
110129355 595590158
-1
37294291 272480380
-1
8782611 627044510
4018557 7138936
-1
-1
243651282 653963981
-1
-1
193789448 523896671
180687324 649565965
334980027 356034826
-1
63453625 96147972
230489394 500176153
8235617 52533486
13582784 38548059
197563951 562327308
-1
-1
-1
-1
43769229 217957430
-1
-1
-1
7781653 9348190
308274194 593202423
-1
-1
89345927 281593934
-1
109464835 241392558
118109714 712360529
323632167 331080614
-1
68305178 149772525
10677895 741126988
439410495 532122724
73799014 234712963
-1
-1
91086435 129465172
50788032 124579477
-1
107708087 233765390
-1
467224 2315533
46335552 224912591
-1
-1
-1
-1
-1
-1
-1
-1
-1
-1
25506755 779477252
-1
281776706 338679101
38639565 634777016
5705985 293084762
-1
98526840 766762961
2270833 146945424
-1
-1
16127767 19507450
19116811 365399410
-1
-1
129386922 160812901
164189344 725338963
-1
-1
-1
305106360 635962679
-1
-1
61702274 181512407
-1
63312117 135897184
-1
-1
72609815 174344124
65777178 103430755
248035917 728618590
57752002 723075055
-1
-1
-1
1769470 793351797
77928465 143075618
232550147 426958484
286215791 501316770
8250774 92818819
3091093 119193946
-1
110712422 342938255
-1
1173110 316035317
-1
-1
32093709 34376980
103428981 729903242
-1
170398432 495506427
413782528 522531891
-1
1256348 2476343
358784616 392583367
168964794 334339235
-1
-1
-1
-1
-1
-1
14797878 32063935
18465813 61941944
118771017 150170176
191923174 543562189
239418432 512384885
-1
-1
-1
-1
76463149 245903020
-1
-1
114083562 375555481
396616679 573912332
-1
-1
-1
7528428 35873585
-1
-1
62824174 108915085
-1
267247079 628679664
-1
9067088 31240925
22379797 889406632
-1
-1
-1
-1
-1
-1
199593763 464466108
-1
17988517 882842782
21410207 85018022
-1
-1
159419706 384138977
127823447 184500980
-1
-1
68873689 214513342
-1
79431738 447539165
186646281 778313138
-1
3699010 4164939
299646272 697437251
45437659 410070598
-1
-1
156585021 678658312
176175079 356580250
-1
-1
-1
153491111 785542610
-1
-1
-1
51685121 60486392
117892074 368460883
-1
172876651 363263320
-1
-1
-1
40942553 728349086
132772614 153711137
-1
-1
-1
4327404 5200897
3501772 6309031
148454882 175547681
25678312 206360527
176940496 248237553
-1
91664008 747624891
-1
47468742 486782029
38809124 68401877
13934734 62350575
22343181 38790302
188429634 455496107
-1
-1
176311220 183238961
-1
-1
174323164 623085285
-1
-1
-1
2766567 12473470
-1
-1
277381249 566270788
136854512 568057727
64016372 74596181
-1
45124762 309600039
33062961 908774396
-1
208897611 756525608
4787947 214904356
19591486 446952441
-1
71731016 106382715
69241747 218739504
-1
-1
-1
20089396 26788647
280901311 321481620
224525382 429617881
-1
42689755 804337252
114268532 211796021
-1
-1
18114679 30055068
120512353 194796478
389295580 590358729
294195392 526558079
270089664 708242135
-1
-1
-1
411440027 461954202
-1
98451553 170329254
3389980 39512961
-1
-1
81049890 406674203
-1
-1
-1
-1
-1
221148256 272509113
-1
386681452 394984579
-1
-1
-1
25806659 116934978
-1
-1
-1
-1
-1
78886309 630775810
121453652 460701081
248601635 330038424
-1
-1
-1
535889 27450254
430669084 454259937
-1
30737568 707486119
-1
-1
37674381 43691146
21378875 35520962
37251808 137652945
26894614 283412133
-1
173098971 561628642
-1
-1
-1
-1
115272908 115760421
-1
-1
133915220 139049963
-1
143109915 354324118
-1
196658685 704065232
367551021 505356680
-1
72266 764231
-1
-1
-1
-1
-1
-1
65834358 164954911
-1
37802238 769244399
-1
235777685 568816214
-1
-1
-1
52720822 566694717
-1
-1
115296061 289153968
-1
-1
67937028 112212793
14482137 48698654
-1
45472596 290628181
-1
2138033 8108286
2867995 3983578
-1
61539876 459064777
-1
64655215 70832848
-1
69982707 157400684
131066654 326158539
-1
-1
-1
-1
1730254 2163609
-1
26794967 30358652
90046660 148264657
-1
-1
112700177 432936426
247695311 343153856
-1
9791268 77757871
190235834 773249057
-1
67918238 167156675
-1
212127813 601044544
-1
8503597 213750042
29327853 169042454
120447229 150009718
-1
213998600 327739439
348734779 509424472
114889382 136245459
147994388 158513823
-1
-1
-1
-1
-1
-1
17281794 125602589
-1
-1
-1
-1
-1
-1
36149214 116222617
387346056 492005611
-1
7129973 120725180
31934070 308246227
-1
13946152 27810385
-1
-1
-1
-1
-1
26117021 228454518
3066661 12882222
62456945 301045322
146908032 243147581
67885394 158238069
22332055 313491346
96776302 206254017
102487524 166828685
66199411 154660402
923801 16994768
-1
46554031 156599398
-1
99249349 492163380
43956417 413155442
-1
234955075 267033366
-1
-1
146613229 673681098
-1
-1
-1
-1
-1
64274499 277095212
184188681 739646356
168948922 267412281
-1
-1
27736005 125318536
-1
24262494 88758199
131637356 294639161
-1
-1
945420 48282751
119273619 223511060
-1
27335940 719587067
97741903 261607414
-1
295113024 664403465
50901591 132076102
-1
-1
-1
-1
-1
80325233 90049760
-1
242078792 534527807
-1
11015126 131435543
-1
-1
-1
-1
-1
61501588 479891703
71187855 353909068
273146193 584584196
1608094 84752029
-1
52559358 72700723
172135785 290375584
3265755 23913682
-1
-1
-1
-1
186440987 344981706
9137223 494670176
-1
-1
-1
-1
-1
-1
16340218 78827935
55308971 305749508
241095907 255423826
-1
-1
-1
-1
90971499 193731704
35753524 75443313
-1
-1
410991535 445546584
119692821 373956598
39769547 78146522
-1
184424851 274766806
179763957 207397204
-1
71185823 127825998
176283203 253295286
339299978 572739695
-1
-1
131668165 603121762
171211182 796993291
135594346 849437935
17399285 178915334
-1
131040642 338511247
-1
-1
13969892 418412319
206805040 570462603
-1
71374598 288848565
43497512 423066869
2495022 5388355
-1
-1
358125385 623636568
-1
-1
220201843 374154490
-1
76402769 842241618
15418886 61062573
200934668 263454615
62835568 214400775
120597393 352546888
4538287 26260972
-1
123875605 755977618
-1
110833641 327999926
-1
14835419 187734350
-1
25781046 170317627
10676797 26581636
-1
177250584 407666795
40936215 82658038
-1
-1
65524639 379902958
27339089 322154708
-1
-1
21159279 67507588
-1
51493680 419346577
69500058 868074631
-1
-1
-1
-1
-1
240866780 423307931
6180058 109353583
66478544 617941823
-1
23825690 62083319
183520892 522569651
158456162 428634075
-1
-1
1565522 37830641
55909111 164419380
26032217 88023086
-1
1355909 17533032
299944849 626694862
-1
30879281 464128656
3145354 94960839
-1
-1
72133940 794903243
-1
-1
-1
-1
-1
-1
91423687 523172154
37351542 589396355
-1
157743071 162753362
54542092 900484635
27661317 258980734
101115002 606595775
-1
-1
2078676 41710243
-1
-1
-1
53675205 84832114
-1
187611875 655582292
-1
-1
65809989 209680082
37628433 283499966
104105207 129106022
-1
-1
-1
-1
8543632 95051367
79593713 614014694
32205134 507129905
-1
89965370 147492003
152634732 405095995
-1
145289558 375356493
82331237 759181052
-1
-1
61489524 171560065
47615957 188742752
-1
82280013 243811316
-1
-1
20002285 54856684
19218413 138556740
159755318 831694503
200563657 279724614
26622905 288939164
-1
151823236 822701587
260852038 388197903
5241854 23781339
296394777 382279196
28102708 100366455
95890121 355832376
-1
62868786 169734125
-1
225576204 622398239
8362829 483888312
7719434 344700693
75882225 307666328
31138811 54411998
52350115 857114458
-1
175871776 450824377
310768936 594822423
-1
-1
116019682 121824831
-1
-1
-1
-1
88630624 176739909
20651512 23354487
190599933 320182028
-1
-1
128678558 263466243
1951008 30337835
-1
-1
16276045 487767882
-1
-1
15229036 22133073
216030465 504296902
-1
112430430 579979807
-1
80959330 159426723
56886570 99068309
-1
-1
47059491 66514748
-1
-1
-1
116961941 445264352
111824394 213743257
128732448 296056073
59414411 350196762
101238068 497153949
57451598 192831465
312633870 556376557
22920460 24406179
-1
155221488 428339383
167587319 189947324
-1
64178999 584920698
-1
-1
-1
21267400 33754467
108795810 119929567
178660754 235575197
-1
-1
156699559 770020182
151700474 358904045
47285339 647704724
-1
-1
78975002 123117375
-1
-1
225796937 460104366
-1
-1
-1
-1
23015070 42349261
51394698 84061811
5477426 644171507
-1
7552817 37205282
-1
-1
-1
-1
-1
27502703 369081468
-1
-1
-1
141260715 420016646
-1
324072581 610010886
2411977 94454554
46431316 941205141
221636705 260534024
313818612 441828289
-1
1189629 3290690
340051704 415975297
370272380 381550239
177815099 459919104
-1
182293031 778963008
8834258 172783209
31387268 198635229
33646778 207834585
131265142 209810875
129070864 731124543
13851818 91085271
-1
26572820 133266579
-1
-1
-1
206952061 549901860
-1
-1
-1
-1
-1
283428099 668912098
248151611 458894478
-1
369136089 605012318
14178705 52860122
-1
-1
72758823 535341388
22726939 49064304
196350035 792673094
-1
88794129 320225822
27966155 91548062
20895939 389602090
-1
341278079 493824248
73545320 587594777
-1
73618694 116379305
-1
1101255 4722166
-1
43643928 262470539
-1
-1
-1
-1
238088150 339722781
-1
-1
15248356 173279575
-1
-1
10187385 554751692
-1
101954282 496011027
236026678 709126435
182443999 588746832
13322203 20704554
-1
-1
262702642 615123169
-1
-1
-1
200937654 399821983
-1
-1
426473117 477113220
80796928 407800413
-1
242341537 488165164
-1
32774056 141656007
109575372 250946107
-1
-1
-1
41967255 743519738
20892020 130044867
-1
-1
-1
-1
-1
63588586 451714425
166679080 406536963
13047082 23893279
197874883 583899870
-1
159766421 462671718
56369135 113857652
117279664 580318333
48843148 349296073
-1
53492740 354266481
-1
-1
-1
-1
48404161 162812932
-1
-1
39633691 947916766
-1
93576922 139702255
-1
-1
110503905 141757196
-1
-1
191989782 545175869
-1
-1
-1
39704889 193375444
73429073 239840064
-1
-1
-1
167627505 280789732
-1
-1
-1
5769811 105114910
37173831 104018606
46738143 116617184
-1
29848278 39831859
-1
23015204 189039755
-1
102913976 506854511
130364869 337950142
7412192 10890861
-1
-1
-1
-1
147179964 827443999
267789375 670279324
74184618 594500129
25723055 309421604
-1
41133660 882559109
-1
25037141 90197256
-1
-1
50292265 893878584
-1
204605788 350830705
-1
15174279 16914188
268271207 384358712
-1
-1
76800062 107671965
-1
27941706 31127405
-1
37050459 507444728
-1
52819873 57739288
-1
-1
-1
62453903 102386238
-1
-1
-1
289539968 431231025
-1
-1
-1
43577532 68313631
10288190 22884749
-1
55209481 165895122
-1
33876698 67582299
53459800 178832857
-1
129793121 167887242
-1
-1
-1
-1
111055357 171642694
-1
289170386 697201367
-1
17309026 185330757
33557331 55512926
217006691 318700196
178715411 435656342
-1
-1
132912310 659506081
44809571 194254616
-1
19649945 161463272
120228379 243756408
-1
-1
-1
-1
-1
-1
86300567 560405456
183378826 465055537
-1
-1
-1
-1
29469695 38969292
-1
342591873 396757814
-1
2036940 770058541
-1
-1
168897826 727396345
-1
1270899 4935298
-1
-1
27216199 828589380
8082558 45980951
-1
90277879 275155738
7069622 26473155
21536022 619897691
-1
-1
76648032 202172449
52692343 67974078
-1
-1
100885058 694460391
201639912 640061815
-1
-1
206948280 357820189
69383116 131909793
-1
-1
183732416 210901431
50089353 334404728
-1
-1
-1
-1
-1
-1
136888062 230158679
226584172 533639197
-1
5896970 74420073
-1
-1
-1
-1
-1
-1
-1
138502624 585061999
10287767 84723602
193149567 442964462
5822001 12717596
-1
13120800 131276207
-1
-1
-1
-1
-1
16053445 110847324
-1
14100601 96133620
-1
-1
72365587 95994520
-1
-1
15674862 113912969
365922537 515809514
87126102 175281605
98530828 718606173
-1
348737858 533650809
10195822 56350597
210556709 451389764
-1
-1
256871800 427070427
-1
11690931 193178410
-1
-1
-1
42237468 501116975
-1
25362486 32931733
21911947 111421516
75576158 533384853
140545546 239818237
169817671 805341088
-1
-1
-1
42363424 896863057
-1
166691157 631555510
14995930 126218629
-1
54361800 756962327
45675991 144451732
-1
-1
13567858 32011695
-1
22340438 410689001
-1
97715270 724506077
-1
-1
196502242 375445161
278112712 340418959
-1
241598825 280681508
-1
302610830 449609433
338921906 353712713
-1
128821188 202211659
179077541 212639700
2907134 6909825
262142299 322780278
75610934 88674573
132163482 716767247
74024461 405392872
3480427 333107430
1430488 8156421
-1
-1
-1
214961294 652178807
-1
-1
5674923 15480074
18470015 143562654
8492810 60312749
26136757 161905290
304806422 410656421
32033062 739022001
3192397 393893184
302300991 438218612
-1
165064753 821031084
-1
123901411 622554406
-1
-1
-1
-1
112980730 799758781
-1
139417755 570985342
-1
-1
-1
234018415 682794982
-1
-1
110753742 457754959
386688790 389023219
7582383 36712598
327683039 416003508
484049156 515886801
-1
-1
295343877 514538410
-1
-1
-1
-1
-1
17296573 40962066
-1
-1
126000615 131460362
134478315 192921704
-1
-1
143627045 398308422
2556604 3269299
-1
191929008 603106243
-1
56348405 803192952
-1
267505520 394032723
57516428 418677891
-1
76855054 183279885
-1
-1
-1
-1
9520004 895833197
187041665 480317718
161873844 216338383
85876241 286879668
-1
170594320 243432949
219114440 523109319
71351554 771471907
167925968 232445919
17500052 43134257
-1
11408241 438559280
42308498 814392005
303270416 305368023
-1
89474928 244502213
-1
-1
-1
-1
-1
-1
-1
222072108 432964003
16913791 80864688
15375225 186573832
27927713 58351836
30378677 372984716
17392053 101473186
-1
124994869 637537282
-1
15709898 977445593
-1
-1
236832728 407066933
-1
-1
279765451 293893366
-1
11312507 64800732
1006418 5169789
-1
152245610 603071291
-1
-1
-1
-1
-1
-1
286551718 447631939
-1
113738310 262492543
56997703 160089880
-1
-1
-1
-1
-1
11858882 149662617
-1
71373786 538716671
-1
292617390 657612731
-1
84545538 442018645
-1
3446087 43826280
-1
-1
-1
-1
-1
215138468 344129063
-1
81012716 377711337
-1
124226108 354460889
-1
9160357 155375500
37276369 837135030
-1
-1
-1
-1
173103047 737109030
-1
-1
38349945 57948898
-1
-1
-1
-1
77381487 851820890
-1
-1
-1
-1
74818128 112149473
-1
3253373 74519444
18333303 77024914
7329829 304585482
-1
-1
28552003 132660876
-1
-1
80862706 404853867
284768861 412970460
164586373 509414194
6214366 12147121
-1
26951121 178808450
129347574 159938653
141493100 757376411
-1
249003458 736645443
35768585 57007242
309879301 361441576
-1
210767532 409729811
-1
-1
21313320 43821821
3437441 6153116
7808138 117479795
149045318 420651123
-1
59126406 352858331
254575743 411116168
-1
109868680 210468951
183057603 302979790
31337793 132659308
25535335 266031102
9969303 542033648
-1
-1
-1
-1
-1
-1
-1
-1
165799404 654486575
24892852 339952879
-1
108999828 241332761
-1
77525919 172757678
-1
80308779 582284612
-1
211845177 629425720
-1
-1
-1
31486434 584252237
117588948 145545851
16516120 76951731
144711438 654688271
207680876 710647541
55960903 488702070
-1
50094563 75237356
-1
-1
346790022 524684035
-1
31351 29797060
-1
-1
-1
-1
-1
5216977 269934766
-1
-1
86680432 117483589
-1
4273971 84209702
13158462 14350501
-1
76467323 164675636
42117863 113274680
-1
17109822 31229221
227829151 418811862
-1
50173676 845552123
-1
-1
-1
212147051 231709952
-1
33138119 88197138
44850187 149426326
-1
392500618 587655145
614973 1358534
151637133 507229624
33649150 146367553
-1
-1
-1
-1
3654545 4150464
-1
71236145 178744842
-1
-1
-1
-1
65578175 197002166
145291 1860652
163311477 279639952
76723 210426
-1
-1
30685 221639832
-1
29442495 37452418
-1
14072944 46742799
-1
-1
3399839 114156318
-1
-1
92652972 142765075
611326 6359835
7092891 509132132
-1
-1
16107262 387884791
33499476 364153027
144694534 430601553
-1
-1
4543526 444356241
282876559 326347428
170047565 366050528
142377678 726740419
-1
-1
118272996 634475695
12907412 438588777
-1
-1
-1
189296307 609945130
225224 19370675
61521216 581843591
-1
212666663 282743768
458447976 515202265
-1
-1
96805466 216048227
49332586 269227713
-1
50204687 299131862
-1
-1
418721905 542434308
-1
-1
175353485 458842538
-1
25152808 437034825
20701630 104853487
196436897 249569550
-1
183167935 339406864
-1
72123696 292050265
-1
40370738 288092121
132028640 326172497
288522492 361926751
-1
-1
-1
4030102 35544781
-1
67680600 367133081
2160299 364653084
-1
-1
-1
105606662 172660185
-1
-1
3883186 4971801
-1
-1
3086926 136351713
-1
-1
102442096 385741921
-1
69594113 826163388
-1
-1
324039875 598743368
223630378 764401063
63784596 231326503
175328617 340681932
18055516 279684327
128587696 737215471
57858408 122161043
-1
-1
-1
3571981 72282256
-1
31713265 60084412
-1
-1
74261920 612541291
350386754 468899387
248879659 262133748
-1
-1
-1
-1
-1
33369797 204120980
-1
117033045 260211376
-1
52190556 209618395
419099507 474711212
-1
280536717 389067674
198280080 691902751
-1
308246486 615983243
-1
36087565 798293088
32096995 304549494
-1
71257274 177823667
18216712 68388931
-1
12822193 979638124
213834315 240613552
382835 113951018
46992439 58292640
-1
-1
239629732 280751211
49131625 339530938
-1
-1
-1
-1
70749182 139510557
-1
5048179 354036418
-1
22160422 697649775
-1
164605143 577852460
46428314 101369199
83553383 139384044
137581469 243098574
211895686 320459017
17946674 39172397
42202512 415711915
-1
-1
-1
-1
127203915 237902488
54557430 154854523
-1
167781372 396757651
-1
207218174 283854147
220549049 699591702
13568681 100402896
-1
-1
-1
-1
-1
-1
-1
-1
-1
29615887 338567664
35641305 582066482
-1
-1
-1
201613298 201842199
-1
-1
-1
39652503 237250414
-1
-1
-1
16528186 23301033
256135129 579974874
-1
26504523 155005924
16284532 356997231
314085051 529314046
32615226 118011535
39710144 123664967
194447699 397845428
-1
-1
-1
3343431 27229532
81069027 582624404
-1
10276730 254746397
64598089 102493390
-1
-1
43013475 202966124
19996613 564592794
21127416 324087523
-1
-1
312267593 505976930
-1
153216726 255074561
-1
-1
56935329 487033268
71705937 132465896
53142704 242342165
84025490 281636717
-1
343242880 372154917
20811568 104748351
414293898 460149005
-1
-1
-1
53607216 696949951
238654266 359736325
41327791 131730502
-1
-1
6754210 285740857
-1
-1
-1
19441346 700247571
-1
-1
128378630 532213383
97429937 378635390
-1
53835157 152191446
-1
17590834 168796089
-1
70023542 583748387
-1
-1
187663021 538307976
-1
-1
8071277 16021574
-1
226381575 394227244
-1
322294454 445675779
141500504 141554997
5741325 7882994
24291246 276557105
-1
-1
-1
-1
-1
38119156 71231403
-1
174418152 363536297
12945654 497962873
211261186 669127093
-1
-1
-1
-1
174040047 398788402
181295601 685843916
390380013 445232098
1019259 2713952
151424179 235124254
273874473 455470306
137886178 467726925
148333569 358796570
-1
-1
165560974 480721653
-1
8112717 126050030
-1
-1
105792339 171570332
77031055 188891508
31719755 216745068
-1
113710924 255888417
-1
-1
-1
131411096 790661331
81246214 711946393
127615511 378766620
-1
36041221 65517172
-1
231672297 570419452
111234937 285448296
65612305 683509374
-1
-1
-1
-1
17551462 18158599
-1
253124942 407885405
190488447 442778872
-1
91656653 193897866
-1
-1
-1
52728215 139446332
101491937 104059830
-1
-1
-1
68239897 114382912
-1
216594448 707439781
-1
89074898 232075695
17174391 258809752
458256544 533107815
-1
21075037 251434950
31202402 769989329
64701793 182507586
11727285 524175154
328351262 629569469
-1
112560069 488283688
-1
135404573 236853140
-1
147061818 149346401
29989300 514284769
-1
-1
-1
111433102 210724597
6980798 43605039
-1
-1
37701902 159861285
229814887 290906890
-1
-1
-1
78087809 106827914
-1
10014099 235190128
-1
-1
-1
-1
22685904 768841067
69300465 69913612
180624361 327614640
1423201 30329706
-1
-1
-1
187773896 446435685
414137077 440312212
-1
-1
17951539 298553382
-1
16332722 64153757
132519347 791881610
116795431 128124246
-1
52748971 377183368
110564933 612179954
116999352 729541435
-1
-1
45834150 166857421
74609811 149620906
-1
-1
-1
-1
-1
-1
67629787 309010536
10660125 263761468
-1
22859039 580117592
-1
-1
137911624 208963287
134622925 225109372
64459229 548040198
-1
-1
-1
198485527 744517434
16436007 214541624
19808744 324352127
131848452 149658209
-1
112383204 120333967
-1
-1
-1
75479164 315982255
-1
-1
-1
-1
243382526 590182007
-1
170574642 711058129
217857238 585219453
-1
458457751 512810760
-1
115009410 178482713
-1
-1
7169768 23053791
301942318 597935095
9318831 87045016
-1
29364912 445447885
308029534 653193787
101762830 378416953
-1
-1
28009288 278124271
366971271 426471760
-1
-1
38862864 227494217
163530620 239991333
383322751 405415662
60057938 457448763
115120716 202618633
-1
226912869 575067670
-1
27337585 458243506
-1
18152600 225320489
-1
301585463 387905730
-1
-1
11405501 362942376
217087114 564569719
-1
17797322 656921885
215567427 342288964
-1
10869304 319691755
-1
-1
-1
19981354 53398677
310079719 515847970
-1
-1
86330792 131243027
-1
68336915 87981894
157376736 343665203
275094505 400853652
-1
-1
-1
-1
-1
169757546 302327315
-1
173893711 251178766
-1
-1
-1
-1
-1
21956723 56519676
-1
-1
-1
-1
-1
-1
-1
12292482 699957065
-1
-1
22696544 763243557
-1
-1
254890201 578635092
-1
36453123 88634920
212425845 304662778
4325234 9736365
29687758 304758259
432224502 450859597
7087184 25965779
31962848 33535899
356736110 393299201
-1
-1
968986 151028637
95657220 473818021
266296591 355561452
1647114 88431757
362403342 462371435
-1
186369160 465633159
72514330 128608197
-1
461265 2080922
13650884 114009653
-1
-1
-1
-1
218111190 623631539
254532248 269324229
-1
268267624 520321953
-1
50546057 137867694
8299733 262497678
166195400 828174813
-1
-1
-1
-1
14324195 581932262
47803416 62663873
-1
197808374 690884135
-1
17585685 137114314
-1
-1
31238314 245778787
190390864 729351877
31936854 119608937
35011650 463893293
-1
-1
-1
144750101 521387010
89541600 876112751
281236539 673955744
-1
126375952 494174977
-1
30767686 937779801
-1
326771076 457635413
-1
142816466 600751011
7691776 51983005
-1
-1
82096171 482292870
-1
142402207 273631714
300534 516838325
189644463 420360314
171285592 325181209
88951602 452103487
-1
-1
3514733 131008584
-1
43115612 123683591
107211253 215819034
-1
307132084 449060317
-1
47763756 62794381
309367499 393627978
298388490 456809861
92038993 871978668
-1
-1
15139705 88862068
100355735 342130602
-1
2800981 890728660
5671700 36740577
-1
172278904 661085619
-1
-1
129246580 328306041
-1
-1
-1
-1
234699609 364731680
-1
170886221 186279950
-1
-1
-1
-1
-1
187403247 357436936
1538802 101446771
172271658 458140055
-1
-1
220412222 300636759
-1
102880514 118574745
-1
33924524 580599423
89343586 302555725
-1
-1
-1
20122936 230729077
-1
-1
-1
60723884 231953805
-1
-1
42695736 58021817
-1
93894347 260960240
-1
91337633 628487360
233788327 366869694
93353104 596812173
19793235 346871614
-1
41882236 707199817
86738578 105852031
10344606 68609551
-1
187227324 476232085
-1
-1
-1
-1
-1
-1
40015464 85874813
-1
-1
-1
-1
30608359 191481898
-1
131058748 277169463
391110461 582255906
-1
53428076 113153385
-1
71503706 74380503
-1
-1
72373571 105525090
181209076 306264297
44358238 168890319
123039457 695338396
-1
169618663 694375476
34441990 123649861
8066319 99041090
24909719 353179098
14622638 572249121
86276854 101781139
-1
88466788 224403655
18452399 72915890
30620408 46995401
-1
37475617 284542626
8002398 26988499
277011463 601649374
-1
36748069 367552812
-1
1419121 502002640
-1
16456258 528039171
4771831 16023778
78979811 249368450
-1
-1
31498351 250510590
22465917 199782766
323475039 642801698
203434833 606022880
-1
-1
-1
30008398 748027591
378054694 610497469
-1
167958488 307830429
-1
125470329 278013452
2264208 8133785
-1
-1
69438002 178588481
-1
-1
343440526 622631475
-1
240517123 318458820
90928656 345354707
12543873 802227374
8691013 147592204
-1
73324210 189180787
169529816 339571863
26678085 31819966
110601760 412662909
-1
-1
1294682 23921297
-1
345953979 509909398
17872995 412518518
-1
349096 34092643
108925795 140484006
-1
278406952 427295701
-1
95884224 859584343
-1
43525930 89571753
-1
76335300 298980577
-1
52296434 942063269
10642778 11101143
152777560 394098331
-1
-1
73948646 218017247
-1
101865847 294924460
322353556 520039623
223883102 731427549
-1
-1
82028998 341779215
-1
253219690 713524227
153855097 438654466
-1
-1
-1
72663773 208926110
124294338 418636873
171647988 517305401
80356617 86662454
-1
-1
-1
195792163 262046914
58470011 214159860
137209966 593052361
-1
-1
307801001 354292598
127677300 421365517
-1
450845448 505925593
89566963 155875426
72116766 242011931
-1
6839981 46185752
259635446 704497287
83317640 456446643
26008484 579601203
-1
-1
128823730 161938519
92645561 789423296
80822798 208604969
291743655 452213978
-1
-1
21478941 79466450
-1
128696708 133251593
-1
-1
3633276 671053195
-1
-1
55867111 249876780
-1
-1
-1
-1
-1
227780388 733015603
-1
464506896 525647453
-1
10649671 55520442
155295758 717348453
-1
-1
-1
-1
11396969 25622334
3549947 168076986
-1
27816458 280044129
-1
92610906 769092917
-1
-1
10083097 63398830
454841886 462364093
3592570 7775251
121679318 436583459
-1
-1
-1
-1
73975175 82887642
-1
-1
38465894 560517017
-1
-1
76547061 424908298
468477762 520021237
78879455 158736204
236605922 438318695
-1
47301883 479157046
93908087 827713370
-1
259143799 649613070
-1
99109318 255114561
-1
-1
-1
-1
-1
83118774 216270089
44024766 722157065
79075445 854254586
90248535 310346288
-1
12880167 761514494
-1
39068489 218359134
-1
-1
4560505 99241306
183491989 306081958
147795334 676214527
170075048 171954545
26245927 495502830
74533759 787877598
91749035 622349814
5883576 25106111
40839345 42101672
280843559 668819490
-1
-1
-1
3102600 15654949
39081401 183964650
79286398 203776363
119044736 164479655
-1
285135601 444698886
47675637 230266094
95559837 161983252
-1
53071872 599084485
-1
-1
39449990 603946541
201174435 753058564
-1
-1
-1
3087787 79057566
394416 4059035
289993000 415324209
-1
-1
-1
29498645 474105164
1642360 3088981
-1
-1
307291557 691122646
143780504 322847975
147841493 674971116
-1
-1
-1
-1
-1
-1
-1
-1
-1
11764979 15299028
146058384 659036617
193893229 352562220
61547559 919063978
385935978 476417149
-1
202543154 369444947
-1
188860090 733937937
-1
-1
-1
-1
119125327 247336656
24915253 204320916
-1
-1
-1
15301945 303339156
266534637 675045482
-1
38394230 389444487
-1
1664329 139355034
234083207 575219264
93749385 520840196
26708795 30915848
-1
-1
-1
59451750 95900771
-1
35488745 88402032
-1
189448209 321350104
-1
-1
-1
-1
56686034 636618995
-1
-1
-1
-1
135740457 842261384
-1
-1
-1
170142508 419684089
-1
-1
178995995 651308574
21721667 362722412
-1
-1
230084469 748248284
-1
-1
-1
368126427 583391552
-1
-1
-1
-1
181431387 750665056
-1
-1
270144745 634066854
-1
-1
64152910 101745421
-1
-1
-1
-1
-1
-1
45301485 411896656
1570678 130271145
40630858 381223959
-1
561835 62041716
-1
-1
6538423 560909148
47720190 841061321
-1
49184771 72345048
-1
-1
-1
-1
115874211 790619480
-1
371982543 405677174
-1
-1
5246831 38694098
116491735 251510418
-1
-1
5223369 30115882
26318399 99305240
11770649 146916090
-1
-1
-1
-1
284006123 362807424
30316008 158680609
-1
139744700 175213061
-1
-1
189461632 437321319
-1
5499272 89561691
-1
-1
50558208 139645159
-1
276231123 410194888
-1
-1
-1
-1
-1
187126812 702823577
153979466 229259037
181230069 389767940
-1
7201472 936980799
-1
-1
-1
-1
48505150 85888849
-1
286992 2733335
-1
-1
348254180 502603743
-1
132865865 587822364
187195686 287388497
252731737 457051602
-1
187618622 201270831
-1
-1
-1
70343594 861837987
-1
115208029 221093088
-1
29105962 80201997
-1
91222566 150015505
-1
21971556 329705303
-1
55596140 83483579
109935578 261152093
-1
56894527 751739044
-1
232583739 341572660
33863072 61989015
20322139 176260084
-1
-1
127658613 148571930
13385607 107451932
318172829 434297184
19085483 33899940
16138855 542506432
15050676 54754637
5141840 143364279
-1
149085842 612670761
-1
37010312 138597779
113928799 180180378
124014871 553798240
-1
10746862 245465665
177208972 645984019
46522716 817731737
31998569 720033632
-1
269641180 283377469
-1
149972293 354038706
269287067 659285784
228324548 468027321
23001796 266158951
-1
260549241 662610442
235657131 363851392
220083944 372805187
-1
-1
232912858 675711333
18408741 401924180
-1
18808949 29726984
14337811 111920470
72958642 299697987
111770863 352721674
6288231 132898612
-1
-1
30700932 52494157
47139786 263419433
226310779 492212044
-1
-1
-1
-1
1557161 114044592
7702553 267761684
-1
-1
-1
28647397 734642500
76306272 251539027
4780098 162139049
38736007 212373582
-1
-1
-1
-1
-1
210846397 212228130
2056999 4961640
-1
141572229 155263930
148168987 444859824
-1
185830442 665307851
8379173 758325138
39628606 522213525
144720628 151183143
-1
-1
-1
-1
-1
-1
-1
202353186 257116763
-1
152301257 793948326
-1
-1
-1
-1
4598681 33373340
-1
16041281 30967866
141814683 325546058
32400105 567027046
-1
-1
-1
-1
72815019 460584448
53747210 110336067
-1
-1
-1
228900455 290837682
-1
-1
-1
-1
