-1
-1
-1
117333596 414660873
136143301 619171096
-1
154175788 762793555
238946206 672699153
-1
16748463 873592796
-1
-1
-1
21760842 54674579
-1
163775232 360853289
-1
5283632 786067209
-1
-1
36234501 408517592
-1
-1
96767766 261715925
-1
119010897 398358244
472502174 484230963
-1
-1
50237160 895266389
-1
45744378 289003135
-1
40359133 92928678
53250669 202913024
-1
1717147 288838876
-1
-1
83888194 87124033
-1
-1
-1
188792482 241150665
-1
62890331 147945576
-1
-1
50177130 175330193
-1
-1
-1
-1
403686030 404396207
-1
234383994 355618799
61681875 291756908
-1
1687931 22623128
75402433 98001888
-1
-1
-1
-1
270893465 388363592
21895419 95500862
-1
18740454 63106393
-1
4883073 786525838
-1
-1
56047144 57149749
-1
62117013 261321658
152937827 249279932
4444555 33032392
1105174 74663839
-1
-1
-1
-1
31743126 779491763
126234713 390622860
24878221 228328402
-1
13433136 29562337
136323706 159404443
-1
570122 1547849
28320657 555714286
69033980 75351773
-1
78107307 532576444
-1
-1
11045780 624022743
-1
-1
5426572 13626795
350516871 356903776
-1
-1
-1
-1
-1
22579097 184231646
-1
-1
2192887 4782912
64003688 619820829
-1
-1
16258114 250873683
5298679 52396804
-1
-1
-1
-1
305066685 497327554
9021616 159910131
-1
-1
7938655 152091114
-1
393518143 587284318
319893387 657676660
243892599 442392254
65211457 545296642
20765089 143759574
4210598 126622529
-1
244666687 324433954
-1
36928390 170315821
-1
-1
-1
-1
-1
7443212 29564657
-1
8683417 10907146
258113554 740351443
300010479 356102674
-1
49684131 197831342
-1
-1
11392254 185681803
16582150 865028451
57349368 99241639
59946603 151435846
-1
-1
-1
3649192 689588709
8114101 58355308
106975368 377356229
40900959 91425412
52937294 300817599
190735058 211330373
73759437 101436334
-1
365847229 517995310
-1
-1
44656284 60352273
192150462 428701655
-1
-1
-1
282309414 421388747
198987842 305139989
6248878 860222181
-1
-1
-1
169938993 236030686
202224085 539289708
-1
-1
80771340 255295673
84124755 283564948
147594880 343862181
71294485 514446868
60034794 511840907
124110366 416634673
212014663 267172938
-1
84328306 101659921
-1
93026001 377247788
-1
-1
176521799 534287438
-1
270957722 446812797
40925112 87922925
90853912 110946859
92713476 318988601
-1
-1
-1
-1
2145698 25303461
-1
-1
135763668 237132925
113080 513703
-1
298648014 407722517
278970320 595452189
-1
-1
-1
-1
-1
119894182 331407601
-1
15445311 35736902
-1
-1
-1
35943166 614969163
8433413 198747564
52978090 120625737
-1
-1
362696506 381816247
-1
-1
-1
-1
2095342 18745899
-1
-1
-1
-1
-1
-1
-1
-1
241180315 440065386
-1
-1
-1
-1
-1
-1
-1
2324274 6806945
-1
59169262 175120095
200909317 452354344
-1
41693717 100833546
119327509 595296040
-1
111434161 370520250
297874992 398618191
-1
8891299 535453212
120092496 424372571
250412848 317072893
154891568 658476363
23428500 243211897
31248743 392779424
291782427 441524194
172517384 681575183
-1
-1
82176267 266652016
60814524 99250837
-1
-1
175645542 348121987
426495904 537693235
16414914 33138047
-1
74013509 99730934
36871868 131983263
367711252 475521057
-1
80922242 703049097
18787091 153190122
16242976 140117077
9964040 393698823
159779631 639147070
2095901 23150316
-1
408034231 501923880
-1
-1
144919935 444352384
-1
-1
18020853 26891236
9019950 76034581
242420498 518454849
139240075 287339448
-1
-1
13947338 58465635
-1
-1
43878137 99821192
194961184 618679129
173489000 219778991
78152691 111674332
-1
23469483 428980030
-1
-1
-1
137107281 168612962
1323016 53484907
7282312 106139505
2467163 11670036
-1
20080735 109643724
179138783 787253240
61396816 277639753
2640084 331772443
323276442 537160285
87351863 558427806
36899033 104392466
17104967 58866296
256582985 443521808
6602155 980093878
-1
134548668 256434863
194586809 382077792
278492516 457303121
-1
-1
-1
264081511 574086762
76685037 398654494
-1
-1
70212908 170713361
65400061 567844192
-1
-1
114711420 262670927
248544827 615480294
390394632 453804575
-1
252758697 290889446
-1
94950418 256577125
59582075 473829404
-1
-1
-1
-1
106859108 127307259
-1
176778911 300382140
-1
48052081 212766472
-1
-1
-1
63384665 449621916
-1
153167188 299483391
-1
33025326 42147143
166165240 299564923
310806836 330294437
-1
226107351 266427520
-1
-1
-1
-1
183458367 185812090
57464770 120965863
-1
-1
2551836 653407505
202079701 612211368
50746667 53627364
-1
35129657 72551052
175417352 787922055
23281881 174395026
-1
-1
20769142 539618275
147461963 408529100
367167350 537060069
-1
31432839 259915420
-1
-1
230795873 430417280
-1
106727058 457691479
44610020 221459087
219142768 543400963
-1
-1
88597783 719697258
-1
388534645 537120606
-1
-1
9874672 345606351
59362099 404946864
24958552 115301055
370816322 491560629
-1
-1
-1
34773801 514938356
172189993 585491718
-1
89345783 136266818
29396509 799194928
-1
311678912 590868345
34287955 110988844
202126523 347059236
136903922 419320029
-1
-1
100079162 575077655
-1
289901108 533096651
-1
-1
91221803 159994056
-1
172138285 293074968
-1
-1
86025944 564850385
5928867 25719124
88292773 645379116
105991778 106926923
-1
-1
143542925 481747646
13817045 188497458
-1
-1
156588477 260743294
-1
-1
298216177 358058374
9030597 50653840
-1
32691309 122230522
131145490 365299699
3310328 54180533
-1
-1
-1
144131859 393590918
-1
-1
248012381 499619948
-1
42667864 491173233
-1
-1
158077332 718067341
-1
297914149 616454164
-1
128026752 302577181
75657210 322958989
298672855 385265308
51427711 59218378
-1
-1
-1
-1
155815263 203088740
-1
256034 2551895
-1
94006740 153400961
-1
43372356 83376115
66857127 469490996
109447468 444405115
255009850 369137229
148504489 469726728
-1
-1
-1
-1
-1
294442009 472331854
-1
-1
-1
-1
-1
-1
-1
168683590 607556821
-1
-1
-1
93030971 352418636
16398533 283940046
-1
29690276 725878877
-1
3311723 57346520
-1
17802130 110741821
-1
-1
29050768 149284593
-1
141601707 171246260
430198274 512405123
-1
101211512 197217845
105782811 749768476
56192472 79287221
-1
-1
-1
-1
-1
13858781 540308402
-1
-1
60409001 438573072
-1
22438232 382380509
14554299 98968160
72897344 149085233
87712315 554360614
140939493 550333798
-1
218061647 237593954
46491749 220993400
125094400 440164941
-1
-1
355298204 448181267
8486402 465023031
-1
9019529 144114548
-1
-1
-1
51418697 397328720
-1
-1
330242515 349553254
307881897 324580694
-1
-1
367657724 537734763
-1
91428171 516998642
-1
69801237 409048124
161830277 652290854
26673882 219488851
-1
144187585 572386194
-1
197143614 521821727
-1
-1
-1
84776422 187956189
-1
126043602 684109541
-1
84250058 190531019
-1
-1
229726883 599750028
-1
183998679 213551134
87769496 99856715
24791849 213838148
3372107 518461724
74887853 286893914
-1
64092700 251782611
-1
7453519 19447470
-1
-1
54003640 196652833
-1
-1
97416288 298101511
136396374 747989357
-1
-1
-1
-1
85805674 462852789
-1
53953449 256081678
67891929 404068702
-1
389212519 481951350
-1
103404428 314721311
190024487 677782364
202263105 580094444
29347074 40373215
-1
-1
-1
-1
264211871 310568658
82988441 287996816
321621390 375947219
-1
209380014 419137129
118727625 449269124
57179339 169146272
-1
-1
-1
8543508 88399523
-1
-1
-1
75486987 123488282
-1
-1
43582657 166538302
63152818 69604903
-1
76062112 172480255
-1
14069475 185093074
10971831 180887686
24088365 24595724
-1
-1
-1
26659264 127527729
-1
25765335 939768658
-1
-1
-1
67711964 109434393
174638428 380450875
162084882 308625481
-1
183459361 273734682
-1
-1
-1
-1
216287510 750754959
322717079 356617692
-1
-1
-1
370207299 623152394
290669215 674566044
-1
271467438 272991665
106887477 260121104
-1
137725230 524510039
16600892 125121057
81174913 113520436
36708043 176246596
-1
92819178 115142159
94034407 685703940
-1
21726161 40964100
-1
-1
-1
-1
-1
-1
-1
-1
-1
-1
3848400 243998993
150235746 244372225
-1
-1
30178627 60298380
-1
100530534 152759369
88789393 664581930
-1
408847710 517074347
19209243 198054686
-1
172527453 264388384
-1
-1
-1
43160082 72081425
-1
9511282 194833491
-1
31325158 468851529
66649245 455013956
61693058 94323155
19993902 31200977
-1
125187296 172988625
225092334 555724057
77458631 102450236
234819550 462500049
-1
382744592 572111075
101652411 259820920
1556251 571244062
28088156 280810365
-1
55148670 57429149
90199563 767829326
144577434 757007615
223369861 232752448
-1
-1
95902173 734533568
177725184 511652507
88633629 745206122
-1
163438860 525380743
-1
47526052 270036117
-1
351805 286340334
149957038 451282191
-1
-1
-1
-1
179530182 280288081
-1
45261726 379616093
359667325 490136776
6514880 22801647
193420552 287467467
391526464 549949765
55027409 176687442
43239301 736248678
172012 177568825
32314925 245237388
-1
-1
-1
-1
386294122 513595119
-1
-1
-1
320528226 448971455
38232540 87986689
-1
-1
120672720 143890199
-1
-1
-1
-1
-1
-1
-1
114176 186471
39521493 305220304
-1
-1
-1
-1
7511213 12842390
31026955 68286544
112530906 473319131
35336583 231418414
130227695 411178878
-1
293277543 601208780
-1
-1
134245920 365883517
323777126 449387883
-1
63621737 312340214
-1
-1
5530850 30096507
-1
354106430 481570623
5093870 128389437
81367136 785566703
-1
247194003 445800854
-1
-1
-1
29549400 456174367
185069754 196289423
13258071 33867872
-1
-1
-1
-1
-1
-1
-1
-1
31532634 124157567
163860630 182085293
45544391 113406158
-1
-1
-1
118977297 214927606
10916494 157935009
9221110 40274691
8072226 221579717
38401058 784347909
-1
32134020 58284667
4096540 69296163
67163996 136368605
-1
-1
209246401 584269600
33143835 35311814
-1
-1
33366000 78757663
-1
76740612 544874905
-1
-1
218330398 648100575
123599551 484748856
-1
-1
227915068 549967285
20749154 121800567
315872388 385509023
119924671 451127560
103929791 207571218
89168064 679688513
64942562 110596959
3611746 34403983
-1
174626 5878781
65127258 101402491
-1
-1
-1
-1
54511157 470109746
3287628 7086019
-1
182026801 493888018
216879762 323197679
375388226 389671991
84123621 136873762
12596867 24144254
-1
-1
9976050 12599873
127994119 143864190
-1
47584800 330027007
61598213 811589198
16447061 813498780
-1
6541817 11683206
46165904 715961733
-1
7083758 55783433
-1
132468091 225193296
-1
-1
170091244 185384229
-1
46370811 66141916
204772313 350633750
205146185 601004246
120440143 557028916
56015100 70762589
270759679 271896814
-1
-1
5699838 8887235
219795651 495702668
49315902 522797047
-1
-1
293723000 389669993
133198905 402199256
-1
258894775 368172408
-1
105074500 686575917
82427133 515822560
-1
-1
-1
-1
137850902 271248735
-1
114610502 367120031
-1
-1
23863961 27935078
50106889 195168832
186727582 220475479
-1
-1
19256886 333925561
152710878 391386485
1203450 65484667
-1
31503493 146248408
-1
28993260 59242091
5470264 36737037
-1
-1
-1
-1
-1
165472831 471998130
350362314 527232535
-1
64183627 334358674
236028866 727646375
192242230 280204089
278945282 324673115
-1
-1
214515346 436587087
9908147 260708984
-1
41574000 188861509
63346272 575370259
146900244 728138465
-1
262506672 306480371
-1
-1
-1
221346828 582590759
-1
99733204 302024799
384864278 428917905
129806464 460425319
3373947 5189120
-1
-1
26475693 136856524
74556886 97134397
-1
78475214 174554267
320409705 547358114
-1
250576036 500834991
72637719 169029530
7304626 197710735
-1
16162063 269137174
-1
58859750 197811837
-1
-1
442880871 470356730
160874027 521966162
251133274 383837583
-1
-1
-1
-1
-1
-1
22068544 82763913
18334595 220903616
41101587 66105872
-1
31833875 343227638
40282049 154188932
212475877 661044522
-1
-1
-1
-1
-1
-1
39008925 330233458
-1
-1
23600432 219591435
-1
49969726 109125741
8660109 59656220
314193723 401237146
-1
432012721 526822278
-1
-1
175522836 434410295
232768733 526488698
259583985 385761076
-1
88850549 323189822
10108906 15117145
-1
-1
110442288 234489083
-1
-1
-1
-1
-1
121835038 184199853
14285296 138930355
14432802 794019259
29228901 418400152
6122332 70818355
54383565 189053752
3202725 588370858
-1
205538625 576269602
191272551 691973390
-1
52358908 303788269
-1
-1
-1
83476104 312668669
-1
5801773 125139304
-1
82044578 821145581
-1
-1
-1
37456352 127772709
35398973 64460354
-1
-1
66409566 118341163
-1
-1
20831438 222840345
-1
41762498 185435999
45123931 56781690
-1
56217729 159812420
-1
68856258 670117195
13080708 88621693
-1
87484957 145592344
193973926 198132933
102414176 162713987
119180842 868614507
78800155 831062548
-1
-1
-1
219418128 431300665
-1
-1
86472588 273645371
16090590 133646143
-1
-1
38033876 252473697
-1
136483319 282637080
21980224 255959733
164513956 589717251
141271419 640582642
-1
249692091 358620050
86445070 333569563
-1
168880477 823776912
276382547 336773660
78352998 686241101
119474699 286837502
-1
-1
-1
-1
-1
265058022 717497075
14429428 154755075
-1
-1
222122626 438984285
187841467 499686874
-1
-1
-1
46063940 47490621
-1
-1
106005558 113263069
-1
26171987 65106234
-1
-1
-1
-1
-1
-1
-1
-1
19131014 391503857
-1
91923352 143667811
-1
12775592 272163017
126806358 366126955
54167323 69821910
230755186 708098113
-1
108967783 283793556
74707810 446595213
67303535 235756338
-1
-1
-1
-1
46320299 87496200
105516438 164025581
333575243 417250164
213969607 488164222
-1
-1
-1
-1
-1
172787359 452391732
-1
148466808 251376499
-1
-1
170934473 559146194
5274114 9895255
23882353 404385436
-1
-1
22929022 959430871
179646971 459218538
99043896 294054937
87135325 623615808
-1
-1
69443941 195885762
-1
95068807 290473060
-1
222282633 638979304
-1
-1
70359950 321781383
-1
111405494 538554275
66827055 741778856
-1
-1
34970560 342639159
-1
20811959 298328978
245090407 558271696
4874583 144834338
17989305 28409536
-1
-1
13683976 166161783
-1
46629407 499163144
-1
165205720 190738929
-1
-1
41223591 714748118
-1
-1
-1
214625248 479603821
-1
-1
225692966 744137691
171141598 198129643
21187593 261555950
-1
28282691 124858806
13312575 212914658
228758057 265815236
-1
-1
-1
20462066 139027911
266408188 403130571
-1
81846024 162189409
-1
56162683 97609956
10606418 91845689
145853882 401642855
69589353 139468180
-1
-1
-1
-1
48121750 315729151
-1
-1
-1
-1
-1
-1
-1
70560111 167573608
1804922 26879495
67371141 172673030
-1
2218016 4017503
60466811 181635362
216915942 223136401
116005001 307903488
42093272 53412209
-1
3225668 474894081
149519464 329402709
5392632 53125537
16203500 548971767
20698610 197276519
-1
-1
-1
47892978 59465219
48197636 118382165
-1
87842770 93060573
372980443 476004340
-1
5705413 177217408
151745671 623932116
236923856 540697623
-1
471040142 491840289
-1
-1
4836272 757488947
265744115 315051162
67547396 454368893
13126174 335277043
82409635 136090212
-1
3977577 982757320
174258356 582878195
112819342 433235439
108998144 518333949
6717974 31235027
37917701 48392876
-1
32206506 42574715
130145130 261023573
65476415 221013848
297552991 327845218
124328916 262203485
32600195 64727258
-1
-1
92026638 185759921
21740282 685181937
432880442 481747721
-1
-1
-1
-1
1577945 918807974
31754917 762783976
-1
379358832 388776199
11076274 72628533
-1
-1
-1
106793929 133526478
-1
-1
114127712 485119997
-1
44591394 159981629
-1
169412794 277743457
-1
14640892 17203351
49862059 250520644
21363853 283783168
111536942 117089739
118498266 241139827
119597203 140658418
-1
100028561 315573096
108855996 545119621
-1
-1
-1
-1
-1
-1
17782180 86374227
383885161 384797088
74515416 348342511
320111053 417744040
11845439 159983408
-1
39536806 65107087
754203 7004854
102538647 215272850
383993366 581694701
126059196 501869653
-1
-1
-1
-1
210779756 432997863
5053524 581866279
140989302 192934681
-1
-1
624625 13075848
237503797 715373550
421940922 528471479
-1
53523776 366043997
145750045 316087098
5109219 16563650
-1
-1
14712067 49677750
-1
-1
142545975 430155706
32204109 557797778
-1
-1
-1
260670699 404269202
-1
7120696 27851971
9880490 58528833
-1
476980718 485924559
-1
1251418 7175145
6639865 113424928
96606982 242513925
-1
-1
184117514 452332779
-1
-1
4745219 720248838
-1
269835449 542035010
188143769 767548590
191758491 225777112
52191593 236191314
29836617 128064400
39543080 143848353
68414124 286489475
-1
-1
28079347 30295470
-1
-1
4392475 167609118
19584594 43284403
-1
-1
-1
26531280 656792827
22797452 242898435
-1
1295903 59920376
2953847 66319706
-1
-1
224946374 379436177
39457558 123211803
236944239 378581524
-1
81615131 615084690
-1
-1
55120732 182265489
118673277 477778450
-1
-1
-1
-1
-1
63803592 578083205
-1
91430103 870738224
41820596 237213623
142339302 850741235
69100604 202315643
66636494 395199099
-1
-1
-1
93400431 792600952
241035581 418548702
-1
2063651 13734458
141614665 568991134
308053538 481551689
-1
-1
105363462 386548865
-1
-1
93879663 184880020
169664573 506772824
16045070 40770659
257400866 379767395
4160830 88950009
119845270 240952137
-1
-1
-1
-1
-1
3587875 3605382
25364073 132923450
-1
14316754 33495643
119137875 120213814
-1
-1
-1
-1
-1
12255946 303902167
43928537 897909270
31392004 342062967
-1
357649938 573371719
-1
115982468 458305683
-1
331803464 588953847
-1
-1
97554199 356824468
263262494 688518659
100359139 136842510
34743287 481527672
2147539 10560864
242349903 555280636
375598372 438855661
403992645 529817366
-1
-1
355135089 628899304
82502507 201363104
134020699 219114024
-1
-1
-1
211613032 648228901
-1
-1
-1
-1
139426751 397832366
3559212 29518949
226007749 274053438
34102364 558387969
339878461 548232286
102361558 289899001
135517225 401211112
194588037 652389412
-1
103191751 725449476
-1
180601912 437018061
399996847 494447376
3631660 275454079
-1
-1
100075874 435195795
17587147 736768170
-1
4175 24954734
766674 3677683
85499671 147107296
-1
1004003 58014206
368461830 595352431
-1
36188147 197355006
168325138 592806271
4887056 100227953
161278648 449541493
-1
48561835 124841232
266278070 723537501
367129680 585390253
-1
-1
-1
87668736 241438921
39468332 501415307
-1
-1
13580370 118759907
-1
22831295 170590764
1889239 15645900
-1
83978610 744802543
-1
2682870 37111211
-1
-1
-1
149200676 334508505
-1
-1
169133187 347922652
-1
170418294 226065883
113142300 657468473
50109203 490793246
-1
119903797 187460320
-1
-1
7925009 298709598
-1
294427286 355015583
-1
-1
47111259 677994874
26848885 62761336
126975940 741874657
-1
65865089 161344550
-1
35926731 66260990
128083335 216913078
239973882 287848475
1989856 48229723
-1
