-1
7825684 763592055
-1
-1
313999055 644934246
49574792 209550047
-1
54292987 66981184
-1
60379308 857389433
-1
103183536 265127851
165754164 295055509
-1
56923405 920960566
-1
117148944 643846133
-1
98422389 337964708
385625498 449763911
152733744 840663929
76635233 830115350
200531057 496656864
-1
388498345 455696506
-1
42249085 248454054
-1
-1
126305897 519343664
716629 1185268
-1
-1
9488304 61050865
231681946 242000847
256451284 322036533
-1
-1
226304377 446170732
14284842 103145077
10938483 291916354
23802807 48680434
108077901 311457448
-1
-1
111444333 255578464
-1
-1
85537755 170889784
-1
-1
31761103 199085680
-1
-1
-1
-1
309128746 669187297
-1
-1
335439612 595192481
382722647 392195246
216633156 592615771
-1
111133563 863087600
23633247 301262872
333801737 416201586
-1
180312764 562072049
49646863 76879126
-1
133406390 300075419
-1
63193503 123020438
-1
83000557 113361450
33393436 214672455
127981032 142808771
-1
-1
-1
204201264 578196683
-1
-1
248414582 280973825
-1
3957700 46006413
62493137 839167572
57661007 277775460
73638026 328526951
-1
-1
26580720 53535889
-1
-1
-1
-1
98197426 451604721
-1
5308641 13612370
-1
1210043 20790590
-1
-1
-1
-1
-1
108093887 695284506
-1
151366891 211392810
-1
-1
76425227 81113684
70152970 181555027
-1
58857106 140126323
37058405 47604606
116479506 169638167
184187336 533551317
-1
28851192 70739671
-1
-1
115585983 376119466
-1
234813226 369838431
37426455 303741118
-1
94111287 363237784
-1
-1
-1
-1
-1
31301675 628556682
-1
181498603 800155866
9590970 945429601
-1
-1
-1
171669970 258994419
24726451 172168882
49861740 391568659
124669869 634235050
46504597 187080936
-1
8846424 25489349
235845114 506652443
-1
132685764 838264345
72342957 457831760
-1
108122004 139143299
54652621 321701218
-1
-1
211300054 465183225
-1
-1
-1
-1
24860937 40411846
-1
-1
-1
-1
73443739 106139802
245049461 744359922
264919202 427685517
-1
65357253 176048266
290885069 440332694
78430058 301547003
-1
45953795 50295698
-1
-1
-1
-1
63321596 920321391
303762428 388570929
46566930 322125973
188253353 720624678
391796385 605150504
-1
34800930 91637099
68037261 663100672
-1
-1
375956184 567367465
-1
64352857 286962504
-1
195483563 301292748
-1
-1
-1
297852801 541574698
-1
128124606 311240675
-1
223809121 437106688
-1
-1
-1
56188285 559617546
-1
-1
42526327 912287986
-1
-1
232258898 484901111
112339786 255950137
-1
-1
242535893 426637466
282541782 345306211
165086179 176063170
267897259 652327164
28127967 158398874
-1
52305550 743812207
208764553 344765940
13413657 32704174
273366568 377044863
171604248 808672705
198969258 558318463
1075315 88575864
67414277 76530110
1692879 155799172
-1
-1
-1
288169267 670505214
147414211 155916546
80990992 551549359
168681441 519836156
86110798 687509901
-1
-1
50462696 227128551
245820742 671367897
-1
15303163 143684824
-1
-1
56712715 58668202
-1
-1
-1
-1
157305689 356350238
-1
221976699 470123812
-1
-1
1128106 402864955
39244593 45815566
9395655 363680668
-1
321684395 397000658
-1
-1
-1
-1
778882 245978275
283943711 295235336
-1
-1
-1
-1
-1
147521365 277962156
5887537 27209724
-1
-1
166761103 268946566
22781949 114368552
80505701 331836072
-1
-1
333900205 366846958
45558514 77910219
54185791 88481862
-1
2849582 992113571
-1
-1
-1
-1
-1
176678921 233335106
82450175 609366584
43024611 311247122
-1
233656689 376586870
5411673 22767710
121998138 366054409
92383851 794624116
-1
-1
281605558 420922635
285262606 443729947
173305436 585848711
1034504 305025113
12684140 154370031
-1
-1
22409406 189416861
154209429 315554158
106133830 456655941
197559650 612562727
124536863 426483806
-1
-1
-1
-1
55207496 205731857
65938623 208185694
107207672 502603455
-1
176755906 306824767
121354434 211506967
-1
-1
-1
7838395 24685662
372600071 570815282
-1
106810305 610345384
-1
64462905 381650452
-1
-1
57823863 353470796
2574750 2844941
-1
-1
-1
-1
252772573 278618110
-1
6998374 11668905
-1
-1
-1
-1
78707748 148061965
-1
23087438 78068061
-1
26990285 79579146
13267487 475034532
200980196 260598707
221583814 273798253
134348206 226846587
243874451 414218252
-1
-1
-1
-1
212093495 242139164
206441692 719528161
17433362 162609797
-1
164548874 378491865
-1
-1
147804450 417418679
-1
84397142 842274875
85975601 98828286
-1
210056779 693638500
491104 809077
6800917 371936094
-1
-1
-1
54420117 250705922
-1
5916769 175307374
-1
237613690 448523133
-1
-1
365120730 508028597
268247454 556223887
-1
121489532 477874137
19038279 51727142
-1
263598964 365111689
81442552 550370125
6061442 490217351
-1
34642704 36457079
-1
394234190 488489643
16435469 30029942
93950735 261563574
266262278 392067899
-1
-1
135129143 383504586
32501492 73217097
-1
-1
2080199 428540132
239760183 464746960
-1
34385653 519287854
99752803 219130758
8038 6465925
9504346 22174507
-1
70273733 478416294
33077530 246592689
393570159 578095418
167962928 334193691
-1
80088816 208511303
-1
-1
23135348 52270971
421007878 524527971
-1
252143864 569630685
198237088 640369749
113434529 131476952
90389644 480516049
1929497 74432696
27029125 234975678
99163388 267170291
-1
-1
-1
-1
-1
189233334 634297967
64344022 571112971
101508751 364811340
-1
150268263 331977460
-1
102176756 890480321
275548065 445526362
-1
-1
-1
-1
21714909 170716612
6568804 12670063
-1
75975790 520432923
-1
66016973 132996398
-1
163865942 221504577
137207027 337767056
-1
30105171 95649230
1861288 506548063
-1
-1
59513913 65585650
183172291 354132468
111548685 487283272
-1
-1
-1
205162864 746614857
44205602 46657557
108360427 179170666
62214724 789247203
145584892 314070049
-1
-1
-1
-1
57443270 71046251
2551298 17979495
-1
481161 288271256
-1
208245523 455361688
-1
3657418 34417225
331404611 434015808
460846350 473078507
105371852 678406791
-1
74365904 167373435
-1
-1
-1
13803531 420582716
-1
-1
-1
-1
-1
-1
75661743 372071464
198392216 614727291
104628870 647330231
4821431 643127510
-1
-1
224097496 275415457
-1
-1
7351805 66090734
218569452 461285561
355158821 620194770
-1
-1
28996479 295997864
20488888 209000685
-1
-1
-1
-1
251388379 628181478
3299445 9434684
-1
-1
-1
-1
-1
6150039 551237152
15579653 90909746
-1
-1
181999 178485684
144519966 452769323
-1
61955988 407870401
-1
-1
-1
107473129 132898582
131258507 207698954
-1
12506973 145097546
-1
264900685 303150978
173610166 304001151
138159269 507225018
1442371 39664648
-1
-1
231871446 452581025
-1
-1
2732964 169382059
129183770 370276263
241183618 447627913
-1
-1
-1
4875014 372752853
13921577 62381840
52763047 79895172
53895940 184977517
38824386 328128901
-1
-1
-1
88471643 400077666
-1
63189812 344589165
4693615 157517572
-1
104281608 118662545
-1
-1
-1
134739019 848467812
100972239 218303834
-1
261867526 605014995
74421610 755830101
-1
-1
-1
99579163 519916474
-1
-1
76707058 78518319
-1
71488241 424227246
286215890 587965599
63527382 75659495
-1
123156664 575409777
206135263 383978544
-1
48255240 249799921
-1
85100078 453212111
132029030 364718213
285250607 326670084
-1
234927624 347369935
-1
121276134 266090843
221844418 697057375
-1
-1
260127490 520383433
-1
110788320 839623559
177074268 178013821
3638975 32249666
-1
-1
-1
53727662 255308295
7509615 17505398
51592206 132714733
-1
100872099 310031138
-1
-1
284057878 545911555
58155928 114812265
-1
28803843 121747606
-1
-1
-1
144593764 572142705
164352975 213378944
25451 56112
-1
-1
-1
101711045 292942814
118344297 533112172
-1
-1
-1
-1
-1
-1
-1
115150830 802747859
-1
-1
-1
64116229 166277874
198675183 538688438
3998625 624846362
214926863 263849954
-1
-1
77863068 143604221
-1
-1
10349174 693982227
-1
105484531 448783236
-1
38938240 418026907
-1
26469455 957313446
129003604 831044253
26633533 58361880
17542188 32674465
2864337 6979892
-1
-1
-1
114582529 316661968
-1
127046813 165975726
-1
17816805 530664686
-1
45299680 50944227
3496294 458356039
185782829 358858152
6799876 215793295
89617177 155102586
-1
136939981 203954416
-1
170914179 517617928
135747459 777193720
87624127 251957254
-1
19595007 51669154
-1
14776048 87437409
-1
-1
-1
-1
34824695 187323852
-1
-1
-1
57663854 232368263
227081071 771550786
-1
-1
26297228 142856373
342086390 396308679
171902312 528235305
286999909 438154428
-1
94762087 299376414
34141763 141006030
-1
-1
110772771 168008878
66789541 152410078
32884665 59521256
452124088 526443973
46889071 186606292
70797566 198575205
-1
-1
-1
-1
47076334 205861653
29408878 216864465
150867328 357783343
65077594 109453999
-1
-1
-1
-1
-1
-1
35298718 201904453
332399887 644830372
174122665 781803858
-1
44737753 499379578
-1
-1
-1
19568466 52259047
58793860 113291901
-1
193937592 284073145
156224356 636578623
47928901 111640618
-1
-1
277690645 377721276
-1
202104128 291639645
348495158 435136563
98246429 127588820
166798395 551125688
-1
19943890 81237639
290128437 501536812
127334145 237811646
-1
110731654 248407683
211871851 307516852
-1
-1
310300748 324947991
29598292 244635097
-1
-1
-1
33047257 276718902
-1
-1
-1
-1
83422075 147614728
11818248 19528321
-1
-1
52727007 342611236
1837700 51042429
-1
66868982 329896155
135804261 805689256
-1
-1
7573848 55270049
-1
-1
95917695 559404988
28427274 686893165
-1
-1
178337324 213205193
123429348 388088161
18471027 38981164
-1
260213709 739047500
33254268 530667691
-1
-1
-1
-1
-1
-1
87243284 95736915
-1
-1
-1
346807965 509834168
-1
134381832 291172975
-1
-1
102092414 404415195
164628667 425468886
135051579 212230064
-1
256276788 335178611
-1
446254149 468665438
103855439 700834248
10447704 80399167
-1
-1
166979924 351540417
-1
-1
9419350 288730767
-1
355285139 503040218
62259060 122505461
-1
262219780 452029089
-1
-1
-1
-1
36135150 770650283
197641504 324605295
132980728 278061811
-1
110035621 112384870
-1
-1
52958128 160146639
-1
43669343 59661296
251202968 268690613
-1
-1
-1
-1
-1
232574 9342357
205051587 419034016
-1
-1
-1
7105767 17144230
-1
81241838 145076003
-1
213325215 374686954
-1
348976408 381573021
-1
347757731 479011538
10305414 119827133
223403924 569371845
370832739 487333034
82186881 100444028
35827621 36494788
-1
-1
299194135 376361716
-1
-1
22054664 683861783
4660853 79549206
-1
54080559 590446264
39685581 114710396
16469861 346154472
-1
-1
179366635 665444182
-1
59509768 131535055
301667 37872884
242449199 671698848
-1
66955593 230112364
81321257 445270824
-1
156206268 261178681
-1
-1
-1
-1
-1
-1
477390460 503914831
-1
49473485 91140734
-1
-1
75579649 83548618
-1
4621577 4957644
-1
26153523 371494934
-1
55593912 681956719
281623242 286701061
-1
-1
-1
22619199 127021718
41907621 57876880
12438344 203349237
93405441 199010612
-1
116870270 215651499
171474049 332669452
-1
119324425 148947606
240671207 490163862
-1
-1
35423267 367062794
23003340 174696713
193113139 643870048
-1
-1
281005761 634520236
130041981 413705866
341832231 637451020
-1
-1
-1
-1
3211368 30490999
-1
261731236 368815003
20013334 418997143
-1
-1
-1
76466495 88258284
-1
49731965 194004116
-1
32086583 131674286
18406769 63437138
-1
-1
-1
14156391 97492400
2535636 94093261
60091897 561077490
-1
-1
-1
-1
154661776 401920693
-1
-1
366276197 483086862
210105506 218674161
-1
21096488 647248949
37561780 323620347
-1
177113750 739055789
-1
-1
2021034 41212115
-1
153648924 760917895
39703563 65312380
223607586 371910167
34899637 736278642
288032992 381412977
-1
-1
-1
-1
125063373 261824974
-1
-1
-1
-1
63704693 332335190
30768138 903608381
-1
29264785 278786424
26118078 57796015
-1
206081861 466674546
48142956 710758163
175914098 245354313
-1
-1
-1
82253415 107640824
-1
-1
306095378 468198119
-1
123927542 570732819
47782711 334240132
-1
-1
1666714 76671225
-1
-1
-1
-1
287566536 587420347
-1
1720146 10650893
306594497 664786832
93648403 826366474
25174622 379132755
148699831 579064480
-1
-1
1517214 285969347
62632626 104136461
20480412 949690169
135746422 195661861
-1
286978222 500003731
-1
55212395 646755812
59995125 357878602
-1
96998184 797092157
70769916 125455363
-1
-1
-1
-1
103456516 155936361
290324867 670316084
-1
-1
59953425 158081974
32383268 298738713
23459272 39775947
167431761 278461012
75078452 354054017
-1
285837950 435966527
-1
-1
125167312 346960035
-1
398111187 516444514
-1
-1
158727067 379499200
228132245 351640716
-1
247929506 669708401
102500214 319929175
-1
-1
-1
-1
-1
183952494 766584637
-1
-1
363248844 515517703
244983814 649064595
302949929 682855004
-1
-1
-1
1272206 45104931
-1
200777655 445966148
-1
402390718 549009033
-1
-1
39135298 122443941
318690598 354385579
35259827 85283780
19380839 81923778
-1
-1
-1
86135965 159038794
198919548 228855941
-1
42747687 488052062
232247791 275742852
-1
29441048 41968439
-1
-1
14056007 117845222
-1
-1
-1
-1
-1
-1
172521961 348111598
-1
64525 2588044
-1
-1
-1
51415162 326270001
188452731 245832646
-1
-1
338095822 550984521
10315132 272530537
128433400 545653441
15542002 896217709
160982048 358523541
-1
-1
-1
-1
-1
91785325 134507842
3077438 369482909
-1
-1
-1
-1
-1
-1
29149581 213313492
-1
176759793 579125398
-1
-1
65134565 560297964
134627553 495322316
-1
-1
235047303 253037324
103771621 232284496
77694812 319925189
84047961 343031372
62841335 101486442
362995786 523583175
16141654 63169299
-1
-1
-1
-1
30548739 724946468
-1
-1
61835891 267853922
-1
-1
-1
-1
77371994 99629559
197510776 640422277
-1
257562464 300556023
-1
46483379 914732070
-1
-1
-1
101089987 266776966
-1
-1
3050982 235605407
6868618 188131969
18675253 87657744
17579129 166679948
-1
4136223 10369958
-1
-1
-1
28656284 43858269
-1
68261971 250275888
41339438 482666355
137329635 289560854
1589958 379280069
91329870 725011423
-1
-1
10815892 18377637
-1
10018276 129881217
-1
216581049 707909324
-1
-1
-1
-1
81289316 708841595
-1
-1
-1
243190887 269776952
-1
-1
15594165 27119524
-1
-1
210457187 692918610
-1
-1
83068056 512947615
8657649 86476568
125762203 753769068
206751564 776060507
-1
86314526 119202165
-1
195019220 328293281
-1
105838442 117716531
-1
47924398 361790769
-1
-1
91195734 182001265
2031357 2152474
38397703 147443476
29090006 286020155
-1
-1
-1
-1
120061759 201688864
-1
-1
-1
-1
-1
-1
68126323 159542680
-1
5132124 148221317
20780748 52730029
36919134 226505957
-1
-1
34518382 287681407
-1
-1
308948502 562475671
41949212 153955089
-1
-1
-1
-1
27283880 38979747
489071 22661328
74259301 110493340
7152673 282625180
329233592 665984615
-1
-1
-1
315495417 647090804
39633738 175086433
-1
-1
-1
253163306 273310641
-1
71870647 256305262
-1
-1
59262402 177967049
28904640 848573431
-1
45317679 109101238
-1
129231978 200410771
81950398 820759941
48765364 113989003
-1
52557329 161647710
82357373 147097316
-1
-1
-1
-1
142818414 566807873
-1
46973422 212006625
186656586 646078007
168091138 374746009
61901085 141908912
43224448 126271141
48833734 269358067
122622667 211536250
54464163 407887184
31305790 532391137
-1
4636840 302302453
205978066 721531507
-1
251773601 535316918
-1
270240549 526425242
136508060 249199469
3995459 68293908
24915392 227955377
106485030 700111073
-1
42355426 47302767
-1
68763163 255912796
44357611 133287172
159551137 276545932
10020281 214873406
7986078 18959189
10570524 169962923
-1
-1
-1
190862198 245227179
-1
-1
-1
1985603 12126588
-1
-1
376286227 435643032
-1
-1
22766881 753588570
170654407 484414030
146489553 456116954
60093008 73200791
178887346 509484997
-1
159843768 339092693
184542818 675945495
-1
27231960 159573619
-1
200392621 529037056
42492690 72674861
81904391 619161020
159661872 562123237
-1
1182494 104547947
27012207 510463700
-1
-1
197316614 534186117
90509977 283265512
-1
-1
-1
176735666 226311263
20654830 487964913
1366901 468727296
411397833 581281964
-1
77459481 196694356
-1
221572593 449612980
-1
27229605 493441576
-1
36838373 133253778
3315942 491960557
69964974 467515757
-1
24331920 130051531
-1
-1
-1
-1
-1
-1
-1
57983573 312332270
53140762 106277377
114821525 421985652
65346320 147146699
-1
65195920 759954493
-1
-1
27233547 75270640
-1
211228595 541737032
115374743 158954198
4391466 10339681
142383694 206771157
274785621 518459446
46853864 774457019
-1
-1
-1
-1
168950108 427211169
-1
-1
-1
-1
185964 1400735
415489926 430737283
-1
-1
52885873 581484174
-1
-1
3845858 230625755
88842788 458460351
18787930 221716419
44412627 388291642
86291314 697223667
-1
374401538 581209403
-1
-1
-1
47462292 235854827
-1
-1
-1
-1
376176995 390477338
179149456 393514495
-1
342429499 652379002
82917983 146892030
-1
95148507 649101886
113636947 791165470
84449811 290560556
-1
91256685 488023906
322061067 393183332
11816654 980358395
11450643 23791898
295506454 526728033
12459926 738804671
73410855 75102602
-1
-1
-1
90689003 352700270
-1
122666354 164841039
58796219 239035554
-1
48342521 641104086
-1
86359527 449091976
7080941 89350920
-1
140663070 257640767
-1
103969617 523701604
54636750 131148467
68988226 293830885
447915658 480399943
147985922 244989497
33807807 351700714
-1
24473195 867163326
-1
-1
-1
85325 623798
246247465 554005218
96788330 135882443
55678365 263119274
-1
25022110 85716157
5101588 9872715
-1
-1
-1
-1
24627312 26347459
-1
-1
-1
-1
17945927 20673200
5322023 117619596
22643792 385055729
55875661 365451760
-1
151847472 823806905
122912514 260093903
225178011 251669810
-1
-1
-1
247312986 345436063
-1
3838230 5437381
251260038 256736755
-1
-1
47442938 279749855
17313582 72044177
-1
122045744 173338109
-1
-1
322917392 333550547
1982882 141482589
146905099 284314554
90187572 198962669
-1
302008404 544992523
162272761 282797562
-1
-1
62752241 199676498
-1
-1
-1
-1
929972 241999395
-1
-1
37339576 123767481
-1
42099813 55154614
-1
-1
-1
58418359 901100308
-1
143136168 277564505
-1
208943106 356583761
239080712 712977827
-1
13707840 270806059
-1
-1
-1
-1
6126528 27003229
-1
-1
317955760 398921383
-1
-1
161464233 242898776
23294981 28448636
195490401 662577146
-1
11981060 67578513
44166949 88237578
-1
15180722 336724547
37838492 90966221
91198329 189059114
5890976 120789311
-1
254312464 571084959
294772899 496174322
-1
84778831 97312308
-1
168296071 731335150
274171397 395820896
173924957 560064980
68781917 386178822
113634951 300995830
-1
47798509 542160732
179708679 685113302
96932536 129619717
51139154 233892917
-1
-1
160428301 650135500
-1
169068776 271675551
195950681 733140512
189658997 314352206
245569336 284169201
-1
-1
-1
47115242 746262797
-1
-1
-1
353685981 361753166
-1
29162676 905870645
173316432 357144179
416075371 479568948
6445087 8626174
132537661 201744006
329934072 527086849
262930181 607633566
-1
1469863 113622258
1308244 45814047
-1
3942988 466702045
-1
136545029 718359594
21258678 82872533
45360741 74134132
51486849 246847204
-1
67828884 332722577
13997446 17924007
-1
-1
378012145 504346146
-1
288996399 633226234
-1
311583004 577969783
178874624 440102547
-1
159775218 184099661
329216901 415776280
186875467 325584802
15966873 283324324
42506975 631876274
-1
87936915 703833598
-1
-1
-1
211459295 241071512
-1
384936518 426106961
30950593 99157950
-1
-1
318713025 422929834
-1
-1
-1
67839974 362377335
-1
13510110 187128557
49524550 157014633
189446484 355717529
-1
142994456 406966737
-1
243052466 275419947
-1
133970 15300147
-1
-1
-1
-1
-1
41957017 300910822
56574553 277037784
27360806 32711277
-1
147298763 316799280
35485323 276064798
159682399 395065584
-1
91013738 519617355
-1
-1
65771971 184692780
-1
-1
-1
23214828 399629863
-1
-1
117527998 174564073
-1
17074631 56121308
-1
55504757 919311936
-1
282064923 354103058
22821528 75845519
394121640 462177569
-1
93994369 423452560
-1
-1
-1
-1
336529762 347173837
-1
40008259 44468058
-1
-1
62021480 206795883
115541020 154906413
-1
91138883 506274224
-1
214108632 311723551
-1
267412295 529603838
37681437 604389556
317267045 427182432
-1
-1
-1
191568021 635435122
-1
184290609 227835398
-1
5441055 245779864
146438037 460818530
378530775 388180862
29379997 613495806
-1
72766862 400502939
-1
228340139 421305150
124033318 569195473
37217945 297294738
235553595 521926556
-1
94002288 107337775
240013074 663920993
-1
-1
373276789 449266510
-1
-1
37075399 427763644
133760440 480897061
72309848 220324509
-1
-1
-1
-1
187234476 732705697
-1
57628870 163415293
75423330 614266921
-1
178563482 249650901
371791097 408808230
-1
-1
-1
-1
247940817 492043742
380665207 523842490
-1
-1
-1
146729235 273139688
61973774 100918155
-1
-1
110469419 157190384
-1
34305565 37312974
-1
179008968 375011489
-1
35742272 551341817
-1
26470336 326731705
18513427 128868492
-1
122218026 395043907
-1
139452749 428874152
-1
-1
-1
6566964 131760865
-1
88306208 102769709
220598219 480857780
50016094 63063933
-1
12403849 62843962
-1
-1
-1
-1
-1
161044207 355846456
174514015 806058196
33021167 945702806
170486448 786237301
-1
68938680 154118867
-1
85344885 191501884
-1
15107855 488446146
-1
-1
-1
367992544 549216807
-1
-1
-1
240724596 710210777
281260729 440846040
-1
52480786 78510747
-1
-1
-1
-1
-1
318542565 448060732
-1
76413876 125463535
151375468 175667035
33102283 66093018
-1
3907613 72100610
-1
22314598 255927829
-1
159405170 432462081
159926285 294280296
237137259 237934322
11597182 115077865
-1
-1
-1
108992311 353283718
-1
-1
-1
15251092 286713105
248741117 566484494
-1
-1
-1
1106593 497670508
4023667 4894810
272165309 530617950
-1
-1
-1
1606539 86011490
189566002 677331721
-1
-1
2836599 187898368
-1
118933561 147989748
37538379 364782634
6073497 965354962
3427699 113740654
-1
-1
-1
46168 558109
8086989 95996594
-1
-1
57515876 272277425
137060180 283000749
192071891 235438650
-1
881909 400138442
-1
84558958 903053553
19279285 195832624
338437268 534999983
8292914 499313235
6895552 296294515
-1
57900851 757634720
320573734 438096603
-1
-1
-1
-1
-1
-1
44139592 367001241
-1
191967703 739598956
192716191 429082416
-1
64410586 246762763
22839429 459442820
-1
51576674 121406849
317504968 445705549
60800174 180420383
103881550 743718961
-1
301345133 350822718
-1
-1
125557228 482631709
290798173 507472576
-1
-1
-1
63450379 376995972
26901103 307495488
273625121 635716560
-1
-1
-1
-1
-1
-1
-1
72022542 858741077
-1
74890443 656031218
-1
-1
103822194 217274497
2673740 3544203
110074184 460054317
3190242 18557035
96542611 399717976
-1
-1
-1
-1
15178253 213403244
-1
-1
-1
-1
36788976 59169461
-1
47212082 167455565
-1
236549558 242845595
288424649 631495752
345445937 545672672
90205168 531147051
156633317 450996014
21866921 797345840
79699377 773039390
-1
-1
16342162 939782779
-1
61542553 280947706
-1
-1
270794368 650938911
5554259 25574550
-1
-1
-1
-1
14014043 45445418
11881217 877780482
-1
-1
333405449 420316550
16432684 162517627
-1
-1
91648526 247280093
4753000 75866697
-1
-1
-1
72614519 114733232
-1
-1
-1
-1
-1
182619598 500156521
369371678 577430639
-1
367892338 406489659
91816185 878403376
-1
1764034 1884993
60957597 773896096
35079305 285175296
-1
16231362 81639149
127006689 371306408
29644478 35418141
50977496 123452297
48586061 217402602
21537124 110126097
-1
-1
-1
91782 975629
-1
-1
-1
263070129 550833944
-1
-1
131479304 533057147
-1
-1
124427072 782340249
27921587 188622302
-1
-1
136815 6237478
-1
-1
-1
-1
-1
-1
375755511 485744138
-1
-1
48908381 86612336
-1
101479397 276940376
5734268 242879385
482173520 491477217
-1
-1
244621231 671487520
183282339 652005512
144249437 366576036
-1
179788648 531573235
-1
17172573 91339120
12594331 116746290
125840917 836333910
-1
238695856 316852035
-1
70628295 799089518
40571719 780305412
-1
-1
-1
-1
689949 1672798
64694347 378171046
17606575 162425538
37785187 718338504
91505169 379232038
-1
-1
-1
-1
-1
-1
-1
12287684 136971915
-1
-1
-1
-1
343449956 584775753
-1
-1
-1
-1
146364591 218498350
-1
108150060 272098933
-1
14619732 198035639
-1
37136315 147229556
-1
17293068 446783453
-1
7415854 125879005
218389097 299681964
-1
275296078 700926739
-1
12704260 44819097
-1
22100041 787367400
-1
9672931 184152322
48215758 222444979
211227163 771855268
-1
28492181 39792006
169080 955213
-1
90667015 106126734
2314910 141885123
162302069 712845098
267237707 436480062
161736577 625163104
204258001 456553672
32557332 805804781
-1
286847966 510499437
-1
66674500 139351017
177463576 201791593
133786426 444022765
1645038 65251273
-1
-1
101032653 754578256
1745364 13388243
263472645 485886818
67252074 163046573
2036522 8188071
-1
71180662 104788671
201275835 392992454
-1
-1
-1
-1
232981265 607904636
26900323 69441106
52919630 337497239
11164737 198661016
157898813 781965930
85980171 523340978
66740019 164845028
15813479 212490048
70198365 91379882
-1
7891749 22354204
-1
41806181 456395576
-1
68137004 259729343
48600988 572800395
-1
-1
-1
-1
135413275 136137786
-1
-1
-1
-1
178816435 232063674
-1
33882724 277599877
-1
-1
122957287 638187126
-1
192170136 218063995
-1
-1
146931703 752751168
-1
15579840 23837269
135274433 382113654
50032775 57146366
-1
26688554 93425607
98749651 707748102
357374050 535544433
-1
-1
-1
175543251 295982668
-1
120140814 242867165
54944760 717170173
61768043 144633266
96693026 188625285
-1
80986404 743340863
-1
-1
280618295 352645782
-1
-1
240605 650744
-1
-1
-1
41691477 73259992
-1
-1
163739010 656657713
9679396 47696217
-1
-1
-1
11386431 678487316
57325379 81921252
-1
-1
125160315 840767756
-1
-1
238645144 272868147
-1
23339747 88650734
-1
95928942 825021461
-1
-1
-1
724306 5300353
-1
-1
4383205 8296428
-1
17285795 146956236
-1
-1
67475340 163728769
7603311 304644286
-1
71341911 344330230
116333025 540488174
-1
-1
99865788 811432585
68476397 337193754
-1
216981161 393195366
187366402 481157659
-1
48985804 451956537
-1
315402935 522514022
-1
201462615 530550998
-1
47979464 448073385
-1
-1
3871106 200882483
-1
-1
366038349 410502400
-1
153223052 338675087
-1
385864727 455204132
11779106 383468975
65026073 680559620
28018889 89670780
197244110 693990329
-1
185772167 339267566
-1
-1
-1
-1
97262566 370182963
-1
95336925 739079326
-1
33621233 196553804
-1
-1
-1
1918049 28946784
-1
-1
124118977 197435016
-1
-1
-1
106031408 248427339
122871975 381337442
9439572 376915387
196437574 456757153
321757433 334570128
20053202 173180529
-1
-1
-1
-1
-1
-1
-1
-1
213686998 463850553
56901455 536223744
-1
69855309 415107590
2862016 22741183
-1
-1
67472745 473245556
-1
-1
-1
130068835 149959246
292373349 322409278
169859169 397518100
-1
-1
-1
308372229 444788362
97666679 174646928
-1
-1
-1
1804115 4259232
14764034 94416927
-1
-1
-1
-1
338239009 450551122
137008976 217919853
-1
-1
-1
-1
-1
-1
-1
187558164 431156869
-1
-1
-1
-1
-1
-1
-1
-1
138657852 704527825
-1
29539334 134322389
68804626 78623401
-1
161626511 290691402
93588881 345731852
-1
241676605 552206398
-1
-1
-1
206749961 401130680
216065 445184834
67846140 71877643
16764928 41975311
162272568 284731193
-1
-1
12463769 39718260
-1
-1
252965545 371158402
-1
74989273 441026314
-1
-1
107409566 401617125
-1
-1
-1
-1
278092416 323088215
79312172 268068275
141979764 834122029
206838978 444028159
-1
3428051 4630518
171271453 326983950
253353813 649309174
-1
12583208 26101421
-1
-1
76878880 784025071
-1
101842480 115525059
-1
-1
-1
292165029 361636012
84957417 135775796
5004096 92041403
-1
52918985 454816064
-1
196505858 542017491
30050323 180438810
215075929 400761708
-1
77718566 267172263
-1
232700694 476866793
1829923 6767236
9371162 590053341
42664587 442799962
-1
67852793 198641324
90192784 290450013
85976815 457436028
-1
-1
37570392 382595495
19801111 228324892
192469725 288580352
-1
362876853 383622470
-1
-1
6486379 232668934
-1
84913367 574884032
-1
48000516 139024585
-1
117617566 406751941
367024 1212075
-1
-1
61256812 422033967
6204152 101895729
-1
17176684 211780575
170845937 642833822
-1
-1
107666753 349561698
2446805 259739978
-1
110047450 661201759
-1
5388498 610750393
-1
-1
284842798 397072459
327728424 607139047
-1
199999666 407008023
-1
-1
-1
48484352 133608159
16627007 369067776
-1
-1
14088932 51199157
-1
-1
-1
-1
42143982 364459877
-1
70679410 215798497
151954676 455518133
15587866 243990787
-1
-1
-1
-1
107261915 117078116
-1
358256478 516350029
116548670 686946171
69450658 817474369
-1
-1
128133762 373734307
282967987 653106154
-1
328219758 537514115
-1
-1
112344951 770786416
-1
-1
70427530 132417577
53677454 315798413
-1
147261811 553063300
-1
-1
-1
16697362 91458165
-1
73729218 328988953
42012257 64225934
37397329 40024074
150151360 658876863
-1
-1
-1
-1
-1
-1
180356418 568142933
52337798 111904653
-1
-1
-1
243162208 277726905
31498968 523338275
301501625 517082208
312094644 496229413
-1
-1
-1
349211392 502676647
-1
-1
-1
174593325 348827522
-1
34754882 663161829
102210215 165104876
-1
33580296 775773593
-1
42995311 161810452
137486024 570614207
224871429 666473884
90557818 496228101
95820234 346151045
-1
182663843 590728290
33425253 56463904
-1
-1
126396965 139259996
-1
-1
-1
267693815 561596436
-1
28590649 67581274
109934 845894867
226509214 602366775
-1
-1
-1
-1
55198422 911142581
13771836 42560455
-1
-1
258752169 452547514
-1
175354578 453971585
198325407 563761862
-1
-1
-1
-1
-1
5193089 12073130
-1
-1
-1
110477056 644230363
65359906 298668985
20068813 204949716
54851244 214130377
16755609 181246214
258330329 398264684
-1
82744 21826587
38514714 95820899
-1
-1
-1
19237043 42023580
3654797 119260812
-1
398550122 498223941
12955701 95903428
-1
-1
-1
119581821 677029042
65721333 193691848
13279302 372145891
196623722 355078311
-1
-1
-1
106572766 230127315
69912894 626153843
-1
-1
23900679 39169408
-1
70931073 242367310
68715672 92217047
13515503 23762754
-1
-1
67813130 156363203
-1
231640832 660706941
64610327 201052734
-1
-1
1172359 16492830
-1
-1
-1
216391990 682520967
83486734 134190105
-1
48325342 199317169
314787775 551011602
37712926 360519903
-1
-1
-1
-1
60878533 337772448
-1
-1
-1
149843223 444217450
309988682 523240629
-1
139994784 483768905
1144431 388668106
43162248 710456509
7744051 27118158
-1
77302015 401651442
106182050 172983257
-1
-1
-1
134975648 608088125
-1
76983072 272316499
-1
-1
-1
162065556 312779467
18563 53371938
-1
-1
-1
-1
111768076 185110137
353997960 583589489
-1
148118189 294957914
-1
-1
-1
-1
116397891 390761728
2109594 18553879
19192441 82959442
-1
-1
19850862 167960977
189306986 616860483
14464497 480519466
21684568 44937529
-1
-1
-1
-1
30408912 86830841
17770072 44497297
-1
253009440 264260759
-1
18282976 142041883
-1
6633344 80163357
3951726 27482023
-1
-1
95217128 246811863
215065372 764129407
-1
36148932 84994019
284281040 644550287
55313445 91800584
-1
5306524 8178529
124668665 333036146
260120996 573888207
-1
102480059 187425852
-1
57959591 87986166
101897138 687652229
20446432 140786859
-1
3917110 40788493
656438 23433689
-1
175731383 444358700
71677896 438726437
216634040 232856451
-1
156376218 296912993
146185916 330683865
232502556 298743791
330674475 367462288
5773416 830291041
263741128 683747595
-1
-1
-1
9217849 254957652
1465501 27927546
19151693 78734024
165038940 366381479
136705394 258722823
11562586 60082885
-1
63473363 82253144
12269702 40709337
-1
328108627 489247126
-1
-1
5767512 66123961
63725609 127432742
2180761 27476242
78909516 230007671
-1
146117135 380043504
145740923 158021274
42660935 273434366
-1
-1
40247286 493454033
-1
118643084 316093475
236665101 578807246
-1
228872109 597106780
200391122 343504869
-1
-1
63160800 117889813
51612230 305759703
-1
150524313 270646846
137699290 161893401
268718177 448125066
38339826 154238761
14610113 766694330
12793017 517991210
-1
80234209 717940122
-1
-1
57095603 298895664
-1
105260020 566131891
203782997 264331392
191253215 778218284
-1
-1
151880873 302665490
-1
-1
-1
-1
105361007 491111994
-1
152948162 237514437
228141828 636727979
5548504 121185273
429499085 484326774
-1
112548584 882250863
-1
-1
28308663 878801986
-1
-1
33902315 42514548
29187153 559342028
-1
18632891 238267670
-1
165414409 190040238
-1
-1
188913388 559728595
-1
73496231 876584580
-1
-1
123534266 728264663
40436349 66489794
27415119 383761312
-1
-1
20666410 465222187
137229777 457617794
233387575 485839566
-1
440187139 471502498
337963585 655487428
-1
-1
28515693 167397056
36438167 206578170
-1
-1
-1
227839194 285355097
41793267 63907802
-1
-1
-1
-1
-1
275559106 332103843
-1
5565908 305831273
-1
-1
58625423 193440554
-1
-1
277623738 501212293
190865675 483268358
173183602 324762211
8262834 464628899
6599690 225080651
-1
50923594 610340595
51518992 65539759
-1
271316553 438114500
-1
101574574 244248693
-1
-1
53624870 564147731
109842702 268212751
-1
-1
9214021 37845982
137874255 801387188
177383231 317394372
53768423 83859300
58301656 260508571
-1
-1
-1
-1
-1
-1
-1
-1
-1
88018982 682292517
-1
-1
-1
-1
235537864 242085027
404972015 442884338
-1
33337639 721701682
-1
-1
80570084 390890699
-1
-1
10558920 131146489
-1
271540494 584906795
50973740 247796997
-1
160161454 236208859
-1
219046978 319612725
-1
425939482 490979005
-1
-1
81222816 484158841
74634826 498298635
-1
-1
-1
36070219 220752870
273392865 415550662
-1
-1
98885958 644916925
-1
217233294 660546143
-1
144025263 245133128
-1
50882159 180751814
-1
-1
21059788 264168919
37372473 320632520
-1
8637235 28012128
233034233 559914164
7752279 77604854
-1
163054392 326653249
-1
35966878 36077359
99045454 599845455
12824428 204838051
16667762 208921227
-1
-1
46835769 481091500
-1
108775723 529584438
204687710 370772249
-1
-1
119287440 471230771
83490159 284848850
50904539 590459172
-1
-1
29024945 48411378
283950037 416028160
-1
9841295 824400678
-1
165612092 256209431
-1
-1
-1
121457241 340092010
-1
-1
241000123 636746284
19928 113655
89864648 417096461
226016248 653159859
-1
271436337 482116670
-1
7269381 14645458
177548667 361155722
18024 102542873
53277027 106456720
-1
-1
-1
26034580 307640803
-1
-1
347290220 396903081
-1
-1
-1
98075485 106804416
138237416 199365767
64351322 690657567
254482142 442280949
2641426 35242263
46714425 205693196
35637472 676038105
350267633 384710976
-1
29118069 76347832
-1
165252527 817377686
119363803 639978840
69435150 725085319
-1
-1
-1
-1
-1
47921147 57823452
-1
-1
14813240 47362541
206072713 458828308
-1
-1
-1
-1
126776566 225928833
-1
48705565 84984858
-1
-1
-1
36089489 195963272
104002036 481232253
-1
-1
75810081 658287622
46295061 679199762
-1
-1
-1
-1
193450931 776612616
35511505 842388744
-1
-1
24399888 48158401
-1
97932178 530169805
38500857 81894394
-1
-1
-1
276067111 424337458
285118625 500513168
-1
-1
70269398 217091373
-1
270025603 536503584
246590071 283666270
-1
48072477 500286260
-1
-1
38642791 268234446
-1
-1
59741284 148897173
78841966 314769225
-1
-1
20483036 284688065
767964 34868555
34608713 720387918
-1
76434641 500859848
-1
53255251 832419450
-1
-1
-1
-1
-1
358562269 509022508
245559523 274249744
-1
-1
-1
-1
49467577 655190490
-1
63334049 821684420
-1
22354334 348854057
-1
77292632 407124837
-1
140759980 152627739
-1
10259937 24594580
170420080 364921609
399225089 414661610
260690572 504779251
-1
-1
31768224 229954025
-1
-1
200765958 325489231
194249551 483991846
-1
19115404 152560245
9490379 290427488
252261127 290185824
-1
3284388 91782329
14849437 40273810
-1
7609596 218836601
245085891 336961552
-1
43759193 922383638
-1
-1
-1
-1
-1
-1
42222029 178230590
-1
-1
-1
-1
212767109 252204704
-1
-1
-1
-1
150180206 174386915
-1
-1
55486897 332798710
46026772 74434405
95414360 421194983
-1
229583317 335879860
168691157 689017622
-1
-1
-1
-1
96283801 200470326
-1
60054688 786742201
-1
-1
-1
174734 6146237
-1
392354448 479897591
31531932 355413811
-1
12337326 875994805
20099490 136619953
-1
-1
-1
168484390 321836319
-1
14499834 247785757
-1
276078528 276230023
-1
236105768 330206481
30248257 205508470
-1
234243892 390393171
24417323 136255818
5552785 30840588
290510729 488657112
-1
39038224 580292139
-1
53962211 700210580
26885496 80016773
102773671 659959822
241399356 476315533
84584131 263115666
-1
-1
-1
-1
43636770 238089811
-1
282320786 413733347
221551264 662920419
-1
-1
-1
-1
-1
-1
35703068 137692305
-1
149514108 712165811
-1
3851121 201230648
-1
93352206 802167043
54055974 165768559
-1
271308366 431590823
-1
123897126 415108807
85263769 98310978
165310847 507060696
-1
-1
-1
-1
-1
32057078 59757681
100114347 150069362
-1
152324503 260377056
18544089 280077244
-1
11702762 43011707
-1
1438874 71360759
49032347 578221074
-1
46140535 225882576
-1
-1
-1
-1
-1
-1
72463101 216892090
185320062 278792135
7298932 258663291
-1
151836048 802761235
-1
-1
-1
-1
39991033 453734538
-1
-1
673351 1002346
108671916 434709401
25524186 365591647
710020 737054767
-1
-1
20411592 196588267
136464469 212714938
44372811 761391952
-1
262349904 303839579
-1
-1
68788581 377197978
-1
-1
-1
-1
-1
66734310 84477539
-1
28323183 148900310
408581315 444485642
-1
-1
-1
-1
16665412 163241431
158873386 720002587
-1
-1
58054255 801231054
-1
165859092 297870725
-1
278997083 459061664
-1
201760502 725011229
315585862 417080535
180841657 653026104
33433049 112196714
-1
380805097 601726290
135559094 646425089
148687062 795286987
234357641 425624126
294018763 541150906
15994522 214471869
152616355 343493244
302818082 606937859
-1
-1
-1
-1
-1
-1
-1
-1
-1
-1
17005749 85287224
-1
-1
-1
-1
-1
80979689 96856842
496912217 499209036
-1
-1
38392326 764829493
-1
-1
7571777 747063186
47677479 97299398
76129938 465651859
-1
-1
-1
-1
-1
5282350 220626243
-1
-1
227572623 435738488
-1
-1
-1
454342331 526338306
12148257 20311756
-1
74253263 149329820
-1
193449739 231707898
81930290 688888763
-1
48034411 368664796
45923891 233458218
-1
-1
267706851 398988988
-1
401361054 526879745
224967354 605800289
137213464 195759265
79835984 724236069
21849153 211266706
3953610 241796341
3745547 253918142
-1
-1
58932761 295963838
-1
-1
-1
-1
48382415 89998904
-1
255366565 499341604
-1
133344727 550543554
-1
-1
380883639 570381908
-1
-1
418499169 420012412
99357579 529961432
74503204 237363619
-1
51759579 106956170
-1
-1
-1
113606996 239077107
-1
246824121 457490830
4104557 162269652
175057903 639879658
69284963 670936248
29081814 192992419
-1
170323621 248542366
107752037 628915166
58959030 830898217
224679724 242795755
124922909 246158150
-1
-1
108461181 566415116
192870762 630075095
-1
52231268 67760871
-1
247995671 415406570
141139822 842728461
9834649 16193764
66659704 176681085
30104008 101831799
48000659 758600088
-1
139006069 282207712
79274875 166792698
-1
-1
-1
166625631 221504648
-1
-1
278828726 643521051
-1
85634458 176492125
97252907 424706112
-1
3088599 56566162
-1
237016358 381960111
63168470 145240553
96056166 138734107
195097839 237849230
-1
-1
41849099 94308458
-1
18507787 60707434
380901750 401695423
5365488 27917903
-1
-1
-1
-1
28934344 63648697
-1
27133568 60827729
102139247 781767302
52513649 126966818
138095916 220069345
-1
26820449 148518504
-1
-1
-1
-1
289562576 329152253
56289693 88710164
-1
68176714 78122055
-1
186876718 451218703
-1
36618616 504497845
98108489 819473720
-1
19359518 64048553
-1
257820346 368917977
-1
98251800 112754141
18184652 260492379
-1
106514788 388698739
-1
-1
-1
54162706 363533971
157317728 312038681
-1
-1
290030163 497430734
-1
-1
43411279 96859884
-1
24954575 30924176
-1
-1
-1
93397247 142048844
-1
270138834 352619615
41182 24435819
-1
306468631 453212892
176100418 417751285
-1
55843145 285563598
-1
-1
-1
-1
232620107 373079840
-1
96023247 476499910
-1
-1
30981832 192388209
-1
-1
197310963 428605684
1845693 836416426
-1
-1
129526899 443816864
29780004 199543835
-1
-1
-1
260761614 340095899
150346450 203743947
-1
22542100 364386861
126138424 342613945
-1
-1
-1
51114173 870539804
113837729 321032274
-1
-1
-1
290799692 556684487
-1
-1
-1
-1
-1
184049728 199736229
38653793 405309960
-1
98665556 281813481
-1
21312530 650814203
136927296 154726373
87351206 224779983
-1
144446866 169733911
-1
27945412 511201285
-1
-1
-1
-1
-1
-1
-1
28154637 354710782
133490777 518410296
-1
219596055 282245174
21064461 309732752
113479132 203883097
24866799 324774704
-1
-1
54256595 81260102
65079252 220283941
-1
-1
-1
108913253 191516384
-1
-1
91477593 289026626
-1
-1
661064 4502729
19151391 240462638
-1
312839495 378355496
104741089 209857798
72336041 153254880
303652 79797657
-1
88407987 256301192
145502903 205331016
287278235 694212276
75228172 98592411
-1
-1
-1
340450874 357648123
69493656 283118693
-1
23215662 85397035
-1
-1
143569446 768714397
-1
165667565 220794762
229334523 399084460
21639236 471593765
64269079 105887242
155019679 379514350
-1
-1
344889871 539156496
427854253 446739294
-1
201215031 364290176
139847750 257756403
175316338 202652373
-1
35651771 763039608
211356152 240891065
-1
-1
90099551 531525168
-1
375760012 621276151
24605291 135219060
113125761 850307966
-1
-1
93405377 330252846
70990636 89065765
46658814 171876179
-1
-1
-1
-1
-1
6421543 154884480
-1
98763821 119762052
-1
15125046 109763117
-1
81178676 691020665
-1
-1
-1
186323561 429556476
4854678 129092851
37542958 61525105
-1
-1
-1
-1
83187435 104839406
99597677 545113224
-1
18908843 67085990
7735141 12636822
-1
-1
-1
214641717 292540220
24598647 30662044
289966155 296237098
98087330 456846971
-1
-1
-1
64331186 85108157
51044977 167829040
19882499 80053404
170762379 499090828
-1
297900893 387944504
303021628 309686331
82796693 93374240
-1
50664752 168854771
-1
174388662 214870199
196098945 416595008
-1
-1
144411161 527911026
-1
-1
210883043 713788928
-1
-1
6755359 32117250
-1
60349363 89546038
15291627 23255704
93260533 332436658
-1
-1
-1
-1
-1
-1
19246695 677513968
20335676 604511423
-1
-1
-1
-1
-1
40680326 150435537
-1
9344879 90468078
128093905 149992972
65012892 485648369
107732792 795034011
14363519 233399180
-1
233182868 289529493
79064886 79604861
-1
8828785 963327846
2917090 738361449
-1
178351729 568664958
31226764 75730935
64958474 91635077
55162447 426780562
-1
-1
12616811 195672392
-1
116833415 190143812
-1
-1
11301232 123656067
245348206 252376425
122694990 284890297
-1
33478284 59343145
-1
53620642 147115081
95015317 302685832
118962801 755027168
-1
-1
10666164 97128013
-1
5534863 60379368
127432592 544770021
-1
-1
-1
-1
-1
-1
-1
-1
-1
18135514 244340577
244723854 476148275
14548529 245143950
-1
237162049 385430682
-1
-1
-1
-1
-1
7557983 914631056
72872184 576252295
37283571 59984902
-1
-1
43964324 73393139
-1
403153124 421113357
78390920 135946653
-1
106747001 257402292
248514242 379067429
140539978 427556055
96583080 240945659
290324390 387513513
-1
-1
2686556 52096685
18045602 575513405
-1
-1
421580527 524430862
-1
-1
-1
7797892 115844919
1902271 396184372
354084321 627286822
-1
-1
32580493 37736500
54997096 99464551
-1
-1
-1
144423113 659973444
202404567 494042572
-1
-1
205863695 549823004
244478589 594854392
-1
-1
352803400 576829257
-1
-1
-1
208502728 712291009
115604764 230426829
-1
-1
-1
45071967 62486840
-1
213439480 293671099
-1
-1
-1
611119 512550298
8096665 66565942
230514444 342933947
-1
196496209 221617420
-1
74644303 712215126
108161390 109039437
-1
71476 558957
-1
-1
-1
57624160 414393891
233866514 690237879
-1
19385178 24101063
216570687 598785962
267617807 437346350
-1
125960876 555769421
-1
-1
104964251 110114456
-1
203185792 291101889
42126817 751039842
-1
2757097 310684692
-1
-1
-1
-1
249984657 511344784
66262498 194234083
182171210 685349321
-1
-1
-1
-1
-1
175655308 258688711
-1
9182997 30131260
6016861 237005790
183424889 704433372
-1
141294911 514264638
167170733 328469886
-1
14283545 66437894
210640900 654375331
-1
72826134 122272633
379458097 558783034
-1
-1
-1
181443643 618941226
-1
97575964 606838027
226347988 485388825
22742643 446087170
-1
-1
-1
-1
-1
-1
-1
-1
-1
41758 62085
-1
-1
-1
211737938 760501703
25957522 437470831
108827064 153935039
-1
13628655 205167488
-1
16372807 61687510
52432691 586869278
-1
-1
2763525 2809046
-1
-1
-1
-1
4512268 6707125
-1
58940337 400167506
301685177 354630254
-1
22982496 250265827
263812308 638791789
-1
113692344 580440127
-1
-1
1936421 226995272
150267997 423351264
43355593 79833318
243214379 312298452
68437165 566316072
46397432 905010185
144327425 754334078
-1
-1
-1
67440191 248909816
-1
-1
-1
42312062 72500715
182892945 640844432
-1
193780984 760159555
-1
-1
63113041 158195638
120798182 203368379
104524958 871830029
-1
55518062 142045049
242689147 247911982
366478260 601132469
-1
-1
25288295 367011992
239195183 263013324
-1
395309311 508134196
-1
-1
-1
125788221 400635752
194919 168115880
-1
49338985 277281132
-1
-1
-1
128543968 735300789
-1
12311746 30506823
132701653 380486128
11830590 60571919
232628862 393510931
-1
655934 18561675
-1
-1
107128143 275905496
-1
9866283 934413364
-1
-1
16473302 202127195
220832061 408293168
3861194 183310163
1884806 3572727
1069475 22848204
-1
44527672 428800101
36182801 54052580
-1
95811012 110885831
-1
-1
7045641 21849976
-1
-1
147579575 630539534
-1
18124968 58546799
106611197 643191236
-1
-1
-1
50077319 550145972
23422270 305708563
274608046 369557431
335627369 391186242
1916643 4340584
-1
113739968 219689871
-1
-1
-1
93824406 126822455
-1
-1
40932026 147474963
-1
-1
-1
154309927 513435222
-1
32465868 220256113
79596559 147247978
-1
-1
31410192 86529187
101767194 297374839
964817 22026546
-1
20680990 579179781
-1
-1
178972998 722652791
-1
-1
-1
-1
5892850 24773371
2666 2437647
-1
384116906 568160087
25340367 728486492
-1
51568206 65971067
109901985 781889308
9751452 265958447
28662010 301207399
-1
-1
254082099 254095232
18792348 442416553
5089746 8500945
-1
21981332 41667207
366038618 382612599
-1
4753277 5994822
44333544 230317073
-1
125417384 178427277
-1
-1
-1
248422158 480448183
-1
35468567 111936234
-1
-1
-1
-1
-1
33259171 102467802
-1
-1
-1
2067605 308747208
112543153 120845584
-1
52884882 225390119
752660 8039759
-1
-1
-1
-1
-1
-1
165205766 239820111
-1
-1
-1
-1
-1
14028035 116726046
-1
-1
88330129 520228944
57124240 115914163
142232894 211039419
135418823 154273304
-1
-1
182554128 436399189
-1
-1
-1
-1
-1
119151422 319754807
22507129 633734508
227889451 612101520
-1
-1
-1
53866907 259838970
69344937 88017116
57415272 78163117
282413635 708346924
-1
20648595 858264646
-1
-1
16503685 625326094
175333308 412103039
49127976 483282571
-1
-1
-1
11394088 323743713
-1
-1
196846 30005203
17842625 54486728
-1
-1
-1
16722174 256356265
23604098 37682331
28241763 536539078
-1
22322236 682612131
-1
360365680 523434751
268520286 443514053
-1
-1
-1
-1
103449986 270209975
-1
-1
126668485 550164702
119871625 412511962
70101224 500402057
46458448 98399491
-1
-1
-1
1657672 485089581
-1
-1
206917824 546207293
-1
63452063 339102398
88545672 318982021
478206828 512996179
226677308 668004639
-1
170285785 261983352
-1
-1
-1
-1
-1
32980001 211625732
-1
-1
-1
-1
-1
-1
-1
-1
-1
422991001 486003282
-1
-1
183011041 304261636
179420834 643724679
22297304 87073977
38275965 379157438
19713779 186008420
-1
76462410 361195661
-1
271530373 281029248
-1
17992333 29701018
3301642 13780705
272237360 489614457
156878680 561107013
-1
241284440 446433959
-1
-1
44745619 74985072
-1
-1
-1
-1
169621922 685947539
-1
-1
-1
33172985 162273362
-1
-1
213918587 226258922
103990138 455561625
-1
-1
-1
18767542 294726487
133278395 286927736
50493440 269778579
88037610 470763029
-1
43933365 90443896
-1
-1
188979128 485921019
-1
-1
145745315 274440764
-1
4549438 165200403
-1
-1
173684311 387298092
40773765 618669406
301978450 690895491
-1
166492310 340956407
-1
133932601 488626216
241634512 293782519
200821171 606109306
-1
84500767 161570452
-1
-1
-1
180603017 389032502
-1
-1
371484260 476064983
171776781 658755508
93753378 531850631
-1
87760971 322003718
-1
50782136 274771083
40882514 51811077
66406990 772782793
21690933 167453164
-1
-1
-1
-1
-1
4682789 64412838
-1
-1
-1
227985343 451405396
70356 163698373
-1
107155939 206412532
271274880 687944131
40627673 376477536
235640054 504130353
175346583 597187216
37243839 70839482
-1
16798620 17619217
-1
-1
-1
20877285 193757552
-1
205791808 509772105
97712846 137557887
61465243 524989278
199909887 504058564
-1
120785989 505984258
-1
4129562 32937855
-1
-1
19094276 373951415
-1
108357455 273519834
-1
-1
352197217 583000534
-1
-1
77087735 104926904
66467154 823302203
-1
-1
96555645 283088824
-1
-1
-1
-1
138080389 539674692
149986324 603426235
-1
292930298 633547781
-1
-1
-1
38888650 297322243
-1
353933595 553856192
-1
70453671 132195830
10565288 12690293
2284353 16927948
-1
31621818 74050423
-1
6619088 39351323
-1
-1
-1
-1
271962559 338501598
18318217 270007020
-1
-1
90268145 179015084
107425233 890254006
108932626 200318455
-1
-1
156830465 283238222
-1
-1
-1
288531518 472215515
-1
-1
-1
-1
247655095 331690666
-1
-1
134344204 355485205
179855941 453477490
-1
-1
-1
47585856 285632243
92383581 240209770
-1
-1
139333829 316127850
331414868 583970703
-1
124145773 351546424
275588022 501859031
123022111 407616796
-1
-1
-1
103680664 149895889
-1
-1
140209127 259102362
37626780 244617041
104966242 177601539
-1
11002720 622821799
94552415 249519548
-1
180044325 188414936
-1
-1
33735253 658056000
226902465 314306078
-1
-1
4096878 250603325
-1
37949115 120757882
-1
-1
-1
6371188 632546235
144335373 684076868
-1
14096755 61149132
-1
-1
-1
-1
-1
25787654 124772297
-1
-1
-1
-1
-1
439194 828005
116236979 854718128
-1
67633285 221459874
-1
-1
-1
166281318 236406043
-1
-1
-1
-1
-1
-1
113091852 121186925
-1
-1
33658390 928024281
-1
196693 12243730
-1
358418714 450487919
-1
149476470 580191629
-1
-1
-1
-1
-1
72110901 700208630
173687308 693116065
2015399 491655962
114209816 144341963
-1
-1
123462002 563012081
-1
140231808 173135419
57199058 94812111
18986496 24864515
126120391 431705016
25813388 124646855
19671565 117235372
-1
66106364 109363725
-1
34448407 46800274
-1
2954966 89382263
22461606 323818987
130643918 753841889
65660079 657328718
74870379 284690054
252050077 280446460
19427549 34146050
-1
2707249 198559854
431626 2335717
85370939 203865770
-1
137028585 789980354
34702301 38897300
38251714 847401543
122860360 451577661
-1
74053891 908845120
-1
-1
136852271 747025190
114171408 295738453
-1
-1
337467360 461252479
-1
187897464 227794045
-1
52837216 124449037
-1
-1
-1
-1
-1
-1
36772469 58528740
157466173 503937774
109030184 215512659
-1
418547391 454647026
-1
-1
91054844 837325415
-1
6618487 14106076
-1
-1
16063796 57389127
80710206 146894807
74494409 105130250
3040498 6304225
21732445 160375248
-1
106510846 170082451
16858691 76730510
-1
-1
4106876 137394201
22875289 65122164
-1
-1
52651112 520849469
-1
-1
253040 7066031
-1
2463138 5372773
93549612 133637819
-1
667837 125051656
20503503 66185068
78992901 129916588
-1
242458896 517391383
-1
85516208 466369583
52372008 115300771
-1
-1
98807841 705226888
93449983 893459926
-1
141486318 469099039
-1
-1
-1
-1
118933884 699114583
99997566 151758583
-1
7485750 705218387
-1
110993166 403437995
190072636 637098195
-1
-1
179887449 293654110
-1
-1
-1
-1
-1
-1
285843850 456101049
-1
-1
99162247 521029554
-1
14133791 42244248
259489643 329219880
-1
-1
123445555 832419774
-1
33959975 607240062
4568760 300722329
442955738 488305655
185792196 316714891
-1
345749 261161892
-1
-1
46017209 196905924
231935935 441943162
33398959 380586762
-1
156650068 350951881
-1
-1
376766448 569470799
5248583 275444580
63864863 88333160
-1
31910008 58844185
43631692 114807571
162698848 176613441
115037236 189228277
-1
110703629 112165722
-1
72282132 701099401
-1
-1
8260336 251652873
-1
8989831 373402708
3508003 737196460
-1
-1
50267899 901846644
-1
134128877 252116802
210774838 296704285
8290353 476217634
-1
105372838 311686279
35485598 121572803
-1
300238678 679176459
88231929 617398540
-1
1937898 5525251
-1
381021 572980
-1
-1
202903388 400565559
-1
47145937 522946966
51429596 230265735
238347976 725507445
-1
91951041 264765296
75376274 104337087
-1
-1
242784307 589305096
5285803 74733828
15448161 169251370
-1
68994374 210300489
182856721 553928332
267389778 461293741
25928918 86768543
-1
5399008 439366749
-1
-1
167327955 198690442
-1
-1
28824047 199817354
-1
-1
-1
-1
181989775 513179202
-1
-1
-1
56986697 112528722
-1
-1
135418377 598875844
37366103 239141868
-1
224420946 358517857
-1
33452767 70176604
1495487 22938900
238888438 428518021
96783117 103806962
-1
463748363 496047878
-1
75281453 523060314
-1
-1
-1
-1
110741463 234883660
11451158 18788295
-1
293634 107445377
284986924 629598289
230050556 340137471
-1
-1
197109637 511105014
242316558 466012169
-1
-1
-1
-1
-1
198914903 356988686
149332647 179731024
5586655 22805638
-1
-1
115219767 303494654
-1
-1
39443382 173088349
158730110 214316259
-1
-1
146702086 489885505
-1
3349259 11821970
232469213 449504174
61627090 240902757
94505574 366065473
92637351 155313202
-1
23248131 53597542
-1
93904957 818756706
38322306 102300091
54162077 90723416
39886850 294314679
-1
7924913 467434200
-1
-1
-1
-1
-1
-1
-1
121143519 683431088
52141238 127773333
5726498 63401403
-1
184526812 791067169
-1
54678722 181853999
110717498 270426113
-1
-1
36887381 39877478
-1
-1
137465399 206060040
-1
-1
-1
10780497 50701436
198551116 500929035
-1
-1
-1
-1
-1
-1
-1
-1
5724032 420217041
-1
67157195 794732082
58188451 172695700
157461622 162585789
-1
279015492 397467781
275468843 513697104
281544703 378633294
-1
19975692 54448459
-1
217389852 443702381
15122278 518145949
-1
-1
-1
-1
33743203 93414444
-1
-1
75600245 318159788
-1
-1
138984245 342575238
-1
-1
-1
-1
-1
5148092 218877387
48424348 114992641
-1
-1
59690557 232097986
-1
232654551 683169146
32548064 40656975
195300609 653664490
-1
-1
-1
191924273 680979548
107062318 150338025
34513133 569243810
13585772 175238775
6689726 33301437
-1
-1
339390305 493736742
-1
-1
-1
12731472 193359337
-1
247001537 460339536
6810967 38551092
-1
-1
26202235 39459906
45214906 146343807
-1
-1
-1
402461661 540459176
-1
126332435 692535302
22281355 192026766
-1
-1
43430066 361217147
-1
230799274 235931619
375925701 425843032
136884877 408952564
-1
-1
-1
637157 368911142
-1
-1
-1
-1
59232764 99658019
-1
156055588 200559975
-1
10091074 245870767
-1
188615993 507783650
5661454 921267165
-1
1164172 40439727
107686143 802341530
209536950 596062849
-1
-1
7078949 637455618
19395196 199869433
-1
-1
37206170 86719361
98228803 344704158
3831665 6931796
53883561 579436928
-1
25927371 93122806
-1
2664385 76142502
135510490 690971541
-1
-1
39898966 193043035
5684728 85424883
90431663 126061038
213756113 470495606
-1
109953360 524354707
31502450 500365391
78860139 127799812
-1
-1
-1
344554902 602823317
-1
413609862 526497139
379491445 381191208
82324552 243194157
17503219 227878920
20435626 371232691
171257050 624192249
193431514 525214989
-1
-1
229328883 535023710
65151823 209078326
156997166 733821065
188405445 723690736
106885769 180466550
168995377 765743980
-1
-1
13117450 155314329
-1
-1
44560074 248742497
242065955 324164936
-1
42957112 216649839
-1
45689562 378462917
-1
22600479 142919248
217599347 729807632
-1
186779151 565044340
27515844 92459503
92805987 186754472
128492186 144797421
140406975 424353436
78633308 437477895
-1
9297738 674906395
347369161 637423546
-1
-1
96136236 306709547
92368478 736903731
182499119 539605830
-1
276507517 542389054
-1
-1
57564077 121289930
-1
90654582 262319797
-1
380529225 421240538
-1
35504702 125314917
20045184 921909569
181932238 597562089
-1
196737088 516055269
196918942 232504587
-1
-1
2295815 939545676
22608161 803188026
-1
-1
8622006 31814963
397671143 403630464
-1
248891126 324440355
-1
-1
-1
-1
111117129 146724724
92485528 125552095
54491173 115680454
-1
-1
-1
-1
-1
-1
-1
120195529 214761172
-1
15879200 761510363
-1
-1
-1
-1
-1
90017678 758275055
-1
99334059 183610280
142352922 314027797
147000695 200016666
593829 129484144
-1
271800288 507455599
148215089 832643252
3780577 6549472
61105749 555250868
-1
-1
18115508 76061391
-1
-1
36337585 545774158
13761263 260288934
122184538 684844353
-1
-1
112278594 204447883
128716746 594583463
126425993 581418554
2692052 559524569
-1
184809418 186274291
437830206 512555455
-1
151513214 391291437
134362635 180910034
-1
3751814 4446995
149797862 307813025
413336035 459632008
-1
32503158 34286861
-1
-1
130200758 192156645
10864984 101249385
-1
-1
66749588 582750665
438834539 488361554
-1
-1
-1
24068043 324087614
329415106 536338753
-1
142916280 301179557
-1
-1
75144786 219557035
18571689 596310262
-1
90569721 655597046
-1
-1
23989020 553672301
-1
-1
72751290 179546633
-1
-1
220381553 448880064
-1
-1
-1
-1
109384704 480081655
-1
-1
-1
22305406 286181085
-1
217044444 266615995
-1
-1
111383731 114353832
-1
-1
198272864 476272283
13057966 102518395
-1
147567578 456478203
15321645 52877308
194808279 679900580
11101668 177904691
-1
454868 1221683
-1
124276236 588160675
123833473 177373390
-1
-1
298927226 442696233
-1
-1
-1
16969778 121874469
-1
-1
-1
81388705 505036842
-1
-1
-1
-1
-1
279431334 695517163
85308582 145882207
22877927 102862586
-1
172282636 492766557
-1
-1
-1
12270856 375051087
-1
117913344 764377979
-1
-1
372307262 506059379
169874767 270036652
279349101 720412282
-1
273420843 710707760
-1
-1
-1
15334204 139508199
41586489 59502392
-1
-1
247681676 286167957
-1
-1
-1
-1
211824898 741287869
-1
179404759 288335014
-1
14278565 156543018
-1
131758040 588614033
-1
3157419 26722100
139498408 389704221
-1
-1
-1
-1
19879956 131068525
248918774 588703145
-1
261932868 442800121
60228309 187320224
280930532 406171901
-1
43352264 137292729
31092571 637485096
-1
161502582 465210721
-1
-1
107438951 785640618
203609461 211231932
42129633 492738814
55648572 596594779
19341484 36800397
-1
21523616 568335573
48708853 419144178
46615518 123800809
117137780 821290523
15261612 26291035
225337578 538623965
-1
-1
25937427 392337260
64005819 874894148
-1
-1
322342343 485568636
-1
-1
-1
-1
-1
-1
65199349 518541570
125539152 216947599
-1
-1
-1
-1
129433533 133534556
-1
-1
161232318 276515059
-1
-1
313906602 593764907
-1
539066 98674941
-1
15376377 181518302
296172766 524521791
203499337 516216952
-1
81666997 607733112
-1
-1
-1
-1
9914363 331128620
67148267 693944262
-1
66809767 744525130
4327789 52297288
-1
-1
-1
10607032 34957255
46724369 540699450
376632456 396520403
83611688 470700921
35819683 382303548
179145232 305253391
133026375 557281372
-1
-1
39935755 741556672
169716228 428616295
7011526 444701943
-1
-1
200360408 370797593
225925533 579099806
-1
7983936 50083583
-1
-1
-1
116248712 187020117
31123390 116646007
29382566 111773781
-1
-1
-1
-1
-1
355599068 405197643
-1
172258794 532117435
-1
117812866 303841693
-1
195401853 257275264
-1
50208783 221981350
375874186 532740657
-1
2890866 78832463
-1
-1
-1
70876818 137879473
-1
-1
1829887 820047952
-1
-1
-1
208278 910334815
-1
57086091 455432512
243967249 296710320
420541892 425670165
65511838 178645599
35063412 323213399
-1
-1
8688966 20945567
-1
-1
-1
-1
-1
95747875 304582408
142368558 558634123
101188055 206907242
18299231 92101470
-1
147941063 274054596
-1
115929540 627708007
-1
-1
-1
-1
43342472 282002189
-1
110507492 362469849
-1
-1
42311787 71445242
165965891 374616938
-1
154740175 263478312
59064909 153058124
-1
184376154 433049089
348350066 437776325
-1
-1
-1
-1
142388986 561740911
349665321 523745002
14696243 181466660
9026280 136840421
-1
44177909 116463372
151361972 210399789
37201370 75097767
19619997 727192066
2454920 2821229
143523877 191971204
14605820 34399943
-1
-1
68378779 202044292
-1
5659374 199589347
-1
-1
22057360 38148861
316537919 533253864
-1
104106446 399848373
270436778 644886401
-1
-1
282961560 710453351
67508937 218021764
-1
50986052 321004761
-1
-1
67300845 192850394
144691097 479056952
-1
-1
-1
-1
228672839 458676932
55787816 318478053
79544582 294079491
85658808 182719255
160626957 321838582
-1
-1
-1
-1
-1
-1
99297095 202912382
195704640 459985711
436030596 485737367
-1
-1
-1
-1
105521653 306788430
34354735 145862592
101115290 771117263
6019791 171972410
-1
193140427 376271830
309763385 454120572
233431849 244124938
197603699 424776782
-1
7953610 497056699
-1
-1
104006973 349916446
-1
160580675 341372328
-1
8986956 63421823
-1
25158335 671249298
48461468 607967073
-1
9085233 33287336
268929237 640106426
15577980 342056431
106530 805019
33573721 116577400
-1
-1
-1
-1
-1
69601843 625201818
-1
-1
-1
250552663 573589008
45745174 350677903
-1
-1
35168359 120686770
-1
119263860 564381187
-1
-1
127410592 864111861
-1
-1
93866727 149378602
1177524 273089575
-1
33995545 204131118
119406530 210885557
62221397 553202774
42143264 186143987
-1
127667591 195070206
178378440 451792901
85386986 595077977
-1
3876315 858115814
101102997 126809942
58531250 390847499
248688757 614181204
-1
-1
-1
-1
8076901 9849156
-1
-1
-1
26187979 929145814
-1
-1
307442145 385330172
45491417 80273850
-1
74094314 657203859
-1
-1
-1
-1
101359923 692318218
107766044 199420167
269274078 452417995
-1
-1
177075753 203090510
274416814 296899167
13306307 705707096
11348447 746152406
300845440 669057997
55092040 589709653
375167768 578538081
-1
-1
25451921 266961506
313986240 343563047
33597727 158462962
-1
-1
-1
-1
29093965 163628086
2603165 37526208
1183709 4198400
-1
9186495 987734344
26399337 210386906
382719732 614359199
-1
70060923 538298518
-1
230233534 327760915
159343771 551391130
2989605 18615478
-1
70444811 106226802
-1
145102033 629466336
-1
-1
-1
12428593 128361334
112953182 817874319
-1
-1
-1
201616726 609787741
172905701 545908418
18892125 99727094
54935205 779417824
30205191 36624158
-1
-1
-1
44927547 184297226
164568213 520659326
111675510 207440471
-1
-1
131628807 536773244
-1
21161066 236284797
64282080 128492387
161260590 586793357
-1
13425050 47924457
63978883 210004326
-1
-1
368204008 511428805
35148704 808945263
306145858 425579473
-1
450897144 452319179
-1
-1
25786399 92518768
25674358 607565035
-1
10494366 36622663
276053716 379650537
79263516 335633383
-1
84667543 99392976
383634644 407108487
500135 11953158
-1
25421321 105980688
43838668 187213089
73242942 587182745
-1
-1
76041550 128300919
51477752 314734751
-1
109971840 805469339
157335247 727446916
174305677 640341256
26366486 222068487
-1
-1
288330732 436299227
-1
-1
-1
26172465 257974708
-1
437379810 541404599
-1
-1
-1
318670430 365805723
-1
34029548 272234031
329437540 413576583
183045034 371215039
-1
8301107 108084126
10614849 127099118
-1
-1
25735227 191540554
31815191 35354526
-1
13868361 206520266
-1
-1
-1
52342027 240580360
299999246 583050071
-1
-1
-1
-1
-1
-1
278993543 295018760
-1
135779213 292961784
12084145 43179754
315167976 420447991
418219297 491728582
-1
220207412 772032741
6361233 470657996
-1
-1
-1
-1
15686754 116674873
-1
78192329 293216568
49899064 656012617
174180130 228001071
88714648 199247809
97804475 427456902
-1
-1
115581834 549587747
36969214 224069013
13946585 546284228
-1
16591668 271371445
142532204 782169815
-1
-1
-1
-1
42388155 65247134
183829178 228005139
51349967 136548210
69074372 176120645
76976210 323532461
-1
-1
16808 10866173
-1
-1
-1
-1
827778 6328549
13451850 234559861
-1
-1
-1
20256305 307941524
-1
64319755 766664286
-1
34054718 219034071
99543966 767623411
175838632 614979925
209407458 373918559
-1
46495631 54811688
13960216 37515177
-1
89245575 350732888
-1
-1
-1
-1
-1
-1
-1
-1
113623481 301198020
-1
-1
-1
-1
29569847 711053184
-1
283481092 439608325
98210499 195453320
-1
42511531 124426696
189951505 628256632
57608134 79842099
767043 64573394
13118447 512317284
93769406 356611451
18739252 328171681
-1
81638420 565184681
235439406 464884555
29977371 270244900
-1
-1
56646187 66780874
311151963 415685756
6495635 8285954
-1
-1
54614443 864243264
-1
-1
192419200 658321219
85496593 546084484
92579563 135098386
-1
18826762 71629477
-1
223557273 255018416
-1
123113875 436737364
30447573 475853216
77317087 539014450
206752784 460531937
197356992 412646489
85730161 283722948
-1
139833946 317129283
-1
212531733 637747306
-1
-1
350952140 528415719
-1
49902071 575612160
219518074 537208977
-1
23963568 104567183
-1
-1
-1
233607249 605496452
-1
-1
142171146 267564175
-1
-1
-1
220032401 298922036
9834751 15938242
1532527 224521072
228056719 506857420
56979364 872918365
-1
78185045 298185804
3045324 236013647
222490759 362261232
12452546 117464895
57934905 119021968
396325953 595279184
-1
-1
-1
-1
-1
49696872 70395805
133660151 215453288
44094630 455779309
-1
-1
-1
-1
465363724 531218145
339692831 519384068
24239147 26050154
-1
142618199 664841820
-1
-1
2556297 4815820
-1
142007652 663872561
-1
-1
-1
197613 45644866
-1
-1
-1
-1
-1
126252313 288367636
-1
-1
-1
421932755 452229438
-1
83712533 479346156
230994745 625693254
-1
94844063 513112238
-1
-1
108546186 217918637
-1
14865348 56513123
-1
-1
-1
171577477 191823432
88207026 903025481
-1
-1
125503789 318164680
-1
42763827 316071710
-1
-1
54477594 142411687
-1
-1
-1
303695113 371684976
-1
9498987 52843666
71049205 88646658
-1
24027276 263854553
-1
165995500 241408687
21148094 42776489
42144351 253715908
-1
18835963 361502760
-1
-1
120549956 662477867
70806617 474935330
77773033 363786048
-1
-1
-1
239250527 539914760
4007094 182676505
38346062 72689477
19079276 205753845
-1
-1
250463969 519062540
-1
104034080 453537651
-1
27543776 385985057
-1
76167266 99491937
-1
-1
-1
312939687 465812810
18779344 126147007
-1
-1
399610373 464664594
-1
352335995 564452876
358046736 484909997
15171856 17139883
2954586 7182001
-1
-1
-1
-1
38279684 935604075
-1
-1
-1
290203736 410090073
105255413 709621604
322499432 369140061
79253739 111814934
227714019 262857934
113554186 341134057
185205875 463868136
37259397 187478300
-1
41380380 249186047
101971592 185868119
-1
15579387 253332262
27297651 539504422
152818800 712538911
-1
71231838 359046281
-1
-1
121818623 294457596
26396437 371530350
1408983 720988040
-1
-1
-1
127026003 141119386
234367679 359413940
-1
78289826 400006095
-1
-1
156570476 828935207
-1
-1
18063077 29615600
83246162 407813091
298491487 361434984
-1
187751671 411556596
16892705 800205618
279044449 334764888
28340851 113194930
315954018 403896661
-1
81336899 210649298
309015771 351543970
-1
-1
162508429 785300938
-1
225840636 405640705
-1
-1
103578942 750472735
41323214 188589285
52689159 98584928
-1
104034005 283125312
351101015 475622258
-1
-1
-1
94682818 130535731
33984875 42540254
19282843 631713600
14829528 598206943
139249423 216514294
-1
26599430 184713989
-1
13133172 314159699
81766671 87393436
-1
-1
-1
-1
-1
-1
-1
-1
49224188 287098415
122478881 151625808
-1
-1
170982574 561419829
-1
-1
-1
-1
172129715 272489294
39365263 885610780
-1
-1
77495655 83792198
8640431 239624876
58504481 119372522
244676973 287963566
68976846 144460897
-1
-1
-1
-1
4264261 10297630
-1
-1
-1
8956281 556491772
113326083 152742466
-1
66060085 513278058
-1
60107500 131296563
-1
-1
-1
-1
-1
-1
306534205 546836262
-1
-1
-1
208776459 239245534
382176486 383406421
-1
-1
-1
-1
-1
-1
-1
2495536 145849957
195967479 545610818
-1
27772013 561593600
-1
80727581 400852052
47758963 49515444
-1
116725051 146048308
-1
234031786 531035145
373546 1678477
20252070 130967381
-1
152376387 276882580
-1
-1
102562272 647418187
-1
-1
-1
-1
119610341 448527872
-1
39217853 635898714
-1
-1
40952405 557934486
-1
-1
86375149 102771474
118419246 150304103
119051813 683706578
24025657 28480942
38753842 206567281
55329819 410336738
224980450 308877183
63809576 570541937
-1
50642371 357182770
-1
-1
56012918 381418023
162783084 627150139
290523414 419883433
-1
142222238 726816329
5320278 15821935
72679266 396275651
1179216 3787397
29361564 50003069
-1
-1
-1
1645158 977706001
164156330 199729889
-1
-1
-1
13472533 26132790
2125182 18933539
-1
-1
-1
206742170 329169671
-1
-1
121830274 512045355
321263130 653158319
-1
37546136 485109947
1023385 1291464
116101331 536098158
258434 269566347
-1
70835722 659137527
458163844 476285125
-1
-1
-1
71310067 119382480
112693884 460413199
-1
-1
172231340 816153293
38264546 440424017
-1
49778910 283102631
-1
153247573 214050258
-1
-1
-1
-1
-1
-1
-1
-1
-1
404629597 506150586
-1
56740600 234918253
-1
-1
188773838 276572573
-1
-1
-1
-1
153070088 255616361
-1
-1
-1
152976640 555120097
-1
36812800 616137243
-1
-1
115931450 837333327
52718111 621706866
37433818 98046661
-1
-1
295757804 332309459
387360732 600900589
313957828 478909899
-1
-1
-1
334327387 462013006
361154955 562859984
-1
-1
-1
355527965 512577932
-1
-1
-1
-1
-1
-1
22104598 160636473
-1
-1
-1
-1
-1
320074181 359588540
13939483 199656280
-1
-1
-1
-1
39248562 84551375
101265191 536849400
-1
-1
180170698 470901621
-1
359048080 597053559
-1
-1
-1
49067683 71044398
-1
96796838 550621211
-1
-1
171402 28536785
92254255 130853974
-1
34230629 251007362
51466780 270436167
73761318 78190043
68576968 402469743
-1
-1
307853914 677425279
77073928 208320975
156192104 242708733
3314418 6167581
243211924 590246083
-1
34936335 37555858
-1
-1
-1
6022985 49939386
-1
-1
-1
-1
71345272 227698381
69559575 84150004
-1
-1
56109711 165157870
228526938 290745169
170552117 781253040
-1
8299647 36787424
-1
36064997 270016934
-1
314608599 433569490
-1
-1
254191750 418452721
256698662 511065677
26553771 52872032
-1
-1
141871864 546829873
28647229 285211798
5005589 19395668
186908640 394521967
73271290 85427221
-1
-1
-1
19547832 303301081
-1
-1
48179350 197515237
-1
-1
-1
57946262 223079597
36716574 318244469
3182509 941897254
-1
-1
281552891 668127122
-1
110608629 698846482
-1
30639395 573582152
-1
-1
257090501 740741892
-1
-1
-1
-1
208628378 641262393
142584542 182742969
57638104 81658957
31602413 283744706
3361366 412686033
-1
-1
34184232 351266159
102955015 861953548
165767727 569260912
-1
65027539 238619040
235538232 419897005
71602453 885727408
14640241 85876530
-1
143261032 227766349
6998593 10319844
-1
79576493 314947874
153103587 686211940
-1
44576433 170258120
-1
194244160 202094317
37777908 46961765
-1
-1
24542838 66001535
141543497 193852062
-1
-1
124054983 168474088
19054423 33264066
198424392 558020867
-1
-1
-1
-1
-1
-1
-1
-1
396642156 511483441
-1
-1
-1
1614574 655688847
3422315 83354786
-1
-1
251780989 680938912
-1
-1
-1
46146090 902926487
-1
40362452 330903851
-1
142963806 326149541
61793138 143976633
23092490 249963233
-1
-1
70278553 228232776
-1
70293465 596013734
-1
342755637 553331530
-1
66520046 66754383
-1
-1
-1
-1
-1
9220595 17873964
34728007 36194032
-1
-1
-1
-1
-1
-1
-1
-1
259291880 360930441
24318305 31124426
-1
48867647 91954044
174486300 424115567
-1
268072572 360025027
-1
76243576 578401575
-1
53944389 189856228
17224707 19736150
81588869 673314914
132636352 463330101
-1
341073468 658880759
-1
203838363 663025196
-1
-1
4085295 33304072
-1
277514011 344633422
8267936 13489587
-1
38342249 72943782
220004663 657398936
-1
236461896 675590653
1824780 7262989
17584068 505557659
8343669 279649510
-1
135728013 696690020
66174767 562381454
70212106 586726651
261074239 528822798
-1
57578086 63391641
-1
195791628 544813273
79034944 289298647
60220790 134372391
10910471 62096900
40534099 119434812
-1
194769316 301689553
167224284 199669567
-1
-1
12973586 64121577
380721664 572294989
21256522 30930895
-1
37980652 57217681
-1
128855578 253336279
98696493 174976924
33865828 215965681
111443065 210883536
88340756 533730425
-1
469338244 500646235
-1
-1
-1
-1
-1
48662926 88464811
72999940 82482759
111403956 461153077
-1
-1
-1
256397340 706881671
-1
-1
-1
-1
-1
-1
33578808 546280721
-1
-1
31761764 76057313
-1
147760878 807410981
44690232 753598375
-1
-1
-1
-1
7603638 780374389
58798271 67752486
196679556 505714121
5387264 136454699
27513118 40269783
54102499 99715468
-1
-1
-1
107148625 390588682
-1
-1
-1
25508614 139647339
-1
6438665 521713688
-1
-1
-1
60682701 342551288
44868088 278363349
-1
54777615 143768002
-1
2248523 7936128
123157182 769959829
14261687 57674396
-1
93980171 685755512
168446634 176552719
-1
103980485 459284114
-1
-1
-1
-1
219428919 539743960
-1
125323024 225947023
-1
9101557 153924480
-1
52816551 643593928
-1
12540601 350579532
-1
-1
-1
54009641 98664602
-1
-1
33451804 635865105
211589387 261785906
11946713 149290820
-1
-1
69957655 260642508
-1
90909105 459754534
298554461 617655998
20762621 84839430
-1
137188271 413348390
-1
-1
23443307 33812510
2640412 41218867
133388222 477980157
220157429 592039538
-1
13600891 33714072
-1
-1
188307580 730108509
-1
-1
106609320 172378769
-1
2329689 269754544
67641601 302543866
41350996 427443985
-1
-1
3228953 36371540
235758770 257982551
259442286 361940015
-1
33955440 288569687
343583301 555270412
91009016 185369187
16171354 47491183
76846091 269937056
857052 203765761
146482778 499902453
-1
3164991 8740718
18927202 787022097
219555657 553549730
-1
104119949 293807052
-1
184268059 616352730
285983193 434107784
18120077 328125642
14409039 189159812
116585696 124219283
-1
-1
-1
-1
-1
294091108 465838641
-1
-1
362623617 452812490
306402734 467438163
-1
-1
-1
-1
-1
256974992 719207991
394099553 494591358
-1
166906630 605884959
328342012 508295311
-1
377715332 572201717
-1
31882257 58173400
7664887 359197494
31857448 48368109
69131427 99288082
217754912 425039787
21116207 86055332
-1
17221970 276031691
3495422 77344017
65608057 105734986
37355699 224896238
175602746 466244687
239558934 331013633
-1
130388053 642987334
-1
-1
10568693 171948648
-1
-1
115607454 122859673
-1
324599780 416419727
5460722 332983101
-1
185343595 606401824
-1
-1
13419818 331675041
-1
-1
-1
75868562 102070611
-1
344697183 607565930
-1
-1
8436816 159694243
-1
290843150 521182373
42395379 349646564
-1
-1
77736764 190271547
-1
-1
137558707 157646724
-1
47072058 66358739
104560658 302548805
-1
40125610 89698233
127316267 823150550
93536987 531903552
-1
5807131 126605052
14072903 153545780
98984755 171992454
146630352 529518239
-1
410056507 520738714
-1
334643759 383989938
15527970 22126771
248029173 531960200
-1
-1
226503544 319422637
50644369 235511278
-1
101784995 203365394
106270238 574158219
-1
-1
-1
-1
-1
181538706 388760785
-1
-1
29697365 246991958
22599496 43757343
-1
-1
17383155 90047738
182298541 493230088
-1
-1
-1
-1
-1
11785587 254876296
-1
7172306 47307341
-1
346713188 405665499
-1
-1
-1
-1
82095944 156698877
14205495 69915202
-1
-1
59703172 265464361
-1
-1
-1
-1
40880784 147886283
-1
264731225 351871422
-1
-1
70406490 76815139
43764049 267424120
-1
-1
1129853 32892636
451874631 455255900
-1
216551315 731743388
-1
-1
-1
257380317 620530484
59450721 840664568
50917389 291817144
-1
-1
-1
-1
-1
-1
-1
47779647 347606222
134985055 404195698
-1
-1
142616178 232094761
28020418 50334115
62968228 133827913
81271549 99733654
-1
-1
-1
193972751 678038852
4450267 527158704
-1
100502583 172521760
380662159 414137298
89051535 827394962
70627440 80070577
19063723 570377466
43956854 126389145
-1
-1
3813140 397681137
36361815 493027754
7522604 121835747
5021270 153735687
-1
15112608 63694355
-1
-1
-1
-1
-1
111804725 413221272
-1
3981287 435349536
-1
-1
-1
151269425 453708756
-1
-1
-1
213047143 753195648
-1
237777955 553271632
-1
227745039 592234400
-1
63711545 329968136
-1
111852590 170968203
-1
-1
303501682 326771869
210717694 377093637
208510238 433725245
292726456 363790035
11727964 660807615
353367929 537744560
-1
100433506 230089651
8992950 217365341
4859560 24217207
123368157 454501276
-1
-1
8821745 31152654
39705572 873355035
-1
-1
43005431 357068192
-1
211063 60940696
241053505 303543298
183491326 202449543
-1
-1
41116609 127170138
19556980 650268493
-1
59681078 107545545
214322301 282211546
150027321 316412000
-1
-1
45649136 466140795
364588886 407418341
242267237 342874874
22143976 164148985
-1
212312112 215854511
-1
-1
17605251 138358010
415938059 535861772
-1
36712633 113370316
-1
40898288 103537995
-1
15907613 323233218
-1
-1
-1
-1
289668200 436664783
-1
49285369 617822278
-1
-1
-1
27035463 60039380
-1
-1
-1
-1
39888737 277282800
40385632 118404427
-1
-1
-1
-1
100169277 602980816
59701229 177645480
61847818 305791569
-1
-1
-1
38120557 490641202
115939719 124296044
370145038 437479245
302162342 349421477
62622478 399551749
165115770 325774757
384156208 529588669
72104453 369752660
-1
-1
-1
-1
-1
-1
22634107 66005316
1487301 590760526
-1
61629901 222599412
242032421 280597892
-1
326238516 560114311
338256227 555774252
-1
-1
60088755 617759732
-1
-1
388405513 611099844
76983121 246384372
90217773 146774578
516615 58598764
99149620 119964523
51293968 611335171
-1
-1
35771438 392021721
73746993 613600790
50708593 241108080
-1
11998919 108790748
213263806 247393035
-1
1516700 539019437
25843447 727122486
110070582 347946361
104217159 241143070
93763076 771467243
-1
-1
2698420 208423737
-1
80807141 99494852
2078606 526340007
-1
63595571 549796772
244884414 381214733
8472480 29091763
-1
-1
29874795 149867282
76321775 235813514
293662461 330401858
-1
-1
-1
-1
217328740 411214699
164533983 335920744
-1
-1
-1
49314390 394167853
-1
10073739 112402190
-1
-1
225956856 270112175
-1
-1
-1
-1
219400727 225597966
66222121 321679516
-1
6514812 22851377
32816714 827708313
-1
-1
-1
1509951 97262462
-1
-1
-1
27685438 100357515
-1
-1
-1
890383 52533184
207937570 336525117
-1
449453259 505660814
375178703 559924146
285364523 332081058
311502486 327986153
3311714 68929355
-1
80588274 136665713
-1
25700600 734817597
104560229 267060518
73335131 715126230
-1
37504639 82890612
359841157 405494224
25937695 46665078
-1
-1
-1
-1
-1
268835615 712485624
233327025 356342422
-1
-1
5303591 124423416
-1
15256765 31744828
36522580 431000887
372456148 495186051
282971357 445148940
-1
14271004 18332785
-1
126400461 428877490
174411341 384853368
342159047 415333484
-1
-1
59444237 881126594
-1
-1
71219761 153310588
26412187 734665206
-1
292777163 448207500
-1
-1
113230510 484612443
131163614 401506085
160934074 460470205
-1
30198218 81227703
59267971 106614700
6945296 8638137
-1
-1
-1
40130825 276093722
-1
-1
-1
284681773 305552694
-1
218091142 650434837
-1
155384416 344690443
-1
90252959 440047094
-1
-1
-1
-1
-1
100885702 119157129
-1
-1
58318272 324328141
-1
-1
89087251 365187298
241231117 750059676
42210784 409819503
-1
142649717 585466062
38009468 243251271
20054167 104464776
-1
7841236 10487427
-1
-1
15387890 217976559
18150322 52149055
78996909 209759998
-1
-1
93645298 94381845
-1
-1
56671821 349740826
-1
-1
5316416 122669711
-1
336256456 550537281
4710011 302711612
159421934 757178655
160081449 291097544
-1
-1
27592712 719827109
-1
-1
-1
82534426 102843813
263371644 719848453
6769434 84288685
95687579 373745808
63715721 93003330
-1
89015990 111405999
-1
-1
-1
-1
170153305 607684192
11616560 148371041
303260324 610557899
-1
34303635 167721464
61809562 918176227
-1
-1
199035268 635558325
101271571 199977136
-1
3113262 29415449
42860289 243891380
37391529 180946820
13910851 19773552
233149131 560027908
32682501 76619980
-1
28569855 89826842
-1
-1
-1
-1
-1
6243688 402594849
-1
-1
-1
-1
-1
-1
-1
-1
92874865 375413814
-1
23054959 90621342
33901290 67586729
51190219 282959364
31293856 198938067
42888369 398926372
83817877 445637800
-1
-1
96054454 313347207
31867372 245234979
-1
-1
-1
37685932 882722605
75457150 184307167
29680868 33630641
17597871 33343298
69569545 205705032
-1
356151806 441637497
-1
88775132 216850187
142974849 435464912
-1
20000459 44406120
160918650 190724951
-1
-1
-1
-1
-1
-1
46058164 142362253
-1
-1
188132624 399992283
-1
-1
-1
-1
-1
149959384 280492243
-1
80057407 130170306
-1
396685774 568644745
54018649 185044920
-1
-1
12773944 40777077
50651133 642273074
-1
-1
-1
-1
67366618 823620403
208374935 497282114
-1
-1
67617748 184467453
110790071 122585556
-1
312454773 541913296
69483839 398846682
89942489 184478540
-1
156529854 578216603
239094825 716556892
35407640 865898687
-1
213267996 718670563
-1
-1
-1
260798150 443505579
144785923 380340880
77410906 383241525
-1
29476241 59137110
147350517 254826070
62026891 205451098
305803233 354702128
197875818 200132915
-1
96239215 228919452
22022185 898573576
-1
220384881 774628322
-1
-1
-1
61225993 343889920
-1
-1
-1
245754366 607455337
240862732 357446541
