42333915 99611348
64096476 511334227
82363103 88000746
-1
-1
99191423 383503674
41541219 568839712
-1
56147386 598267735
159050237 435207930
109099717 140594964
71819769 248373932
-1
121951747 137039130
-1
79016606 180864221
18661104 27052633
78841278 230055745
-1
-1
14823451 26473570
-1
-1
49062524 63752793
244371376 397456507
-1
-1
2383677 6938516
-1
-1
-1
-1
-1
-1
-1
-1
8310633 286694426
122857566 792226885
23966818 774333441
-1
-1
-1
-1
-1
20717546 700698101
-1
-1
-1
37551232 876074895
-1
-1
-1
40409686 338591907
-1
43469649 279565780
26980822 78018559
147538865 428943414
403336142 502557537
128395018 429059769
76768447 426640674
-1
5375813 53355830
216422408 483797781
-1
2572679 36525824
15116182 160351755
-1
36360238 165183523
73421071 446567458
-1
193968714 236660803
41737926 103573687
-1
-1
-1
-1
-1
195224198 400705839
12960302 43041389
355623466 448879053
21701883 79288960
31188822 641204299
18513540 92470423
-1
-1
4079603 31945664
164594440 204487813
1328954 14818869
-1
-1
-1
-1
91317443 507805878
-1
-1
-1
11446606 183601803
80677519 674001324
-1
-1
55298733 737989396
-1
-1
-1
275617928 355876631
-1
1352898 57074825
-1
-1
95771300 857750361
-1
-1
-1
162220050 668974507
262018914 333181513
302643395 602081148
-1
343632256 473214163
-1
-1
-1
115328925 451943498
144999383 596275310
-1
52478642 734911677
-1
178646417 650590920
89083997 675963194
-1
235221777 363361826
-1
-1
78843724 419431639
-1
17429639 133493634
-1
-1
25354048 54287223
-1
-1
354645123 524070586
-1
162819129 567187558
243819327 570061186
34991160 314667529
-1
-1
187578037 214653082
-1
-1
-1
-1
18941925 35155876
-1
204645741 294262280
131353135 312228006
-1
211773137 718411856
-1
3662353 3992556
141467183 212587860
118737316 400540843
83839377 179356406
-1
-1
237618003 252874696
-1
-1
164788977 699532354
-1
-1
-1
192114430 553371669
5021654 158092335
-1
355455550 411390171
179352158 725971539
-1
-1
-1
18813256 410513287
64996960 508286403
52312468 496753545
124818831 692305460
145162032 353154517
41276778 142596005
13786573 172448688
108679372 668830215
-1
-1
16204279 68746068
-1
-1
16766170 208200531
25669652 116085245
-1
-1
-1
-1
-1
-1
8983756 94105905
130752980 431647193
57619157 363353522
132754242 182892065
-1
-1
-1
226336027 623060502
-1
-1
-1
-1
-1
145559271 478726022
116067092 309238835
-1
-1
-1
251972094 485360449
50326916 75351293
-1
-1
-1
381004182 410603809
-1
51312053 454814390
-1
-1
-1
231910613 237602654
-1
-1
-1
4753709 13789274
61950852 282218459
117683916 164862991
69252886 264162241
86401048 287609871
174002219 505672934
-1
121622916 774835771
31282964 181360925
-1
-1
151092206 777393005
-1
-1
-1
-1
63315042 125859641
-1
10703986 647083927
133505112 192918911
70329020 771260627
-1
-1
-1
-1
-1
31213771 763888510
-1
-1
162828076 396312223
-1
-1
-1
-1
3132678 15813493
-1
-1
-1
-1
54439257 71168132
98616661 299311498
-1
3339959 549971148
-1
-1
156077699 587274012
20312207 133638386
-1
-1
-1
117306564 823550585
-1
60066799 164889112
-1
-1
14355858 582778039
-1
-1
117375997 822981090
18346864 519541203
70964763 258691064
67137672 315751691
-1
-1
397016167 445667512
29293855 163364862
49290900 700669543
-1
5302494 5464415
-1
400171662 484784929
70353710 113705553
-1
-1
24298576 74345953
-1
941049 72738950
42494074 48222147
424654018 502143423
-1
-1
63345134 414387675
4705278 13793809
-1
15493778 247466429
-1
-1
54362848 186642045
12979931 657520850
67031639 292365162
-1
-1
163641573 449260694
-1
-1
82921251 126657746
-1
5418344 113532393
-1
34496804 180654453
-1
82219959 886126400
-1
-1
-1
-1
-1
275951878 407169585
2724387 3234196
-1
-1
-1
-1
-1
-1
-1
14320377 872717536
263455788 272651045
70634288 166751339
428895895 503156178
15948873 651475034
142166758 690674205
329442261 456010076
-1
-1
-1
-1
172114563 288392620
-1
-1
84076474 97900089
93350757 93597236
-1
-1
-1
377917220 565956681
328157750 572224457
199617614 357777725
29922629 128701544
36180977 41703612
203122693 620232430
-1
73231523 151320036
-1
-1
156771034 406712779
-1
115603805 438856202
-1
-1
-1
29979869 113897888
307618209 648430012
-1
-1
14932935 184721888
-1
117524131 514844622
203556272 238468301
-1
-1
163376313 235803346
267980699 537175248
-1
248641965 530031274
-1
348124803 399509530
39533901 60668602
210889912 229436109
-1
102884734 163020949
-1
98752193 377044626
-1
176873165 209602196
2627586 16031441
-1
-1
10721913 383938630
25612332 203346539
40796376 67241005
58421703 129445100
6963763 89871034
241910412 261898189
50726239 927850912
115015032 602566787
-1
-1
16607900 66433043
17911190 26240399
53231961 588784996
80419077 742688176
117068366 668035955
50895680 75462533
37526896 355027291
-1
-1
-1
-1
40874820 318194591
4879574 924134229
-1
164396431 259677976
-1
62769572 219051467
-1
302706353 583109640
-1
-1
55411715 354081536
-1
-1
4265486 627614375
-1
96319098 108841075
-1
-1
-1
79799371 656804932
-1
3659189 286873722
95700019 201186840
64538825 440242076
15595746 65182775
-1
213202633 301258806
16901698 956544333
-1
340783095 590363698
270818010 692218769
23976628 61393045
125637826 666862161
226777612 606438481
-1
-1
-1
6111043 102171526
-1
17931215 92346644
-1
98805717 414098690
-1
335467722 444746987
-1
-1
114944027 249335334
-1
-1
43773811 239449036
301407937 564408184
-1
165571224 579767053
-1
-1
22128420 832688927
-1
-1
-1
71559908 150977321
-1
106170617 492241016
333895985 426006866
-1
-1
410370595 486957678
453436716 489868505
-1
348033808 600350971
-1
-1
-1
-1
35592913 154611564
-1
-1
-1
46705696 136149853
2062988 60862101
-1
-1
-1
208863685 335691948
-1
148863458 628249665
14335220 90535877
-1
-1
-1
-1
520348 1042971
88810138 575860899
1684910 127023287
-1
-1
-1
18943068 586463555
13012216 696570403
-1
-1
356174355 458863312
-1
176855969 530434268
-1
-1
-1
-1
81350134 230788557
76833017 160116884
407182071 523403272
-1
99579829 147511644
345744850 446645967
-1
154193755 295826038
81416638 276250713
156887142 581171455
-1
4116913 406301484
11228030 643254959
-1
-1
-1
108761342 386647569
-1
-1
-1
258747896 579674147
97932631 767046612
-1
-1
-1
488939 24377510
-1
7626436 665992831
68673519 865565672
451845849 536083160
-1
-1
134876923 366365664
6248762 858332435
398051337 435323812
4159051 89322672
54505391 88509626
348609718 403958169
47662372 91000017
-1
-1
-1
141193074 336052867
43310929 159090568
10118735 121819646
14061975 179335238
-1
-1
65917930 499412779
-1
-1
43180407 193501900
-1
7701274 14241937
140391043 690881710
-1
-1
19973733 58496216
56110038 364077985
-1
14996669 98138952
-1
211422997 545023192
108251761 115576878
-1
116746627 525159160
159451069 827971494
-1
138619836 798380875
-1
298327444 472222335
112567070 295530077
-1
-1
137833893 568173820
136961526 143734465
-1
120336920 414765341
-1
-1
139295054 514211649
236872723 479539030
-1
-1
-1
80437580 120203621
96048575 259400058
-1
221330412 287826787
26065294 279366465
-1
-1
193720974 742971373
357122425 497668678
230681607 542277574
186649106 615694455
207647315 609938996
-1
-1
-1
-1
-1
-1
-1
-1
-1
-1
-1
139345321 309659380
-1
-1
57486965 925023702
94824368 162823185
-1
-1
33275986 93551707
120977 70982414
-1
14226044 201405873
-1
-1
190846155 803753056
180852185 403719252
137529784 367095213
15448299 240097658
52255315 90009208
58551052 591846261
45392169 62089132
-1
14059979 65527548
-1
-1
-1
45257363 75082404
-1
-1
-1
-1
-1
205460471 560853498
-1
-1
407308120 478958857
80162560 147247789
-1
-1
29183343 161680864
6131946 295008301
410670513 529697488
480387141 500917516
210304350 214308469
30495387 42794714
-1
-1
-1
-1
-1
40372366 85537633
116647272 196699681
-1
-1
39024731 65700066
123576167 612137810
-1
16021224 56799305
61497648 606568235
176625496 421924483
125370055 590729412
114045939 797529892
-1
-1
-1
7049797 965048956
-1
-1
19180499 23454792
-1
273938045 483497934
200678679 469737142
79977527 110678634
75721717 91917270
-1
-1
-1
-1
-1
-1
-1
16761176 57580095
-1
17268461 31300526
-1
145010792 438294549
-1
-1
-1
-1
77097780 346782403
29148787 130249420
169905379 575041260
115015304 294751689
282450709 540443424
104403467 656164620
-1
28553959 166181172
125364759 250065928
141099754 449570107
-1
293983061 506999850
-1
-1
-1
-1
164127971 388031328
-1
7592642 87858845
-1
96655310 542005443
18340878 249796885
26870059 47810158
417608834 525267563
42703530 249971837
-1
122985500 859237463
-1
15813229 44643382
-1
151636739 514964480
-1
-1
302354303 374266058
-1
-1
-1
-1
-1
-1
-1
23858014 223580343
-1
15184186 15571447
-1
-1
244278820 567820329
234174829 485599768
-1
170210925 539812534
110801485 419617312
-1
24866326 221369563
-1
-1
265044925 266560626
-1
-1
48501793 187436136
41482188 638651359
68085711 200083438
173616017 190210280
71535527 508309652
-1
-1
-1
147354285 239822062
4987065 10554716
42963047 137645364
-1
170188784 529039425
-1
-1
52285641 351693500
3098299 593690112
-1
32456955 311665414
-1
131359627 206723502
10619932 509731951
-1
-1
-1
354661607 623390282
-1
-1
42350622 434800681
204688056 299579497
-1
18280842 470705429
-1
48800120 126501137
69756444 285167947
204482933 553311264
137185513 173308954
23614316 75555873
-1
124685879 544867514
-1
-1
87593185 95035354
32989074 964114543
65994861 917820592
-1
-1
328593819 525728974
-1
-1
-1
-1
113320069 155850330
-1
-1
-1
165811384 369421395
14170402 53510569
82381413 364206590
34768298 788656413
-1
-1
-1
106972280 279822897
24964732 406014951
-1
-1
245686026 483883303
39283288 361439175
-1
6815676 50001521
53749605 223294348
-1
157901855 659060222
-1
386706267 446914604
-1
-1
-1
-1
55810177 320235300
129127253 465584754
-1
-1
14656869 93647150
-1
45307167 46524670
-1
225929391 662254562
-1
-1
136907333 144312344
-1
-1
146586752 248700891
71267313 827223424
127747479 146540224
-1
-1
-1
52203262 74634549
53936984 136053825
110727456 169907671
-1
171981063 455502944
-1
13649156 423506127
-1
-1
301708501 348158650
66968626 243712051
-1
48928510 153870777
332113390 558936249
73152510 741257789
-1
-1
348371076 409203241
90977663 862753886
-1
25547333 86879274
3026198 720987585
-1
317288505 672451264
-1
37919582 127935725
-1
-1
-1
-1
49464746 429760215
627789 16356982
227973411 257537152
-1
8879324 183415269
15126394 232041559
361608313 555611638
91815461 106876658
-1
-1
-1
80609438 620023895
-1
21472967 33741590
-1
-1
-1
-1
-1
16815617 199922312
42595884 169975235
184983342 478327381
-1
264220462 349359451
41632739 111918548
154712585 162788252
26373744 903295537
1582578 4557103
-1
132693978 619929961
-1
318918513 429335660
16186470 88273961
9003615 40225496
-1
26507518 125174349
-1
-1
238841559 610902844
149455491 203325178
36987911 143122596
-1
-1
-1
206365204 740845023
300145627 449780086
1389842 33534395
-1
-1
93340803 709924328
83784677 535087314
18340341 755470958
-1
1612876 10443291
-1
-1
-1
20636819 577463610
-1
166701281 379290852
-1
-1
-1
-1
-1
-1
38787963 157680928
197544629 378575000
48087091 870595452
-1
-1
-1
165313562 215621511
360053733 551198566
28056318 84613949
-1
1729615 16346704
-1
112045128 468118765
364071426 531208237
-1
-1
322052413 555980836
3334119 82717744
-1
23919402 152870117
182005080 218692313
88111812 188542427
65336192 121281045
-1
-1
11565505 823578136
-1
25334321 141344342
78145091 219503046
2683369 47893582
13443896 226853981
-1
63057958 378607495
-1
3182849 80418720
71351626 419164557
227962472 740695121
220251925 538084894
-1
-1
207305106 401055967
-1
-1
69013407 464623960
71778421 530537680
-1
49708571 84510702
346612465 478009846
137961820 789255193
84635945 722229584
23166568 86740941
223041770 229966131
-1
-1
79364609 791265672
-1
-1
-1
-1
34091848 530537433
-1
-1
8096015 48988316
116918968 501193759
163527169 834836334
-1
-1
126561094 682570729
-1
-1
430248368 533425451
44938496 460678323
112182452 126162761
2016017 25192574
11030595 31402168
320898547 537629752
117958948 367888933
11062268 34245081
115170307 312571650
-1
319643223 611896714
326940835 416940636
40058011 483571870
-1
224485197 501790292
-1
-1
-1
56818619 279314210
-1
202233067 511044760
256606326 587924957
-1
191215411 609392190
-1
-1
62825113 84377680
-1
-1
-1
-1
-1
-1
-1
-1
181090057 381877900
193227925 594421486
-1
232485424 703320927
78916778 221915183
27155340 179976191
109191382 770357949
-1
124581157 544926250
-1
174326747 527689782
-1
-1
111317764 133506919
113921291 192565620
-1
-1
-1
-1
9570582 377238469
383222323 452636088
-1
-1
157482439 239068630
152702764 268958263
26229656 178883523
-1
-1
-1
340571139 401763040
74434237 361168906
-1
-1
-1
100494590 812450129
60742265 391844712
-1
-1
252725824 531783723
-1
-1
-1
-1
-1
-1
-1
-1
-1
40761740 565423737
207382649 662767794
-1
-1
74265353 117239624
267650556 378151661
-1
-1
102783326 215924303
193695507 757706794
90649759 470697978
-1
40609288 382748763
344131711 469249672
-1
56437 79074
50001686 154774733
-1
-1
-1
-1
67114134 96662519
90550093 169061370
-1
-1
-1
42728839 703123284
-1
205604018 401783825
-1
-1
-1
-1
-1
-1
-1
-1
283154380 318934257
417271776 423106271
-1
-1
-1
-1
-1
-1
140240789 177697248
32718616 298067481
78401651 202810752
83986151 88348470
195885117 528317134
8481358 287895885
-1
263295760 700151499
-1
32878868 46343525
16457676 21476131
22190289 148342274
76064127 749069900
9651040 814712911
-1
-1
31314967 136392256
-1
-1
99666197 375768032
130077186 589217417
-1
21486114 61047049
366603967 408627816
-1
-1
164533 9908038
-1
199453383 348998240
-1
131222432 644584049
46435466 372204605
-1
-1
142909821 689078002
-1
-1
-1
162552568 355119915
65437175 240483404
358556 23386497
-1
6875919 273198938
-1
70634756 606956811
1385754 3072373
99939313 147762864
-1
-1
97809738 109801553
33502588 384721831
44513256 63872755
-1
92476473 577366034
-1
-1
-1
213919478 682750371
49092561 94560002
47458378 226370043
459454313 480436104
1784986 2096625
-1
-1
5045878 95727931
89167084 230167375
68599908 211359731
51138335 151524414
32553824 836494407
-1
20779557 233352520
56311488 304919783
-1
46347818 135995415
7688084 123622839
315483100 391944871
17807627 71754834
140082797 350464292
3491572 4234479
641929 1661584
-1
34006481 106658196
329826964 577568167
152259078 455347673
-1
341864743 506992954
61919241 143537870
422798 15221913
661697 43400096
34537761 55718668
44260533 274242074
2983565 41509014
107373166 342364627
-1
-1
-1
-1
61200173 502827450
-1
1383907 13904230
-1
-1
-1
75819344 885247293
17336523 100376104
-1
-1
322779689 496313532
-1
2278669 199677034
60959018 742494405
113557629 135175420
-1
-1
-1
-1
19641457 108167850
-1
433788450 482927513
-1
20217991 762114102
168382128 221577215
-1
-1
-1
-1
9125752 29966517
272281933 579664506
51782570 672992049
-1
423566292 501989285
-1
-1
8082708 20577733
249479483 459395360
-1
-1
-1
8014448 256826675
-1
-1
366384916 382890463
94988135 242762312
101411678 427868285
306348929 498357804
185950332 232635161
21690210 31881083
-1
90210003 359157518
188886559 294149590
298201493 420141588
71159965 206163148
-1
-1
14908974 88317883
-1
80012999 127075940
1919068 79658371
198764374 239673079
105568783 112458018
-1
-1
56688309 771783338
-1
107678704 212929173
-1
-1
416502981 434421518
43973344 138029209
34431357 720325900
20936843 33484820
-1
-1
-1
181548495 267516872
-1
-1
4961321 918525036
313354218 515293699
267615878 478746069
18749379 133236710
76145233 182411250
108335104 251050695
-1
-1
304794593 394536528
-1
174473558 571653935
-1
-1
-1
358435824 502959773
83336178 540462643
43201350 456570161
2225012 134815587
-1
161377084 296526559
-1
-1
62680237 121931802
167241147 379289030
369370626 388084511
-1
-1
-1
187988892 508193059
21819035 74797092
17023738 91880703
20300464 605230333
223832026 669347533
-1
451221055 452860036
2796017 11276502
320027665 338656776
43407054 319829257
164176418 479137073
203932967 270039206
-1
6253079 37278452
162813 13950478
89541883 113481576
-1
-1
-1
-1
-1
-1
357862545 409611832
-1
-1
-1
-1
15673664 593271119
-1
-1
-1
168500000 331527597
-1
18978111 46329986
-1
-1
162260343 525000376
-1
149543676 589947311
34503513 174680026
-1
181762483 765565180
-1
322520155 659755572
9397669 109453108
8975913 327135238
-1
-1
-1
-1
-1
289591906 588580947
-1
-1
108917166 196825835
-1
-1
79978298 620265875
57069647 110142612
-1
37034734 548004297
-1
86375517 195492604
-1
-1
205136008 397102579
27549821 653533616
-1
97426832 545620487
192168516 470143825
-1
-1
75499784 91059893
16880915 393142388
36706009 180216358
-1
69981099 207601498
-1
-1
116999003 201584364
109661477 361068836
9728382 9841327
118165711 269963760
26686044 95330099
95054501 255993380
89074329 376166714
51259057 68758450
356807237 546315234
-1
7566323 239065676
-1
280224079 494473140
148237329 529908514
-1
-1
21382499 77249088
132793742 424268639
-1
-1
19466609 634784510
115191375 550821754
80198065 116644212
400788461 549217590
16385956 117527907
26711534 338953197
-1
-1
259850519 732225680
-1
2329619 10733072
224641117 709190020
-1
-1
-1
-1
-1
67252537 107910846
40264917 237100526
48037889 65794314
-1
-1
24895535 113480798
145626464 699830399
-1
-1
-1
-1
-1
51374 1139825
-1
-1
7417212 735605561
300508466 530598675
-1
-1
-1
59360748 699111851
48188399 88855958
41344589 71462198
226249045 587340148
188705252 300304799
-1
262697914 517393597
-1
-1
27557108 48504551
-1
-1
-1
73789100 89592311
9608437 60203194
284178311 517961490
-1
201741630 331338413
170340939 230018908
74478072 101598485
17375866 25387765
191162208 496884325
-1
416136753 546700960
174711168 670533131
-1
-1
19133482 23966451
64762985 268356426
1925332 117857101
-1
-1
7066997 880292292
-1
164794908 317332103
112983504 211407209
23439224 667904423
91125996 714617963
49956184 203008917
104760635 120961382
30952917 434126006
112828702 522138691
23261363 114769784
-1
-1
-1
160815352 178008811
146975526 155389123
-1
-1
78244443 121398716
139674399 851798960
8111540 12725021
236297115 530870738
-1
17956810 291866029
-1
-1
-1
-1
54270879 186079024
304050496 477986283
-1
436302502 513252901
-1
-1
-1
162658635 425618114
157546307 659376792
142660156 829320481
112256573 229610934
409434495 514109986
393564751 601982488
43795062 88912691
145317116 850519311
256800207 362771212
-1
-1
269801268 469760861
114626643 213371576
309910274 590770643
62288546 63206177
21207617 625542216
186665508 213364271
-1
-1
128754975 249428672
-1
188875965 476961062
-1
580447 23653696
276645295 358871826
-1
34671172 536749701
168181079 313484544
-1
-1
5504718 271464593
-1
-1
-1
168087656 675103857
-1
-1
-1
-1
72338625 269266202
7322609 264788148
1652285 3936336
-1
-1
125824190 740079881
79847186 517253573
-1
-1
-1
-1
25235342 258256551
246018560 404647823
33228181 850062246
-1
-1
444618652 485822707
-1
-1
103249048 868809295
-1
-1
134724086 680740791
-1
-1
-1
189010196 632533547
-1
404257298 412504205
305214590 366939317
-1
121177591 818197618
-1
182937571 368110978
8136288 51250069
-1
215830571 274395470
-1
211352050 760375071
-1
-1
-1
-1
239896837 334883254
10211682 266915881
-1
75595 233815618
-1
358912988 485532329
-1
175746839 685617738
215691150 367590119
40560273 295204846
-1
127979338 248555521
34652952 233777267
-1
-1
47669672 63174335
54262457 628968774
-1
-1
21219318 195848933
-1
62761608 221012809
-1
80218354 178531783
-1
59342094 131647739
2311570 4135197
76511162 213191817
22834462 56013217
-1
78769228 496005061
-1
5806278 9094849
-1
28872095 261459708
232710320 520439243
-1
-1
-1
-1
270105430 349572879
3848938 9121725
-1
-1
190626911 717006176
10273253 943284246
-1
-1
54641695 554990376
-1
-1
28699666 796272007
-1
33710288 89431175
-1
-1
-1
-1
118561185 558325042
-1
55582339 452310744
15518945 530566596
-1
36203937 66496546
-1
67568109 534816734
-1
-1
74122197 839228792
10705259 60109574
91689975 116257664
-1
-1
11275429 21843004
5318015 18172854
65468788 385496049
3951153 283762144
-1
7482210 140585009
-1
116254918 879606433
168721992 196846171
-1
-1
16473072 205955191
26299025 30827456
-1
-1
-1
-1
33126756 250768633
-1
-1
11969313 48646610
-1
198699074 690208133
-1
-1
-1
-1
194547556 291393135
12000557 85607106
-1
123689521 269706502
924808 740917119
339999761 466930386
32009962 927191791
57767863 119323110
-1
14830384 29105353
-1
2657303 72629850
-1
313802740 482977749
-1
-1
4213033 28163658
-1
-1
13951219 173607784
135614374 281066395
177325171 225266560
146895966 490063415
293040440 394336781
165528840 358398493
-1
75874826 225014775
99389567 484218680
37186155 91382776
-1
23778628 436283911
-1
-1
-1
139080328 643478025
123426371 446272826
22250417 35855066
-1
110431514 383536923
-1
153385249 715033002
-1
138186305 300897258
-1
87678691 337412350
153444985 182209242
118459885 464345218
6643064 28821863
54954390 213439427
1557999 17355884
-1
-1
-1
139474782 747933169
98115983 174478034
43886061 75992888
4006976 97603233
-1
-1
-1
836709 10763644
119936681 128329250
2148975 784601078
11690687 309378744
51321592 569414577
172474363 552322786
-1
162294237 727342442
-1
-1
-1
-1
146109854 229715669
-1
-1
379222094 526790795
-1
-1
171193554 664823807
33095359 109640628
-1
385145369 511710972
-1
-1
44600935 656838264
-1
82774 616797793
-1
324728279 532337412
17896307 41061090
125736150 251785123
78598935 121521952
192705182 327637217
9389745 152507758
-1
4987044 6862193
-1
121388908 621264261
352618838 384514721
-1
150705497 259164540
274030294 344679117
90396085 254240236
-1
-1
274613252 523570787
-1
-1
148638652 238844757
-1
-1
47691155 276722702
-1
-1
-1
-1
4271578 243313153
1304107 27150736
-1
62979365 398172666
-1
130710768 546937613
-1
63550573 850877124
79311662 135185961
90533814 345274883
-1
-1
-1
200819457 502759462
-1
24884110 32595681
-1
19951110 262367581
-1
5734244 59779175
-1
-1
187489379 516989160
238233622 414944187
-1
-1
-1
-1
154313953 831332836
562965 200676994
-1
14820712 417781651
-1
347700250 591641253
-1
149784627 244467256
-1
258889144 333900337
-1
47185813 749277094
-1
-1
72104834 691998327
-1
276734672 558118049
85444319 399561830
-1
-1
79989598 676626211
81822652 189849169
-1
-1
-1
-1
-1
-1
196091706 363490483
152376757 337566586
25494653 50225126
131997614 193691357
-1
-1
-1
-1
171471027 290306686
-1
-1
-1
107362731 569464366
-1
176080381 611281588
48590347 410061942
-1
63820372 183396859
-1
11270252 404108769
-1
-1
-1
-1
130067376 361740797
24540051 375827330
-1
41357448 376400311
255479163 579011930
32489559 849377650
-1
-1
-1
15502739 733355018
123918964 588823527
-1
-1
-1
45176985 824576476
-1
-1
101134839 133790968
-1
-1
-1
37634144 594035607
-1
4068179 315924918
78440660 617663621
-1
436300352 488095899
102728958 190845341
334472850 358097729
194083000 801273823
7715023 62436970
164436336 226077731
10645682 104132117
32902351 109809012
-1
-1
-1
16397 67080
133073650 327636763
-1
120113300 371093903
-1
305728855 429250204
-1
-1
190344950 756596739
57912378 864095155
106203800 838075589
16019596 216008293
-1
-1
10949043 178549900
20271902 212424231
237139412 264673281
-1
205830069 720504644
-1
-1
-1
-1
-1
-1
145703450 596692851
253716743 636516164
-1
-1
61446815 516433016
-1
64273878 78004241
-1
-1
-1
13848627 591479302
-1
-1
-1
114077 310963776
-1
-1
-1
157437563 368095254
4997207 71557394
-1
-1
214934146 340201371
-1
319511230 469433701
-1
-1
72161021 554008262
12734812 91595935
27939270 111142859
31102036 889953175
102871876 185408211
96779782 546526465
16942784 327864845
2252941 147940890
-1
-1
154710646 317129631
122371182 231472775
30535990 437619151
-1
-1
-1
450605446 459314667
-1
-1
-1
129683405 268085682
9214279 49424740
-1
-1
-1
6669091 63459936
493263108 497292265
-1
-1
-1
51781203 69200314
-1
68855701 354668560
177407820 208189313
17159533 614450074
25527764 174832229
-1
-1
-1
-1
13385672 213203079
-1
-1
-1
-1
80797379 220889198
458583592 477805737
-1
40132841 118946292
25495840 407191431
31674465 75559514
-1
-1
-1
28805538 79134493
201412850 393027389
8563357 9940372
5437026 446304647
-1
102783502 385357077
2358486 85234387
59694986 664712435
125363979 258276940
-1
15941609 46939910
171060889 754967920
6843880 242859279
-1
-1
-1
42721543 208874730
-1
-1
255427025 689271276
-1
-1
150907879 744769122
-1
-1
32861875 44137368
21904155 67141474
-1
-1
216146096 386579075
60370473 106467124
217149271 344940678
-1
-1
143622951 421330040
70837407 235269542
324069531 341186978
124247744 613148337
-1
303530090 567879117
198129 1443922
-1
-1
-1
360769452 449409835
-1
260826957 411795074
256340473 445161946
-1
-1
-1
27502597 313442142
191628066 342771323
-1
-1
-1
-1
85561934 773583915
-1
-1
-1
-1
-1
93047719 860590294
-1
-1
-1
-1
255097164 686780893
-1
65502327 186118792
238382857 421562580
60366595 386544886
-1
-1
44113555 456608844
-1
-1
56226733 397178424
229091488 247714693
-1
-1
14370444 104182567
-1
172581859 352410262
27830834 221782515
165371693 170610644
2641314 46078295
-1
-1
-1
-1
-1
-1
-1
178837944 551175647
-1
-1
-1
-1
-1
14736875 90597698
44284673 601229930
58261518 238689791
-1
-1
-1
20784135 64112128
-1
9868284 133923985
306199843 394549774
-1
-1
-1
50443563 149994034
-1
-1
6420114 558333349
65755462 691393459
-1
-1
-1
-1
-1
123593201 132275318
24998921 84324102
55927667 579165702
99118410 710119681
226079207 360313092
-1
18967126 362145157
-1
-1
-1
77154546 467591155
-1
-1
159897144 750321029
-1
212936683 602851078
-1
28857258 40219751
-1
90155606 274446591
-1
231319838 238321149
42468805 49595194
-1
-1
-1
-1
404815611 559010650
-1
-1
244029844 390726163
285812348 329275823
-1
-1
-1
-1
51730036 824320861
-1
170063830 302438721
143618720 166673501
237590798 692807711
-1
-1
-1
504081 807900748
78034422 118600711
-1
1521778 12920701
-1
-1
38639104 718940977
129373410 542484841
247360838 368705411
-1
-1
-1
-1
-1
262496904 547758043
292112704 383306529
-1
-1
-1
268391228 529174545
86905348 592751449
-1
-1
188659621 337269868
133060701 777353680
-1
6121230 65008207
135250433 274651188
132279518 432812081
54372449 73338612
46005285 46576898
257685904 500460015
-1
29131680 483259333
83428453 251236120
226359675 525261526
48573359 116440194
218881037 572316096
-1
-1
114965918 570666593
7264257 282093962
167101998 523723901
-1
-1
22473388 512482375
85012053 719780480
-1
-1
68100679 173702628
-1
69797389 359981388
-1
48145522 109281927
-1
31332133 354836070
-1
-1
-1
237953489 736481270
344103094 645851413
8311970 101514657
-1
-1
-1
198794731 760265116
3293029 5830032
-1
4172374 80747143
51978093 95603570
127282110 163658993
50271964 81993633
96766784 410305245
-1
122553559 723279694
113533885 758614608
-1
-1
-1
244862682 440190985
117898933 321247018
326062143 352296998
25052406 66110033
-1
-1
-1
-1
-1
-1
-1
-1
105631448 211582335
304296783 373156964
-1
383504287 489768346
-1
403024881 468478156
144893869 498108420
47983692 66162061
-1
-1
278664237 536483606
251645732 485948691
46419461 380626286
-1
22324448 151120751
90897619 99030432
-1
216191290 251576079
105413538 643726283
-1
-1
-1
180093636 193134481
-1
193332576 234971315
13611590 939009941
63414138 760573009
-1
161466564 449667535
172301586 290023763
-1
75796285 572086198
67445074 82299795
-1
290280682 366529831
97324008 883483031
390620932 593602471
73864028 88660491
-1
243636258 643120273
-1
195824706 503981917
81171189 102798830
225842350 618948469
-1
-1
-1
17963641 587737912
-1
115443891 268902446
-1
-1
19073013 486648404
14726770 357608481
209368220 595158521
-1
-1
-1
-1
-1
173792911 348180510
-1
5262192 61326569
2178243 19814356
-1
28566670 57368689
-1
177691048 335227815
-1
97959696 287140373
242817786 488970655
5349956 327324831
45737985 93340744
128987733 236404564
72318426 726170953
50589304 193371493
4179298 340160413
21116767 326350876
-1
203041559 266987474
-1
110134608 526592941
-1
-1
-1
42540990 122409569
-1
-1
-1
14872558 442322685
-1
-1
-1
74331732 563539615
6373317 32363174
375741543 393486218
159986478 397666279
232786910 297818741
-1
103291661 174991602
59601793 619909810
-1
13831584 758914253
-1
190858923 532191890
3495796 25614853
-1
72851708 158852103
288437891 390619610
60559525 76993392
-1
67824128 801498269
179152381 588974452
-1
385793426 468906815
424613 1423830
188289424 267687397
-1
-1
-1
-1
51764365 58913458
-1
-1
41762629 909356350
89809360 431325043
128606545 456305346
-1
24530449 88994680
-1
308225522 403923449
194870495 700626686
-1
-1
-1
26114032 144012027
-1
29127446 133770011
82273152 271331009
36787953 44417278
16310776 962351913
-1
-1
27293740 103219771
54918540 753757513
-1
-1
-1
-1
348821018 390036483
-1
76976290 138256263
266905177 319412482
106852385 890943002
150217184 245903795
271221669 279497410
-1
40884624 674338529
27406330 258528309
-1
299727234 363047345
-1
111114648 409259693
54983987 132507554
-1
16593472 67955427
-1
151142438 796731525
-1
2154478 69161499
-1
73505455 137616646
274169198 667989731
109616932 484307265
18469752 63056171
-1
169460147 436890476
341455269 391474672
107979562 220448277
-1
262614176 287905023
3090893 5042864
66791012 845487261
16427830 523728273
4604880 57631223
30935081 600335138
-1
185583636 604950025
25024534 146302879
53827280 736748511
-1
-1
22393653 59399488
50173610 225112209
-1
-1
-1
218089011 680830232
20177021 109307430
48315175 189243724
7142312 24442169
-1
-1
69148498 110677471
104189639 189650000
235725862 545724075
-1
-1
269123427 269547494
-1
-1
-1
-1
-1
-1
33939421 43531890
-1
-1
-1
-1
146509184 403875239
-1
-1
64086509 165704600
-1
-1
-1
31415831 237376710
-1
-1
-1
19459183 191957170
-1
353201165 395661146
-1
-1
-1
153328218 224520311
359224956 619719161
-1
283578100 290985859
30757443 54831926
256962937 403122894
-1
97068586 129688585
-1
-1
-1
336641768 341533251
-1
168291081 678565612
59345459 718205472
-1
173932688 466555029
-1
430472859 545950570
69295531 438094146
-1
134099582 152966735
116424683 515268996
119784541 181877910
-1
71261538 512913341
366658484 501058187
-1
192110878 445326541
17315897 45240434
19366145 431257796
222409029 377032234
33435189 205648174
-1
180787393 273862230
38378159 591605730
271598442 406258637
-1
413279439 489179150
13455795 844685218
21836447 77855714
-1
4724127 73240666
-1
-1
213919571 320499836
-1
108499707 682767772
25441894 711893725
26432987 852357672
26625645 824012102
44161573 667076628
-1
-1
-1
-1
-1
20650233 767411446
51634398 93102479
42463881 148656892
-1
-1
64677986 82077327
-1
-1
32088909 136673830
-1
169197288 610457111
58556249 765439712
106182235 697205932
-1
-1
16800630 207547849
41749692 57566971
-1
141912153 381567898
-1
151304288 563429339
30806827 116993596
-1
323236693 462316308
88183803 257842730
7069951 22923282
218409154 620028799
185555820 244778057
220504417 392304652
30851956 779149791
-1
115384961 298943610
-1
-1
-1
15128882 107765159
-1
-1
-1
8723939 482412732
-1
230184084 363672589
15246188 131961539
155553476 714065427
-1
24924401 432270980
-1
-1
55917156 552306133
-1
70295997 377953240
-1
7896071 96060462
347038960 400744267
-1
-1
-1
97569020 155441471
-1
-1
-1
-1
157007549 622502384
130492693 451618426
-1
28685912 46743599
-1
34679317 743622880
3583608 29529415
26408659 316486020
176224718 339465221
74689593 887828308
215256657 236340002
7679122 16254309
-1
69046548 177707899
542231 677212578
1514484 15378605
-1
148126250 305175419
25274557 561858820
-1
259112197 547399360
-1
5483996 91298553
43247213 179318756
-1
368855562 431332835
34449011 123454550
105894218 325722351
-1
351282603 510926078
93746049 598875484
-1
176918838 359208613
31207708 48102513
-1
346247416 460212093
-1
216605975 232891272
-1
-1
-1
-1
-1
183648493 564552930
-1
-1
780769 45072448
-1
76198449 122328772
-1
13251171 93201556
-1
102546581 495441036
-1
175062237 313895234
727453 169097938
-1
67484075 85580348
-1
256163013 312578254
-1
-1
-1
-1
422409121 504406980
-1
51517030 466324533
-1
-1
-1
39403372 257238087
-1
126256373 166398078
-1
8677463 230455854
-1
50680527 602275022
88984799 185937132
25821124 99682525
-1
-1
-1
156780109 667819104
115984579 162103162
66272668 429818965
89620339 814543164
373024734 611184929
51636082 80550745
-1
-1
187713373 566438316
218911716 290581955
242328650 353989977
114586704 597247799
446186923 451409526
-1
-1
-1
311100198 643620293
-1
6352454 7429283
21951598 40468663
-1
98981329 305005048
223112665 442311748
-1
131384660 672588987
139026493 687980494
-1
322658699 637163400
305893406 618078705
207848408 400349883
-1
253927056 292034077
163431053 296610764
50780383 82353330
-1
-1
-1
301184688 542541659
-1
3138662 72515909
-1
276829511 317034372
-1
7391502 25332097
99413116 118513893
-1
55989686 183838151
47619305 227090628
-1
54916122 203862967
-1
-1
-1
-1
17734929 150991834
107228980 185691519
47890358 138217341
1119291 78440030
213130271 707198276
-1
206816726 325065047
76676452 427031715
-1
-1
16531878 717935899
-1
162322936 410398281
148338975 313770922
-1
39695776 89188153
-1
-1
-1
-1
-1
-1
42730790 696565683
-1
-1
12922720 632155933
367577928 440942509
-1
204657759 526945898
74992418 701202081
35412884 117455577
325356858 511934411
-1
-1
247444906 530267791
183569428 264460989
64689043 167231890
-1
-1
-1
255968804 311205747
241844920 313198291
-1
70109164 127861747
-1
287402742 546353771
122901312 200285689
-1
231526552 371881567
-1
128700099 546550028
308264695 531530238
100488561 126434560
-1
326067875 584912648
-1
-1
-1
220258668 368652383
-1
-1
22780726 26392687
-1
72744699 192833668
317525885 603868158
5578698 242869465
-1
104245781 591853446
1392452 42799191
50033235 828477092
-1
-1
111429689 311554800
296618158 532440333
80907586 109268013
48645758 155476805
-1
31316171 97189502
58195438 307445041
-1
29386280 532991951
-1
1131041 2508596
150959436 313731625
26120176 205273897
2179956 9944575
-1
-1
-1
-1
-1
-1
-1
-1
-1
-1
192735835 273061828
420766 1054237
-1
-1
-1
302249429 658007772
-1
242853186 342780217
135505675 140615356
-1
-1
-1
-1
-1
-1
-1
-1
-1
-1
-1
-1
6459168 95605001
9669052 37106587
-1
153787025 479512014
9035064 102765367
-1
-1
-1
-1
-1
-1
-1
10432136 84634491
-1
-1
65175135 146965852
-1
-1
-1
-1
418385704 447742267
-1
9496456 14621863
7053832 50835079
-1
5050634 82039917
-1
-1
-1
-1
-1
293963804 656624399
-1
352413679 444627652
-1
-1
-1
-1
142842111 675560402
-1
-1
4459778 66876701
-1
-1
21213454 29945119
-1
44689074 337457225
-1
256193912 593540529
-1
-1
59522062 279803049
166491573 351332560
-1
54922612 496111297
-1
-1
-1
311861307 526860256
254391366 432513275
333706383 429879434
-1
-1
-1
102243471 394775290
3069205 35905186
306150919 515356522
-1
-1
94513778 592197803
-1
-1
277402348 390714331
89969300 842188497
4414923 37581484
-1
116759985 515741758
191155333 288916674
-1
234517587 713394106
164395660 704469231
61398134 117137109
-1
-1
-1
119851298 592474755
-1
361534590 494120033
-1
-1
-1
-1
120646269 358886234
-1
196337774 342157695
-1
374591942 433681077
179510227 502078990
-1
173710290 655482119
-1
55673306 524626605
-1
118057676 457007571
114757819 641630838
170935825 792473652
249577633 368837278
-1
-1
41984343 74443666
279444586 457525315
-1
-1
-1
76012880 201741777
191980256 559894691
58358469 489299762
253939740 592923281
145362441 752263108
29226722 588537171
-1
-1
10670547 193217182
28913687 327635276
-1
246799963 407787280
2572612 21083575
-1
16780052 152495091
206138330 327288647
-1
36440299 441921240
78683411 86049302
-1
-1
-1
-1
-1
145309715 752362472
51069969 185513492
-1
-1
-1
53868949 175720644
-1
14337929 701448528
-1
-1
-1
98798131 406552006
-1
196073724 580020317
119047027 381878236
100792223 488468544
47284955 605208218
-1
-1
714577 2031802
329574739 590833368
377988855 439375556
-1
173769738 320332553
-1
13390 13277077
260155397 435294342
-1
33414281 197732106
12626044 825842049
370176212 443133647
215826709 594028468
-1
-1
142166270 229755977
80252078 589970271
215857275 739059542
23103345 72045958
-1
-1
-1
79544170 481798897
-1
-1
200177122 645498465
-1
7027243 31093516
183769296 739791131
271105747 533836554
348528160 581858113
-1
186932953 373576200
-1
-1
5160606 8664697
-1
-1
-1
-1
-1
21993475 85478958
86260594 189059833
-1
-1
22794056 352881953
229888550 719818287
-1
3847219 102459840
-1
-1
-1
81233997 457626464
-1
220244879 719621702
19323654 211068593
96912536 413765175
-1
-1
-1
-1
-1
-1
-1
-1
79641863 216892460
-1
-1
-1
35388937 104248752
152638011 587435408
-1
233960633 371428380
124323530 190030187
-1
44993790 46128749
19697850 704362381
-1
-1
-1
38363278 206068255
-1
-1
4069229 79911048
46317187 101758242
293320431 481156102
-1
32115046 460825317
15518930 160697043
-1
-1
-1
27781219 29382840
184093107 516299962
-1
-1
72326193 102616070
42139071 592882636
-1
-1
-1
304693346 309919221
-1
-1
36053779 318482434
-1
64949926 455316855
-1
-1
171034600 214585197
375894276 528618475
-1
-1
20675123 106940034
12102464 19430655
58207099 58460392
-1
-1
32399186 101070957
247258325 530166524
-1
371845722 460538401
-1
-1
34429921 36683266
-1
-1
158337231 171862792
-1
-1
109224369 178514798
-1
-1
-1
193791508 794620941
183994661 311666532
4725287 581666556
445489159 478420524
59305575 331526864
133923452 308048357
-1
371600975 587936456
-1
279181969 521288502
-1
-1
20631788 55229421
115964541 172578382
203959691 513601488
8162748 416654375
-1
-1
-1
49426030 173025813
-1
192398653 238870936
190899910 321457153
-1
57907383 187955428
-1
40017031 152631918
-1
-1
-1
-1
-1
-1
100457852 121542881
-1
-1
-1
70372637 651777846
185180744 456655817
-1
42978151 181356826
-1
-1
-1
-1
-1
-1
-1
-1
-1
21084158 269017659
39174354 829682339
49432573 528447864
-1
148936042 380745745
18308667 235145392
56678190 217392319
-1
-1
-1
-1
438247067 476116220
-1
169267845 540423322
-1
-1
159507621 246860570
-1
-1
287905419 385085162
50892370 659315719
-1
-1
-1
-1
-1
13923599 302742798
12675942 365048777
156031363 702241896
-1
14919523 58286364
-1
20002815 59130578
66631956 207416341
249718542 545351659
20584778 109077995
46293223 324952138
92868506 536177733
306311664 669479885
3823848 6378863
209727286 447478035
-1
118656450 782908033
-1
31378821 509272522
-1
-1
13056755 931312464
265818249 652939300
-1
-1
-1
-1
94383230 123020727
11728142 152649441
154488189 165417424
-1
34232874 43192975
2892871 31434550
-1
-1
11971622 721480455
55349592 618468691
-1
118551123 437384704
145637973 155374276
-1
-1
15064867 653353710
-1
254736524 299996723
-1
2913720 119699279
-1
24088294 562393425
-1
-1
-1
20807740 259490701
18583959 38524798
6293382 46078831
46186635 166465444
-1
-1
-1
44886212 652337561
-1
-1
-1
24689536 139751883
151887726 288497783
226759351 619887676
-1
167713888 626211729
-1
-1
-1
-1
8513394 37621433
17012351 243878270
-1
55191712 453438747
75949983 157826746
-1
35620325 48462708
17267095 107517528
-1
8744843 19388300
-1
-1
-1
79859164 206520775
-1
-1
-1
157820977 403636432
109803909 270816644
-1
38529746 80028413
1771018 96261691
-1
-1
-1
28735463 329691264
-1
-1
5207321 27385796
-1
-1
149714555 248086896
200771366 664094705
31008470 133718049
-1
29248681 303156648
137950335 203975042
-1
39528450 57579797
-1
-1
-1
17379056 29777325
178082517 742163542
329812487 543492954
81014566 241555155
-1
-1
32957822 59625125
-1
39085219 112724622
-1
100170862 102764667
7261022 77939981
67505892 410341585
-1
-1
-1
-1
-1
-1
-1
287554984 664361895
112968002 475659671
22926806 95325297
348732792 619494425
50845655 98729978
48295494 173758055
-1
336049291 620455008
-1
117771499 315341908
162611666 349819703
-1
-1
-1
32926449 226658180
-1
397122383 421060140
-1
136750400 473563539
-1
-1
-1
-1
150054643 423683160
-1
-1
218686087 364927150
-1
374037737 482189990
203606268 729004339
-1
-1
170635486 222276547
132869171 235391900
225170095 587065464
24203674 708404659
279740308 473512495
33213907 73387954
-1
-1
-1
249559458 266810885
-1
175469312 490989587
-1
-1
4118494 9175029
1175387 33159434
-1
-1
-1
7473791 12269762
13531457 37683534
-1
-1
37685706 110496143
-1
5647024 14254083
61367587 87723816
221275184 527706099
-1
127542012 184856149
4266984 132297475
-1
167891540 240135501
-1
-1
-1
-1
-1
47760018 134755801
333496570 338946723
150045765 228693268
-1
-1
-1
70843041 109844152
59583297 89144816
9693226 16135977
30127181 252120842
-1
293813230 455372257
70813640 83374389
390833546 427966335
1687100 9349319
-1
68466164 149908457
-1
-1
-1
-1
-1
-1
163293040 571279273
68973978 507302561
165165320 342904643
33673613 49055606
72072088 913488123
21588211 119643778
139315265 312422132
197577133 635399680
144633176 509579367
-1
100653410 118626249
22984465 964194064
-1
-1
45165502 254720559
54695357 226740312
-1
96752862 149755571
-1
-1
-1
28244133 136406096
-1
-1
-1
-1
-1
324344824 569830893
-1
42250590 67432349
-1
294273223 642540736
216265681 646226370
-1
150080759 166812788
-1
-1
74263583 86815308
-1
-1
-1
5020576 10703661
135623881 358899528
1756699 7749828
-1
-1
-1
23396956 46660105
-1
-1
86916214 658356877
-1
335641763 464808380
120453663 673142398
281875278 663088429
237994348 646902519
-1
-1
-1
-1
-1
69127671 264292280
1902820 6141057
27135633 459605774
-1
-1
61195705 375957162
-1
-1
38844246 448467625
65553811 306981052
1245225 128752312
-1
254972160 287634319
283874057 572313656
-1
128311382 416554827
-1
67336346 123568793
-1
3356044 442897249
89119605 529621394
-1
130435503 152511818
429157955 461308548
17752358 210536849
76076187 677129726
260225831 261686090
13416628 325632741
-1
-1
-1
-1
-1
13978887 194139524
44381769 213824750
135449187 289769566
114579800 195963761
15028956 245739953
70956827 134547684
41331125 742635438
-1
-1
-1
-1
-1
-1
330171363 443690966
-1
266102954 427822805
112457281 826126692
-1
3798385 9783072
79575291 468990268
100791864 296937443
111872071 255789562
-1
34143219 76833418
32202640 303627693
30573220 195396631
95624943 189462698
-1
33785966 73328403
29699246 403266977
-1
-1
214831963 521091364
7984163 465824856
248105391 495733748
-1
181023022 756559269
-1
3964406 52893231
274664521 310898746
-1
-1
-1
-1
429809990 470310479
-1
444868989 539467582
60004022 359859729
119284561 447590740
141800322 350400925
-1
35859848 355787715
325853 80081186
64066155 573171818
1350980 549217161
2260139 76961282
226648094 670791759
16709470 722081439
-1
-1
-1
26841272 31182009
-1
-1
103308666 477229165
-1
-1
156946537 243309916
-1
54197536 225558403
-1
-1
-1
-1
-1
-1
-1
-1
296258872 439563595
-1
148355293 835340848
48222864 795104869
253952516 421735377
-1
167037241 449840352
213595459 765613144
69892421 285760886
88699291 240998500
-1
-1
12564929 24334634
-1
-1
202749632 421534671
-1
-1
159213136 205688041
-1
-1
-1
52156738 772058473
-1
181542157 399400144
-1
64021309 339073492
117515454 149263697
140320643 239717826
412476333 463041164
29899450 349314579
-1
111577616 114953291
4976719 279048978
-1
-1
229846432 246031455
-1
-1
-1
85973803 283448134
40131933 79396898
25862758 750344745
-1
27989311 301502118
51094262 150299831
161540681 377413458
17419992 639642721
-1
-1
197905910 423590877
392380 4641867
231766640 431702519
-1
7261631 33408146
-1
-1
-1
104954299 376588530
-1
428322548 439884041
55028043 415955468
-1
-1
-1
303743353 417515320
-1
121526461 577195560
-1
142455031 473514832
-1
122242453 340870044
410349992 445099115
-1
-1
91738312 520293775
37148388 327305699
-1
-1
-1
-1
48661721 133767858
-1
13253416 169315617
112040905 347349384
-1
32540927 228965090
71603053 236120604
-1
280575248 610114445
-1
-1
-1
-1
-1
-1
-1
15434395 55655076
-1
-1
-1
-1
118318646 353365811
-1
-1
-1
-1
122942968 185355063
146215325 282589862
21565984 105854935
-1
-1
233420586 260135585
22407309 43810208
-1
307787574 405108613
-1
-1
6732045 18224098
-1
-1
53444114 509728415
-1
-1
150677365 156174826
369359535 496541042
50717507 575939492
-1
86997995 510642512
79355222 325487519
106871161 131092590
-1
-1
79813944 651482239
-1
212398028 282260249
-1
-1
-1
164953151 454127448
169592796 207897403
88257047 669894686
-1
195339165 802457858
15810896 58201347
168014267 486322872
341146462 405890937
-1
312350230 405446599
391157097 478237706
215471817 637513222
2989420 52823709
135538380 377123047
-1
-1
181325371 268157148
-1
-1
-1
71730699 559356154
41131769 289085652
260370044 319080585
-1
450057554 458077797
-1
16457132 154514177
8332534 65961297
207427100 320335649
58148028 313918031
-1
26806700 71846643
-1
469752 7681427
316912454 434610195
-1
126709059 731013860
64925087 557189682
-1
183657806 637337727
-1
366091862 602378037
30064483 148884684
499838 62821701
-1
-1
408886861 549407926
218434243 314568418
249941667 535406674
5784087 88050856
-1
-1
180568112 674994327
59995230 83772439
-1
-1
-1
-1
-1
221033407 313263742
-1
98736112 847069629
-1
-1
937785 373529954
40053187 84291114
-1
24015608 259739741
-1
-1
-1
-1
-1
150832095 556256884
191899909 512617404
-1
59880618 73304611
163596769 428561334
64751719 760983610
61887707 722309516
352963958 412584999
-1
-1
-1
-1
16035096 17589851
6102105 76192136
-1
-1
-1
285365246 345870003
-1
8794144 42036639
-1
100694264 114200979
44367192 144715777
-1
151471201 601054882
-1
-1
16017242 63697359
-1
-1
219514617 533046526
194900708 570368231
-1
7824629 894448070
103004677 261201244
45042634 183267177
211665929 270058500
-1
-1
-1
206912726 791904117
6132384 16050463
139348127 329039376
-1
-1
184320482 731659281
17319542 208484031
-1
69760715 156530676
-1
-1
-1
365413663 607751248
-1
-1
-1
-1
-1
98291097 150855802
29483806 155557465
-1
20222401 36694156
-1
-1
8083230 39365519
3182637 185484256
-1
-1
-1
17109248 364410441
-1
207955559 362812932
122660874 591632197
51549660 243303047
-1
375622193 471269040
215285341 709475476
-1
18667441 106414900
110746925 129238074
-1
100431179 669243794
-1
6913481 17608710
-1
-1
39658854 275448065
-1
-1
102719226 821178823
45720642 665647489
63235583 89848200
-1
-1
-1
327015758 651202641
-1
213143169 281097002
-1
30202340 103543017
352127278 411158991
-1
-1
72075827 75325874
62379358 67159635
446649565 502180596
20507018 82550855
-1
-1
-1
3255190 42953281
55567647 127379674
224439852 344430911
50965838 719765639
-1
-1
-1
-1
-1
-1
128515132 433970601
238507145 393077192
175129601 188348922
-1
-1
-1
448126570 462433413
-1
56190094 171810849
153283602 322899647
-1
2198023 108135106
-1
180599829 731345344
-1
121733945 732149454
-1
-1
-1
221619179 344368538
35425581 116615138
-1
-1
-1
-1
40249707 146322422
-1
58356653 403056834
-1
-1
60787644 551032613
-1
-1
52696671 60618656
4015146 11622895
81291 111027260
20095097 266024024
-1
211524587 249718694
135569285 578053446
-1
112726340 283157901
-1
-1
-1
-1
75657742 375503821
-1
-1
64941288 786018931
-1
62627219 71228612
-1
131078701 380742682
8731472 141270689
350483396 464439873
58485998 368600489
10385942 55481399
325317737 453011586
-1
-1
-1
80893197 134496196
129703320 329628211
-1
-1
-1
89112190 806426437
339403327 454253842
-1
334524966 634309903
133427992 146982759
36939481 107386926
21361086 32087515
136326211 213742216
-1
-1
5742080 94866413
464612243 533596634
-1
178116749 395375994
-1
86451597 134626270
30334024 180368443
-1
-1
90004282 435649807
311640652 651187771
35161863 671019458
-1
-1
122784484 635829597
278564325 534534212
-1
79791960 403729681
101640058 652245643
-1
13791088 125795413
14606186 457119377
-1
-1
41416931 87969000
-1
-1
-1
-1
-1
-1
-1
266240855 362201706
11726767 30549444
153941522 460650285
52498926 336159271
-1
-1
211734332 510398055
-1
-1
-1
-1
404504648 444877731
17385240 54031597
-1
121979854 281925385
80135485 392243014
73557222 751431401
-1
-1
53095695 82093826
-1
102644848 419846551
8105749 446935494
340429979 409162754
-1
1553808 125266033
-1
-1
3291041 232584320
-1
110407971 333480008
134032031 479621468
224602674 343921265
145063300 679659693
57418396 134321521
31208205 53060216
99960721 314830126
11426456 362085603
-1
-1
194803419 201771932
66266387 137013464
-1
-1
69430691 469608696
-1
260280697 468958776
13720943 52746074
-1
-1
-1
-1
-1
25029665 905168196
-1
402286 12592075
-1
253162218 723418469
-1
-1
-1
-1
309711656 631575291
64091288 345512531
90858554 476587335
-1
-1
-1
-1
-1
-1
424109243 539134604
129124502 166371495
97385160 125843411
435842227 522279244
-1
-1
-1
44806677 346947454
5043437 19820720
132385000 302078467
120036550 141323187
-1
179274975 278686808
11760101 918518232
-1
-1
3799784 89698785
13976598 640156835
-1
589562 25437981
-1
98252695 488448328
-1
124221241 201806080
-1
-1
-1
-1
23036037 24516352
-1
26630409 119833460
-1
-1
59738501 473322672
140540716 558982261
77911257 254958802
-1
-1
-1
-1
168933850 268987951
-1
190012471 418063716
-1
184468421 237013008
-1
-1
-1
100480027 207886210
-1
156136347 485348852
18019157 297853674
2910186 20126363
2148240 4916981
-1
-1
-1
159154119 819505088
-1
6039598 787945575
-1
285229940 473202591
-1
75917059 333833994
6284149 292970284
261508806 567834077
-1
170216257 468542652
195264 189460469
-1
159936020 196006167
82924148 210024159
116513773 553416216
15989757 737317394
-1
-1
22794021 472922072
320983044 646544617
9738374 85265729
18158415 27470846
57667914 397363345
-1
309596372 564282701
-1
-1
45209231 65340326
66338907 277195364
222115559 513429128
51261294 83470819
99313440 182189921
44158333 64609558
-1
-1
89948060 90623333
218983590 532585757
133512356 724177055
170334230 371989841
-1
-1
-1
327233258 411472233
260670997 315315334
7735645 18732106
162322458 467106649
124165485 161300902
219871324 278004625
310239644 321798365
20367193 40056696
201316869 742670192
-1
-1
59775541 88225878
-1
-1
-1
-1
40008525 693396736
-1
-1
118296415 645634288
24894617 95718926
4675182 487216301
-1
-1
-1
21949614 111192817
-1
-1
-1
-1
7200661 908907492
8616816 297045517
-1
-1
10036989 62517952
-1
-1
337720898 477687309
114952247 131949482
-1
91216126 187663903
178873661 212668208
-1
-1
11605109 31838862
-1
29774411 107755416
-1
63869049 127132262
18202208 54921651
78161444 250655069
190465499 420456842
9338192 121919927
-1
55889016 756859397
-1
-1
-1
-1
-1
125511658 164526721
54168010 312622683
303791400 518088391
33419949 191651998
-1
61409926 826655251
30109730 86617527
-1
-1
340087532 524209367
-1
11926293 391605236
46704872 522808197
3882823 68575126
88094292 441632119
73527585 807395266
-1
172362613 534819658
24951392 233957669
-1
261623 526686
-1
-1
189427712 793680581
-1
-1
-1
120401041 308591260
-1
170354949 674436980
212473281 565157780
-1
387387682 543359937
-1
-1
-1
-1
-1
-1
60813007 85118010
32356727 183557892
46278709 116381520
12757298 404989203
155458241 486727592
31180080 480664829
-1
-1
187608529 231901704
-1
-1
27467897 36427530
256230463 286472626
413182487 422945954
-1
105101318 750410805
408923110 538975111
-1
-1
-1
-1
-1
-1
-1
321934374 326730677
136649114 245779305
-1
48788639 208506144
-1
-1
256412936 574918335
-1
1638088 36445491
30133392 61862269
-1
381760853 399096524
-1
102409636 370866397
-1
66130278 181713511
-1
51196549 321046282
23520102 405289451
-1
18914949 100268114
-1
-1
-1
-1
-1
48798443 188097290
-1
-1
-1
67136095 150510294
190712268 208897339
232608105 467733388
192243226 792222787
2244391 20853402
-1
33571762 838645329
-1
-1
31749401 387655736
-1
-1
36792134 560046777
-1
-1
264247258 284776779
-1
-1
20037268 33949131
-1
124344636 245164535
30459524 132446759
-1
-1
-1
27818685 54847922
-1
339466590 382160189
-1
-1
200085242 619872441
107467309 819165004
-1
-1
-1
-1
-1
-1
220849779 261149030
-1
-1
