177884942 279259521
251109778 334445919
-1
-1
116652850 210290629
-1
66160544 161834913
31765607 78317390
-1
-1
-1
118207367 604250606
401370456 516831107
-1
30706294 883725487
147744303 414184886
-1
-1
-1
-1
184774516 760490401
-1
-1
-1
-1
-1
70597939 510721960
59507716 73939075
252639900 624113479
-1
-1
-1
47712738 435914761
46618616 514264163
-1
-1
-1
375299237 592579764
55100750 475977659
17888538 40719181
6563641 196712836
140553423 393753748
57090819 486373820
422007867 501059560
-1
-1
-1
158584763 456251454
-1
-1
-1
14839234 727597953
-1
100393988 166986813
51096031 54494536
-1
258353786 390158937
25836523 775661758
-1
221363014 402359317
-1
292197977 292312272
390407735 520552188
-1
-1
232878664 496438263
-1
7648810 11820411
-1
41336282 152986391
64992504 155494043
-1
-1
-1
309765399 401926412
440597506 447398877
19990117 78984120
307950475 436959114
-1
120264079 303354388
37447201 298780182
20540965 809819568
-1
194413227 740056912
181489056 277655837
-1
10195676 21897513
-1
52158358 604307449
-1
-1
-1
207321770 248198363
45971178 361290913
-1
-1
-1
-1
258677953 641107510
39712228 169373353
-1
-1
254322817 296748244
-1
14183450 86484977
138115238 294757913
-1
86807145 201947638
-1
-1
-1
38705983 76901406
80673550 270762177
138737180 162002829
-1
-1
-1
-1
-1
-1
-1
187822539 638596454
394063341 564473060
52627716 575866237
140730909 157851314
-1
53950730 669522441
256549292 286459197
-1
-1
-1
-1
130447816 161543175
238584289 586388338
35935684 47842599
282998767 379867336
-1
-1
-1
50899595 236002598
-1
-1
-1
-1
273276523 386170680
-1
166499878 417202905
-1
-1
-1
2460208 290826355
4551478 30428749
-1
145999315 351014568
2321454 63893183
-1
-1
151515808 824309589
-1
286715664 298485275
-1
-1
-1
107395171 108037570
-1
-1
-1
-1
179296504 359580333
-1
-1
-1
46323410 754774691
257806874 276097313
-1
-1
32900270 123267047
87423205 227537388
131027892 136966049
148005172 686632479
-1
-1
94084676 301688321
-1
14749306 28327687
35118605 144558192
141283102 498751695
1344978 3401161
-1
-1
-1
19202050 68758447
-1
-1
417151 984052
-1
178041913 419604364
150117745 175810948
-1
-1
-1
-1
-1
-1
-1
-1
295526 20325281
34643782 705796591
72300504 235483087
44753261 124882202
14711881 93760300
218885673 693494084
-1
-1
-1
116106607 366806452
53046196 917397193
-1
-1
9385375 579641746
97950325 128482116
-1
-1
163701352 221212425
134647371 370578758
259210994 711792113
38764076 623624073
366411363 538397480
-1
2307329 597465398
-1
-1
-1
-1
41195418 280694903
349174969 404626314
-1
-1
204586099 477091602
-1
73639536 316853695
-1
-1
150166762 176241709
299182837 362490856
-1
575393 73986200
-1
-1
-1
-1
66360072 205844507
136304440 153330063
130234989 352991980
-1
-1
109172737 843023412
-1
-1
365073065 534490658
754637 364854140
241913821 414084436
327655 40893102
-1
-1
-1
27667939 467813394
-1
34594858 206712613
-1
-1
296991195 621059846
30893564 304986345
34879751 36000638
-1
-1
105978307 129174180
-1
-1
-1
-1
249159876 544173277
-1
-1
-1
-1
-1
-1
84287332 428384305
-1
143874508 222005739
88166183 148812854
53813961 107812018
268597961 549859436
43899763 276803706
100423544 150149307
67940215 330208344
-1
-1
-1
1742102 16402379
-1
-1
48336503 84352128
6726396 103413967
-1
354480090 617248319
-1
-1
127461898 173466073
306940758 435909563
162136061 468398348
191519091 431242010
-1
-1
105988780 254631583
225968402 489047135
-1
276726305 339619644
44395699 174974448
8975756 10651673
127227980 237601343
-1
-1
-1
-1
278606298 502328275
14373972 52537471
-1
57860772 550236517
45779956 596524305
-1
81005991 137586842
-1
-1
46400839 631509910
-1
-1
-1
-1
-1
-1
183676430 340380189
-1
182814123 399522470
-1
64914437 118524050
-1
-1
-1
-1
-1
-1
-1
-1
32025948 729466645
67440929 430680204
-1
154811043 585301970
-1
-1
199399282 568519885
406873853 459478268
-1
-1
-1
20296697 264286010
73794514 579553117
-1
-1
41944007 463750340
-1
-1
17088364 87626949
-1
-1
-1
-1
-1
-1
156036472 270451435
122548414 480185973
-1
110330003 234141060
-1
-1
440727045 442250768
-1
-1
-1
-1
1790197 8002860
-1
-1
350830708 587605653
-1
-1
-1
129872783 382587350
21014126 139163415
-1
-1
388766461 413190102
67505701 92173348
-1
-1
20061951 270426046
138095488 692504839
13235426 49276467
342583665 528568294
85862195 124661288
341394333 346264754
-1
157988334 211215253
-1
-1
147552549 417162872
-1
-1
-1
-1
19791686 37891697
231512252 741192809
51426688 544954995
234025642 266920611
-1
40827707 63091232
-1
11813297 123099576
167621819 445288970
-1
-1
32153541 437019326
-1
-1
-1
-1
182503454 307590533
-1
11158322 76334775
-1
-1
60565723 821181306
41560412 560190365
-1
-1
-1
-1
21020458 964279309
-1
25246046 689470533
113035812 500175695
249776162 311812757
-1
-1
176102392 216428347
53683836 422245003
68956624 312749893
-1
-1
4907309 13930922
93074083 190236514
-1
-1
26224899 692149118
21254335 280554864
234027742 673272885
387063199 561565024
120610469 272413268
50026414 528581755
-1
-1
-1
-1
-1
-1
5655481 8489446
-1
-1
-1
334906272 408252901
14550713 195255764
-1
-1
115361505 760656412
-1
163094568 658354105
32761096 96586831
-1
36066468 79915625
-1
10378618 26643195
-1
-1
-1
165460226 235651305
-1
88876965 827867054
-1
-1
-1
94526629 373702060
-1
120040548 138524861
-1
-1
-1
136624557 368891966
1186106 17298705
-1
-1
-1
56655780 923544901
57276834 57848443
47138187 403915490
-1
-1
-1
-1
20804668 145270035
285783691 578759992
-1
-1
56009157 694739936
11018259 725375200
20001966 70033081
-1
82250127 571611416
78164629 294743734
9152571 34235006
300546054 556804555
-1
245971082 622299465
-1
-1
-1
15644701 349919356
-1
29981517 172724650
-1
76095017 144042944
143177901 363184642
339279045 460256456
-1
-1
-1
188123789 760147692
-1
-1
-1
-1
148395798 756164323
-1
-1
183354866 620345817
-1
82208841 292274432
7576028 25480553
-1
200225686 256533241
47514029 73889192
177336957 441199292
5609275 331182828
40962334 157763937
128075466 674583463
-1
5094218 813783449
-1
18740872 181903771
-1
-1
-1
22785168 301261915
-1
18915350 258770273
-1
-1
2717123 73392714
-1
-1
-1
126142715 188231256
-1
-1
-1
-1
13871838 612858485
6153758 7113609
193191112 690018517
-1
-1
-1
13624787 194460434
2066978 66200271
-1
196976604 705133895
-1
208910175 687410098
154865100 172622261
66650000 731367827
195214999 801325992
-1
104362557 730528352
152111863 612924256
-1
13513943 222408558
187451575 352329952
-1
-1
57979146 130175063
-1
26216662 125500291
397660831 546725148
-1
-1
-1
-1
-1
209216323 673237240
-1
-1
-1
117520205 303874382
200332772 305126645
-1
-1
-1
-1
220084477 426138922
-1
7765251 61646722
-1
-1
-1
84751931 782773440
16126925 65262722
-1
41731451 473440730
-1
29581887 140384302
-1
-1
86270586 135069067
-1
-1
-1
84570951 148591808
-1
208492048 684398023
-1
-1
2230162 514281487
156881288 413694213
448679 113878944
102657443 559180766
10305398 359397893
218903206 588346437
-1
-1
-1
377629709 611214614
189446598 348413503
-1
151672956 191501651
1391473 125370486
30985095 177298028
-1
-1
59438435 244267988
258575170 268326637
-1
189710650 195716253
58340518 224174095
-1
382637103 587715580
80562416 178760295
232106334 376198667
102286438 860430055
70393206 253231003
29532608 662342985
39110048 173807243
102835021 221152222
-1
-1
13847181 36284176
-1
-1
-1
45050950 197740311
464973630 477202669
102642970 350922661
-1
-1
199533375 792140642
-1
303049238 351328653
235601878 457273741
6419812 98699281
-1
39063272 78849207
11373307 497203386
336485590 385554363
39443919 244943302
67696303 173974344
398282824 423264607
246684985 723515772
-1
-1
-1
14963293 37378456
7718588 85849379
84719645 171862526
67664112 623096509
64820534 754559217
60635703 62881924
-1
52823728 268366755
61502572 75786771
152398159 307978704
-1
16845365 24727752
36762267 91819306
33142307 85233534
55357014 605232793
-1
64478658 544606085
-1
-1
-1
-1
171972553 197831428
60819088 936334035
-1
162435407 166599476
5137241 233185728
-1
41933756 182191797
-1
-1
22732162 53449807
200149478 370113401
304823949 469042150
-1
-1
16958464 782862793
55440141 499846466
-1
193691281 596609448
-1
19646812 31640737
-1
185283660 600634939
-1
59402798 62234789
11194408 54428313
58010167 475422966
210411532 583235947
-1
-1
5406784 34610917
-1
165640052 275950857
201976973 221674344
275289468 589804525
-1
-1
12027649 401255974
350835184 424070083
-1
1766881 9436900
-1
74766844 128312545
-1
283561354 516227067
264444708 550100741
123468451 342487306
6776433 42456566
-1
26145584 196782257
33697976 344987213
-1
237421621 257826490
-1
23711436 128979241
-1
-1
111392 817181229
29113368 462326621
82857163 429395520
145137042 641195467
323084453 400301846
-1
53894438 522090051
-1
3392614 920227959
-1
45660930 132626929
236351716 513219321
-1
-1
-1
19071429 99256208
250477890 304245463
74666151 95751700
102751959 271823414
21563350 203708889
-1
-1
5867330 7327037
541478 986129
-1
97552166 592467785
-1
-1
51753489 592985140
-1
-1
354863262 422553355
8527304 45015365
23463372 206041039
-1
-1
-1
316606222 508633741
-1
339242511 425219608
-1
17773149 97660324
5799046 107478871
-1
-1
25236575 565698144
132672446 633256505
18602438 166233263
240180993 382532090
-1
318626609 543848204
