146212840 387409077
232481378 434014181
154997154 204722147
-1
62766243 136012648
262903847 685947482
13362384 260761373
-1
-1
1777363 57274936
38048372 64834301
27677580 73838533
54354656 82066227
-1
12764491 95319736
12665189 13127960
-1
-1
133835901 217204262
-1
-1
283061050 385871671
-1
298842897 675434692
213885731 644937492
129990331 487299802
-1
197584872 318102745
-1
184926007 612151686
466012227 502208980
33606543 225296638
-1
-1
-1
-1
5550643 71052540
116157823 614808136
-1
-1
-1
-1
-1
-1
-1
-1
167302893 302425406
52993660 725403951
-1
58687021 884876052
-1
97176808 180905365
169941915 602437486
-1
-1
-1
134141926 472727361
-1
18457770 24612721
217237079 328744704
-1
-1
53824795 62359044
-1
57667255 271557378
-1
26067526 96729007
99005588 450872309
-1
-1
132748155 207568592
224056437 314848390
75801267 123484102
-1
11637297 12615586
-1
64668073 65578594
65617400 84261891
113170084 394182505
196807625 459288092
-1
4897840 184995351
5689726 156105603
67347056 155708943
-1
-1
-1
66411454 71519347
-1
6305418 18231119
-1
146600481 184502398
-1
-1
-1
-1
-1
-1
68775208 359555421
-1
8333392 982290265
341930252 547102239
-1
-1
-1
40750361 102489300
112591771 492564322
-1
45943234 70425433
-1
266589446 293815185
-1
153361516 405936675
-1
137095587 179284096
363152974 626917945
63400157 536996352
222067747 359001052
7795362 54659411
-1
-1
-1
158081302 405054379
-1
-1
8804223 14164298
-1
926059 24020712
-1
183505557 204542336
-1
-1
-1
583964 2732507
33662292 64223851
-1
59993959 175136598
111681936 387753545
25757659 212777644
10553309 16494974
-1
17507637 52399286
-1
225522247 691705692
-1
-1
245298626 655188503
-1
65030381 132970908
86253142 124209091
246683244 442754735
-1
130356360 533722589
-1
-1
132379376 449881491
-1
-1
-1
331295590 486110613
26172288 568723121
-1
-1
-1
-1
128275305 521656946
51979309 673378750
12635576 459228263
112665123 401847020
-1
-1
106081653 405015776
116745112 132389947
-1
-1
-1
22608528 677765765
5381730 7541317
172067171 577763546
69326579 78119514
-1
82649970 189005207
-1
-1
-1
56730135 435537694
43159396 65295085
-1
120534201 209794198
-1
-1
-1
-1
-1
-1
61245837 887106632
-1
-1
6370320 9489421
-1
312213105 638703692
17422468 369828303
-1
-1
-1
-1
-1
-1
-1
-1
208408838 676707941
-1
687427 104126410
-1
135033272 171459435
-1
97505243 257136068
9863703 75680044
-1
-1
9272410 50915001
-1
172888499 197526482
65460916 143216191
34165639 710090998
-1
184570733 567674336
-1
-1
-1
26883425 311425176
218474838 685870501
-1
159803186 338614917
-1
1384843 5441136
333142857 546325790
-1
-1
-1
-1
-1
-1
120363618 561088261
-1
162832007 212703324
-1
-1
69719225 146123726
384280901 448537700
13402184 628032023
-1
7128090 187035427
183637983 653247140
-1
-1
-1
-1
44603351 658907246
6713432 434464287
-1
50863215 79768448
58176536 131778461
130611773 755898744
97128986 177251723
61039750 95038243
-1
-1
228450316 250746343
60723972 657569095
-1
37580762 192452141
-1
121992291 442099256
4652455 199374304
109487378 684254673
-1
60631902 295043069
-1
-1
-1
184228147 246045826
-1
-1
-1
188731551 775952536
-1
1451083 566664988
196504749 287768134
145941772 445043001
57458697 322093222
32861868 76870793
-1
5186612 30085925
-1
90134525 126274674
290259316 568590205
-1
-1
187512385 206516836
156848148 398295253
-1
-1
273492597 540353234
-1
-1
9757760 310324427
-1
-1
-1
-1
-1
-1
178824625 516608514
-1
25512671 29331330
-1
-1
-1
-1
46598286 849862057
-1
155700721 279808426
-1
135396106 489642751
408812070 570251287
44567070 907902677
14235197 172682594
81407380 91217601
-1
-1
-1
357608546 384108567
-1
-1
-1
390965739 453572554
-1
-1
96111912 418154747
-1
233734068 427271855
11089114 13347273
23405714 110568743
1613395 108148032
-1
391597223 398888316
117131509 616460278
483328727 490070262
270194230 564410659
161741634 217155035
-1
79860288 167417489
-1
-1
45930226 123345025
-1
414202231 553946260
-1
184471907 507906642
-1
-1
401609537 460653936
181264687 221862742
-1
12217029 67578968
94926755 896633576
55239670 415616439
-1
-1
-1
-1
-1
-1
-1
70932059 409343228
-1
43380961 686652652
-1
169635836 782598185
25072386 58726675
122860961 300067920
51980847 307065242
3052136 216578063
-1
144365634 243144815
59496506 378298571
-1
-1
78927812 243677117
-1
200699827 519559476
82819350 392203931
13088363 34038594
-1
-1
-1
120626333 404604638
30742390 610047951
-1
-1
358516287 536421412
-1
-1
-1
104511736 135442653
-1
-1
-1
123410585 290026316
130525929 733708814
32880555 87367996
-1
35845567 42823152
-1
180864134 305836919
229561374 318945707
125863040 143375873
43590809 172977198
59612723 149146514
-1
-1
-1
138941217 439423516
32381043 53335034
-1
39531850 166677787
68995756 890744215
-1
-1
-1
56157248 419947335
-1
370169355 477093146
72599022 720841261
39108266 704974415
42075598 75982065
-1
-1
-1
-1
4981035 56368612
-1
-1
-1
-1
12156264 233077783
-1
19598961 504636406
148429764 317892823
159866916 186898777
139111735 628392274
-1
-1
25204384 95932897
-1
-1
-1
24010156 283346715
21635148 176653933
93514131 790459892
-1
-1
89324018 548151945
-1
-1
184570959 484259842
195887441 461420120
-1
-1
18091001 31755902
-1
190118110 616709823
-1
208137670 225307861
81274053 785500624
10153058 274487579
-1
315334523 645200790
306661750 363019609
170373027 756781780
29092904 455580317
115614203 168956106
83666085 624341522
-1
60525829 896662278
-1
-1
5556768 379268779
3129371 190502306
45459876 434922307
81755248 82031625
-1
-1
-1
-1
292114733 468090110
89181877 252440466
21135962 467386979
140160404 260907155
-1
-1
-1
-1
88396594 395713339
16328751 34570172
-1
149008294 648151527
-1
-1
12382053 223577194
45534139 522323328
-1
-1
346338922 550952397
109473460 811238961
110787381 726408200
35957151 89389066
14532219 261272272
-1
4599824 476234615
-1
228907930 444598803
-1
226751470 279627393
-1
-1
-1
-1
-1
68989556 598604765
-1
211225003 223099428
83447691 742361012
-1
467901071 523013268
90690170 207976431
45387477 47781080
-1
-1
-1
53249911 410602578
38976814 111469413
-1
49373560 119639937
10982680 25492177
19836058 125040501
-1
148726804 780050779
-1
-1
-1
32641048 52210401
-1
-1
-1
-1
44392665 100429156
-1
-1
293962987 550262176
-1
-1
-1
-1
-1
140281683 276070888
81233443 171936594
-1
-1
-1
-1
-1
-1
5808551 160463838
17533835 71445564
54351763 237421918
-1
-1
-1
376945583 612099690
339498323 526155420
-1
-1
-1
-1
-1
-1
-1
-1
-1
-1
-1
215871753 288374786
114983654 232584419
244385948 753927779
-1
-1
124854722 158926871
21081073 588600124
-1
1439473 5973798
-1
-1
1727902 3041211
-1
390515517 448941070
3963665 253659086
60877850 350590901
53943319 102522072
-1
27948603 69118204
12541651 303958366
-1
130685556 143643703
-1
-1
-1
-1
-1
142718004 577979965
-1
118518280 706991733
68230093 225086794
-1
466397149 525767470
-1
132176198 667565109
7042021 46343968
-1
-1
41767111 244407348
40302385 586238902
-1
-1
1923008 14133621
53986380 944529511
18570814 589461133
-1
163446488 317104461
110079399 251042944
203802841 625802938
22799649 947136832
-1
196709215 332113504
95810091 366916246
-1
-1
-1
192971560 617755239
184772113 288334758
30112938 930799045
79416684 235542409
337486491 453256520
-1
-1
278500414 508053429
-1
-1
-1
5904929 25626492
98111777 448492352
-1
67929898 908770539
-1
-1
353090629 405749980
-1
-1
-1
-1
33419970 53837897
13488677 53966034
-1
60818781 264223418
390091602 566641391
-1
42621254 488224779
7377542 30963069
281864309 415088790
-1
202009082 225481335
284339088 578033531
-1
-1
-1
-1
326214710 370177317
281062189 342788722
156777729 499700348
142183226 318737807
86572982 682441247
276655373 290386250
-1
-1
216475221 602105558
-1
-1
198581637 610313596
-1
20014003 35557680
-1
201846791 435979718
98097169 213286014
-1
-1
5900517 27589844
133527305 300837114
120962105 611163446
-1
259827093 582119176
-1
7225195 23911888
19207306 23215813
51932259 109405202
-1
-1
24923456 209199171
90853659 247640132
-1
16154612 551820891
-1
-1
96836589 283439288
-1
-1
-1
-1
141873917 167405462
18240264 43014563
264030908 357683813
8841372 20413675
7766000 345024257
-1
-1
24296717 833372604
-1
76178985 97641644
-1
284823199 695603548
187467703 486253110
-1
-1
-1
91805287 362547940
729022 12143025
62691738 731287901
63971113 89715418
-1
4463454 111140525
-1
304447730 398743833
-1
30094159 588327718
-1
-1
63281520 81815899
54273375 327479218
-1
-1
-1
-1
-1
237282942 261925049
26924508 102031201
161207889 178540678
273398712 622379201
115204544 755534727
-1
-1
-1
-1
-1
42568613 53355428
-1
-1
70352552 146024507
78742264 563416555
34884054 219528847
146446636 181191033
-1
-1
-1
-1
-1
-1
-1
-1
224283305 630940364
312463 159370108
-1
78213395 153724158
-1
-1
-1
-1
16344767 207896790
281064363 451064764
-1
-1
-1
20910264 293910199
89853753 345152066
-1
-1
268297364 389370477
79718027 150114386
249644285 722370368
-1
39147466 229282125
-1
-1
-1
10776460 88684381
89906618 653552639
-1
-1
97925144 101758493
-1
-1
-1
153889541 368678160
411385756 459900511
41795907 53907566
33105838 354308781
312559031 483444852
275346137 490411260
209848879 367821702
9998663 170558460
12500273 30238704
287944937 495192014
-1
108424187 180162996
15652245 23739922
120574877 636401144
65313961 826196206
-1
-1
-1
-1
-1
77225449 481837420
-1
226038464 738083963
305472334 433899549
223310923 509519464
73051801 769260220
55147109 80329278
-1
-1
63967827 793745602
-1
-1
-1
-1
95735978 195275153
-1
-1
53367334 387312309
84521325 332872592
-1
252237331 692988576
40426945 744453534
99511709 205162058
77911196 329794005
-1
-1
37858350 332707499
-1
86912686 566787733
-1
-1
-1
86576835 515202118
367470653 517470494
2425654 487442743
214601873 473732568
189411302 200730207
89753362 123214105
13930119 50774692
-1
21171300 27582343
-1
-1
72148211 881259152
-1
114852045 143015182
-1
142181349 676193878
-1
5509141 36682390
-1
479548756 507465807
-1
241579440 390288143
-1
-1
-1
223341184 288493999
-1
23611657 794404882
401252469 561110860
-1
85155976 194249833
1600315 35502382
-1
224512920 295784783
-1
-1
-1
-1
-1
205422777 498197732
-1
-1
-1
-1
-1
158920995 604600196
-1
-1
-1
-1
-1
9481759 39823968
-1
-1
-1
-1
37357498 151677675
301256308 652178193
-1
132409020 252483217
-1
-1
12086342 15960959
64846412 226329075
-1
111078460 873823063
8544261 420232006
5258678 67184073
52845037 935719356
-1
-1
-1
-1
65624236 259210683
10962973 110265124
168921631 299942208
46143058 762178791
-1
-1
-1
-1
-1
205189817 605931554
10217850 184880267
-1
54048967 63211636
97592238 839237861
1409777 1792140
71594695 173272918
451751336 478677677
89785122 372524581
-1
21589545 321388186
147124465 341704182
82674317 907180020
-1
87857495 447042774
-1
-1
-1
309546032 415863045
18358300 204326137
-1
-1
-1
-1
56688005 79005584
-1
150844886 549231563
-1
294562611 367581346
764443 601068000
-1
-1
15674376 139352975
-1
-1
-1
318482938 601357299
-1
304462294 667357927
32750743 40467826
-1
-1
-1
-1
-1
-1
315663043 642315756
33632502 48794867
30600972 89974547
-1
-1
-1
58403849 495017688
109155586 152309715
252003 63845510
-1
-1
-1
3039473 3898674
-1
60796275 561219848
-1
-1
-1
27542288 469948325
51986432 92335721
32688182 310262379
-1
47860339 74943918
243153167 577978880
-1
9166467 60459002
114127157 398677286
-1
43359554 564014849
-1
64135824 643418389
-1
-1
-1
365152714 571016995
7090510 72580383
66478986 147895301
-1
94007485 462332802
-1
248343169 286815424
-1
19105418 57109421
167547850 268565361
347453721 416869478
42132255 207429032
-1
284382863 622152204
-1
-1
323189621 354286986
409503839 586682852
-1
-1
-1
-1
201978210 588879167
85319209 439950012
-1
143231264 167173979
138622534 153128335
29394771 91907026
87404466 198009907
-1
414769245 452131864
-1
-1
12763095 263729318
-1
18313868 88467819
109480920 191801741
-1
163003537 191467222
17894797 265034536
-1
37198586 274261371
157053903 523039166
96596875 122801184
-1
171811742 252372825
165138698 256019471
-1
289563893 512660534
260929254 724123699
27570839 401486030
209830496 569025173
183154489 457317262
-1
18432277 740944014
270925810 304063923
-1
105585472 447171631
-1
255037750 586857793
-1
-1
2866768 11113015
133566833 243127440
-1
-1
133635022 273348691
5024928 141103099
32483767 47998812
-1
-1
19379176 431526997
-1
-1
-1
209930745 637047722
-1
49300928 146794011
-1
29138604 182499049
-1
-1
-1
52693131 68471152
130502289 169765814
-1
4651687 6765772
-1
-1
20639735 578430668
-1
312036360 490017769
-1
-1
105101439 168159188
396256501 569994178
-1
-1
-1
65231858 129944415
-1
-1
-1
63248859 880928612
114725938 673294135
-1
-1
60039426 324095333
2532036 674585591
-1
20782040 311120963
258359457 551333194
4733672 47795901
31636838 957952731
99895397 662878380
287402499 569447318
-1
3702426 907272797
88701213 486445154
-1
70582103 176449250
88427172 308711695
102141236 205729941
-1
25190533 33504366
-1
146597308 568959643
108081357 857628086
-1
179415647 452693400
73505417 743495244
13522473 269060368
103663400 416523083
-1
-1
-1
53306287 319000152
-1
353382841 490048620
-1
41997487 384778410
291305419 634328830
-1
-1
-1
387111699 494357224
-1
110160490 538869273
-1
139150537 818383812
47820531 362790080
410860885 561154008
104795663 211699410
-1
-1
10944000 236792479
-1
-1
-1
-1
-1
22088432 70405961
289423181 356913140
-1
128871985 308320336
184730341 247751710
-1
-1
-1
-1
-1
-1
-1
103900298 150052473
-1
3335492 742690287
-1
-1
-1
3809108 9667139
-1
-1
164588777 717853404
-1
112305817 137047600
-1
7133493 73290320
93904591 152918350
31559716 118322227
-1
-1
-1
106790691 760229642
124083703 869679306
139867541 777246450
-1
244724056 638933373
-1
-1
34466672 253861679
18588736 120061777
-1
31506103 360703768
-1
200444421 373739690
30733811 811714938
57954070 685968267
64514063 275702486
114276804 577003259
10544016 81234353
-1
-1
-1
107579980 252567663
-1
-1
173593241 612297308
-1
-1
-1
39095045 161419064
66069848 392229501
-1
35729645 72203358
-1
282109583 401944364
-1
-1
11950881 142985140
182864145 207925112
-1
138028904 460401899
26449725 463819238
-1
-1
-1
71576590 685967319
94101975 440881066
-1
-1
-1
170600906 673527707
-1
39776521 214625416
-1
-1
65289693 491834768
-1
3155213 17908604
-1
209331122 642584597
-1
48855619 216176788
101178774 673151567
261792301 668912490
104129268 297459599
-1
62901984 208470647
-1
3117895 20402964
114220473 396635594
5840908 7612855
-1
3913234 14219539
-1
-1
-1
62777743 391761240
-1
-1
297643583 481308116
-1
17754676 19349793
-1
73584301 133685028
-1
113467204 119149885
-1
95763251 164216600
-1
-1
70718107 784607272
87242220 169193233
41257845 57396086
-1
166861331 781917576
34682580 79112503
182955517 749242132
12720180 425723713
-1
12917106 80652145
194983746 321225301
-1
297922555 337523944
-1
-1
-1
-1
49228328 254685741
-1
-1
-1
-1
154061064 650526403
2194339 59682838
31365897 300527156
33789579 317051602
102039095 102935184
244405844 714598079
-1
-1
-1
135057274 390538963
-1
1060383 94750298
-1
67024743 165584204
-1
23074652 93204597
-1
-1
98175112 187997025
-1
-1
-1
-1
-1
35253512 622773369
13281611 298834680
-1
5869090 396495757
141651702 230752021
121997549 314393304
353023022 439138091
-1
-1
-1
-1
5601274 66584527
26932116 78348377
135164413 356915788
144418248 356012825
24110379 37529978
-1
-1
171169096 447101625
217368382 338659927
111095254 423965487
14170996 511720267
-1
-1
-1
-1
308764419 344113064
-1
-1
117293338 277284025
8255115 235854614
61560682 179477845
-1
257531392 493518591
311237079 456063662
35331261 75408562
84234017 179906822
137833151 608268176
108669568 571785121
-1
168524644 821354907
242428195 464897748
-1
835127 18389220
60426460 773673523
-1
-1
42356705 42967088
-1
153929196 360074621
45502634 94379187
-1
-1
-1
350524933 438779188
373795771 503284696
192789002 550228017
-1
-1
-1
-1
-1
4587831 504817378
111417968 286894995
-1
-1
70308612 97366585
-1
60115973 385018020
263709356 604245453
3827869 158467540
-1
2979683 12609698
34578578 61472073
415956198 549542449
-1
-1
-1
56797846 408879477
-1
71981757 483712666
89854400 195165263
-1
-1
109786376 701057451
27626617 64090884
-1
175612885 264769822
-1
122334 460945
-1
47884678 61243489
41387893 616614798
-1
39183258 69854591
206519006 693679707
18740189 78852318
21635361 252953378
-1
206977023 723882398
-1
-1
311859541 334454040
19981932 64148017
-1
-1
-1
29333007 30925706
15441753 258043946
70665192 78589345
1115476 302354541
-1
245081160 324231473
-1
12523654 187553227
-1
-1
-1
57828041 101171706
186487117 673413696
121049825 198243152
53308487 331587216
172084897 480976924
-1
-1
164100481 649970362
-1
18911702 176968935
-1
-1
-1
-1
-1
-1
-1
-1
-1
-1
-1
24009852 685107047
-1
-1
-1
51425683 817648876
-1
-1
-1
19993043 69350466
43203780 387388037
189416042 770623089
-1
-1
285318294 428396483
154198361 608103570
-1
25801398 835627075
-1
311307019 372980328
46938633 204096038
161878435 265722016
30870763 279032520
227001924 591294089
358780587 412904794
105274184 619065977
-1
44284011 742520530
19087659 179814470
-1
7310865 20596082
-1
362132713 502397526
57493516 144747283
-1
39798068 60352379
68675778 332727485
-1
-1
61712564 232210707
-1
15455597 86090376
-1
9771309 12887078
-1
59762580 130156451
379742668 555505293
108264199 635033232
4361910 16246631
-1
54575335 178377472
181528806 657446953
-1
241880406 458759815
34594413 58328020
-1
-1
-1
30117417 75968620
-1
-1
172649448 620642879
-1
153232222 224990781
30334499 382399188
-1
-1
-1
-1
-1
-1
-1
266591003 545171958
138207735 553116364
209278549 233508000
-1
-1
84608030 490472583
322135797 410786962
289480706 347455361
-1
-1
2199924 17167597
42117917 749171840
-1
-1
-1
17504634 105595429
-1
-1
105623751 151366426
-1
46721240 796642433
-1
180673136 529097045
-1
-1
-1
53289260 752234973
67895038 72765123
-1
85290169 218156544
-1
-1
65384052 274159331
53436193 55616934
168709183 449554506
6761805 153137056
-1
-1
-1
70058576 87508271
49166555 146527406
174136917 492087352
-1
248268101 611718080
-1
48819144 96679819
-1
-1
20491037 229194512
27595798 628968475
219947843 230242988
139191156 495086203
28142961 77192756
-1
183937523 331546808
1392565 6701646
-1
14223001 29630838
-1
-1
-1
-1
-1
-1
-1
10448176 13770495
5713677 72182014
-1
128153682 584186809
46141078 217338339
42947802 56300251
-1
-1
-1
-1
71219454 529384037
24900914 199750085
-1
-1
-1
-1
-1
-1
92516014 731454037
66810939 304755590
-1
-1
-1
-1
-1
167474850 565047461
-1
-1
2988474 750927443
-1
-1
-1
149223514 769106323
-1
-1
11114314 35442057
-1
-1
-1
118163478 524243801
21212136 121234813
258621954 445026707
31001222 320635361
38173219 211979004
-1
147251241 258226742
378928121 518178512
111584144 413547087
-1
-1
50494791 776161768
-1
214958223 416820634
212348875 223341568
14410434 46932305
38984844 140328907
-1
-1
84872814 894640165
-1
-1
3124055 4244568
91080127 223461400
-1
316813927 317554684
54114600 126401711
-1
85995656 175996913
-1
1827501 134891260
-1
226994322 352741015
5144989 18634878
-1
-1
-1
-1
285398927 364607382
-1
80616838 103542979
14821400 331748259
358344514 629799469
-1
-1
275280416 415627145
-1
46209 123382
-1
95037890 335005929
-1
-1
-1
-1
13328032 17545761
97478866 622702515
-1
232017080 585742991
27720893 345441758
125359483 467733328
86412925 217907562
-1
164509477 460291822
-1
65721839 158907498
-1
-1
288196334 343689237
-1
181803870 677120591
21022037 31270032
-1
26592355 169584552
270685996 677708895
320702237 654464034
343895425 547428384
-1
-1
108920354 164077103
360320349 617831054
146722926 541322351
171852231 726507260
31949401 699754062
208218047 224005674
-1
195221412 255964541
98153324 775460717
113959566 551607227
82062452 215252889
-1
50437686 769887095
-1
-1
173681222 298331901
23677023 67762708
-1
45424522 227050965
290513765 500838668
168789586 260871823
18506222 29291141
-1
-1
-1
58615237 161821440
-1
-1
-1
56405175 598759688
-1
-1
174748859 219540038
16856437 722827132
1927014 33993383
151793162 191968869
305964207 444692066
-1
42643162 284902431
4131673 176823996
179024672 684724869
-1
6956331 800151430
95404709 200716328
35293927 881673954
-1
-1
18273981 68634920
40423389 169975010
148894176 233685325
20223934 29146353
90034041 458546386
19642248 148189343
-1
211435266 461322283
430503351 437401426
-1
251875022 466034699
-1
-1
365353828 534210819
193113431 450050262
198457403 720507234
72683822 136183685
-1
107263477 254174994
-1
-1
84625488 193609985
282403737 310126276
-1
-1
60854459 165706412
-1
-1
-1
-1
116843705 335730422
160428557 218835186
4901759 16994652
-1
248811019 600984300
165547518 315634621
-1
178512469 305622618
49475504 633667049
-1
388702922 600983147
310437052 532426521
-1
-1
81620924 298174013
69330232 332368339
124132906 484854757
71959540 104871847
-1
103906512 112463459
55953371 285966546
-1
-1
11757904 570987577
-1
-1
49262566 218237311
-1
-1
23785136 32989755
73781328 844929989
-1
167277070 373631503
22945640 59637291
259252130 493570851
-1
18663898 122613753
-1
44413651 55990090
13647490 85881469
62052573 155222696
-1
-1
-1
2286909 214856720
1527000 4269589
-1
157026666 292522195
-1
140566616 611065073
161663618 475227981
44492727 270457196
-1
-1
254102701 288563548
-1
-1
-1
-1
38915335 814261204
-1
69533400 565118069
-1
40186549 807747378
51755598 193478381
-1
161570628 217563529
127630448 314099705
62662870 81213127
-1
26355413 75557474
-1
8593816 59301925
112736208 636777383
-1
-1
-1
51899513 490570686
85618761 100731740
85854278 258166475
-1
-1
-1
-1
38536695 535052092
101010380 754248027
14444507 857279792
153480271 370858042
-1
-1
5723065 6008422
318499508 600312951
-1
-1
330654196 340317205
-1
-1
128258070 498973627
-1
-1
36903593 171789860
-1
330537828 340105583
6423077 450158816
127222817 128112006
-1
3107852 16310655
-1
-1
86999858 321600729
-1
-1
34302004 172145925
94865671 504454866
26003008 255675343
193822176 680021681
-1
2510327 5631824
164403447 560245606
8382476 43342133
-1
98133569 455531022
221625668 509972795
-1
-1
55242911 156348162
264249451 536701932
1630278 121472881
7772837 242145114
140860614 410642783
153487103 423449618
68832129 98700058
-1
6742123 38248954
-1
-1
-1
66522785 98764856
158549611 557504298
293369147 510439616
-1
79663879 713414338
-1
-1
2324176 32232837
-1
90998304 403188905
269945038 708194535
257629202 408515987
-1
64891221 144327430
-1
192366313 385995990
67384164 640593377
-1
-1
89568893 274677008
-1
-1
-1
-1
-1
-1
141451646 335572683
76734684 162703969
-1
-1
69855618 324296905
118260921 480599980
132425669 487147398
-1
-1
-1
-1
27086464 122756413
-1
3873601 43298658
-1
157976246 372747165
60263882 429710991
23247375 84274304
53142930 123802229
-1
-1
-1
51484556 382907081
-1
275842 310515427
88625256 868246511
-1
-1
507349 1438302
114349088 272862141
174979887 658556510
191587197 660882860
-1
-1
-1
213955711 464063472
-1
44177537 291192402
414466 693443137
221024359 481169358
4826727 86997284
14591806 67776763
-1
49258175 126965276
516538 133577563
178445984 577422849
-1
28573708 451813729
-1
231255032 582145527
313547175 475857904
49978230 236559191
-1
30443477 541804652
-1
43276192 418906027
81732777 136769120
2789315 85741742
-1
59211036 304742825
70051337 826465254
38716781 42816098
-1
-1
80671633 549158670
-1
-1
7209118 11978205
41474484 222776507
240600848 739658483
131647098 243612343
47469994 219345469
58947666 88401973
-1
-1
-1
-1
-1
-1
-1
45751748 171763785
48293300 627821963
13900045 22245964
-1
147565885 387437964
-1
26701029 77686382
29413577 725243400
8972930 948145899
253981646 395041193
-1
-1
-1
24863488 36974595
22371931 921814408
11509514 37983525
105867214 241697127
137626824 257840723
-1
67912667 120016632
-1
-1
-1
-1
-1
-1
21872428 76651689
-1
-1
370563142 409515477
14451302 87995895
-1
-1
-1
161930218 432448531
7625342 435504911
-1
28029312 449134811
-1
32760549 123982904
-1
310750696 670008495
33058123 933888136
-1
14487391 145522596
51315584 401915307
238245031 324113988
-1
11608926 347781577
-1
18726668 58506815
-1
206433600 667423829
-1
-1
-1
205550990 469948259
-1
-1
5314171 56223780
-1
-1
-1
28224332 378531827
293256605 423962732
-1
-1
-1
-1
26747963 131385566
217887659 529483842
-1
341136495 376252444
1736685 2095942
5315979 26791738
97003612 332033979
-1
-1
-1
-1
-1
-1
133152329 338192144
19561384 33443629
213335837 411082586
-1
-1
-1
174784622 628158429
50914126 441719577
11426948 202989255
-1
49437393 287814254
-1
-1
31678716 53008613
-1
205121361 356630638
248506124 569586353
-1
-1
-1
-1
54359003 847084640
-1
-1
-1
301456080 308791301
1497794 6514293
3836321 345315642
29545793 631240980
-1
43593246 378138901
7851694 210962563
111621694 467632159
-1
192108503 596421066
201317472 469232021
5832071 90586410
1430011 24334636
18373720 374129323
-1
348268707 453658000
-1
63971997 889663354
7553304 109347595
209289821 700699802
-1
-1
304388953 608708490
163152709 659104278
-1
98351818 423494289
120535529 162848288
77611688 169795715
-1
199463645 416609556
41775243 297290800
-1
-1
-1
-1
-1
-1
32151610 108810451
-1
-1
372498205 596178766
94115260 110464803
18151916 141635021
67137614 291238377
405658038 416092709
-1
-1
4605912 39302551
22910681 244097640
-1
282964444 441679753
-1
389779712 605200479
16776450 442966747
-1
-1
816887 15710100
-1
220496660 716473571
144863026 434568375
-1
-1
-1
-1
-1
-1
8643865 64231996
101793611 876701286
-1
122903864 263753465
-1
-1
89340094 218776479
-1
64619407 304460034
269981082 369994115
155866352 563685315
1458848 20199905
-1
-1
-1
-1
38039213 48101580
-1
-1
262732593 600322694
-1
448394175 543594164
-1
133314461 465404600
-1
-1
-1
-1
-1
37039687 553431354
-1
-1
-1
-1
-1
90463847 318564392
326874729 399191504
-1
3860915 113727746
-1
-1
-1
-1
346437593 360395706
-1
-1
96213820 831413887
-1
6139526 28528005
-1
121715134 185428695
-1
-1
-1
-1
260800297 539518506
-1
25167377 38984160
448572992 464820537
368777952 493137019
-1
372480594 549006107
-1
31334722 188952421
233828740 268444693
228933107 333278342
-1
197375361 367791502
-1
-1
127256787 200214794
-1
-1
-1
140929010 151207683
-1
12262151 54243726
45983793 197765110
6421033 89037420
25200644 30212145
122108810 352401851
62887783 677224386
23004835 410155744
-1
71537417 646360266
183908580 618640633
-1
-1
-1
-1
-1
222585893 503773470
13889492 36093057
129799342 616408147
-1
-1
47471224 800319579
-1
-1
244405144 416037543
14233147 87184474
51689859 190228430
112789178 757899231
34802217 80051374
35228415 193385968
-1
273130487 368771810
150932684 161376045
204900721 753393706
-1
-1
-1
66765446 438026883
293670834 672105479
20814933 23850284
-1
-1
16726578 30405343
-1
-1
45298904 304139043
176952629 220805834
155636788 718409299
-1
258922997 514533660
-1
-1
-1
155532744 187498415
437385304 468631875
261991081 485271166
-1
161315630 520803191
45083383 70234744
-1
-1
4697512 17213215
-1
40215291 451515262
668965 8129254
-1
-1
340792111 512767312
-1
54057764 57948539
33834014 47819895
81296739 391426892
7878170 14709497
47120820 679076287
9904685 29339984
10037922 19033201
-1
84785914 400342533
-1
335896474 448882905
9630824 265775445
155596333 403801630
48990468 75431759
-1
-1
55891417 734001916
1545011 11444022
92983696 748391595
61042501 478769392
15864880 52803663
140772174 230382947
54783210 611062543
78021354 104139059
20067445 32270626
-1
-1
271109359 653222550
-1
33347237 185346816
-1
-1
62176379 580873368
-1
-1
24487906 71740087
52696531 249962622
75244152 641288975
-1
-1
-1
41786668 55095031
204350979 354264590
215951112 495195587
-1
97438943 177426104
40413460 97768399
24981550 220484217
1795717 35296336
-1
-1
65344057 429535032
301960843 549088896
139026018 645540035
-1
35322861 470656642
-1
330530488 405443259
-1
-1
37454428 173265453
129745774 448430427
259433211 546103960
-1
28721610 137486539
-1
106917882 515324015
16967849 937470708
-1
132382126 159686785
-1
-1
182247112 470897839
89674181 201109310
-1
-1
-1
51764269 97870834
-1
-1
107221981 161163492
-1
-1
-1
-1
-1
-1
-1
11163263 915156624
25901547 762283216
-1
100855911 138551206
98434925 484277144
-1
4050962 28978407
42682958 893245635
28553713 428088738
442044802 531870291
428568255 506118506
214475941 629449062
-1
343944253 485340096
-1
787315 22451518
85254263 418965876
35150580 752222957
148422138 529684849
43694068 669320919
230202908 708201879
-1
126014966 373836647
232169348 234592049
-1
175293711 308074892
-1
26297518 228060093
210065397 350691994
11139229 51542562
-1
6235551 66959888
123363212 249802247
17277484 699421105
-1
139488987 501782782
-1
10619258 129435131
32674165 78262758
149140178 532791455
-1
-1
23132928 262455899
34689342 538983091
-1
-1
47614775 405367728
189513101 480205218
128350145 731865072
58855189 605558200
-1
-1
-1
-1
-1
336083687 419215134
-1
-1
-1
-1
-1
-1
-1
48844877 930180402
45289970 374200707
-1
-1
-1
273265079 287188242
-1
178576798 582459969
-1
-1
-1
-1
322530295 593495448
279223676 383081921
21161731 494298498
-1
75526349 545533380
-1
-1
70890850 268001401
251114878 517045731
-1
-1
-1
98258260 679603801
-1
298686569 495462218
-1
180275931 738584216
22820934 86021623
133654531 640798900
-1
-1
-1
-1
-1
323285279 493893618
-1
117003638 222684609
-1
-1
-1
53934231 100133548
-1
-1
-1
128044421 650311376
-1
1763580 3528677
-1
228123544 671305815
-1
