377
286
352
531
38
122
174
1
259
44
39
22
97
414
64
202
120
15
213
135
9
426
27
291
132
75
247
33
87
3
263
52
288
133
17
151
51
60
57
236
17
52
312
324
24
236
37
93
433
57
64
39
300
0
365
1
485
50
1
348
37
5
125
144
51
71
579
303
324
101
132
77
76
5
19
435
458
19
2
52
27
479
214
17
49
26
183
69
490
11
443
30
115
76
11
104
541
443
130
147
6
2
101
30
463
527
54
50
60
418
0
56
107
329
5
120
0
45
17
257
4
66
152
189
204
6
278
261
133
0
562
355
30
10
13
419
21
0
489
108
474
269
0
17
2
313
317
461
47
66
21
65
107
540
19
100
8
436
9
0
183
199
354
41
0
282
3
164
29
364
435
26
36
327
539
488
196
118
59
8
0
76
140
380
418
102
212
16
203
125
92
60
59
97
428
72
132
97
4
141
224
18
0
90
308
14
267
95
37
420
54
204
83
94
542
7
198
64
81
199
143
53
2
89
5
561
96
122
80
34
3
1
71
168
99
4
17
481
1
367
410
27
111
122
148
167
21
233
424
545
24
1
3
38
49
140
340
17
221
163
131
24
278
97
5
34
15
77
248
72
50
14
2
68
15
29
176
13
140
324
3
267
486
8
425
234
369
296
530
61
537
77
329
446
3
45
287
81
241
453
102
12
223
62
106
281
31
7
213
415
51
79
219
6
40
0
54
213
177
92
396
110
69
44
42
50
234
224
281
467
0
146
106
283
5
1
0
174
248
0
293
200
1
222
101
302
92
162
15
275
465
227
14
210
83
138
212
161
53
0
548
2
275
225
32
12
291
441
54
18
614
16
4
190
335
271
46
3
142
131
10
213
111
46
93
25
264
469
19
65
259
462
183
0
0
311
7
223
148
470
97
43
33
2
151
0
373
15
55
4
210
48
8
109
132
2
0
135
95
453
24
31
79
101
381
246
86
2
474
32
266
85
170
97
561
84
0
101
407
80
88
0
261
172
42
2
422
86
164
283
266
299
424
116
3
88
85
15
28
120
149
81
161
17
509
324
140
255
90
0
0
54
0
237
30
16
235
0
59
86
29
74
44
174
521
521
200
56
22
25
134
36
51
114
0
320
8
2
218
299
392
248
46
355
49
159
17
167
1
2
99
82
1
15
216
6
100
30
0
146
2
39
189
0
0
61
1
119
370
401
67
363
412
94
163
0
293
202
0
341
52
407
3
223
116
19
392
228
433
29
33
71
69
5
340
3
28
323
5
0
107
214
567
222
16
91
1
30
225
312
205
107
266
45
76
554
397
61
230
33
310
46
150
102
102
209
4
224
0
29
100
58
239
377
242
7
364
3
566
211
52
164
147
82
197
22
46
472
259
65
19
263
204
85
286
230
275
149
481
59
163
0
89
238
55
14
295
201
94
79
20
264
2
517
102
22
31
244
346
174
4
73
158
217
32
5
56
359
5
115
166
302
315
159
353
477
372
72
265
130
205
260
30
9
4
21
459
49
73
2
459
6
205
36
333
23
37
172
114
347
356
60
32
235
19
97
116
152
260
239
1
0
20
233
67
0
164
152
261
109
388
41
4
87
330
68
254
317
193
509
66
32
8
112
13
108
48
74
44
581
103
0
105
0
56
183
107
364
3
6
78
7
323
294
294
166
52
467
45
90
98
67
14
276
17
260
170
104
574
6
447
164
29
20
156
57
272
134
0
133
60
112
225
379
53
43
328
67
16
2
4
1
375
80
337
468
316
15
44
448
3
231
51
338
250
457
102
41
17
27
245
84
202
115
0
180
279
539
102
48
311
268
631
41
30
135
551
94
132
82
179
244
42
2
61
83
144
0
1
159
7
252
8
134
110
547
6
576
158
78
129
2
308
91
154
40
22
14
297
6
425
112
319
5
193
291
213
224
398
334
287
68
49
339
59
192
1
190
130
8
212
8
23
453
17
36
231
465
131
350
254
487
299
99
22
111
73
58
423
156
12
390
193
0
302
278
40
18
37
2
41
397
18
103
118
16
10
52
221
163
55
226
25
248
41
429
332
56
75
107
70
0
19
18
337
88
20
36
176
87
315
20
395
302
45
147
183
50
131
27
148
85
1
101
477
64
25
18
36
16
355
365
64
59
5
148
15
247
335
3
0
436
113
102
323
3
557
6
48
212
14
135
117
104
58
440
89
414
29
280
414
20
158
234
26
8
442
15
65
0
245
62
7
124
565
304
275
223
58
1
152
49
198
514
183
14
8
146
261
111
15
266
238
4
175
1
35
2
132
24
121
2
153
66
194
34
141
193
104
139
78
64
42
49
200
10
36
283
0
224
234
63
1
173
44
272
20
96
36
0
169
18
4
0
270
10
4
179
85
77
30
354
336
134
0
122
183
0
327
99
128
119
6
72
66
157
91
44
171
3
6
198
271
43
3
90
354
70
1
43
23
151
232
3
145
56
271
1
23
237
148
40
111
176
278
0
20
594
81
519
1
566
106
7
6
159
4
193
19
87
325
0
20
217
233
1
0
35
333
58
12
218
444
36
232
148
100
9
405
78
410
50
118
92
208
202
14
174
113
257
8
2
69
273
186
2
535
311
102
210
413
305
48
0
160
96
477
435
315
56
144
303
5
312
1
9
40
241
12
459
16
151
0
5
147
577
32
50
142
172
47
34
447
3
233
229
175
14
249
245
366
29
33
66
69
211
51
28
395
215
39
382
272
423
25
157
4
24
510
71
485
460
162
9
77
125
145
6
167
233
108
1
4
361
2
145
0
378
64
0
7
289
3
124
383
305
199
1
0
96
9
81
299
177
113
0
285
160
89
553
2
60
44
280
138
4
67
314
96
19
0
341
480
222
191
92
0
515
358
188
345
497
113
436
295
473
105
279
144
104
13
133
300
252
0
75
1
33
52
34
337
300
2
135
174
129
135
147
173
443
7
391
173
416
53
114
41
2
263
412
93
403
104
0
13
158
8
96
13
7
154
318
206
196
11
19
354
140
309
1
34
176
12
6
2
351
98
0
68
2
279
381
40
2
121
352
75
284
83
0
186
138
2
455
0
0
93
199
139
33
4
118
99
322
294
52
0
114
380
9
79
344
373
192
172
0
2
239
125
377
90
39
43
185
210
458
167
0
1
12
7
24
89
33
153
630
191
100
64
173
8
40
282
103
157
26
41
342
191
214
180
72
231
2
295
0
30
5
141
35
381
402
300
320
135
6
145
11
5
294
63
182
5
533
459
468
15
148
76
88
339
9
65
492
6
25
60
386
204
31
23
0
409
265
268
0
182
215
193
152
246
366
37
146
123
78
46
65
34
133
107
28
29
241
432
44
268
19
310
0
35
23
89
0
349
294
17
119
580
572
567
450
160
250
66
466
331
7
123
154
158
38
440
94
15
67
20
161
75
73
248
408
161
193
11
236
0
143
0
271
206
320
87
23
158
155
396
318
208
151
380
465
32
547
81
52
166
210
348
344
443
87
48
0
56
36
91
80
0
158
95
73
196
3
417
1
124
44
8
71
392
310
5
420
47
7
22
15
376
16
26
362
31
252
252
20
172
18
188
243
289
205
17
14
365
93
173
547
63
354
41
5
77
32
52
410
51
81
180
151
532
16
135
31
255
0
216
327
276
361
89
10
231
0
202
6
128
22
20
3
10
2
365
0
293
181
234
509
41
38
4
4
10
47
346
81
2
395
0
176
437
45
24
4
170
482
4
66
4
2
133
73
173
64
4
90
120
75
35
102
96
21
132
3
8
0
553
9
258
375
177
1
18
446
436
2
91
25
217
46
243
246
201
10
0
0
182
295
277
20
3
232
81
0
45
61
104
72
408
282
15
11
184
130
17
25
21
504
497
66
542
10
56
0
233
416
35
257
227
132
324
15
8
51
354
3
16
465
48
0
19
7
21
401
526
44
72
52
76
222
308
111
10
107
115
77
173
259
399
237
100
194
49
150
233
425
20
365
7
1
374
15
12
174
374
163
16
259
363
305
41
346
448
10
22
284
81
188
3
36
183
27
70
266
27
36
302
333
231
68
575
0
88
30
74
206
140
0
433
420
190
62
45
84
38
18
74
1
0
344
201
11
32
1
122
77
226
81
32
40
39
75
271
115
74
234
525
259
10
47
479
237
47
213
192
2
154
0
27
4
252
20
160
57
390
87
56
135
315
287
54
539
162
245
64
94
467
51
114
386
9
42
394
21
1
5
55
12
32
61
23
173
256
334
40
351
105
360
54
512
1
382
400
84
369
252
9
112
57
162
11
347
11
3
21
127
479
151
81
9
20
312
65
8
4
88
137
115
8
54
97
72
335
345
3
84
136
40
88
0
215
6
124
3
6
56
44
198
39
181
307
144
0
29
584
26
11
47
13
161
121
143
5
387
447
1
233
61
146
19
117
141
41
261
95
517
98
1
141
122
154
0
63
23
136
7
38
213
358
6
398
9
316
311
0
14
245
128
46
103
314
106
512
85
46
1
43
217
133
35
67
8
11
280
289
489
24
34
369
38
175
241
183
0
197
176
39
57
301
347
58
0
267
547
250
480
43
89
104
1
0
125
477
1
1
44
0
18
107
1
30
261
379
473
251
5
53
501
347
5
230
19
148
63
25
79
181
526
309
156
22
75
73
400
135
56
28
178
43
7
91
103
14
238
1
66
216
119
96
106
3
351
393
138
105
306
15
10
8
184
49
201
143
50
21
19
46
398
441
8
184
14
292
117
0
18
9
455
87
190
74
570
66
115
289
51
301
284
79
238
5
257
270
405
3
7
46
0
7
128
93
317
13
290
427
63
176
345
81
176
111
50
325
357
25
0
41
27
386
12
3
156
387
30
127
322
540
281
125
386
581
286
478
259
53
228
45
339
582
64
105
66
27
3
165
1
110
22
451
61
229
376
81
288
0
263
48
181
83
1
424
93
34
139
418
150
224
6
2
222
354
130
180
221
116
576
38
14
36
52
184
55
185
19
405
38
0
485
379
338
52
4
0
7
311
119
138
96
0
4
20
197
496
412
163
32
1
67
319
31
57
35
119
243
234
135
3
154
407
48
25
87
544
2
587
12
493
26
4
25
65
32
129
141
294
10
79
2
151
91
16
179
388
333
53
81
197
227
9
4
178
106
132
309
252
358
114
262
35
66
87
214
306
462
0
163
41
56
189
38
337
210
171
272
158
218
2
91
217
610
7
335
158
181
117
2
258
0
251
316
71
77
15
468
1
186
138
87
73
253
81
118
229
6
149
7
97
97
7
79
120
5
143
260
243
377
454
506
137
19
77
304
43
96
4
315
3
53
7
163
11
270
39
316
157
300
110
19
395
255
99
0
100
89
2
24
1
378
31
27
482
154
282
350
156
313
318
11
143
300
241
291
147
100
182
285
182
352
83
167
203
0
125
20
92
352
193
206
1
291
0
360
118
2
100
387
71
82
2
27
0
135
6
283
139
22
148
463
523
36
72
209
85
0
20
8
57
323
315
336
95
91
0
116
0
183
69
148
426
86
74
375
1
8
78
12
334
204
309
203
102
210
229
96
9
19
5
350
262
24
30
39
0
15
3
53
34
336
535
231
311
36
367
2
128
187
122
387
0
177
7
75
59
410
30
34
312
208
306
2
180
1
316
37
52
400
46
236
1
339
152
68
3
4
41
17
62
0
20
45
194
218
47
183
201
7
2
42
47
14
240
7
193
30
12
1
464
22
131
356
92
617
198
427
541
5
0
33
166
203
35
100
435
14
14
7
63
79
0
407
160
45
16
293
78
39
341
492
1
342
60
9
3
0
4
0
59
143
123
7
186
56
0
530
77
46
532
43
20
456
35
437
189
272
590
417
14
105
108
366
74
50
147
321
66
17
185
306
4
14
565
369
15
390
274
96
1
1
5
528
6
284
301
116
538
99
0
207
2
47
18
25
138
89
119
34
2
139
126
15
448
137
204
32
50
220
490
177
220
257
63
212
2
0
206
13
151
113
181
119
11
229
39
123
110
68
31
7
375
451
31
310
508
247
170
2
6
104
2
23
1
29
98
78
3
294
117
416
0
92
376
182
217
2
23
192
262
357
8
373
26
294
140
32
175
505
196
13
95
99
72
3
167
10
83
563
195
349
132
219
74
172
540
21
57
8
293
2
220
336
48
278
65
359
3
83
108
0
32
18
174
112
273
9
8
435
129
101
125
139
598
176
594
345
237
101
545
8
4
88
86
19
241
188
10
98
366
70
235
18
383
108
49
23
1
13
223
29
1
1
13
1
117
207
210
342
325
466
318
96
0
164
5
188
1
257
11
49
376
433
249
63
125
469
27
196
347
200
16
222
25
227
46
236
340
5
369
101
337
163
58
174
80
11
5
85
0
345
338
65
83
416
214
79
456
3
17
293
124
30
11
115
354
130
51
30
175
130
406
15
489
20
31
67
19
3
114
45
244
53
1
70
338
496
56
18
134
108
0
28
190
63
31
238
0
79
72
7
0
402
71
122
54
193
168
104
350
45
224
35
167
313
74
355
73
27
7
316
16
404
124
34
13
266
358
14
90
464
181
344
233
47
187
380
1
49
99
466
571
14
0
310
96
0
23
6
33
155
2
12
22
0
193
419
238
76
77
357
234
3
80
209
13
44
14
0
75
381
3
6
273
232
102
1
215
406
157
408
61
140
220
6
0
65
146
20
27
44
13
218
3
68
0
395
297
209
60
273
48
118
2
148
113
136
74
112
23
292
20
366
2
388
296
85
271
179
28
539
104
147
21
525
308
126
1
30
356
46
16
208
22
129
227
191
72
14
438
130
442
0
329
2
220
114
91
70
112
0
336
212
425
41
81
0
252
99
112
219
543
256
147
37
175
132
42
488
63
91
0
3
141
94
2
571
116
518
200
318
274
55
27
126
52
228
403
500
30
206
390
0
576
51
0
248
73
6
11
73
0
2
51
44
189
425
234
5
188
119
76
9
364
58
388
565
252
11
4
205
223
1
0
342
7
217
166
15
44
4
243
102
1
285
33
74
10
263
164
76
92
286
5
578
386
17
60
62
18
293
356
218
306
137
0
2
11
396
4
31
360
20
1
210
2
8
155
305
34
74
8
18
348
519
472
66
95
29
44
164
384
161
132
59
46
100
80
464
42
76
125
125
352
106
80
93
0
167
34
105
3
7
16
3
357
114
496
72
15
42
0
373
282
31
41
2
80
24
213
296
206
42
89
152
390
248
36
0
45
6
20
5
157
2
19
84
105
43
122
369
209
251
545
282
388
162
1
363
15
2
197
535
2
34
87
276
14
358
80
70
301
41
450
185
16
163
154
404
39
347
117
0
316
332
6
564
106
1
86
0
132
284
54
29
108
238
14
30
1
492
113
60
363
109
88
93
159
77
269
469
342
105
85
22
430
438
4
5
458
144
16
464
425
68
335
500
191
16
313
157
76
334
72
25
83
117
287
101
48
1
10
293
3
317
40
193
219
236
221
88
156
131
232
96
2
328
35
521
180
65
46
11
156
233
21
151
19
124
250
172
85
256
32
30
353
51
178
322
256
186
63
20
326
0
46
293
489
25
329
158
31
251
28
104
258
0
229
377
268
311
302
36
216
21
56
348
26
1
337
348
544
235
0
149
53
43
114
87
2
20
347
208
21
269
2
304
132
285
74
367
8
216
200
171
267
6
172
254
197
162
26
267
203
165
62
31
35
326
1
69
0
526
32
23
14
145
133
62
219
277
84
210
151
159
0
5
471
22
154
0
365
222
190
132
196
147
103
30
139
36
117
114
65
497
8
126
61
237
127
23
307
447
126
66
576
124
211
6
3
251
24
47
570
0
120
20
88
448
369
63
9
48
201
600
181
198
457
7
0
37
36
322
0
19
244
45
0
27
2
22
121
15
426
74
102
201
6
49
19
27
150
148
166
378
68
314
344
15
0
341
12
29
303
0
11
123
259
4
11
141
53
86
363
215
54
235
21
37
547
403
8
126
182
9
372
166
22
61
105
78
216
70
320
80
93
488
44
453
185
11
202
233
0
0
31
189
37
72
524
74
11
133
5
562
16
12
103
66
147
29
0
258
362
41
170
7
38
585
288
0
406
76
62
164
20
72
45
236
50
292
121
307
8
54
18
4
49
322
11
0
82
410
64
32
403
383
250
335
130
2
113
36
159
16
180
336
512
2
129
231
153
211
255
402
379
77
56
209
128
13
0
127
0
282
32
344
116
67
196
103
158
14
332
112
60
322
20
55
488
256
226
86
100
345
59
391
30
145
58
0
32
16
137
184
168
4
333
0
70
75
10
55
19
9
67
49
1
64
61
172
326
104
407
67
18
71
115
16
381
378
20
318
13
388
167
547
87
396
40
0
1
122
0
522
546
280
198
223
539
115
112
114
466
436
1
6
7
115
32
201
266
12
1
20
48
93
56
144
248
505
21
4
108
254
421
342
99
13
194
247
164
182
299
444
233
0
476
116
426
40
306
85
402
141
15
98
9
396
1
19
14
1
109
1
246
3
0
290
7
16
0
223
0
560
3
0
190
195
87
221
72
115
19
127
0
99
110
335
361
502
15
35
343
146
113
2
50
24
390
81
95
569
92
272
3
174
18
4
71
0
18
422
3
23
140
146
0
32
76
345
97
13
188
91
19
0
125
457
23
60
177
4
28
17
63
43
20
3
149
29
107
13
14
0
103
311
192
325
21
147
158
292
3
64
527
260
169
241
30
18
87
19
74
263
1
38
107
161
329
0
78
100
1
17
38
259
46
84
14
93
236
17
231
37
6
383
547
363
82
4
4
69
443
56
95
115
105
13
39
589
437
360
89
101
318
60
26
468
364
322
56
7
56
22
29
90
574
7
11
207
122
292
7
165
20
131
0
218
360
37
7
20
82
141
107
1
57
60
51
516
433
99
190
268
141
33
210
46
366
38
166
226
131
139
236
317
104
20
176
11
15
152
27
15
109
29
106
22
69
46
13
111
199
35
197
8
150
265
391
0
146
10
322
35
510
203
53
3
37
31
569
10
123
30
100
176
0
21
74
354
153
106
446
13
287
93
5
339
17
87
42
583
46
12
39
281
0
11
294
386
16
0
18
193
333
175
128
30
14
116
92
279
78
140
113
305
37
275
227
121
120
106
74
27
206
371
8
225
2
8
70
52
169
230
329
283
105
239
114
79
27
73
255
90
30
194
67
78
12
21
224
322
87
204
1
58
195
4
45
6
154
517
174
265
44
103
56
505
15
416
29
99
0
208
6
99
217
83
96
347
88
349
0
200
168
5
89
20
69
291
52
100
411
191
15
8
177
3
21
171
214
211
101
12
7
242
215
202
1
285
7
2
242
29
67
434
2
274
0
43
156
275
2
25
325
565
162
2
0
103
124
25
87
442
6
291
27
297
8
57
350
0
49
168
338
231
320
339
193
170
119
39
47
2
310
121
24
14
87
30
185
28
378
359
48
415
33
19
361
339
62
5
257
19
175
35
330
335
175
218
127
456
100
52
123
344
39
77
278
162
117
222
404
49
436
4
132
399
118
242
2
11
141
259
364
25
590
40
132
237
3
370
372
354
210
1
108
159
172
346
377
382
21
45
9
0
0
65
3
74
24
574
33
271
21
5
24
111
6
457
23
143
27
37
516
308
156
69
9
15
8
16
434
27
5
2
109
286
36
220
55
13
102
148
30
280
194
74
96
29
12
0
500
77
42
17
83
19
0
124
96
131
79
406
252
88
70
53
14
1
43
69
498
177
0
118
160
159
139
16
41
0
413
235
460
76
173
7
35
382
187
112
60
191
150
523
238
114
539
14
335
103
20
84
6
158
2
479
98
0
35
66
90
24
0
24
118
134
1
314
58
1
109
75
101
432
52
0
53
8
377
332
177
395
414
52
91
106
23
166
14
2
261
226
369
51
497
56
51
383
267
202
140
113
461
1
41
152
93
60
56
3
41
177
398
450
385
1
198
45
46
25
70
54
71
126
547
48
54
61
354
48
3
2
139
126
6
18
274
180
0
148
405
248
56
132
223
183
563
462
188
210
209
32
319
34
0
32
1
9
574
83
57
150
108
560
428
11
560
36
2
168
71
93
2
310
126
496
292
257
41
34
193
29
291
15
8
13
14
114
5
101
35
67
215
128
248
191
367
178
40
141
50
332
49
129
51
176
7
596
219
11
24
257
74
15
100
34
77
279
1
505
12
21
9
263
56
96
53
147
200
183
0
528
81
300
34
3
125
185
64
210
401
336
27
155
499
552
100
307
116
10
123
167
0
1
528
11
265
5
501
162
170
10
71
29
30
46
262
1
225
3
61
6
47
16
283
353
35
227
408
359
12
49
9
355
80
46
459
159
36
314
3
75
489
47
434
206
53
203
6
144
36
353
42
188
221
70
1
307
78
0
473
0
223
500
315
97
75
131
462
483
243
81
502
96
207
539
46
70
87
47
59
0
101
52
80
1
250
41
16
436
39
97
337
63
527
366
12
181
163
519
28
49
125
479
59
339
197
468
210
302
92
81
133
74
66
3
4
542
522
13
22
251
58
117
65
525
418
381
21
89
19
360
6
16
333
69
307
162
0
233
63
178
26
7
18
1
2
288
1
0
442
394
128
6
155
48
148
46
17
309
20
190
0
110
103
446
62
217
262
25
69
99
38
192
139
311
473
28
83
8
130
129
58
87
515
3
8
8
99
35
24
202
82
9
21
59
199
167
246
90
395
18
80
335
546
34
0
0
11
9
30
15
127
44
18
83
85
33
67
74
495
139
0
46
245
25
281
4
243
124
395
0
408
1
352
53
172
290
6
7
11
239
24
117
534
335
219
8
43
260
258
180
7
0
204
10
493
0
439
72
88
104
42
44
245
238
3
20
7
324
202
157
224
0
172
503
1
381
149
79
8
43
327
0
47
95
114
413
13
584
6
264
161
77
0
594
514
196
55
273
276
531
428
210
208
270
73
7
201
202
217
232
436
11
9
239
162
43
151
226
0
267
13
76
289
234
171
18
8
9
98
96
68
120
112
106
448
405
378
4
58
135
14
0
258
51
110
93
65
165
93
5
125
72
310
43
380
407
237
333
141
5
277
0
314
7
97
62
19
153
105
126
32
102
3
128
37
133
19
34
38
135
205
117
112
488
132
568
112
5
59
80
92
29
148
65
14
143
56
3
296
215
36
379
60
36
6
385
8
259
267
20
220
135
313
11
175
1
497
181
2
3
404
19
278
4
111
19
453
110
419
366
488
81
224
62
221
60
74
92
262
6
100
187
24
314
36
311
39
302
70
234
44
46
44
24
186
33
480
74
