6
549
499
407
68
511
376
163
178
69
502
60
220
184
0
193
156
103
69
168
173
13
250
95
284
378
5
99
58
1
246
18
402
37
555
289
349
52
454
2
32
336
3
236
108
52
136
8
210
114
85
21
34
294
28
89
9
205
332
3
30
371
46
225
8
280
365
185
108
23
73
10
290
150
21
82
446
9
96
8
241
236
261
56
45
339
2
392
207
184
344
241
227
26
31
217
6
2
102
198
197
0
42
142
12
0
186
0
469
53
202
484
66
98
364
179
167
80
483
158
274
166
64
28
286
543
7
25
6
7
65
560
475
15
329
78
557
36
208
395
30
190
160
43
390
17
195
442
29
121
77
189
56
9
550
0
97
34
98
69
84
269
225
189
100
277
345
589
7
257
10
0
47
3
2
75
57
142
10
16
1
68
240
164
174
28
381
12
79
0
82
284
51
55
68
55
143
420
18
172
340
71
63
444
1
0
343
16
96
14
469
373
93
69
17
314
307
20
326
404
41
340
108
190
107
60
0
440
135
440
328
293
15
13
163
90
508
114
214
326
46
83
328
145
15
14
270
13
2
484
22
2
147
202
435
49
48
30
121
121
1
11
74
0
23
42
72
53
10
7
489
72
399
523
98
6
27
474
355
215
30
18
131
85
1
127
359
5
173
32
582
0
50
121
303
188
156
37
187
93
24
154
357
273
443
89
20
54
232
0
235
300
35
4
127
55
0
90
10
229
77
39
70
91
11
83
0
9
96
249
199
443
434
9
0
19
160
0
78
127
115
493
177
2
1
43
76
18
220
42
250
499
60
43
253
315
405
12
81
117
331
194
52
1
0
190
65
358
168
0
220
5
325
390
23
23
116
434
25
78
0
168
142
110
30
271
71
431
2
300
35
24
8
95
22
118
51
181
374
1
116
3
79
328
35
122
1
157
117
0
417
533
7
160
131
37
66
0
61
50
147
199
23
30
228
42
8
208
81
523
34
138
168
279
270
343
31
38
74
70
85
181
123
68
18
16
387
17
8
340
4
3
119
34
187
6
292
82
40
252
131
247
24
0
7
197
346
156
218
559
215
153
3
0
473
1
90
38
322
122
322
45
442
228
89
365
48
143
73
270
491
146
6
306
304
43
478
260
130
25
3
34
240
56
3
48
161
221
169
396
174
321
134
437
4
53
2
48
46
3
264
4
3
64
216
282
48
11
67
90
0
57
355
37
60
1
59
0
287
50
61
10
7
319
5
420
47
0
297
0
93
27
351
228
3
46
16
47
259
149
227
104
48
98
389
291
9
23
102
1
480
11
12
305
65
140
250
54
56
346
271
254
75
341
13
74
115
50
196
229
535
204
500
523
516
173
291
0
227
321
124
66
63
235
107
321
72
16
28
537
50
124
15
165
428
513
188
165
268
409
0
28
173
6
71
174
9
397
390
173
114
154
376
23
334
183
233
226
141
336
4
103
175
1
349
1
173
497
1
10
84
236
76
75
33
200
340
63
81
406
226
83
32
43
254
292
392
138
3
0
6
4
144
192
43
11
5
96
96
383
67
4
34
75
273
336
147
0
0
298
82
118
127
249
0
204
161
0
202
71
76
209
343
178
3
374
501
45
18
281
100
34
165
0
0
0
45
56
142
34
30
2
356
114
247
51
253
154
502
87
491
141
63
170
26
18
305
186
0
47
607
59
304
131
82
11
44
63
374
1
0
129
36
160
187
32
208
5
120
510
231
350
325
45
104
201
269
122
574
0
212
260
63
12
62
197
25
201
1
505
48
477
258
39
485
2
15
93
218
152
61
2
283
498
170
118
3
144
325
107
294
121
102
274
150
328
77
515
55
372
186
28
170
96
17
13
62
1
118
15
39
138
189
5
182
70
3
143
12
3
55
16
15
525
190
48
224
217
53
159
0
596
600
48
388
333
24
2
332
170
25
189
25
69
101
23
165
13
32
0
1
329
16
170
3
56
566
196
279
9
171
577
36
154
10
483
29
323
111
84
13
442
22
78
67
123
1
360
159
0
150
195
553
102
315
112
14
10
275
12
278
546
511
40
291
16
52
173
82
606
5
133
258
149
446
242
84
23
4
102
76
221
320
43
43
4
373
83
68
294
159
11
0
4
25
73
3
236
159
105
69
255
0
207
2
16
295
178
59
0
324
555
45
80
21
16
14
25
8
0
459
399
44
361
1
8
1
6
74
11
6
43
338
268
122
1
0
222
3
12
73
9
57
11
4
506
38
156
10
53
80
387
84
24
26
107
171
141
371
257
237
0
175
37
214
569
262
17
437
150
13
6
159
210
40
11
51
42
4
22
18
0
82
183
180
33
367
384
230
4
61
104
80
158
6
21
377
102
43
306
132
0
0
109
362
38
340
1
160
431
226
76
2
10
17
79
0
265
19
2
15
8
164
9
144
68
16
270
79
0
0
0
56
213
141
133
4
44
24
372
346
82
13
2
1
306
106
159
24
0
316
60
397
121
232
369
44
229
276
458
30
198
76
308
9
114
23
291
16
38
209
28
228
16
10
3
20
0
119
176
7
146
7
90
278
58
611
47
142
536
219
135
276
110
0
15
14
7
0
4
501
7
99
25
169
15
120
134
322
0
91
275
163
24
8
147
321
479
248
530
111
23
65
41
274
258
22
259
30
199
51
15
115
8
76
31
503
421
31
47
195
83
359
405
360
505
18
484
2
447
180
516
329
3
173
115
148
12
231
50
166
16
463
7
108
315
51
41
23
349
522
11
110
11
355
28
323
397
15
14
45
174
41
2
118
435
195
73
40
144
280
90
24
269
46
209
7
3
78
186
96
1
0
1
478
0
1
340
190
10
77
0
332
459
7
194
0
287
391
306
250
284
115
410
231
282
44
494
144
125
36
48
20
46
118
221
39
112
40
0
16
248
229
325
136
519
306
91
89
125
7
523
401
351
501
3
127
14
301
156
164
239
2
129
273
262
236
9
77
49
234
350
350
74
236
58
128
85
88
53
15
437
215
490
188
60
34
125
33
210
482
174
30
454
519
334
434
59
22
273
9
0
139
52
0
90
139
33
219
400
189
133
21
54
103
204
6
234
301
3
242
274
95
123
2
252
9
1
7
0
5
269
5
183
393
600
31
0
357
19
10
90
246
431
88
36
271
1
2
253
190
40
365
48
260
294
148
1
53
4
70
368
65
6
174
335
40
123
232
95
532
142
1
1
94
300
0
90
9
1
0
330
445
24
64
87
103
123
40
429
5
73
512
161
94
79
175
418
470
96
161
83
387
51
403
122
220
2
160
9
191
483
25
191
376
26
50
24
0
70
19
163
346
40
103
280
385
1
318
147
1
249
147
290
118
25
76
97
276
14
324
149
105
12
192
173
143
387
91
47
2
32
293
76
271
239
61
44
387
94
1
38
81
0
7
5
369
391
30
0
267
313
137
33
167
451
40
36
118
27
46
12
111
411
25
112
62
164
236
139
261
394
0
396
107
28
18
242
4
66
84
208
133
113
2
52
1
601
448
435
0
420
179
69
168
102
156
118
33
69
131
191
20
47
4
6
458
0
2
65
469
204
58
30
51
15
52
25
293
453
129
74
2
38
365
25
83
403
301
43
316
33
346
50
6
3
53
3
0
0
340
155
0
140
185
43
37
436
178
51
391
232
349
340
294
75
58
17
350
35
115
36
23
77
339
176
8
198
175
8
149
120
34
120
52
249
42
380
246
71
110
221
84
47
32
523
156
0
571
0
40
2
38
265
243
26
22
335
509
6
235
86
216
122
177
16
19
66
61
146
67
194
33
361
232
545
10
1
518
137
349
79
25
163
17
39
0
0
432
31
49
13
200
41
167
172
63
4
143
307
244
121
97
281
5
395
70
13
444
5
12
621
201
52
1
320
477
106
9
53
69
0
200
4
14
137
0
40
317
237
24
12
290
131
509
83
220
29
9
1
97
233
265
40
181
39
16
50
1
12
21
88
532
133
52
0
89
158
5
57
2
145
512
138
8
1
145
84
269
395
112
142
532
4
39
26
6
4
107
36
212
18
41
425
37
462
395
429
553
210
10
230
280
359
76
381
122
6
25
0
304
362
21
150
8
280
55
0
0
179
50
216
200
2
25
280
45
590
149
52
466
23
84
92
175
390
4
10
139
116
66
71
1
94
87
309
148
4
36
63
65
99
304
154
33
96
34
23
144
378
2
214
62
23
214
18
10
210
0
273
320
6
126
157
45
46
61
1
51
64
103
4
9
18
204
36
15
478
283
2
135
369
377
504
25
300
10
53
63
108
169
270
2
457
7
95
32
426
5
43
0
165
321
274
159
0
0
18
223
83
122
27
64
233
0
100
302
52
119
373
15
7
130
32
190
3
3
330
180
305
462
18
65
502
7
304
8
136
240
2
317
8
51
40
207
4
62
119
132
7
5
0
241
3
164
19
71
353
146
11
118
124
346
229
44
9
123
1
43
15
23
339
0
20
232
20
201
335
409
116
1
56
158
0
425
487
505
104
239
492
100
149
103
51
34
81
305
39
78
279
88
438
121
5
0
314
162
283
101
42
181
0
325
336
135
3
5
436
54
376
8
11
355
516
409
292
10
314
0
314
12
128
134
145
4
93
5
44
359
139
253
49
44
9
3
195
116
21
183
307
1
6
309
160
221
221
253
23
295
216
471
173
95
3
35
410
92
43
1
63
355
38
305
407
65
0
103
3
325
408
32
32
19
1
538
75
0
327
116
6
90
38
70
42
157
282
20
10
352
480
56
48
0
179
44
101
169
494
0
379
11
6
1
3
174
30
0
34
171
507
14
43
7
35
282
53
101
183
7
109
463
186
45
28
38
5
0
24
179
240
447
44
39
146
2
329
1
324
532
421
174
167
174
3
9
439
52
286
91
419
14
33
8
5
441
77
262
9
72
411
279
454
7
551
296
9
249
79
31
388
399
153
53
188
191
4
5
441
172
21
201
438
0
386
494
30
117
182
143
291
9
7
0
95
45
21
342
48
307
28
58
42
358
207
68
2
152
332
251
293
549
40
301
1
71
323
508
13
3
290
213
145
1
102
18
55
262
21
434
65
149
124
46
52
63
8
9
32
222
28
0
31
0
281
3
23
55
145
51
54
288
130
406
51
11
251
347
238
2
0
0
1
149
310
0
24
86
4
114
205
188
232
112
322
316
196
226
414
52
112
133
251
504
29
187
183
520
255
14
433
188
127
209
8
125
79
265
553
383
246
57
356
373
0
226
7
11
7
44
395
9
263
3
120
139
147
8
8
168
205
22
322
7
9
97
7
71
65
224
570
133
286
98
348
4
163
36
344
24
320
108
118
18
0
297
56
451
16
0
420
51
138
90
38
0
246
207
337
13
148
303
200
151
55
47
35
277
85
281
15
238
68
167
185
167
360
24
130
89
1
28
165
395
4
50
95
7
29
30
455
0
540
163
0
331
98
38
355
150
2
192
75
81
233
32
30
79
220
365
485
268
471
86
434
402
444
409
279
30
26
86
443
1
76
462
450
0
619
266
260
186
195
469
405
485
108
319
79
228
23
0
41
101
113
263
170
98
465
51
124
526
31
20
201
80
146
52
401
0
228
325
34
36
234
44
128
3
40
359
333
0
0
10
84
504
109
45
24
465
17
79
112
79
118
217
435
126
119
64
316
226
0
22
376
179
35
11
78
407
19
348
37
146
92
1
111
215
38
10
54
57
24
311
7
37
449
163
117
228
42
81
12
204
134
47
178
21
26
188
290
162
2
3
1
123
138
548
190
280
20
47
264
161
26
370
423
96
0
29
119
473
325
94
114
1
154
253
26
42
440
230
332
510
300
13
385
124
40
515
45
80
5
245
0
404
253
92
283
394
44
52
2
267
1
17
406
305
498
21
1
181
119
382
477
63
472
399
191
235
87
31
314
81
134
95
77
164
3
451
31
225
0
1
49
390
23
88
181
222
52
20
32
457
50
8
82
127
68
95
319
0
118
326
264
157
13
31
58
1
6
168
219
235
408
334
0
97
3
37
76
2
292
16
208
53
4
5
48
33
218
161
223
215
22
2
16
266
7
45
0
153
0
603
5
21
57
404
313
21
89
352
4
235
8
64
17
2
120
358
19
129
40
13
355
0
180
107
0
559
444
34
1
24
313
272
348
397
70
528
0
7
108
8
210
321
95
177
190
420
451
10
382
296
14
68
428
37
249
9
455
214
362
397
67
237
80
80
211
400
446
255
506
30
0
72
94
346
4
52
77
355
16
3
96
412
0
87
212
61
2
31
156
174
280
75
241
21
304
74
447
44
25
29
15
429
340
223
231
4
13
75
80
177
17
351
91
335
338
0
351
455
96
202
182
100
284
260
94
329
223
528
35
560
25
33
321
46
14
9
53
155
60
491
37
149
8
478
489
135
158
122
198
20
4
0
207
405
61
399
307
54
196
88
412
142
223
2
0
0
7
111
448
551
374
75
195
419
84
69
4
41
73
157
0
163
119
149
334
191
5
175
55
287
330
15
8
221
54
193
2
10
150
3
255
58
72
33
53
99
226
274
127
16
92
30
2
428
259
31
352
2
90
11
173
11
16
0
58
69
342
40
231
0
297
20
395
68
247
89
108
42
86
209
449
411
18
16
34
2
180
153
187
0
107
48
112
202
434
504
9
1
1
55
68
488
158
351
128
59
57
1
8
1
168
192
262
17
32
127
14
537
71
2
202
127
373
261
421
93
169
280
220
251
234
264
0
12
142
196
456
337
10
152
35
13
5
271
343
12
58
169
52
152
66
119
182
446
217
103
32
210
235
340
5
36
88
364
7
145
201
167
244
201
1
39
283
266
348
306
32
89
2
57
481
27
124
81
300
509
540
420
0
505
283
26
4
1
15
19
0
104
41
66
196
189
228
187
47
2
269
87
134
109
218
297
260
266
449
177
23
3
0
185
352
3
391
444
33
113
61
64
6
1
29
169
153
68
28
129
58
68
1
443
2
107
238
36
4
18
1
168
189
12
0
15
146
351
60
17
12
209
18
109
44
33
249
94
112
306
122
193
181
345
491
510
168
321
3
170
86
1
355
99
121
46
146
29
239
41
184
568
310
103
125
2
222
443
23
0
64
128
29
67
422
11
24
338
153
310
261
73
473
31
417
450
109
84
10
33
35
234
79
122
1
82
232
37
422
173
254
138
1
0
69
82
349
456
453
26
323
160
219
314
119
274
18
63
550
130
21
279
221
94
272
112
126
65
20
333
1
229
69
4
65
53
121
0
0
241
176
228
61
286
8
6
342
52
280
76
173
84
139
5
472
49
442
75
184
244
559
0
189
9
88
21
279
144
5
13
194
304
20
8
102
255
0
0
2
6
306
218
351
240
318
30
37
523
186
112
324
154
246
29
345
509
60
265
281
34
0
5
11
358
72
253
388
1
82
510
4
65
60
42
405
145
53
339
59
360
0
2
153
306
0
496
275
252
290
188
92
226
558
169
63
105
117
123
285
69
38
240
7
57
524
418
94
367
30
392
177
161
268
21
259
192
11
109
248
37
218
286
83
301
511
297
84
46
115
2
20
258
70
17
332
263
422
181
389
12
3
34
230
81
23
9
21
158
152
5
8
165
11
61
26
197
134
73
163
138
62
78
245
51
433
381
144
520
147
1
278
70
142
11
0
252
102
41
51
193
462
20
107
0
445
52
382
175
1
62
255
188
208
37
223
184
230
4
125
6
1
58
54
36
315
41
113
66
53
6
79
109
138
18
10
277
64
43
344
251
447
72
34
350
118
194
66
84
200
83
63
221
20
35
5
62
52
48
403
270
231
0
48
0
51
368
2
70
6
13
146
405
6
551
2
55
124
155
386
74
117
480
114
1
134
359
113
137
68
467
0
246
1
444
1
467
233
1
405
455
552
3
139
9
36
268
109
110
546
461
15
308
9
332
67
416
488
371
12
185
129
330
261
32
462
270
67
26
126
0
0
247
45
31
59
154
290
48
459
323
199
100
15
34
24
155
83
48
279
118
79
133
6
199
271
4
275
25
327
133
17
338
95
2
191
35
83
202
19
28
66
302
159
47
64
37
81
1
297
397
32
69
190
275
151
116
178
7
409
73
37
437
199
150
3
185
365
46
58
1
36
0
65
9
205
13
349
8
9
28
137
259
228
343
214
27
123
291
317
63
369
505
36
3
400
275
31
79
146
97
92
43
290
215
70
395
249
373
6
117
60
3
284
0
3
10
3
455
408
0
5
93
98
165
335
264
50
245
86
262
502
0
244
109
138
208
232
79
460
12
117
2
215
368
5
326
323
128
63
386
288
294
26
28
382
199
0
196
167
1
90
166
294
554
82
42
47
2
282
24
358
6
423
113
85
36
476
166
1
115
371
228
504
498
3
20
3
0
272
131
260
348
136
408
9
5
483
18
65
56
108
125
18
227
131
142
230
32
42
154
18
57
188
279
146
352
137
289
8
362
192
31
216
284
293
37
21
262
0
384
194
8
103
28
1
24
491
237
32
549
147
26
376
364
28
418
116
71
238
363
46
312
81
39
281
378
10
19
96
17
25
14
202
20
10
80
119
379
17
468
17
122
129
228
0
34
152
16
475
112
96
313
0
2
5
177
54
62
40
6
15
224
29
101
45
12
27
20
1
16
30
2
508
17
49
1
155
1
0
59
19
49
140
21
17
99
63
299
68
182
332
23
228
118
184
0
99
331
24
160
420
39
53
58
26
175
198
177
286
2
6
364
30
21
49
12
36
330
125
72
12
167
138
190
0
279
0
34
2
326
1
0
52
400
299
154
53
44
8
75
98
187
298
189
56
39
1
55
19
74
368
210
83
290
401
329
551
315
216
26
45
199
12
580
30
4
198
46
129
59
159
157
125
58
46
88
261
70
0
65
53
273
80
128
227
45
21
353
16
420
7
13
66
88
26
50
330
68
22
49
225
152
117
217
429
348
306
401
553
49
77
0
297
47
17
4
6
29
451
46
225
127
51
28
413
0
82
4
164
419
262
63
553
0
364
69
20
315
244
271
526
49
224
161
8
0
472
159
355
530
74
45
516
334
0
61
201
82
134
246
213
336
2
12
274
0
9
128
69
19
540
153
36
61
326
356
4
56
40
297
35
263
205
2
2
24
0
3
205
117
159
182
6
145
220
496
222
104
0
478
534
405
116
284
353
42
309
1
368
432
9
28
123
144
147
611
17
15
386
92
45
59
89
434
0
362
0
66
17
202
126
291
409
110
139
48
48
82
1
39
0
69
20
11
12
130
194
33
108
273
32
319
11
39
33
197
24
11
365
9
21
29
355
1
161
67
270
78
10
88
257
314
2
131
585
523
12
99
63
296
192
126
531
63
5
26
0
16
1
17
5
4
105
23
82
41
53
63
320
197
233
125
319
26
426
52
122
85
54
175
47
612
371
91
300
82
454
331
68
12
469
48
52
36
292
39
4
406
406
0
351
34
175
3
15
96
93
219
3
190
442
40
325
208
30
109
3
28
190
95
389
20
4
5
52
11
178
8
150
142
524
5
48
190
101
30
109
107
296
350
518
44
154
606
216
153
0
1
288
94
131
93
86
158
121
26
375
68
0
543
3
16
18
100
56
442
282
1
199
0
190
1
82
19
364
113
439
3
19
230
498
1
4
6
182
59
172
511
25
9
52
10
58
246
12
66
78
19
170
34
28
121
356
2
191
74
33
166
7
17
279
328
226
378
6
0
165
69
90
3
50
227
405
112
214
4
158
465
8
88
37
41
5
8
3
379
351
524
221
36
25
355
2
259
15
385
300
212
66
160
42
203
60
283
518
250
153
38
15
114
24
319
194
486
115
35
258
222
345
430
492
54
136
136
201
123
521
58
332
23
86
118
215
24
36
27
39
1
7
200
141
106
31
365
8
1
8
4
26
31
115
42
592
611
308
18
192
248
62
291
427
129
135
69
14
63
79
137
134
52
343
58
95
50
139
157
32
271
91
185
126
96
31
16
0
44
200
51
277
3
9
0
10
53
222
118
5
280
74
284
103
12
112
59
482
155
240
290
23
285
276
17
26
373
247
63
0
195
15
157
181
362
383
229
79
0
44
1
2
427
296
39
88
154
297
13
243
105
100
279
29
408
19
91
248
115
7
54
6
4
61
239
528
216
201
322
107
0
33
124
21
494
0
381
337
97
6
168
56
530
29
134
197
102
29
53
243
437
410
0
169
27
10
84
250
21
41
0
31
503
15
39
66
51
32
161
16
43
62
87
234
46
50
64
2
46
14
347
131
1
43
312
191
12
102
173
148
361
482
100
62
589
20
39
8
358
385
40
44
62
68
2
1
0
3
527
101
119
465
118
0
382
205
511
91
32
78
36
0
229
587
60
35
149
417
74
140
68
26
37
53
435
16
16
1
2
0
148
10
306
163
8
358
161
334
37
512
446
8
38
19
176
196
286
98
72
234
30
40
37
11
10
47
8
292
30
282
45
0
18
262
435
174
190
0
3
133
54
24
32
228
334
58
189
308
72
147
259
19
1
528
531
114
551
88
305
389
196
12
428
4
118
385
36
52
334
15
280
60
56
141
4
28
369
21
4
73
41
162
53
621
83
535
396
114
333
14
276
516
322
266
21
362
135
156
78
384
221
212
42
229
474
157
18
69
1
56
4
156
453
3
65
22
350
147
280
130
191
288
477
392
8
128
56
202
0
68
143
121
0
303
337
17
47
270
202
107
432
45
480
106
57
76
463
188
201
105
4
56
52
44
75
151
322
314
65
44
40
19
203
0
4
24
232
37
171
65
176
4
387
95
334
207
1
603
0
93
9
207
251
367
69
512
90
1
8
0
2
6
408
238
415
225
87
7
8
0
81
12
21
600
129
25
102
342
448
51
1
226
85
38
5
79
563
7
258
2
2
370
2
15
529
198
0
307
5
235
446
2
338
361
52
141
61
100
239
336
88
344
51
485
4
33
54
45
8
17
137
86
4
171
555
7
366
51
183
317
42
18
556
164
321
66
105
10
366
363
104
374
124
164
60
394
77
140
68
502
250
1
4
112
84
411
421
62
99
132
284
159
36
178
2
625
86
534
28
415
571
328
197
1
207
204
12
21
122
160
49
114
44
44
218
0
0
395
17
57
41
75
2
113
7
2
126
37
50
339
548
479
81
0
4
143
100
209
2
128
12
317
11
165
44
505
40
2
250
184
317
221
119
607
139
497
0
243
346
84
20
358
69
206
23
229
196
128
493
103
69
46
56
0
66
510
357
164
3
41
102
104
0
60
116
9
163
229
331
122
34
246
158
175
311
61
14
196
24
76
477
49
20
30
