0
237
5
23
93
82
185
0
244
152
134
27
336
64
466
200
3
408
286
260
1
17
14
0
211
9
76
451
102
259
183
16
34
255
1
26
287
102
381
464
385
24
536
55
142
77
38
2
414
61
45
211
51
304
5
419
85
3
38
352
19
239
31
71
1
455
261
182
138
493
0
85
155
404
14
17
188
41
68
56
11
71
280
259
229
67
89
183
235
123
270
20
0
11
436
435
21
185
50
455
129
16
20
6
376
334
108
139
4
304
77
267
39
42
200
254
65
145
0
85
307
484
23
206
147
103
124
25
97
5
55
222
20
27
7
3
219
250
239
43
153
24
88
222
24
16
192
16
0
510
6
141
6
4
224
24
189
193
10
115
603
488
153
7
0
67
235
265
29
103
173
8
10
244
3
584
0
63
121
128
92
200
189
122
30
38
2
25
195
545
9
62
21
71
465
230
43
489
39
13
274
356
0
253
197
393
236
100
0
333
2
63
8
50
248
192
108
272
514
90
71
241
2
5
69
139
24
59
159
141
49
31
2
104
0
101
186
104
154
128
9
7
284
348
175
267
34
2
579
252
61
322
3
0
67
326
24
95
157
5
57
479
7
261
71
151
1
6
515
137
10
512
131
0
150
8
22
3
39
65
117
19
82
289
226
258
35
234
237
577
57
142
60
118
34
11
347
69
3
255
326
200
90
118
449
312
11
96
64
244
172
398
168
41
15
189
75
31
26
485
35
387
1
55
76
29
285
36
27
9
321
245
46
303
8
197
2
0
388
38
66
396
487
60
33
353
224
87
133
274
7
203
45
202
312
68
145
128
75
0
300
85
279
25
331
174
228
28
54
2
13
41
19
5
206
0
231
102
5
0
402
382
83
250
280
24
36
61
270
65
44
78
104
32
123
32
18
44
0
11
212
366
49
21
134
585
0
309
84
215
360
528
58
99
149
250
185
5
13
149
34
284
2
239
101
181
97
21
393
457
53
480
136
4
2
137
305
426
38
263
335
30
28
112
1
2
0
7
18
325
0
20
213
113
308
472
13
88
13
175
425
101
54
64
230
446
41
9
15
15
72
142
25
62
40
100
296
92
107
1
305
10
138
120
26
143
181
2
99
480
38
74
59
2
195
1
451
0
412
133
181
3
310
249
47
1
267
182
0
31
179
107
28
297
166
73
183
18
259
7
223
3
312
120
292
245
0
476
579
290
22
4
163
18
172
330
95
194
360
14
2
15
58
17
303
108
343
122
185
75
450
56
78
417
16
178
50
502
259
205
49
190
401
32
83
198
151
215
192
210
106
366
8
32
354
119
18
79
162
243
112
1
3
211
368
16
255
72
23
26
195
461
265
13
349
444
195
15
128
51
51
6
83
119
20
351
206
126
415
371
58
49
107
187
89
290
322
140
289
51
52
5
146
339
14
201
61
8
0
232
310
7
25
344
55
23
15
330
297
138
174
38
84
25
354
141
3
240
197
550
341
378
83
2
313
1
26
134
60
375
71
177
36
371
381
90
325
9
28
2
482
16
293
52
57
107
77
2
65
573
2
62
129
6
35
29
418
36
11
170
168
47
178
140
31
5
19
44
294
47
7
0
74
40
136
107
15
164
256
10
23
232
96
65
119
208
407
466
174
139
90
175
206
55
141
2
2
124
1
3
85
6
82
249
10
174
212
3
72
335
10
205
49
24
440
467
593
3
100
18
232
182
195
34
518
156
19
120
203
38
1
381
113
33
5
18
121
23
91
5
38
258
368
8
66
143
51
36
365
0
41
165
102
40
121
131
410
90
10
4
0
24
212
7
488
1
249
13
385
129
339
62
111
3
434
130
312
473
42
75
221
47
209
575
5
5
230
250
351
58
4
207
445
114
2
2
45
362
154
30
96
103
12
46
35
4
34
30
111
59
322
73
20
3
2
410
281
187
82
429
353
3
19
330
21
187
16
154
261
41
139
178
223
7
18
49
71
73
57
329
352
56
355
40
0
16
39
45
198
61
36
71
242
202
30
113
151
41
166
409
250
149
450
198
11
18
26
162
54
268
76
1
84
201
12
17
221
1
71
278
41
31
75
211
61
351
201
30
21
70
151
539
367
7
63
167
10
0
8
344
3
13
20
1
49
7
438
9
29
156
59
153
164
277
241
174
247
364
233
140
59
177
362
118
86
3
174
77
36
8
317
151
4
31
134
515
125
15
393
58
344
47
170
24
4
85
110
27
32
154
50
381
252
543
107
0
264
345
314
150
75
59
284
115
23
48
35
49
540
59
363
17
150
521
4
1
183
53
37
423
0
242
71
65
72
320
49
30
221
109
280
367
475
1
161
82
95
537
30
206
28
267
322
132
147
310
371
4
187
210
121
202
510
1
142
62
13
481
90
38
93
149
360
88
2
7
229
65
193
379
87
305
14
1
157
23
10
236
45
103
493
128
292
2
1
71
2
41
343
132
360
317
171
45
13
6
285
19
28
96
361
53
183
403
63
96
47
204
256
467
233
86
106
49
56
33
57
301
323
148
514
177
250
89
65
178
9
2
329
45
0
98
262
499
571
467
224
5
12
349
23
0
150
8
18
283
368
511
441
325
167
51
0
245
219
20
33
320
593
3
0
250
176
58
22
8
448
53
104
324
612
0
123
569
188
307
141
162
396
119
91
449
110
114
33
103
203
203
7
54
14
133
340
21
14
8
183
404
13
116
17
160
12
73
113
389
139
21
1
21
495
64
275
124
374
3
80
146
204
15
1
28
595
539
109
399
8
91
353
188
38
30
0
94
38
420
356
2
104
415
219
1
349
183
163
20
81
186
156
83
225
472
114
1
137
163
384
208
319
216
166
77
225
351
328
0
102
56
43
259
107
103
319
16
26
235
0
49
0
301
28
19
13
225
291
174
319
83
91
0
396
39
18
352
255
2
25
221
337
13
24
0
37
286
116
63
160
9
82
219
312
197
84
61
141
390
436
142
280
74
116
113
404
192
25
102
44
93
78
0
133
3
246
372
386
250
177
107
97
15
88
232
95
380
38
386
231
178
363
178
106
71
88
1
0
234
291
276
5
1
82
24
43
12
11
521
478
60
190
136
134
293
49
11
257
95
269
53
54
172
114
61
15
78
8
163
16
351
29
113
483
28
191
0
229
255
3
101
88
280
321
207
171
76
94
35
149
569
0
207
235
2
190
324
44
31
64
16
274
57
15
322
0
487
197
195
16
59
439
6
185
153
195
265
18
1
4
83
1
77
130
21
2
164
119
296
90
163
76
6
288
183
105
108
143
4
1
7
512
334
50
82
202
2
39
185
35
189
449
30
133
13
17
45
155
430
383
7
189
247
377
4
14
100
2
291
142
132
524
70
21
126
152
13
64
186
221
316
3
0
9
3
34
35
393
113
130
417
114
15
290
49
17
45
382
108
15
520
32
339
142
354
359
299
4
61
142
0
253
30
201
291
1
3
0
154
416
220
294
6
82
113
469
24
183
5
253
14
394
132
552
51
2
57
192
254
1
30
217
167
1
155
93
312
47
174
292
114
194
143
378
427
2
227
191
172
4
9
140
222
61
111
341
111
401
341
75
49
110
83
7
388
119
53
134
65
194
11
29
99
203
328
0
180
109
111
219
84
5
162
268
298
370
14
81
469
117
100
413
442
14
4
85
416
65
217
72
31
114
410
426
360
455
32
5
260
43
1
316
46
74
390
13
42
101
87
290
10
21
197
167
3
72
239
103
67
416
246
133
90
4
391
286
20
97
0
6
56
101
241
120
41
2
62
404
28
268
127
462
23
478
422
28
32
14
155
32
496
2
417
39
30
142
68
248
21
408
17
30
242
3
2
108
19
12
506
111
13
465
234
0
8
445
263
439
21
189
383
23
50
80
46
222
216
41
97
445
0
369
5
212
49
370
255
18
94
146
73
127
90
298
39
26
105
107
12
58
61
315
127
160
36
2
40
196
7
370
4
7
109
128
207
72
77
13
125
386
124
166
8
12
297
297
544
2
192
421
586
29
33
25
73
310
196
10
97
124
41
111
68
59
193
39
486
0
17
175
210
395
338
19
8
195
217
280
0
1
104
222
217
297
33
111
34
61
502
244
8
458
184
6
140
2
20
68
331
57
125
165
18
33
89
342
87
160
123
34
185
71
32
336
19
207
278
133
23
124
0
43
37
18
170
40
192
253
0
49
581
0
42
6
85
67
215
579
188
24
42
4
5
529
32
9
93
167
0
50
149
517
100
35
45
40
174
3
336
147
0
341
0
374
157
10
62
17
168
22
92
33
1
107
163
0
353
404
563
10
485
25
455
2
242
20
83
342
42
100
272
169
23
135
185
46
45
94
159
40
17
248
48
4
21
400
187
5
327
445
10
0
200
296
301
17
10
317
18
181
89
447
217
120
577
245
577
64
5
538
377
22
480
128
142
1
26
497
209
82
85
61
29
41
43
10
2
211
11
91
22
73
115
308
58
198
54
28
480
27
130
353
148
17
214
38
326
2
502
332
320
81
331
231
1
506
6
440
226
31
147
187
1
16
124
291
0
112
118
283
243
177
309
90
5
554
296
9
2
499
18
66
30
152
123
150
105
16
21
70
2
241
66
8
1
37
216
34
69
22
189
72
172
195
118
221
516
190
133
30
224
419
119
192
35
357
338
249
0
20
352
558
429
161
100
164
38
194
99
219
78
140
254
84
68
12
0
202
31
314
45
267
230
46
46
1
216
282
97
100
175
422
184
322
187
2
281
102
19
201
172
572
29
56
154
212
321
427
332
299
127
100
170
101
66
35
274
515
71
240
187
3
16
42
125
13
34
0
29
288
334
592
429
38
9
337
527
80
478
319
66
51
147
19
235
152
288
207
111
226
24
320
36
24
15
75
209
321
4
20
95
0
9
81
11
112
14
412
356
53
282
99
94
119
62
90
71
0
171
6
75
213
197
20
0
447
221
33
42
53
392
3
186
258
59
23
288
8
267
410
1
360
352
27
235
402
101
8
28
249
291
85
13
4
105
42
91
209
0
105
94
356
36
82
30
34
134
317
310
22
10
126
186
319
300
478
119
365
236
194
13
12
72
2
290
31
36
287
83
95
4
128
168
191
422
3
99
78
15
2
409
14
127
0
99
499
3
1
409
70
6
194
4
6
47
0
176
345
20
101
0
281
409
112
12
198
392
10
128
202
9
12
281
337
88
321
97
144
41
64
71
24
293
435
154
47
179
37
361
3
49
263
51
361
31
0
254
54
21
73
0
194
157
34
117
566
447
44
168
24
3
136
246
386
228
12
0
49
362
64
70
240
1
49
49
81
7
40
52
159
70
61
29
361
184
222
355
39
462
5
0
143
108
265
146
172
227
75
99
271
2
356
377
36
172
201
34
123
4
29
91
292
71
511
100
10
181
153
233
112
25
42
0
14
14
0
284
0
68
105
244
279
281
320
32
242
182
247
53
324
71
8
281
58
19
155
51
3
15
11
280
573
146
71
8
34
4
36
10
43
508
21
33
206
156
515
262
74
394
149
5
147
17
62
30
58
373
236
402
30
172
0
75
15
181
5
93
225
192
405
190
247
75
200
3
445
23
517
0
69
30
166
487
212
236
67
106
46
159
346
106
4
11
429
0
217
67
221
2
316
145
0
98
51
430
198
14
255
3
232
98
206
332
262
197
45
58
445
246
1
283
369
274
37
15
285
224
100
234
54
120
75
6
50
4
5
11
29
513
161
30
41
422
386
32
70
277
106
53
127
0
83
25
7
49
55
239
76
71
18
2
457
286
68
124
493
1
41
32
6
15
262
507
22
39
115
27
498
23
13
13
170
208
104
251
334
16
253
200
44
155
225
17
106
372
191
345
91
210
148
23
54
39
550
358
103
27
93
131
6
20
86
149
56
441
17
82
398
85
280
2
55
458
102
8
84
14
2
1
43
21
223
0
3
199
103
41
68
19
422
343
86
212
8
310
48
229
190
16
142
52
16
383
78
271
54
213
321
440
61
178
132
379
8
91
88
392
132
225
62
134
23
46
1
238
10
35
160
84
41
160
272
119
496
272
29
100
2
58
26
232
191
60
5
40
6
152
74
114
269
133
393
17
9
25
0
430
45
74
127
42
26
5
1
160
366
9
63
250
344
188
425
21
453
307
374
0
54
563
125
438
489
28
55
103
115
103
76
180
52
106
552
283
383
23
114
252
54
196
331
17
73
10
9
59
518
75
180
403
77
107
438
0
88
169
5
30
0
110
22
48
137
0
206
70
261
212
63
44
0
96
0
33
15
518
76
18
210
12
91
171
156
65
120
21
164
231
3
27
51
141
49
411
387
385
0
142
210
122
305
123
490
45
514
247
109
433
412
28
431
270
30
253
18
102
243
9
279
353
463
65
417
44
531
434
255
37
448
79
70
412
454
20
76
0
38
38
2
73
6
108
7
47
84
38
24
44
309
222
170
61
128
146
151
4
20
49
35
2
446
132
62
121
42
114
0
38
8
63
312
243
3
183
17
137
15
23
15
565
4
13
77
143
8
466
148
76
117
21
466
188
24
5
370
99
33
0
123
336
144
0
0
22
41
62
126
466
241
51
217
52
32
354
537
318
155
90
107
13
2
33
175
101
210
48
91
195
104
91
165
22
87
402
78
161
359
54
101
37
62
194
226
161
303
450
72
25
305
293
347
88
31
43
32
13
77
93
18
258
79
242
120
183
28
45
206
347
493
319
86
23
16
68
219
569
347
447
155
29
132
0
25
88
4
156
0
7
156
485
543
405
160
26
102
144
165
572
65
402
236
594
9
29
184
498
28
84
87
115
161
59
23
182
32
184
145
213
250
148
57
33
20
259
1
27
100
48
8
462
126
8
126
80
3
47
160
336
191
248
105
123
522
284
207
115
17
10
290
182
333
220
331
286
141
132
461
55
50
0
148
525
10
342
212
177
88
359
88
0
28
63
444
210
441
76
438
43
4
128
56
105
21
75
46
265
440
48
4
186
2
320
170
1
226
210
49
141
157
1
259
347
92
25
20
458
141
22
100
10
325
1
52
8
129
230
70
224
14
8
50
123
410
37
22
234
299
89
1
281
35
77
244
176
463
321
498
420
32
237
314
2
52
145
17
260
113
199
98
30
8
47
136
130
18
292
0
113
65
5
409
30
485
27
525
327
47
0
184
0
607
34
98
139
93
12
16
518
14
47
261
13
2
363
148
395
563
564
13
585
9
42
49
163
130
226
20
577
84
69
49
102
38
473
363
129
21
41
186
199
421
537
57
413
0
57
36
370
16
87
324
341
121
13
465
103
130
90
509
104
0
0
99
84
0
8
10
59
306
39
16
308
31
158
213
52
37
409
31
274
279
9
66
492
246
319
400
40
8
225
466
257
7
20
18
239
13
0
41
11
0
582
306
223
24
30
54
17
123
328
19
192
11
10
216
4
535
127
66
54
33
3
15
183
0
262
100
33
622
0
49
10
157
0
411
588
22
77
13
0
175
26
89
401
412
6
170
57
516
165
23
40
568
15
418
441
61
4
317
406
224
188
23
595
507
96
285
389
47
31
87
1
498
4
2
441
1
60
274
51
80
121
164
26
29
148
176
289
102
14
441
15
108
145
162
12
472
431
103
2
357
37
36
159
85
218
119
7
0
210
6
4
172
158
3
550
279
218
171
0
225
499
218
241
89
112
6
12
1
9
8
13
25
506
520
15
591
7
21
185
13
260
0
479
72
27
40
29
216
38
116
107
130
61
16
373
114
130
98
244
11
5
0
16
129
165
563
0
230
69
71
294
11
20
223
223
142
112
22
335
244
18
45
137
111
568
0
92
137
568
130
197
302
301
14
429
1
1
345
92
482
495
31
24
411
23
276
48
193
192
2
0
38
289
319
36
249
41
259
584
9
24
130
61
488
289
91
238
0
23
9
60
16
20
449
328
18
423
428
28
46
0
72
34
289
21
11
127
315
284
157
259
0
365
457
54
315
491
20
235
254
247
495
9
218
11
132
172
7
37
116
0
20
1
367
124
304
274
249
282
467
125
90
3
125
106
52
94
434
268
0
226
165
15
21
145
5
52
106
2
64
478
23
250
190
106
166
68
396
269
0
123
34
456
340
68
195
68
8
364
380
58
442
130
51
14
126
50
345
109
273
365
33
4
89
107
64
403
480
603
60
100
56
24
103
291
144
66
438
208
65
304
208
517
481
0
214
118
11
17
139
554
234
36
418
40
143
219
111
6
254
69
411
81
67
62
20
216
322
231
25
0
20
428
89
248
536
108
37
36
6
96
184
373
61
106
17
49
318
111
8
203
401
309
250
101
92
260
137
392
27
199
110
5
198
192
3
32
182
60
580
23
65
287
28
7
1
0
76
125
3
15
289
326
419
146
77
222
310
327
30
60
216
24
134
25
120
51
2
424
59
147
313
55
267
257
103
2
62
23
16
9
483
139
258
148
11
25
9
484
326
116
255
0
457
40
222
0
183
244
60
548
0
136
338
70
146
111
106
54
168
442
5
2
89
35
341
472
60
0
179
342
203
405
32
21
5
82
94
8
432
231
15
17
34
56
135
126
4
291
354
69
430
343
273
0
219
0
47
92
27
9
110
410
209
69
0
1
129
25
193
40
103
267
344
171
123
217
68
40
21
4
15
16
205
89
83
228
269
412
27
32
204
378
5
171
97
12
0
358
392
226
64
28
228
80
167
68
28
350
0
271
537
223
182
243
0
57
278
103
343
60
88
173
10
285
265
287
21
157
71
377
415
5
28
48
7
59
3
207
334
59
78
3
97
140
73
33
48
4
247
2
206
0
494
33
36
185
28
213
472
112
68
31
161
156
55
154
202
26
165
65
53
2
66
84
2
10
1
80
11
194
96
299
156
5
245
417
158
1
1
117
133
119
394
421
56
136
37
72
127
218
79
447
47
278
408
210
21
77
233
53
170
8
0
169
472
6
153
450
307
37
17
82
444
34
106
18
282
520
8
58
0
80
470
0
50
35
225
417
477
192
1
0
363
2
317
37
61
297
282
329
437
387
180
62
114
332
107
331
262
330
243
189
135
552
105
37
40
64
266
128
320
120
127
10
90
228
157
477
156
303
29
7
38
110
125
13
247
327
1
12
2
191
95
162
524
187
35
295
245
13
483
9
159
469
281
360
26
128
201
73
107
606
360
49
173
296
139
358
415
117
4
109
45
349
14
93
37
41
59
8
13
92
0
79
82
1
304
188
65
0
295
124
0
318
45
1
147
40
60
15
26
99
235
123
176
74
4
182
22
513
63
404
147
588
12
113
280
380
462
116
298
147
17
33
16
94
59
203
215
43
66
129
308
324
103
62
69
145
37
411
63
375
44
2
95
0
321
145
330
493
39
135
55
39
7
102
92
146
59
524
129
37
28
28
485
0
12
155
64
22
9
2
353
35
2
246
189
39
114
260
304
338
112
526
1
482
167
92
190
107
276
267
76
0
305
91
8
480
151
138
132
304
346
485
86
137
124
2
5
94
146
254
149
562
182
62
181
3
160
211
39
208
56
68
86
51
0
16
394
242
139
44
400
78
0
6
41
51
133
199
545
39
21
0
27
19
39
277
161
317
3
70
226
236
250
208
62
443
378
397
331
115
178
116
341
1
484
377
58
89
3
308
317
433
486
154
59
403
222
96
8
238
217
280
543
344
46
522
176
268
199
97
85
372
32
140
11
1
130
168
254
41
5
148
71
74
92
224
7
210
87
73
470
565
201
119
47
393
78
21
2
239
75
10
154
476
0
224
175
313
168
27
2
83
499
438
373
3
75
116
5
5
7
29
89
298
336
248
136
510
137
251
89
53
385
246
462
224
491
66
89
403
105
7
46
17
142
57
93
150
51
1
310
20
32
45
594
73
13
7
4
563
44
7
62
562
365
133
545
81
393
23
57
349
396
223
441
45
3
13
46
104
190
128
548
19
242
274
235
0
1
21
130
139
44
163
112
356
270
222
379
397
23
144
2
111
290
135
4
15
9
20
462
0
156
33
317
55
531
113
64
168
121
48
466
70
72
93
84
420
26
114
72
165
542
418
22
361
227
220
435
315
122
66
19
45
194
300
36
5
374
346
505
7
54
129
99
28
2
19
14
11
289
14
0
139
5
5
89
207
276
292
151
101
522
459
164
284
305
0
241
0
6
455
10
22
6
212
470
94
228
10
124
151
46
123
199
74
22
28
409
161
322
123
5
155
13
275
48
398
0
301
28
167
147
73
207
252
36
184
112
214
251
376
24
360
82
194
74
347
66
363
454
235
285
20
300
262
327
24
115
122
41
8
218
23
166
55
30
146
222
325
94
130
366
5
143
33
144
563
211
12
117
114
77
1
10
70
97
272
141
9
19
25
222
530
41
35
68
13
115
370
43
20
53
159
292
2
256
239
148
136
29
44
16
138
53
291
200
92
74
31
48
34
194
53
461
246
19
152
0
363
19
515
85
130
36
236
135
19
128
22
77
187
128
301
3
326
84
362
0
348
85
321
25
34
1
142
79
8
101
188
65
179
292
0
7
79
50
193
281
15
14
55
236
44
369
33
123
16
29
97
494
195
0
112
136
6
249
284
48
119
520
22
217
1
163
23
6
47
1
111
110
39
45
19
31
437
48
132
401
354
340
49
20
332
377
159
3
21
148
91
85
405
54
88
374
158
426
124
125
16
68
473
298
73
348
39
293
86
131
18
74
43
417
3
74
245
356
85
1
10
54
454
291
396
194
42
90
59
3
96
13
10
6
19
15
52
230
447
184
149
106
31
248
86
18
97
385
53
357
187
93
226
12
5
18
313
350
8
16
186
101
291
248
0
141
18
35
6
259
175
14
37
208
55
485
1
83
99
23
239
10
457
1
102
290
246
12
99
249
255
33
55
51
0
0
12
8
184
7
503
84
95
174
210
30
235
455
420
310
89
144
132
4
11
287
130
227
63
410
453
32
90
91
245
127
549
33
0
6
11
497
61
5
1
365
220
87
7
9
329
116
8
51
369
223
8
6
39
206
85
31
121
229
8
173
95
116
65
111
194
316
5
538
8
6
353
60
177
94
7
16
310
243
198
4
39
58
345
270
283
245
4
141
509
97
227
322
536
149
121
445
64
1
41
585
11
359
551
142
5
51
168
0
347
56
398
158
2
5
66
80
91
70
0
423
70
0
359
0
30
114
73
7
89
287
32
95
16
297
0
49
0
52
581
263
2
15
114
150
343
160
3
8
12
385
49
483
201
161
0
442
34
415
395
355
325
498
226
286
77
279
7
210
10
95
483
468
286
238
150
17
342
408
396
331
9
291
93
53
248
