31
23
9
14
42
16
54
61
17
20
27
46
39
0
2
43
5
19
35
14
15
10
16
28
49
28
87
2
19
26
43
25
35
145
75
21
32
51
22
0
14
6
14
0
8
15
42
14
82
13
16
84
47
12
19
26
23
17
15
12
24
76
17
51
18
18
19
33
18
48
170
143
40
30
0
25
22
43
20
76
70
19
36
116
36
37
56
172
0
1
48
6
36
59
33
9
3
60
44
33
0
87
0
44
51
17
18
30
28
33
29
27
22
14
84
38
13
0
19
41
19
16
16
39
56
21
16
37
15
17
57
11
32
26
25
16
7
0
56
84
72
5
23
27
105
0
8
47
53
41
51
18
42
51
25
8
38
1
29
77
79
39
62
20
27
2
42
24
31
51
27
31
76
63
42
26
82
26
16
17
17
13
39
74
4
52
15
88
30
31
34
36
21
46
17
63
25
19
29
43
99
31
49
6
0
7
47
35
40
20
30
28
21
9
5
48
13
22
77
49
58
55
11
28
24
47
40
39
4
66
40
43
65
3
31
22
50
38
41
21
17
10
0
37
4
82
18
56
42
18
50
98
33
8
0
35
57
18
37
6
50
9
18
38
10
18
33
51
47
53
62
22
17
53
17
7
19
19
